[ 10%] Built target roboworks_brain_interfaces__rosidl_generator_c
[ 12%] Built target roboworks_brain_interfaces__cpp
[ 12%] Built target ament_cmake_python_copy_roboworks_brain_interfaces
[ 23%] Built target roboworks_brain_interfaces__rosidl_typesupport_c
[ 34%] Built target roboworks_brain_interfaces__rosidl_typesupport_fastrtps_c
[ 44%] Built target roboworks_brain_interfaces__rosidl_typesupport_cpp
[ 55%] Built target roboworks_brain_interfaces__rosidl_typesupport_introspection_c
[ 65%] Built target roboworks_brain_interfaces__rosidl_typesupport_introspection_cpp
[ 76%] Built target roboworks_brain_interfaces__rosidl_typesupport_fastrtps_cpp
[ 76%] Built target roboworks_brain_interfaces
[ 78%] Built target roboworks_brain_interfaces__py
[ 87%] Built target roboworks_brain_interfaces__rosidl_generator_py
[ 91%] Built target roboworks_brain_interfaces__rosidl_typesupport_c__pyext
[ 95%] Built target roboworks_brain_interfaces__rosidl_typesupport_introspection_c__pyext
[100%] Built target roboworks_brain_interfaces__rosidl_typesupport_fastrtps_c__pyext
running egg_info
writing roboworks_brain_interfaces.egg-info/PKG-INFO
writing dependency_links to roboworks_brain_interfaces.egg-info/dependency_links.txt
writing top-level names to roboworks_brain_interfaces.egg-info/top_level.txt
reading manifest file 'roboworks_brain_interfaces.egg-info/SOURCES.txt'
writing manifest file 'roboworks_brain_interfaces.egg-info/SOURCES.txt'
[100%] Built target ament_cmake_python_build_roboworks_brain_interfaces_egg
