[0.121s] Invoking command in '/home/jasper/RoboWorks_Comp_Team/brain/build/roboworks_brain_interfaces': CMAKE_PREFIX_PATH=${CMAKE_PREFIX_PATH}:/home/jasper/ws_moveit2/install/moveit_configs_utils:/home/jasper/ws_moveit2/install/launch_param_builder:/opt/ros/humble /usr/bin/cmake --build /home/jasper/RoboWorks_Comp_Team/brain/build/roboworks_brain_interfaces -- -j8 -l8
[0.210s] [ 10%] Built target roboworks_brain_interfaces__rosidl_generator_c
[0.213s] [ 12%] Built target roboworks_brain_interfaces__cpp
[0.245s] [ 12%] Built target ament_cmake_python_copy_roboworks_brain_interfaces
[0.275s] [ 23%] Built target roboworks_brain_interfaces__rosidl_typesupport_c
[0.279s] [ 34%] Built target roboworks_brain_interfaces__rosidl_typesupport_fastrtps_c
[0.280s] [ 44%] Built target roboworks_brain_interfaces__rosidl_typesupport_cpp
[0.282s] [ 55%] Built target roboworks_brain_interfaces__rosidl_typesupport_introspection_c
[0.285s] [ 65%] Built target roboworks_brain_interfaces__rosidl_typesupport_introspection_cpp
[0.296s] [ 76%] Built target roboworks_brain_interfaces__rosidl_typesupport_fastrtps_cpp
[0.335s] [ 76%] Built target roboworks_brain_interfaces
[0.375s] [ 78%] Built target roboworks_brain_interfaces__py
[0.425s] [ 87%] Built target roboworks_brain_interfaces__rosidl_generator_py
[0.478s] [ 91%] Built target roboworks_brain_interfaces__rosidl_typesupport_c__pyext
[0.480s] [ 95%] Built target roboworks_brain_interfaces__rosidl_typesupport_introspection_c__pyext
[0.487s] [100%] Built target roboworks_brain_interfaces__rosidl_typesupport_fastrtps_c__pyext
[0.632s] running egg_info
[0.632s] writing roboworks_brain_interfaces.egg-info/PKG-INFO
[0.633s] writing dependency_links to roboworks_brain_interfaces.egg-info/dependency_links.txt
[0.633s] writing top-level names to roboworks_brain_interfaces.egg-info/top_level.txt
[0.636s] reading manifest file 'roboworks_brain_interfaces.egg-info/SOURCES.txt'
[0.637s] writing manifest file 'roboworks_brain_interfaces.egg-info/SOURCES.txt'
[0.670s] [100%] Built target ament_cmake_python_build_roboworks_brain_interfaces_egg
