[0.125s] Invoking command in '/home/jasper/RoboWorks_Comp_Team/taskOptimzer/build/atwork_interfaces': CMAKE_PREFIX_PATH=${CMAKE_PREFIX_PATH}:/home/jasper/ws_moveit2/install/moveit_configs_utils:/home/jasper/ws_moveit2/install/launch_param_builder:/opt/ros/humble /usr/bin/cmake /home/jasper/RoboWorks_Comp_Team/taskOptimzer/src/atwork_interfaces -DCMAKE_INSTALL_PREFIX=/home/jasper/RoboWorks_Comp_Team/taskOptimzer/install/atwork_interfaces
[0.144s] -- Found ament_cmake: 1.3.6 (/opt/ros/humble/share/ament_cmake/cmake)
[0.316s] -- Found geometry_msgs: 4.2.3 (/opt/ros/humble/share/geometry_msgs/cmake)
[0.348s] -- Found rosidl_generator_c: 3.1.5 (/opt/ros/humble/share/rosidl_generator_c/cmake)
[0.351s] -- Found rosidl_adapter: 3.1.5 (/opt/ros/humble/share/rosidl_adapter/cmake)
[0.358s] -- Found rosidl_generator_cpp: 3.1.5 (/opt/ros/humble/share/rosidl_generator_cpp/cmake)
[0.373s] -- Using all available rosidl_typesupport_c: rosidl_typesupport_fastrtps_c;rosidl_typesupport_introspection_c
[0.392s] -- Using all available rosidl_typesupport_cpp: rosidl_typesupport_fastrtps_cpp;rosidl_typesupport_introspection_cpp
[0.538s] -- Found nav_msgs: 4.2.3 (/opt/ros/humble/share/nav_msgs/cmake)
[0.637s] -- Found rosidl_default_generators: 1.2.0 (/opt/ros/humble/share/rosidl_default_generators/cmake)
[0.778s] [31mCMake Error at /opt/ros/humble/share/rosidl_adapter/cmake/rosidl_adapt_interfaces.cmake:59 (message):
[0.779s]   execute_process(/usr/bin/python3.10 -m rosidl_adapter --package-name
[0.779s]   atwork_interfaces --arguments-file
[0.779s]   /home/jasper/RoboWorks_Comp_Team/taskOptimzer/build/atwork_interfaces/rosidl_adapter__arguments__atwork_interfaces.json
[0.779s]   --output-dir
[0.779s]   /home/jasper/RoboWorks_Comp_Team/taskOptimzer/build/atwork_interfaces/rosidl_adapter/atwork_interfaces
[0.779s]   --output-file
[0.779s]   /home/jasper/RoboWorks_Comp_Team/taskOptimzer/build/atwork_interfaces/rosidl_adapter/atwork_interfaces.idls)
[0.780s]   returned error code 1:
[0.780s] 
[0.780s]   KeyError processing template 'struct.idl.em': 'duration'
[0.780s] 
[0.780s] Call Stack (most recent call first):
[0.780s]   /opt/ros/humble/share/rosidl_cmake/cmake/rosidl_generate_interfaces.cmake:130 (rosidl_adapt_interfaces)
[0.780s]   CMakeLists.txt:17 (rosidl_generate_interfaces)
[0.780s] 
[0.780s] [0m
[0.780s] -- Configuring incomplete, errors occurred!
[0.781s] See also "/home/jasper/RoboWorks_Comp_Team/taskOptimzer/build/atwork_interfaces/CMakeFiles/CMakeOutput.log".
[0.786s] Invoked command in '/home/jasper/RoboWorks_Comp_Team/taskOptimzer/build/atwork_interfaces' returned '1': CMAKE_PREFIX_PATH=${CMAKE_PREFIX_PATH}:/home/jasper/ws_moveit2/install/moveit_configs_utils:/home/jasper/ws_moveit2/install/launch_param_builder:/opt/ros/humble /usr/bin/cmake /home/jasper/RoboWorks_Comp_Team/taskOptimzer/src/atwork_interfaces -DCMAKE_INSTALL_PREFIX=/home/jasper/RoboWorks_Comp_Team/taskOptimzer/install/atwork_interfaces
