[0.111s] Invoking command in '/home/jasper/RoboWorks_Comp_Team/brain/build/roboworks_brain_interfaces': CMAKE_PREFIX_PATH=${CMAKE_PREFIX_PATH}:/home/jasper/ws_moveit2/install/moveit_configs_utils:/home/jasper/ws_moveit2/install/launch_param_builder:/opt/ros/humble /usr/bin/cmake --build /home/jasper/RoboWorks_Comp_Team/brain/build/roboworks_brain_interfaces -- -j8 -l8
[0.145s] -- Found ament_cmake: 1.3.6 (/opt/ros/humble/share/ament_cmake/cmake)
[0.303s] -- Found rosidl_default_generators: 1.2.0 (/opt/ros/humble/share/rosidl_default_generators/cmake)
[0.313s] -- Using all available rosidl_typesupport_c: rosidl_typesupport_fastrtps_c;rosidl_typesupport_introspection_c
[0.315s] -- Found rosidl_adapter: 3.1.5 (/opt/ros/humble/share/rosidl_adapter/cmake)
[0.352s] -- Using all available rosidl_typesupport_cpp: rosidl_typesupport_fastrtps_cpp;rosidl_typesupport_introspection_cpp
[0.380s] -- Found geometry_msgs: 4.2.3 (/opt/ros/humble/share/geometry_msgs/cmake)
[0.513s] -- Found rclcpp: 16.0.7 (/opt/ros/humble/share/rclcpp/cmake)
[0.566s] -- Found rmw_implementation_cmake: 6.1.1 (/opt/ros/humble/share/rmw_implementation_cmake/cmake)
[0.569s] -- Found rmw_fastrtps_cpp: 6.2.5 (/opt/ros/humble/share/rmw_fastrtps_cpp/cmake)
[0.738s] -- Using RMW implementation 'rmw_fastrtps_cpp' as default
[1.110s] [31mCMake Error at /opt/ros/humble/share/rosidl_adapter/cmake/rosidl_adapt_interfaces.cmake:59 (message):
[1.110s]   execute_process(/usr/bin/python3.10 -m rosidl_adapter --package-name
[1.110s]   roboworks_brain_interfaces --arguments-file
[1.110s]   /home/jasper/RoboWorks_Comp_Team/brain/build/roboworks_brain_interfaces/rosidl_adapter__arguments__roboworks_brain_interfaces.json
[1.110s]   --output-dir
[1.110s]   /home/jasper/RoboWorks_Comp_Team/brain/build/roboworks_brain_interfaces/rosidl_adapter/roboworks_brain_interfaces
[1.111s]   --output-file
[1.111s]   /home/jasper/RoboWorks_Comp_Team/brain/build/roboworks_brain_interfaces/rosidl_adapter/roboworks_brain_interfaces.idls)
[1.111s]   returned error code 1:
[1.111s] 
[1.111s]   Error processing 'string[] masterList_instructions' of
[1.111s]   'roboworks_brain_interfaces/TaskOpt_Response': ''masterList_instructions'
[1.111s]   is an invalid field name.  It should have the pattern
[1.111s]   '^(?!.*__)(?!.*_$)[a-z][a-z0-9_]*$''
[1.111s] 
[1.111s]   Traceback (most recent call last):
[1.111s] 
[1.111s]     File "/usr/lib/python3.10/runpy.py", line 196, in _run_module_as_main
[1.111s]       return _run_code(code, main_globals, None,
[1.111s]     File "/usr/lib/python3.10/runpy.py", line 86, in _run_code
[1.112s]       exec(code, run_globals)
[1.112s]     File "/opt/ros/humble/local/lib/python3.10/dist-packages/rosidl_adapter/__main__.py", line 19, in <module>
[1.112s]       sys.exit(main())
[1.112s]     File "/opt/ros/humble/local/lib/python3.10/dist-packages/rosidl_adapter/main.py", line 53, in main
[1.112s]       abs_idl_file = convert_to_idl(
[1.112s]     File "/opt/ros/humble/local/lib/python3.10/dist-packages/rosidl_adapter/__init__.py", line 24, in convert_to_idl
[1.112s]       return convert_srv_to_idl(
[1.112s]     File "/opt/ros/humble/local/lib/python3.10/dist-packages/rosidl_adapter/srv/__init__.py", line 28, in convert_srv_to_idl
[1.112s]       srv = parse_service_string(package_name, input_file.stem, content)
[1.112s]     File "/opt/ros/humble/local/lib/python3.10/dist-packages/rosidl_adapter/parser.py", line 863, in parse_service_string
[1.112s]       response_message = parse_message_string(
[1.112s]     File "/opt/ros/humble/local/lib/python3.10/dist-packages/rosidl_adapter/parser.py", line 519, in parse_message_string
[1.112s]       fields.append(Field(
[1.112s]     File "/opt/ros/humble/local/lib/python3.10/dist-packages/rosidl_adapter/parser.py", line 354, in __init__
[1.112s]       raise NameError(
[1.112s] 
[1.113s]   NameError: 'masterList_instructions' is an invalid field name.  It should
[1.113s]   have the pattern '^(?!.*__)(?!.*_$)[a-z][a-z0-9_]*$'
[1.113s] 
[1.113s] Call Stack (most recent call first):
[1.113s]   /opt/ros/humble/share/rosidl_cmake/cmake/rosidl_generate_interfaces.cmake:130 (rosidl_adapt_interfaces)
[1.113s]   CMakeLists.txt:14 (rosidl_generate_interfaces)
[1.113s] 
[1.113s] [0m
[1.113s] -- Configuring incomplete, errors occurred!
[1.113s] See also "/home/jasper/RoboWorks_Comp_Team/brain/build/roboworks_brain_interfaces/CMakeFiles/CMakeOutput.log".
[1.120s] gmake: *** [Makefile:963: cmake_check_build_system] Error 1
[1.123s] Invoked command in '/home/jasper/RoboWorks_Comp_Team/brain/build/roboworks_brain_interfaces' returned '2': CMAKE_PREFIX_PATH=${CMAKE_PREFIX_PATH}:/home/jasper/ws_moveit2/install/moveit_configs_utils:/home/jasper/ws_moveit2/install/launch_param_builder:/opt/ros/humble /usr/bin/cmake --build /home/jasper/RoboWorks_Comp_Team/brain/build/roboworks_brain_interfaces -- -j8 -l8
