[0.093s] Invoking command in '/home/jasper/RoboWorks_Comp_Team/brain/build/roboworks_brain': CMAKE_PREFIX_PATH=${CMAKE_PREFIX_PATH}:/home/jasper/ws_moveit2/install/moveit_configs_utils:/home/jasper/ws_moveit2/install/launch_param_builder:/opt/ros/humble /usr/bin/cmake --build /home/jasper/RoboWorks_Comp_Team/brain/build/roboworks_brain -- -j8 -l8
[0.127s] -- Found ament_cmake: 1.3.5 (/opt/ros/humble/share/ament_cmake/cmake)
[0.273s] -- Found rclcpp: 16.0.6 (/opt/ros/humble/share/rclcpp/cmake)
[0.304s] -- Found rosidl_generator_c: 3.1.5 (/opt/ros/humble/share/rosidl_generator_c/cmake)
[0.307s] -- Found rosidl_adapter: 3.1.5 (/opt/ros/humble/share/rosidl_adapter/cmake)
[0.313s] -- Found rosidl_generator_cpp: 3.1.5 (/opt/ros/humble/share/rosidl_generator_cpp/cmake)
[0.326s] -- Using all available rosidl_typesupport_c: rosidl_typesupport_fastrtps_c;rosidl_typesupport_introspection_c
[0.343s] -- Using all available rosidl_typesupport_cpp: rosidl_typesupport_fastrtps_cpp;rosidl_typesupport_introspection_cpp
[0.406s] -- Found rmw_implementation_cmake: 6.1.1 (/opt/ros/humble/share/rmw_implementation_cmake/cmake)
[0.410s] -- Found rmw_fastrtps_cpp: 6.2.4 (/opt/ros/humble/share/rmw_fastrtps_cpp/cmake)
[0.567s] -- Using RMW implementation 'rmw_fastrtps_cpp' as default
[0.731s] -- Found example_interfaces: 0.9.3 (/opt/ros/humble/share/example_interfaces/cmake)
[0.882s] -- Found ament_lint_auto: 0.12.8 (/opt/ros/humble/share/ament_lint_auto/cmake)
[0.952s] -- Added test 'cppcheck' to perform static code analysis on C / C++ code
[0.953s] -- Configured cppcheck include dirs: $<BUILD_INTERFACE:/home/jasper/RoboWorks_Comp_Team/brain/src/roboworks_brain/include>
[0.953s] -- Configured cppcheck exclude dirs and/or files: 
[0.953s] -- Added test 'lint_cmake' to check CMake code style
[0.954s] -- Added test 'uncrustify' to check C / C++ code style
[0.955s] -- Configured uncrustify additional arguments: 
[0.955s] -- Added test 'xmllint' to check XML markup files
[0.956s] -- Configuring done
[0.968s] -- Generating done
[0.969s] -- Build files have been written to: /home/jasper/RoboWorks_Comp_Team/brain/build/roboworks_brain
[1.007s] [35m[1mConsolidate compiler generated dependencies of target brain_node[0m
[1.024s] [ 50%] [32mBuilding CXX object CMakeFiles/brain_node.dir/src/brain_node.cpp.o[0m
[8.945s] [100%] [32m[1mLinking CXX executable brain_node[0m
[9.480s] [100%] Built target brain_node
[9.495s] Invoked command in '/home/jasper/RoboWorks_Comp_Team/brain/build/roboworks_brain' returned '0': CMAKE_PREFIX_PATH=${CMAKE_PREFIX_PATH}:/home/jasper/ws_moveit2/install/moveit_configs_utils:/home/jasper/ws_moveit2/install/launch_param_builder:/opt/ros/humble /usr/bin/cmake --build /home/jasper/RoboWorks_Comp_Team/brain/build/roboworks_brain -- -j8 -l8
[9.562s] Invoking command in '/home/jasper/RoboWorks_Comp_Team/brain/build/roboworks_brain': CMAKE_PREFIX_PATH=${CMAKE_PREFIX_PATH}:/home/jasper/ws_moveit2/install/moveit_configs_utils:/home/jasper/ws_moveit2/install/launch_param_builder:/opt/ros/humble /usr/bin/cmake --install /home/jasper/RoboWorks_Comp_Team/brain/build/roboworks_brain
[9.574s] -- Install configuration: ""
[9.574s] -- Installing: /home/jasper/RoboWorks_Comp_Team/brain/install/roboworks_brain/lib/roboworks_brain/brain_node
[9.578s] -- Set runtime path of "/home/jasper/RoboWorks_Comp_Team/brain/install/roboworks_brain/lib/roboworks_brain/brain_node" to ""
[9.578s] -- Installing: /home/jasper/RoboWorks_Comp_Team/brain/install/roboworks_brain/share/ament_index/resource_index/package_run_dependencies/roboworks_brain
[9.579s] -- Up-to-date: /home/jasper/RoboWorks_Comp_Team/brain/install/roboworks_brain/share/ament_index/resource_index/parent_prefix_path/roboworks_brain
[9.579s] -- Up-to-date: /home/jasper/RoboWorks_Comp_Team/brain/install/roboworks_brain/share/roboworks_brain/environment/ament_prefix_path.sh
[9.579s] -- Installing: /home/jasper/RoboWorks_Comp_Team/brain/install/roboworks_brain/share/roboworks_brain/environment/ament_prefix_path.dsv
[9.579s] -- Up-to-date: /home/jasper/RoboWorks_Comp_Team/brain/install/roboworks_brain/share/roboworks_brain/environment/path.sh
[9.579s] -- Installing: /home/jasper/RoboWorks_Comp_Team/brain/install/roboworks_brain/share/roboworks_brain/environment/path.dsv
[9.579s] -- Up-to-date: /home/jasper/RoboWorks_Comp_Team/brain/install/roboworks_brain/share/roboworks_brain/local_setup.bash
[9.579s] -- Up-to-date: /home/jasper/RoboWorks_Comp_Team/brain/install/roboworks_brain/share/roboworks_brain/local_setup.sh
[9.580s] -- Up-to-date: /home/jasper/RoboWorks_Comp_Team/brain/install/roboworks_brain/share/roboworks_brain/local_setup.zsh
[9.580s] -- Installing: /home/jasper/RoboWorks_Comp_Team/brain/install/roboworks_brain/share/roboworks_brain/local_setup.dsv
[9.580s] -- Installing: /home/jasper/RoboWorks_Comp_Team/brain/install/roboworks_brain/share/roboworks_brain/package.dsv
[9.580s] -- Up-to-date: /home/jasper/RoboWorks_Comp_Team/brain/install/roboworks_brain/share/ament_index/resource_index/packages/roboworks_brain
[9.580s] -- Up-to-date: /home/jasper/RoboWorks_Comp_Team/brain/install/roboworks_brain/share/roboworks_brain/cmake/roboworks_brainConfig.cmake
[9.580s] -- Up-to-date: /home/jasper/RoboWorks_Comp_Team/brain/install/roboworks_brain/share/roboworks_brain/cmake/roboworks_brainConfig-version.cmake
[9.580s] -- Installing: /home/jasper/RoboWorks_Comp_Team/brain/install/roboworks_brain/share/roboworks_brain/package.xml
[9.582s] Invoked command in '/home/jasper/RoboWorks_Comp_Team/brain/build/roboworks_brain' returned '0': CMAKE_PREFIX_PATH=${CMAKE_PREFIX_PATH}:/home/jasper/ws_moveit2/install/moveit_configs_utils:/home/jasper/ws_moveit2/install/launch_param_builder:/opt/ros/humble /usr/bin/cmake --install /home/jasper/RoboWorks_Comp_Team/brain/build/roboworks_brain
