[0.924s] Invoking command in '/home/jasper/image_point_cloud_package': PYTHONPATH=/home/jasper/image_point_cloud_package/build/image_point_cloud_package/prefix_override:/home/jasper/image_point_cloud_package/install/image_point_cloud_package/lib/python3.10/site-packages:${PYTHONPATH} /usr/bin/python3 setup.py egg_info --egg-base build/image_point_cloud_package build --build-base /home/jasper/image_point_cloud_package/build/image_point_cloud_package/build install --record /home/jasper/image_point_cloud_package/build/image_point_cloud_package/install.log --single-version-externally-managed
[1.254s] running egg_info
[1.255s] creating build/image_point_cloud_package/image_point_cloud_package.egg-info
[1.255s] writing build/image_point_cloud_package/image_point_cloud_package.egg-info/PKG-INFO
[1.255s] writing dependency_links to build/image_point_cloud_package/image_point_cloud_package.egg-info/dependency_links.txt
[1.255s] writing entry points to build/image_point_cloud_package/image_point_cloud_package.egg-info/entry_points.txt
[1.256s] writing requirements to build/image_point_cloud_package/image_point_cloud_package.egg-info/requires.txt
[1.256s] writing top-level names to build/image_point_cloud_package/image_point_cloud_package.egg-info/top_level.txt
[1.256s] writing manifest file 'build/image_point_cloud_package/image_point_cloud_package.egg-info/SOURCES.txt'
[1.258s] reading manifest file 'build/image_point_cloud_package/image_point_cloud_package.egg-info/SOURCES.txt'
[1.259s] writing manifest file 'build/image_point_cloud_package/image_point_cloud_package.egg-info/SOURCES.txt'
[1.259s] running build
[1.259s] running build_py
[1.259s] creating /home/jasper/image_point_cloud_package/build/image_point_cloud_package/build
[1.260s] creating /home/jasper/image_point_cloud_package/build/image_point_cloud_package/build/lib
[1.260s] creating /home/jasper/image_point_cloud_package/build/image_point_cloud_package/build/lib/image_point_cloud_package
[1.260s] copying image_point_cloud_package/__init__.py -> /home/jasper/image_point_cloud_package/build/image_point_cloud_package/build/lib/image_point_cloud_package
[1.260s] copying image_point_cloud_package/image_point_cloud.py -> /home/jasper/image_point_cloud_package/build/image_point_cloud_package/build/lib/image_point_cloud_package
[1.260s] running install
[1.260s] /usr/lib/python3/dist-packages/setuptools/command/install.py:34: SetuptoolsDeprecationWarning: setup.py install is deprecated. Use build and pip and other standards-based tools.
[1.260s]   warnings.warn(
[1.261s] running install_lib
[1.262s] creating /home/jasper/image_point_cloud_package/install/image_point_cloud_package/lib/python3.10/site-packages/image_point_cloud_package
[1.263s] copying /home/jasper/image_point_cloud_package/build/image_point_cloud_package/build/lib/image_point_cloud_package/__init__.py -> /home/jasper/image_point_cloud_package/install/image_point_cloud_package/lib/python3.10/site-packages/image_point_cloud_package
[1.263s] copying /home/jasper/image_point_cloud_package/build/image_point_cloud_package/build/lib/image_point_cloud_package/image_point_cloud.py -> /home/jasper/image_point_cloud_package/install/image_point_cloud_package/lib/python3.10/site-packages/image_point_cloud_package
[1.263s] byte-compiling /home/jasper/image_point_cloud_package/install/image_point_cloud_package/lib/python3.10/site-packages/image_point_cloud_package/__init__.py to __init__.cpython-310.pyc
[1.263s] byte-compiling /home/jasper/image_point_cloud_package/install/image_point_cloud_package/lib/python3.10/site-packages/image_point_cloud_package/image_point_cloud.py to image_point_cloud.cpython-310.pyc
[1.266s] running install_data
[1.267s] creating /home/jasper/image_point_cloud_package/install/image_point_cloud_package/share/ament_index
[1.267s] creating /home/jasper/image_point_cloud_package/install/image_point_cloud_package/share/ament_index/resource_index
[1.267s] creating /home/jasper/image_point_cloud_package/install/image_point_cloud_package/share/ament_index/resource_index/packages
[1.267s] copying resource/image_point_cloud_package -> /home/jasper/image_point_cloud_package/install/image_point_cloud_package/share/ament_index/resource_index/packages
[1.267s] copying package.xml -> /home/jasper/image_point_cloud_package/install/image_point_cloud_package/share/image_point_cloud_package
[1.268s] running install_egg_info
[1.270s] Copying build/image_point_cloud_package/image_point_cloud_package.egg-info to /home/jasper/image_point_cloud_package/install/image_point_cloud_package/lib/python3.10/site-packages/image_point_cloud_package-0.0.0-py3.10.egg-info
[1.271s] running install_scripts
[1.305s] Installing image_point_cloud_node script to /home/jasper/image_point_cloud_package/install/image_point_cloud_package/lib/image_point_cloud_package
[1.305s] writing list of installed files to '/home/jasper/image_point_cloud_package/build/image_point_cloud_package/install.log'
[1.345s] Invoked command in '/home/jasper/image_point_cloud_package' returned '0': PYTHONPATH=/home/jasper/image_point_cloud_package/build/image_point_cloud_package/prefix_override:/home/jasper/image_point_cloud_package/install/image_point_cloud_package/lib/python3.10/site-packages:${PYTHONPATH} /usr/bin/python3 setup.py egg_info --egg-base build/image_point_cloud_package build --build-base /home/jasper/image_point_cloud_package/build/image_point_cloud_package/build install --record /home/jasper/image_point_cloud_package/build/image_point_cloud_package/install.log --single-version-externally-managed
