[1.643s] DEBUG:colcon:Command line arguments: ['/usr/bin/colcon', 'build', '--packages-select', 'atwork_interfaces']
[1.643s] DEBUG:colcon:Parsed command line arguments: Namespace(log_base=None, log_level=None, verb_name='build', build_base='build', install_base='install', merge_install=False, symlink_install=False, test_result_base=None, continue_on_error=False, executor='parallel', parallel_workers=8, event_handlers=None, ignore_user_meta=False, metas=['./colcon.meta'], base_paths=['.'], packages_ignore=None, packages_ignore_regex=None, paths=None, packages_up_to=None, packages_up_to_regex=None, packages_above=None, packages_above_and_dependencies=None, packages_above_depth=None, packages_select_by_dep=None, packages_skip_by_dep=None, packages_skip_up_to=None, packages_select_build_failed=False, packages_skip_build_finished=False, packages_select_test_failures=False, packages_skip_test_passed=False, packages_select=['atwork_interfaces'], packages_skip=None, packages_select_regex=None, packages_skip_regex=None, packages_start=None, packages_end=None, allow_overriding=[], cmake_args=None, cmake_target=None, cmake_target_skip_unavailable=False, cmake_clean_cache=False, cmake_clean_first=False, cmake_force_configure=False, ament_cmake_args=None, catkin_cmake_args=None, catkin_skip_building_tests=False, mixin_files=None, mixin=None, verb_parser=<colcon_mixin.mixin.mixin_argument.MixinArgumentDecorator object at 0x7fd7eedfe6b0>, verb_extension=<colcon_core.verb.build.BuildVerb object at 0x7fd7eedff1c0>, main=<bound method BuildVerb.main of <colcon_core.verb.build.BuildVerb object at 0x7fd7eedff1c0>>, mixin_verb=('build',))
[1.703s] Level 1:colcon.colcon_core.package_discovery:discover_packages(colcon_meta) check parameters
[1.703s] Level 1:colcon.colcon_core.package_discovery:discover_packages(recursive) check parameters
[1.703s] Level 1:colcon.colcon_core.package_discovery:discover_packages(ignore) check parameters
[1.703s] Level 1:colcon.colcon_core.package_discovery:discover_packages(path) check parameters
[1.703s] Level 1:colcon.colcon_core.package_discovery:discover_packages(colcon_meta) discover
[1.703s] Level 1:colcon.colcon_core.package_discovery:discover_packages(recursive) discover
[1.703s] INFO:colcon.colcon_core.package_discovery:Crawling recursively for packages in '/home/jasper/RoboWorks_Comp_Team/taskOptimzer'
[1.703s] Level 1:colcon.colcon_core.package_identification:_identify(.) by extensions ['ignore', 'ignore_ament_install']
[1.703s] Level 1:colcon.colcon_core.package_identification:_identify(.) by extension 'ignore'
[1.703s] Level 1:colcon.colcon_core.package_identification:_identify(.) by extension 'ignore_ament_install'
[1.703s] Level 1:colcon.colcon_core.package_identification:_identify(.) by extensions ['colcon_pkg']
[1.703s] Level 1:colcon.colcon_core.package_identification:_identify(.) by extension 'colcon_pkg'
[1.703s] Level 1:colcon.colcon_core.package_identification:_identify(.) by extensions ['colcon_meta']
[1.703s] Level 1:colcon.colcon_core.package_identification:_identify(.) by extension 'colcon_meta'
[1.704s] Level 1:colcon.colcon_core.package_identification:_identify(.) by extensions ['ros']
[1.704s] Level 1:colcon.colcon_core.package_identification:_identify(.) by extension 'ros'
[1.713s] Level 1:colcon.colcon_core.package_identification:_identify(.) by extensions ['cmake', 'python']
[1.714s] Level 1:colcon.colcon_core.package_identification:_identify(.) by extension 'cmake'
[1.714s] Level 1:colcon.colcon_core.package_identification:_identify(.) by extension 'python'
[1.714s] Level 1:colcon.colcon_core.package_identification:_identify(.) by extensions ['python_setup_py']
[1.714s] Level 1:colcon.colcon_core.package_identification:_identify(.) by extension 'python_setup_py'
[1.714s] Level 1:colcon.colcon_core.package_identification:_identify(build) by extensions ['ignore', 'ignore_ament_install']
[1.714s] Level 1:colcon.colcon_core.package_identification:_identify(build) by extension 'ignore'
[1.714s] Level 1:colcon.colcon_core.package_identification:_identify(build) ignored
[1.714s] Level 1:colcon.colcon_core.package_identification:_identify(install) by extensions ['ignore', 'ignore_ament_install']
[1.714s] Level 1:colcon.colcon_core.package_identification:_identify(install) by extension 'ignore'
[1.714s] Level 1:colcon.colcon_core.package_identification:_identify(install) ignored
[1.714s] Level 1:colcon.colcon_core.package_identification:_identify(log) by extensions ['ignore', 'ignore_ament_install']
[1.714s] Level 1:colcon.colcon_core.package_identification:_identify(log) by extension 'ignore'
[1.714s] Level 1:colcon.colcon_core.package_identification:_identify(log) ignored
[1.714s] Level 1:colcon.colcon_core.package_identification:_identify(src) by extensions ['ignore', 'ignore_ament_install']
[1.715s] Level 1:colcon.colcon_core.package_identification:_identify(src) by extension 'ignore'
[1.715s] Level 1:colcon.colcon_core.package_identification:_identify(src) by extension 'ignore_ament_install'
[1.715s] Level 1:colcon.colcon_core.package_identification:_identify(src) by extensions ['colcon_pkg']
[1.715s] Level 1:colcon.colcon_core.package_identification:_identify(src) by extension 'colcon_pkg'
[1.715s] Level 1:colcon.colcon_core.package_identification:_identify(src) by extensions ['colcon_meta']
[1.715s] Level 1:colcon.colcon_core.package_identification:_identify(src) by extension 'colcon_meta'
[1.715s] Level 1:colcon.colcon_core.package_identification:_identify(src) by extensions ['ros']
[1.715s] Level 1:colcon.colcon_core.package_identification:_identify(src) by extension 'ros'
[1.715s] Level 1:colcon.colcon_core.package_identification:_identify(src) by extensions ['cmake', 'python']
[1.715s] Level 1:colcon.colcon_core.package_identification:_identify(src) by extension 'cmake'
[1.715s] Level 1:colcon.colcon_core.package_identification:_identify(src) by extension 'python'
[1.715s] Level 1:colcon.colcon_core.package_identification:_identify(src) by extensions ['python_setup_py']
[1.715s] Level 1:colcon.colcon_core.package_identification:_identify(src) by extension 'python_setup_py'
[1.715s] Level 1:colcon.colcon_core.package_identification:_identify(src/atwork_interfaces) by extensions ['ignore', 'ignore_ament_install']
[1.715s] Level 1:colcon.colcon_core.package_identification:_identify(src/atwork_interfaces) by extension 'ignore'
[1.715s] Level 1:colcon.colcon_core.package_identification:_identify(src/atwork_interfaces) by extension 'ignore_ament_install'
[1.715s] Level 1:colcon.colcon_core.package_identification:_identify(src/atwork_interfaces) by extensions ['colcon_pkg']
[1.715s] Level 1:colcon.colcon_core.package_identification:_identify(src/atwork_interfaces) by extension 'colcon_pkg'
[1.715s] Level 1:colcon.colcon_core.package_identification:_identify(src/atwork_interfaces) by extensions ['colcon_meta']
[1.715s] Level 1:colcon.colcon_core.package_identification:_identify(src/atwork_interfaces) by extension 'colcon_meta'
[1.715s] Level 1:colcon.colcon_core.package_identification:_identify(src/atwork_interfaces) by extensions ['ros']
[1.715s] Level 1:colcon.colcon_core.package_identification:_identify(src/atwork_interfaces) by extension 'ros'
[1.718s] DEBUG:colcon.colcon_core.package_identification:Package 'src/atwork_interfaces' with type 'ros.ament_cmake' and name 'atwork_interfaces'
[1.718s] Level 1:colcon.colcon_core.package_identification:_identify(src/roboworks_taskOpt) by extensions ['ignore', 'ignore_ament_install']
[1.718s] Level 1:colcon.colcon_core.package_identification:_identify(src/roboworks_taskOpt) by extension 'ignore'
[1.718s] Level 1:colcon.colcon_core.package_identification:_identify(src/roboworks_taskOpt) by extension 'ignore_ament_install'
[1.718s] Level 1:colcon.colcon_core.package_identification:_identify(src/roboworks_taskOpt) by extensions ['colcon_pkg']
[1.718s] Level 1:colcon.colcon_core.package_identification:_identify(src/roboworks_taskOpt) by extension 'colcon_pkg'
[1.718s] Level 1:colcon.colcon_core.package_identification:_identify(src/roboworks_taskOpt) by extensions ['colcon_meta']
[1.718s] Level 1:colcon.colcon_core.package_identification:_identify(src/roboworks_taskOpt) by extension 'colcon_meta'
[1.718s] Level 1:colcon.colcon_core.package_identification:_identify(src/roboworks_taskOpt) by extensions ['ros']
[1.719s] Level 1:colcon.colcon_core.package_identification:_identify(src/roboworks_taskOpt) by extension 'ros'
[1.719s] DEBUG:colcon.colcon_core.package_identification:Package 'src/roboworks_taskOpt' with type 'ros.ament_cmake' and name 'roboworks_taskOpt'
[1.719s] Level 1:colcon.colcon_core.package_discovery:discover_packages(recursive) using defaults
[1.719s] Level 1:colcon.colcon_core.package_discovery:discover_packages(ignore) discover
[1.719s] Level 1:colcon.colcon_core.package_discovery:discover_packages(ignore) using defaults
[1.719s] Level 1:colcon.colcon_core.package_discovery:discover_packages(path) discover
[1.719s] Level 1:colcon.colcon_core.package_discovery:discover_packages(path) using defaults
[1.793s] INFO:colcon.colcon_core.package_selection:Skipping not selected package 'roboworks_taskOpt' in 'src/roboworks_taskOpt'
[1.830s] Level 1:colcon.colcon_core.package_discovery:discover_packages(prefix_path) check parameters
[1.830s] Level 1:colcon.colcon_core.package_discovery:discover_packages(prefix_path) discover
[1.869s] DEBUG:colcon.colcon_installed_package_information.package_discovery:Found 3 installed packages in /home/jasper/RoboWorks_Comp_Team/taskOptimzer/install
[1.888s] DEBUG:colcon.colcon_installed_package_information.package_discovery:Found 55 installed packages in /home/jasper/ws_moveit2/install
[1.908s] DEBUG:colcon.colcon_installed_package_information.package_discovery:Found 436 installed packages in /opt/ros/humble
[1.910s] Level 1:colcon.colcon_core.package_discovery:discover_packages(prefix_path) using defaults
[2.034s] Level 5:colcon.colcon_core.verb:set package 'atwork_interfaces' build argument 'cmake_args' from command line to 'None'
[2.034s] Level 5:colcon.colcon_core.verb:set package 'atwork_interfaces' build argument 'cmake_target' from command line to 'None'
[2.034s] Level 5:colcon.colcon_core.verb:set package 'atwork_interfaces' build argument 'cmake_target_skip_unavailable' from command line to 'False'
[2.034s] Level 5:colcon.colcon_core.verb:set package 'atwork_interfaces' build argument 'cmake_clean_cache' from command line to 'False'
[2.034s] Level 5:colcon.colcon_core.verb:set package 'atwork_interfaces' build argument 'cmake_clean_first' from command line to 'False'
[2.034s] Level 5:colcon.colcon_core.verb:set package 'atwork_interfaces' build argument 'cmake_force_configure' from command line to 'False'
[2.034s] Level 5:colcon.colcon_core.verb:set package 'atwork_interfaces' build argument 'ament_cmake_args' from command line to 'None'
[2.034s] Level 5:colcon.colcon_core.verb:set package 'atwork_interfaces' build argument 'catkin_cmake_args' from command line to 'None'
[2.034s] Level 5:colcon.colcon_core.verb:set package 'atwork_interfaces' build argument 'catkin_skip_building_tests' from command line to 'False'
[2.034s] DEBUG:colcon.colcon_core.verb:Building package 'atwork_interfaces' with the following arguments: {'ament_cmake_args': None, 'build_base': '/home/jasper/RoboWorks_Comp_Team/taskOptimzer/build/atwork_interfaces', 'catkin_cmake_args': None, 'catkin_skip_building_tests': False, 'cmake_args': None, 'cmake_clean_cache': False, 'cmake_clean_first': False, 'cmake_force_configure': False, 'cmake_target': None, 'cmake_target_skip_unavailable': False, 'install_base': '/home/jasper/RoboWorks_Comp_Team/taskOptimzer/install/atwork_interfaces', 'merge_install': False, 'path': '/home/jasper/RoboWorks_Comp_Team/taskOptimzer/src/atwork_interfaces', 'symlink_install': False, 'test_result_base': None}
[2.052s] INFO:colcon.colcon_core.executor:Executing jobs using 'parallel' executor
[2.071s] DEBUG:colcon.colcon_parallel_executor.executor.parallel:run_until_complete
[2.072s] INFO:colcon.colcon_ros.task.ament_cmake.build:Building ROS package in '/home/jasper/RoboWorks_Comp_Team/taskOptimzer/src/atwork_interfaces' with build type 'ament_cmake'
[2.072s] INFO:colcon.colcon_cmake.task.cmake.build:Building CMake package in '/home/jasper/RoboWorks_Comp_Team/taskOptimzer/src/atwork_interfaces'
[2.092s] INFO:colcon.colcon_core.plugin_system:Skipping extension 'colcon_core.shell.bat': Not used on non-Windows systems
[2.093s] INFO:colcon.colcon_core.shell:Skip shell extension 'powershell' for command environment: Not usable outside of PowerShell
[2.093s] DEBUG:colcon.colcon_core.shell:Skip shell extension 'dsv' for command environment
[2.181s] DEBUG:colcon.colcon_core.event_handler.log_command:Invoking command in '/home/jasper/RoboWorks_Comp_Team/taskOptimzer/build/atwork_interfaces': CMAKE_PREFIX_PATH=${CMAKE_PREFIX_PATH}:/home/jasper/ws_moveit2/install/moveit_configs_utils:/home/jasper/ws_moveit2/install/launch_param_builder:/opt/ros/humble /usr/bin/cmake --build /home/jasper/RoboWorks_Comp_Team/taskOptimzer/build/atwork_interfaces -- -j8 -l8
[5.884s] DEBUG:colcon.colcon_core.event_handler.log_command:Invoked command in '/home/jasper/RoboWorks_Comp_Team/taskOptimzer/build/atwork_interfaces' returned '0': CMAKE_PREFIX_PATH=${CMAKE_PREFIX_PATH}:/home/jasper/ws_moveit2/install/moveit_configs_utils:/home/jasper/ws_moveit2/install/launch_param_builder:/opt/ros/humble /usr/bin/cmake --build /home/jasper/RoboWorks_Comp_Team/taskOptimzer/build/atwork_interfaces -- -j8 -l8
[6.039s] DEBUG:colcon.colcon_core.event_handler.log_command:Invoking command in '/home/jasper/RoboWorks_Comp_Team/taskOptimzer/build/atwork_interfaces': CMAKE_PREFIX_PATH=${CMAKE_PREFIX_PATH}:/home/jasper/ws_moveit2/install/moveit_configs_utils:/home/jasper/ws_moveit2/install/launch_param_builder:/opt/ros/humble /usr/bin/cmake --install /home/jasper/RoboWorks_Comp_Team/taskOptimzer/build/atwork_interfaces
[6.124s] Level 1:colcon.colcon_core.environment:create_environment_scripts_only(atwork_interfaces)
[6.125s] DEBUG:colcon.colcon_core.event_handler.log_command:Invoked command in '/home/jasper/RoboWorks_Comp_Team/taskOptimzer/build/atwork_interfaces' returned '0': CMAKE_PREFIX_PATH=${CMAKE_PREFIX_PATH}:/home/jasper/ws_moveit2/install/moveit_configs_utils:/home/jasper/ws_moveit2/install/launch_param_builder:/opt/ros/humble /usr/bin/cmake --install /home/jasper/RoboWorks_Comp_Team/taskOptimzer/build/atwork_interfaces
[6.147s] Level 1:colcon.colcon_core.environment:checking '/home/jasper/RoboWorks_Comp_Team/taskOptimzer/install/atwork_interfaces' for CMake module files
[6.147s] Level 1:colcon.colcon_core.environment:checking '/home/jasper/RoboWorks_Comp_Team/taskOptimzer/install/atwork_interfaces' for CMake config files
[6.148s] Level 1:colcon.colcon_core.shell:create_environment_hook('atwork_interfaces', 'cmake_prefix_path')
[6.166s] INFO:colcon.colcon_core.shell:Creating environment hook '/home/jasper/RoboWorks_Comp_Team/taskOptimzer/install/atwork_interfaces/share/atwork_interfaces/hook/cmake_prefix_path.ps1'
[6.166s] INFO:colcon.colcon_core.shell:Creating environment descriptor '/home/jasper/RoboWorks_Comp_Team/taskOptimzer/install/atwork_interfaces/share/atwork_interfaces/hook/cmake_prefix_path.dsv'
[6.167s] INFO:colcon.colcon_core.shell:Creating environment hook '/home/jasper/RoboWorks_Comp_Team/taskOptimzer/install/atwork_interfaces/share/atwork_interfaces/hook/cmake_prefix_path.sh'
[6.167s] Level 1:colcon.colcon_core.environment:checking '/home/jasper/RoboWorks_Comp_Team/taskOptimzer/install/atwork_interfaces/lib'
[6.167s] Level 1:colcon.colcon_core.shell:create_environment_hook('atwork_interfaces', 'ld_library_path_lib')
[6.186s] INFO:colcon.colcon_core.shell:Creating environment hook '/home/jasper/RoboWorks_Comp_Team/taskOptimzer/install/atwork_interfaces/share/atwork_interfaces/hook/ld_library_path_lib.ps1'
[6.186s] INFO:colcon.colcon_core.shell:Creating environment descriptor '/home/jasper/RoboWorks_Comp_Team/taskOptimzer/install/atwork_interfaces/share/atwork_interfaces/hook/ld_library_path_lib.dsv'
[6.187s] INFO:colcon.colcon_core.shell:Creating environment hook '/home/jasper/RoboWorks_Comp_Team/taskOptimzer/install/atwork_interfaces/share/atwork_interfaces/hook/ld_library_path_lib.sh'
[6.187s] Level 1:colcon.colcon_core.environment:checking '/home/jasper/RoboWorks_Comp_Team/taskOptimzer/install/atwork_interfaces/bin'
[6.187s] Level 1:colcon.colcon_core.environment:checking '/home/jasper/RoboWorks_Comp_Team/taskOptimzer/install/atwork_interfaces/lib/pkgconfig/atwork_interfaces.pc'
[6.187s] Level 1:colcon.colcon_core.environment:checking '/home/jasper/RoboWorks_Comp_Team/taskOptimzer/install/atwork_interfaces/lib/python3.10/site-packages'
[6.187s] Level 1:colcon.colcon_core.environment:checking '/home/jasper/RoboWorks_Comp_Team/taskOptimzer/install/atwork_interfaces/bin'
[6.208s] INFO:colcon.colcon_core.shell:Creating package script '/home/jasper/RoboWorks_Comp_Team/taskOptimzer/install/atwork_interfaces/share/atwork_interfaces/package.ps1'
[6.209s] INFO:colcon.colcon_core.shell:Creating package descriptor '/home/jasper/RoboWorks_Comp_Team/taskOptimzer/install/atwork_interfaces/share/atwork_interfaces/package.dsv'
[6.209s] INFO:colcon.colcon_core.shell:Creating package script '/home/jasper/RoboWorks_Comp_Team/taskOptimzer/install/atwork_interfaces/share/atwork_interfaces/package.sh'
[6.210s] INFO:colcon.colcon_core.shell:Creating package script '/home/jasper/RoboWorks_Comp_Team/taskOptimzer/install/atwork_interfaces/share/atwork_interfaces/package.bash'
[6.210s] INFO:colcon.colcon_core.shell:Creating package script '/home/jasper/RoboWorks_Comp_Team/taskOptimzer/install/atwork_interfaces/share/atwork_interfaces/package.zsh'
[6.211s] Level 1:colcon.colcon_core.environment:create_file_with_runtime_dependencies(/home/jasper/RoboWorks_Comp_Team/taskOptimzer/install/atwork_interfaces/share/colcon-core/packages/atwork_interfaces)
[6.372s] Level 1:colcon.colcon_core.environment:create_environment_scripts_only(atwork_interfaces)
[6.392s] Level 1:colcon.colcon_core.environment:checking '/home/jasper/RoboWorks_Comp_Team/taskOptimzer/install/atwork_interfaces' for CMake module files
[6.392s] Level 1:colcon.colcon_core.environment:checking '/home/jasper/RoboWorks_Comp_Team/taskOptimzer/install/atwork_interfaces' for CMake config files
[6.393s] Level 1:colcon.colcon_core.shell:create_environment_hook('atwork_interfaces', 'cmake_prefix_path')
[6.412s] INFO:colcon.colcon_core.shell:Creating environment hook '/home/jasper/RoboWorks_Comp_Team/taskOptimzer/install/atwork_interfaces/share/atwork_interfaces/hook/cmake_prefix_path.ps1'
[6.413s] INFO:colcon.colcon_core.shell:Creating environment descriptor '/home/jasper/RoboWorks_Comp_Team/taskOptimzer/install/atwork_interfaces/share/atwork_interfaces/hook/cmake_prefix_path.dsv'
[6.413s] INFO:colcon.colcon_core.shell:Creating environment hook '/home/jasper/RoboWorks_Comp_Team/taskOptimzer/install/atwork_interfaces/share/atwork_interfaces/hook/cmake_prefix_path.sh'
[6.413s] Level 1:colcon.colcon_core.environment:checking '/home/jasper/RoboWorks_Comp_Team/taskOptimzer/install/atwork_interfaces/lib'
[6.413s] Level 1:colcon.colcon_core.shell:create_environment_hook('atwork_interfaces', 'ld_library_path_lib')
[6.432s] INFO:colcon.colcon_core.shell:Creating environment hook '/home/jasper/RoboWorks_Comp_Team/taskOptimzer/install/atwork_interfaces/share/atwork_interfaces/hook/ld_library_path_lib.ps1'
[6.432s] INFO:colcon.colcon_core.shell:Creating environment descriptor '/home/jasper/RoboWorks_Comp_Team/taskOptimzer/install/atwork_interfaces/share/atwork_interfaces/hook/ld_library_path_lib.dsv'
[6.433s] INFO:colcon.colcon_core.shell:Creating environment hook '/home/jasper/RoboWorks_Comp_Team/taskOptimzer/install/atwork_interfaces/share/atwork_interfaces/hook/ld_library_path_lib.sh'
[6.433s] Level 1:colcon.colcon_core.environment:checking '/home/jasper/RoboWorks_Comp_Team/taskOptimzer/install/atwork_interfaces/bin'
[6.433s] Level 1:colcon.colcon_core.environment:checking '/home/jasper/RoboWorks_Comp_Team/taskOptimzer/install/atwork_interfaces/lib/pkgconfig/atwork_interfaces.pc'
[6.433s] Level 1:colcon.colcon_core.environment:checking '/home/jasper/RoboWorks_Comp_Team/taskOptimzer/install/atwork_interfaces/lib/python3.10/site-packages'
[6.434s] Level 1:colcon.colcon_core.environment:checking '/home/jasper/RoboWorks_Comp_Team/taskOptimzer/install/atwork_interfaces/bin'
[6.452s] INFO:colcon.colcon_core.shell:Creating package script '/home/jasper/RoboWorks_Comp_Team/taskOptimzer/install/atwork_interfaces/share/atwork_interfaces/package.ps1'
[6.452s] INFO:colcon.colcon_core.shell:Creating package descriptor '/home/jasper/RoboWorks_Comp_Team/taskOptimzer/install/atwork_interfaces/share/atwork_interfaces/package.dsv'
[6.453s] INFO:colcon.colcon_core.shell:Creating package script '/home/jasper/RoboWorks_Comp_Team/taskOptimzer/install/atwork_interfaces/share/atwork_interfaces/package.sh'
[6.453s] INFO:colcon.colcon_core.shell:Creating package script '/home/jasper/RoboWorks_Comp_Team/taskOptimzer/install/atwork_interfaces/share/atwork_interfaces/package.bash'
[6.454s] INFO:colcon.colcon_core.shell:Creating package script '/home/jasper/RoboWorks_Comp_Team/taskOptimzer/install/atwork_interfaces/share/atwork_interfaces/package.zsh'
[6.454s] Level 1:colcon.colcon_core.environment:create_file_with_runtime_dependencies(/home/jasper/RoboWorks_Comp_Team/taskOptimzer/install/atwork_interfaces/share/colcon-core/packages/atwork_interfaces)
[6.454s] DEBUG:colcon.colcon_parallel_executor.executor.parallel:closing loop
[6.455s] DEBUG:colcon.colcon_parallel_executor.executor.parallel:loop closed
[6.455s] DEBUG:colcon.colcon_parallel_executor.executor.parallel:run_until_complete finished with '0'
[6.455s] DEBUG:colcon.colcon_core.event_reactor:joining thread
[6.480s] INFO:colcon.colcon_core.plugin_system:Skipping extension 'colcon_notification.desktop_notification.terminal_notifier': Not used on non-Darwin systems
[6.480s] INFO:colcon.colcon_core.plugin_system:Skipping extension 'colcon_notification.desktop_notification.win32': Not used on non-Windows systems
[6.480s] INFO:colcon.colcon_notification.desktop_notification:Sending desktop notification using 'notify2'
[6.491s] DEBUG:colcon.colcon_core.event_reactor:joined thread
[6.512s] INFO:colcon.colcon_core.shell:Creating prefix script '/home/jasper/RoboWorks_Comp_Team/taskOptimzer/install/local_setup.ps1'
[6.512s] INFO:colcon.colcon_core.shell:Creating prefix util module '/home/jasper/RoboWorks_Comp_Team/taskOptimzer/install/_local_setup_util_ps1.py'
[6.514s] INFO:colcon.colcon_core.shell:Creating prefix chain script '/home/jasper/RoboWorks_Comp_Team/taskOptimzer/install/setup.ps1'
[6.536s] INFO:colcon.colcon_core.shell:Creating prefix script '/home/jasper/RoboWorks_Comp_Team/taskOptimzer/install/local_setup.sh'
[6.536s] INFO:colcon.colcon_core.shell:Creating prefix util module '/home/jasper/RoboWorks_Comp_Team/taskOptimzer/install/_local_setup_util_sh.py'
[6.537s] INFO:colcon.colcon_core.shell:Creating prefix chain script '/home/jasper/RoboWorks_Comp_Team/taskOptimzer/install/setup.sh'
[6.559s] INFO:colcon.colcon_core.shell:Creating prefix script '/home/jasper/RoboWorks_Comp_Team/taskOptimzer/install/local_setup.bash'
[6.559s] INFO:colcon.colcon_core.shell:Creating prefix chain script '/home/jasper/RoboWorks_Comp_Team/taskOptimzer/install/setup.bash'
[6.581s] INFO:colcon.colcon_core.shell:Creating prefix script '/home/jasper/RoboWorks_Comp_Team/taskOptimzer/install/local_setup.zsh'
[6.582s] INFO:colcon.colcon_core.shell:Creating prefix chain script '/home/jasper/RoboWorks_Comp_Team/taskOptimzer/install/setup.zsh'
