[0.098s] Invoking command in '/home/jasper/rtab_robocup/src/build/sensors': CMAKE_PREFIX_PATH=${CMAKE_PREFIX_PATH}:/home/jasper/ws_moveit2/install/moveit_configs_utils:/home/jasper/ws_moveit2/install/launch_param_builder:/opt/ros/humble /usr/bin/cmake /home/jasper/rtab_robocup/src/sensors -DCMAKE_INSTALL_PREFIX=/home/jasper/rtab_robocup/src/install/sensors
[0.315s] -- The C compiler identification is GNU 11.4.0
[0.541s] -- The CXX compiler identification is GNU 11.4.0
[0.557s] -- Detecting C compiler ABI info
[0.668s] -- Detecting C compiler ABI info - done
[0.684s] -- Check for working C compiler: /usr/bin/cc - skipped
[0.685s] -- Detecting C compile features
[0.685s] -- Detecting C compile features - done
[0.691s] -- Detecting CXX compiler ABI info
[0.805s] -- Detecting CXX compiler ABI info - done
[0.813s] -- Check for working CXX compiler: /usr/bin/c++ - skipped
[0.813s] -- Detecting CXX compile features
[0.814s] -- Detecting CXX compile features - done
[0.825s] -- Found ament_cmake: 1.3.5 (/opt/ros/humble/share/ament_cmake/cmake)
[1.076s] -- Found Python3: /usr/bin/python3.10 (found version "3.10.12") found components: Interpreter 
[1.291s] -- Found rclcpp: 16.0.6 (/opt/ros/humble/share/rclcpp/cmake)
[1.442s] -- Found rosidl_generator_c: 3.1.5 (/opt/ros/humble/share/rosidl_generator_c/cmake)
[1.466s] -- Found rosidl_adapter: 3.1.5 (/opt/ros/humble/share/rosidl_adapter/cmake)
[1.495s] -- Found rosidl_generator_cpp: 3.1.5 (/opt/ros/humble/share/rosidl_generator_cpp/cmake)
[1.535s] -- Using all available rosidl_typesupport_c: rosidl_typesupport_fastrtps_c;rosidl_typesupport_introspection_c
[1.590s] -- Using all available rosidl_typesupport_cpp: rosidl_typesupport_fastrtps_cpp;rosidl_typesupport_introspection_cpp
[1.770s] -- Found rmw_implementation_cmake: 6.1.1 (/opt/ros/humble/share/rmw_implementation_cmake/cmake)
[1.784s] -- Found rmw_fastrtps_cpp: 6.2.4 (/opt/ros/humble/share/rmw_fastrtps_cpp/cmake)
[1.996s] -- Found OpenSSL: /usr/lib/x86_64-linux-gnu/libcrypto.so (found version "3.0.2")  
[2.038s] -- Found FastRTPS: /opt/ros/humble/include  
[2.111s] -- Using RMW implementation 'rmw_fastrtps_cpp' as default
[2.146s] -- Looking for pthread.h
[2.253s] -- Looking for pthread.h - found
[2.254s] -- Performing Test CMAKE_HAVE_LIBC_PTHREAD
[2.365s] -- Performing Test CMAKE_HAVE_LIBC_PTHREAD - Success
[2.367s] -- Found Threads: TRUE  
[2.627s] -- Found sensor_msgs: 4.2.3 (/opt/ros/humble/share/sensor_msgs/cmake)
[2.805s] -- Found ament_lint_auto: 0.12.8 (/opt/ros/humble/share/ament_lint_auto/cmake)
[2.947s] -- Added test 'cppcheck' to perform static code analysis on C / C++ code
[2.947s] -- Configured cppcheck include dirs: $<BUILD_INTERFACE:/home/jasper/rtab_robocup/src/sensors/include>
[2.947s] -- Configured cppcheck exclude dirs and/or files: 
[2.949s] -- Added test 'lint_cmake' to check CMake code style
[2.952s] -- Added test 'uncrustify' to check C / C++ code style
[2.952s] -- Configured uncrustify additional arguments: 
[2.954s] -- Added test 'xmllint' to check XML markup files
[2.960s] -- Configuring done
[2.971s] -- Generating done
[2.973s] -- Build files have been written to: /home/jasper/rtab_robocup/src/build/sensors
[2.983s] Invoked command in '/home/jasper/rtab_robocup/src/build/sensors' returned '0': CMAKE_PREFIX_PATH=${CMAKE_PREFIX_PATH}:/home/jasper/ws_moveit2/install/moveit_configs_utils:/home/jasper/ws_moveit2/install/launch_param_builder:/opt/ros/humble /usr/bin/cmake /home/jasper/rtab_robocup/src/sensors -DCMAKE_INSTALL_PREFIX=/home/jasper/rtab_robocup/src/install/sensors
[2.985s] Invoking command in '/home/jasper/rtab_robocup/src/build/sensors': CMAKE_PREFIX_PATH=${CMAKE_PREFIX_PATH}:/home/jasper/ws_moveit2/install/moveit_configs_utils:/home/jasper/ws_moveit2/install/launch_param_builder:/opt/ros/humble /usr/bin/cmake --build /home/jasper/rtab_robocup/src/build/sensors -- -j8 -l8
[3.068s] [ 50%] [32mBuilding CXX object CMakeFiles/L1_filter.dir/src/L1_filter.cpp.o[0m
[12.457s] [100%] [32m[1mLinking CXX executable L1_filter[0m
[12.932s] [100%] Built target L1_filter
[12.948s] Invoked command in '/home/jasper/rtab_robocup/src/build/sensors' returned '0': CMAKE_PREFIX_PATH=${CMAKE_PREFIX_PATH}:/home/jasper/ws_moveit2/install/moveit_configs_utils:/home/jasper/ws_moveit2/install/launch_param_builder:/opt/ros/humble /usr/bin/cmake --build /home/jasper/rtab_robocup/src/build/sensors -- -j8 -l8
[13.007s] Invoking command in '/home/jasper/rtab_robocup/src/build/sensors': CMAKE_PREFIX_PATH=${CMAKE_PREFIX_PATH}:/home/jasper/ws_moveit2/install/moveit_configs_utils:/home/jasper/ws_moveit2/install/launch_param_builder:/opt/ros/humble /usr/bin/cmake --install /home/jasper/rtab_robocup/src/build/sensors
[13.019s] -- Install configuration: ""
[13.019s] -- Installing: /home/jasper/rtab_robocup/src/install/sensors/lib/sensors/L1_filter
[13.023s] -- Set runtime path of "/home/jasper/rtab_robocup/src/install/sensors/lib/sensors/L1_filter" to ""
[13.023s] -- Installing: /home/jasper/rtab_robocup/src/install/sensors/share/ament_index/resource_index/package_run_dependencies/sensors
[13.024s] -- Installing: /home/jasper/rtab_robocup/src/install/sensors/share/ament_index/resource_index/parent_prefix_path/sensors
[13.024s] -- Installing: /home/jasper/rtab_robocup/src/install/sensors/share/sensors/environment/ament_prefix_path.sh
[13.024s] -- Installing: /home/jasper/rtab_robocup/src/install/sensors/share/sensors/environment/ament_prefix_path.dsv
[13.024s] -- Installing: /home/jasper/rtab_robocup/src/install/sensors/share/sensors/environment/path.sh
[13.024s] -- Installing: /home/jasper/rtab_robocup/src/install/sensors/share/sensors/environment/path.dsv
[13.025s] -- Installing: /home/jasper/rtab_robocup/src/install/sensors/share/sensors/local_setup.bash
[13.025s] -- Installing: /home/jasper/rtab_robocup/src/install/sensors/share/sensors/local_setup.sh
[13.025s] -- Installing: /home/jasper/rtab_robocup/src/install/sensors/share/sensors/local_setup.zsh
[13.025s] -- Installing: /home/jasper/rtab_robocup/src/install/sensors/share/sensors/local_setup.dsv
[13.025s] -- Installing: /home/jasper/rtab_robocup/src/install/sensors/share/sensors/package.dsv
[13.025s] -- Installing: /home/jasper/rtab_robocup/src/install/sensors/share/ament_index/resource_index/packages/sensors
[13.026s] -- Installing: /home/jasper/rtab_robocup/src/install/sensors/share/sensors/cmake/sensorsConfig.cmake
[13.026s] -- Installing: /home/jasper/rtab_robocup/src/install/sensors/share/sensors/cmake/sensorsConfig-version.cmake
[13.026s] -- Installing: /home/jasper/rtab_robocup/src/install/sensors/share/sensors/package.xml
[13.028s] Invoked command in '/home/jasper/rtab_robocup/src/build/sensors' returned '0': CMAKE_PREFIX_PATH=${CMAKE_PREFIX_PATH}:/home/jasper/ws_moveit2/install/moveit_configs_utils:/home/jasper/ws_moveit2/install/launch_param_builder:/opt/ros/humble /usr/bin/cmake --install /home/jasper/rtab_robocup/src/build/sensors
