running egg_info
writing build/image_point_cloud_package/image_point_cloud_package.egg-info/PKG-INFO
writing dependency_links to build/image_point_cloud_package/image_point_cloud_package.egg-info/dependency_links.txt
writing entry points to build/image_point_cloud_package/image_point_cloud_package.egg-info/entry_points.txt
writing requirements to build/image_point_cloud_package/image_point_cloud_package.egg-info/requires.txt
writing top-level names to build/image_point_cloud_package/image_point_cloud_package.egg-info/top_level.txt
reading manifest file 'build/image_point_cloud_package/image_point_cloud_package.egg-info/SOURCES.txt'
writing manifest file 'build/image_point_cloud_package/image_point_cloud_package.egg-info/SOURCES.txt'
running build
running build_py
copying image_point_cloud_package/ROSimage_point_cloud.py -> /home/jasper/image_point_cloud_package/build/image_point_cloud_package/build/lib/image_point_cloud_package
copying image_point_cloud_package/image_point_cloud.py -> /home/jasper/image_point_cloud_package/build/image_point_cloud_package/build/lib/image_point_cloud_package
running install
running install_lib
copying /home/jasper/image_point_cloud_package/build/image_point_cloud_package/build/lib/image_point_cloud_package/ROSimage_point_cloud.py -> /home/jasper/image_point_cloud_package/install/image_point_cloud_package/lib/python3.10/site-packages/image_point_cloud_package
copying /home/jasper/image_point_cloud_package/build/image_point_cloud_package/build/lib/image_point_cloud_package/image_point_cloud.py -> /home/jasper/image_point_cloud_package/install/image_point_cloud_package/lib/python3.10/site-packages/image_point_cloud_package
byte-compiling /home/jasper/image_point_cloud_package/install/image_point_cloud_package/lib/python3.10/site-packages/image_point_cloud_package/ROSimage_point_cloud.py to ROSimage_point_cloud.cpython-310.pyc
byte-compiling /home/jasper/image_point_cloud_package/install/image_point_cloud_package/lib/python3.10/site-packages/image_point_cloud_package/image_point_cloud.py to image_point_cloud.cpython-310.pyc
running install_data
running install_egg_info
removing '/home/jasper/image_point_cloud_package/install/image_point_cloud_package/lib/python3.10/site-packages/image_point_cloud_package-0.0.0-py3.10.egg-info' (and everything under it)
Copying build/image_point_cloud_package/image_point_cloud_package.egg-info to /home/jasper/image_point_cloud_package/install/image_point_cloud_package/lib/python3.10/site-packages/image_point_cloud_package-0.0.0-py3.10.egg-info
running install_scripts
Installing image_point_cloud_node script to /home/jasper/image_point_cloud_package/install/image_point_cloud_package/lib/image_point_cloud_package
writing list of installed files to '/home/jasper/image_point_cloud_package/build/image_point_cloud_package/install.log'
