[0.096s] Invoking command in '/home/jasper/RoboWorks_Comp_Team/brain/build/roboworks_brain_interfaces': CMAKE_PREFIX_PATH=${CMAKE_PREFIX_PATH}:/home/jasper/ws_moveit2/install/moveit_configs_utils:/home/jasper/ws_moveit2/install/launch_param_builder:/opt/ros/humble /usr/bin/cmake --build /home/jasper/RoboWorks_Comp_Team/brain/build/roboworks_brain_interfaces -- -j8 -l8
[0.155s] -- Found ament_cmake: 1.3.6 (/opt/ros/humble/share/ament_cmake/cmake)
[0.317s] -- Found rosidl_default_generators: 1.2.0 (/opt/ros/humble/share/rosidl_default_generators/cmake)
[0.329s] -- Using all available rosidl_typesupport_c: rosidl_typesupport_fastrtps_c;rosidl_typesupport_introspection_c
[0.332s] -- Found rosidl_adapter: 3.1.5 (/opt/ros/humble/share/rosidl_adapter/cmake)
[0.376s] -- Using all available rosidl_typesupport_cpp: rosidl_typesupport_fastrtps_cpp;rosidl_typesupport_introspection_cpp
[0.405s] -- Found geometry_msgs: 4.2.3 (/opt/ros/humble/share/geometry_msgs/cmake)
[0.739s] [31mCMake Error at /opt/ros/humble/share/rosidl_adapter/cmake/rosidl_adapt_interfaces.cmake:59 (message):
[0.739s]   execute_process(/usr/bin/python3.10 -m rosidl_adapter --package-name
[0.739s]   roboworks_brain_interfaces --arguments-file
[0.739s]   /home/jasper/RoboWorks_Comp_Team/brain/build/roboworks_brain_interfaces/rosidl_adapter__arguments__roboworks_brain_interfaces.json
[0.739s]   --output-dir
[0.740s]   /home/jasper/RoboWorks_Comp_Team/brain/build/roboworks_brain_interfaces/rosidl_adapter/roboworks_brain_interfaces
[0.740s]   --output-file
[0.740s]   /home/jasper/RoboWorks_Comp_Team/brain/build/roboworks_brain_interfaces/rosidl_adapter/roboworks_brain_interfaces.idls)
[0.740s]   returned error code 1:
[0.740s] 
[0.740s]   Error processing 'std::list<std::string> masterList instruction' of
[0.740s]   'roboworks_brain_interfaces/TaskOpt_Response': ''std::list<std::string>' is
[0.740s]   an invalid message name.  It should have the pattern '^[A-Z][A-Za-z0-9]*$''
[0.741s] 
[0.741s]   Traceback (most recent call last):
[0.741s] 
[0.741s]     File "/usr/lib/python3.10/runpy.py", line 196, in _run_module_as_main
[0.741s]       return _run_code(code, main_globals, None,
[0.741s]     File "/usr/lib/python3.10/runpy.py", line 86, in _run_code
[0.741s]       exec(code, run_globals)
[0.741s]     File "/opt/ros/humble/local/lib/python3.10/dist-packages/rosidl_adapter/__main__.py", line 19, in <module>
[0.741s]       sys.exit(main())
[0.742s]     File "/opt/ros/humble/local/lib/python3.10/dist-packages/rosidl_adapter/main.py", line 53, in main
[0.742s]       abs_idl_file = convert_to_idl(
[0.742s]     File "/opt/ros/humble/local/lib/python3.10/dist-packages/rosidl_adapter/__init__.py", line 24, in convert_to_idl
[0.742s]       return convert_srv_to_idl(
[0.742s]     File "/opt/ros/humble/local/lib/python3.10/dist-packages/rosidl_adapter/srv/__init__.py", line 28, in convert_srv_to_idl
[0.742s]       srv = parse_service_string(package_name, input_file.stem, content)
[0.742s]     File "/opt/ros/humble/local/lib/python3.10/dist-packages/rosidl_adapter/parser.py", line 863, in parse_service_string
[0.742s]       response_message = parse_message_string(
[0.742s]     File "/opt/ros/humble/local/lib/python3.10/dist-packages/rosidl_adapter/parser.py", line 520, in parse_message_string
[0.742s]       Type(type_string, context_package_name=pkg_name),
[0.743s]     File "/opt/ros/humble/local/lib/python3.10/dist-packages/rosidl_adapter/parser.py", line 277, in __init__
[0.743s]       super(Type, self).__init__(
[0.743s]     File "/opt/ros/humble/local/lib/python3.10/dist-packages/rosidl_adapter/parser.py", line 205, in __init__
[0.743s]       raise InvalidResourceName(
[0.743s] 
[0.743s]   rosidl_adapter.parser.InvalidResourceName: 'std::list<std::string>' is an
[0.743s]   invalid message name.  It should have the pattern '^[A-Z][A-Za-z0-9]*$'
[0.743s] 
[0.743s] Call Stack (most recent call first):
[0.744s]   /opt/ros/humble/share/rosidl_cmake/cmake/rosidl_generate_interfaces.cmake:130 (rosidl_adapt_interfaces)
[0.744s]   CMakeLists.txt:13 (rosidl_generate_interfaces)
[0.744s] 
[0.744s] [0m
[0.744s] -- Configuring incomplete, errors occurred!
[0.744s] See also "/home/jasper/RoboWorks_Comp_Team/brain/build/roboworks_brain_interfaces/CMakeFiles/CMakeOutput.log".
[0.745s] gmake: *** [Makefile:963: cmake_check_build_system] Error 1
[0.748s] Invoked command in '/home/jasper/RoboWorks_Comp_Team/brain/build/roboworks_brain_interfaces' returned '2': CMAKE_PREFIX_PATH=${CMAKE_PREFIX_PATH}:/home/jasper/ws_moveit2/install/moveit_configs_utils:/home/jasper/ws_moveit2/install/launch_param_builder:/opt/ros/humble /usr/bin/cmake --build /home/jasper/RoboWorks_Comp_Team/brain/build/roboworks_brain_interfaces -- -j8 -l8
