[0.110s] Invoking command in '/home/jasper/RoboWorks_Comp_Team/taskOptimzer/build/atwork_interfaces': CMAKE_PREFIX_PATH=${CMAKE_PREFIX_PATH}:/home/jasper/ws_moveit2/install/moveit_configs_utils:/home/jasper/ws_moveit2/install/launch_param_builder:/opt/ros/humble /usr/bin/cmake --build /home/jasper/RoboWorks_Comp_Team/taskOptimzer/build/atwork_interfaces -- -j8 -l8
[0.147s] -- Found ament_cmake: 1.3.6 (/opt/ros/humble/share/ament_cmake/cmake)
[0.295s] -- Found geometry_msgs: 4.2.3 (/opt/ros/humble/share/geometry_msgs/cmake)
[0.323s] -- Found rosidl_generator_c: 3.1.5 (/opt/ros/humble/share/rosidl_generator_c/cmake)
[0.325s] -- Found rosidl_adapter: 3.1.5 (/opt/ros/humble/share/rosidl_adapter/cmake)
[0.331s] -- Found rosidl_generator_cpp: 3.1.5 (/opt/ros/humble/share/rosidl_generator_cpp/cmake)
[0.345s] -- Using all available rosidl_typesupport_c: rosidl_typesupport_fastrtps_c;rosidl_typesupport_introspection_c
[0.363s] -- Using all available rosidl_typesupport_cpp: rosidl_typesupport_fastrtps_cpp;rosidl_typesupport_introspection_cpp
[0.485s] -- Found rosidl_default_generators: 1.2.0 (/opt/ros/humble/share/rosidl_default_generators/cmake)
[0.821s] -- Found ament_cmake_ros: 0.10.0 (/opt/ros/humble/share/ament_cmake_ros/cmake)
[1.275s] -- Using all available rosidl_typesupport_c: rosidl_typesupport_fastrtps_c;rosidl_typesupport_introspection_c
[1.426s] -- Using all available rosidl_typesupport_cpp: rosidl_typesupport_fastrtps_cpp;rosidl_typesupport_introspection_cpp
[1.451s] -- Found python_cmake_module: 0.10.0 (/opt/ros/humble/share/python_cmake_module/cmake)
[1.475s] -- Using PYTHON_EXECUTABLE: /usr/bin/python3
[1.475s] -- Using PYTHON_INCLUDE_DIRS: /usr/include/python3.10
[1.475s] -- Using PYTHON_LIBRARIES: /usr/lib/x86_64-linux-gnu/libpython3.10.so
[1.552s] -- Found ament_lint_auto: 0.12.9 (/opt/ros/humble/share/ament_lint_auto/cmake)
[1.562s] -- Added test 'lint_cmake' to check CMake code style
[1.563s] -- Added test 'xmllint' to check XML markup files
[1.565s] -- Configuring done
[1.611s] -- Generating done
[1.614s] -- Build files have been written to: /home/jasper/RoboWorks_Comp_Team/taskOptimzer/build/atwork_interfaces
[1.653s] [  1%] [34m[1mGenerating C code for ROS interfaces[0m
[1.672s] [  2%] [34m[1mGenerating C++ code for ROS interfaces[0m
[1.687s] [  2%] Built target ament_cmake_python_copy_atwork_interfaces
[1.996s] running egg_info
[1.997s] writing atwork_interfaces.egg-info/PKG-INFO
[1.997s] writing dependency_links to atwork_interfaces.egg-info/dependency_links.txt
[1.997s] writing top-level names to atwork_interfaces.egg-info/top_level.txt
[1.999s] reading manifest file 'atwork_interfaces.egg-info/SOURCES.txt'
[2.001s] writing manifest file 'atwork_interfaces.egg-info/SOURCES.txt'
[2.035s] [  2%] Built target ament_cmake_python_build_atwork_interfaces_egg
[2.676s] [  2%] Built target atwork_interfaces__cpp
[2.697s] [  5%] [34m[1mGenerating C++ type support dispatch for ROS interfaces[0m
[2.697s] [  5%] [34m[1mGenerating C++ type support for eProsima Fast-RTPS[0m
[2.699s] [  7%] [34m[1mGenerating C++ introspection for ROS interfaces[0m
[2.702s] [35m[1mConsolidate compiler generated dependencies of target atwork_interfaces__rosidl_generator_c[0m
[2.730s] [ 11%] [32mBuilding C object CMakeFiles/atwork_interfaces__rosidl_generator_c.dir/rosidl_generator_c/atwork_interfaces/msg/detail/robot_header__functions.c.o[0m
[2.730s] [ 11%] [32mBuilding C object CMakeFiles/atwork_interfaces__rosidl_generator_c.dir/rosidl_generator_c/atwork_interfaces/msg/detail/object__functions.c.o[0m
[2.730s] [ 11%] [32mBuilding C object CMakeFiles/atwork_interfaces__rosidl_generator_c.dir/rosidl_generator_c/atwork_interfaces/msg/detail/workstation__functions.c.o[0m
[2.730s] [ 12%] [32mBuilding C object CMakeFiles/atwork_interfaces__rosidl_generator_c.dir/rosidl_generator_c/atwork_interfaces/msg/detail/task__functions.c.o[0m
[2.732s] [ 14%] [32mBuilding C object CMakeFiles/atwork_interfaces__rosidl_generator_c.dir/rosidl_generator_c/atwork_interfaces/srv/detail/generate_task__functions.c.o[0m
[2.830s] [ 15%] [32mBuilding C object CMakeFiles/atwork_interfaces__rosidl_generator_c.dir/rosidl_generator_c/atwork_interfaces/msg/detail/sphere__functions.c.o[0m
[2.895s] [ 16%] [32m[1mLinking C shared library libatwork_interfaces__rosidl_generator_c.so[0m
[2.955s] [ 16%] Built target atwork_interfaces__rosidl_generator_c
[2.982s] [ 18%] [34m[1mGenerating C type support for eProsima Fast-RTPS[0m
[2.982s] [ 19%] [34m[1mGenerating C introspection for ROS interfaces[0m
[2.982s] [ 21%] [34m[1mGenerating C type support dispatch for ROS interfaces[0m
[3.582s] [35m[1mConsolidate compiler generated dependencies of target atwork_interfaces__rosidl_typesupport_cpp[0m
[3.615s] [ 22%] [32mBuilding CXX object CMakeFiles/atwork_interfaces__rosidl_typesupport_cpp.dir/rosidl_typesupport_cpp/atwork_interfaces/msg/robot_header__type_support.cpp.o[0m
[3.615s] [ 23%] [32mBuilding CXX object CMakeFiles/atwork_interfaces__rosidl_typesupport_cpp.dir/rosidl_typesupport_cpp/atwork_interfaces/msg/object__type_support.cpp.o[0m
[3.616s] [ 25%] [32mBuilding CXX object CMakeFiles/atwork_interfaces__rosidl_typesupport_cpp.dir/rosidl_typesupport_cpp/atwork_interfaces/msg/task__type_support.cpp.o[0m
[3.860s] [35m[1mConsolidate compiler generated dependencies of target atwork_interfaces__rosidl_typesupport_introspection_cpp[0m
[3.897s] [ 26%] [32mBuilding CXX object CMakeFiles/atwork_interfaces__rosidl_typesupport_introspection_cpp.dir/rosidl_typesupport_introspection_cpp/atwork_interfaces/msg/detail/object__type_support.cpp.o[0m
[4.129s] [ 28%] [32mBuilding CXX object CMakeFiles/atwork_interfaces__rosidl_typesupport_cpp.dir/rosidl_typesupport_cpp/atwork_interfaces/msg/workstation__type_support.cpp.o[0m
[4.135s] [ 29%] [32mBuilding CXX object CMakeFiles/atwork_interfaces__rosidl_typesupport_cpp.dir/rosidl_typesupport_cpp/atwork_interfaces/srv/generate_task__type_support.cpp.o[0m
[4.199s] [ 30%] [32mBuilding CXX object CMakeFiles/atwork_interfaces__rosidl_typesupport_cpp.dir/rosidl_typesupport_cpp/atwork_interfaces/msg/sphere__type_support.cpp.o[0m
[4.424s] [35m[1mConsolidate compiler generated dependencies of target atwork_interfaces__rosidl_typesupport_fastrtps_cpp[0m
[4.463s] [ 32%] [32mBuilding CXX object CMakeFiles/atwork_interfaces__rosidl_typesupport_fastrtps_cpp.dir/rosidl_typesupport_fastrtps_cpp/atwork_interfaces/msg/detail/dds_fastrtps/object__type_support.cpp.o[0m
[4.482s] [35m[1mConsolidate compiler generated dependencies of target atwork_interfaces__rosidl_typesupport_c[0m
[4.513s] [ 33%] [32mBuilding CXX object CMakeFiles/atwork_interfaces__rosidl_typesupport_c.dir/rosidl_typesupport_c/atwork_interfaces/msg/object__type_support.cpp.o[0m
[4.584s] [ 35%] [32mBuilding CXX object CMakeFiles/atwork_interfaces__rosidl_typesupport_c.dir/rosidl_typesupport_c/atwork_interfaces/msg/robot_header__type_support.cpp.o[0m
[4.611s] [ 36%] [32mBuilding CXX object CMakeFiles/atwork_interfaces__rosidl_typesupport_introspection_cpp.dir/rosidl_typesupport_introspection_cpp/atwork_interfaces/msg/detail/robot_header__type_support.cpp.o[0m
[4.654s] [ 38%] [32mBuilding CXX object CMakeFiles/atwork_interfaces__rosidl_typesupport_c.dir/rosidl_typesupport_c/atwork_interfaces/msg/task__type_support.cpp.o[0m
[4.654s] [ 39%] [32mBuilding CXX object CMakeFiles/atwork_interfaces__rosidl_typesupport_fastrtps_cpp.dir/rosidl_typesupport_fastrtps_cpp/atwork_interfaces/msg/detail/dds_fastrtps/robot_header__type_support.cpp.o[0m
[4.697s] [ 40%] [32m[1mLinking CXX shared library libatwork_interfaces__rosidl_typesupport_cpp.so[0m
[4.697s] [ 42%] [32mBuilding CXX object CMakeFiles/atwork_interfaces__rosidl_typesupport_c.dir/rosidl_typesupport_c/atwork_interfaces/msg/workstation__type_support.cpp.o[0m
[4.767s] [ 43%] [32mBuilding CXX object CMakeFiles/atwork_interfaces__rosidl_typesupport_c.dir/rosidl_typesupport_c/atwork_interfaces/srv/generate_task__type_support.cpp.o[0m
[4.768s] [35m[1mConsolidate compiler generated dependencies of target atwork_interfaces__rosidl_typesupport_introspection_c[0m
[4.774s] [ 45%] [32mBuilding CXX object CMakeFiles/atwork_interfaces__rosidl_typesupport_introspection_cpp.dir/rosidl_typesupport_introspection_cpp/atwork_interfaces/msg/detail/task__type_support.cpp.o[0m
[4.801s] [ 45%] Built target atwork_interfaces__rosidl_typesupport_cpp
[4.803s] [ 46%] [32mBuilding C object CMakeFiles/atwork_interfaces__rosidl_typesupport_introspection_c.dir/rosidl_typesupport_introspection_c/atwork_interfaces/msg/detail/object__type_support.c.o[0m
[4.826s] [ 47%] [32mBuilding C object CMakeFiles/atwork_interfaces__rosidl_typesupport_introspection_c.dir/rosidl_typesupport_introspection_c/atwork_interfaces/msg/detail/robot_header__type_support.c.o[0m
[4.844s] [ 49%] [32mBuilding CXX object CMakeFiles/atwork_interfaces__rosidl_typesupport_c.dir/rosidl_typesupport_c/atwork_interfaces/msg/sphere__type_support.cpp.o[0m
[4.931s] [35m[1mConsolidate compiler generated dependencies of target atwork_interfaces__rosidl_typesupport_fastrtps_c[0m
[4.931s] [ 50%] [32mBuilding C object CMakeFiles/atwork_interfaces__rosidl_typesupport_introspection_c.dir/rosidl_typesupport_introspection_c/atwork_interfaces/msg/detail/task__type_support.c.o[0m
[4.950s] [ 52%] [32mBuilding C object CMakeFiles/atwork_interfaces__rosidl_typesupport_introspection_c.dir/rosidl_typesupport_introspection_c/atwork_interfaces/msg/detail/workstation__type_support.c.o[0m
[4.958s] [ 53%] [32m[1mLinking CXX shared library libatwork_interfaces__rosidl_typesupport_c.so[0m
[4.979s] [ 54%] [32mBuilding CXX object CMakeFiles/atwork_interfaces__rosidl_typesupport_fastrtps_c.dir/rosidl_typesupport_fastrtps_c/atwork_interfaces/msg/detail/object__type_support_c.cpp.o[0m
[5.042s] [ 56%] [32mBuilding CXX object CMakeFiles/atwork_interfaces__rosidl_typesupport_fastrtps_c.dir/rosidl_typesupport_fastrtps_c/atwork_interfaces/msg/detail/robot_header__type_support_c.cpp.o[0m
[5.042s] [ 57%] [32mBuilding C object CMakeFiles/atwork_interfaces__rosidl_typesupport_introspection_c.dir/rosidl_typesupport_introspection_c/atwork_interfaces/srv/detail/generate_task__type_support.c.o[0m
[5.059s] [ 57%] Built target atwork_interfaces__rosidl_typesupport_c
[5.083s] [ 59%] [32mBuilding C object CMakeFiles/atwork_interfaces__rosidl_typesupport_introspection_c.dir/rosidl_typesupport_introspection_c/atwork_interfaces/msg/detail/sphere__type_support.c.o[0m
[5.129s] [ 60%] [32mBuilding CXX object CMakeFiles/atwork_interfaces__rosidl_typesupport_introspection_cpp.dir/rosidl_typesupport_introspection_cpp/atwork_interfaces/msg/detail/workstation__type_support.cpp.o[0m
[5.160s] [ 61%] [32m[1mLinking C shared library libatwork_interfaces__rosidl_typesupport_introspection_c.so[0m
[5.234s] [ 63%] [32mBuilding CXX object CMakeFiles/atwork_interfaces__rosidl_typesupport_fastrtps_cpp.dir/rosidl_typesupport_fastrtps_cpp/atwork_interfaces/msg/detail/dds_fastrtps/task__type_support.cpp.o[0m
[5.241s] [ 63%] Built target atwork_interfaces__rosidl_typesupport_introspection_c
[5.264s] [ 64%] [32mBuilding CXX object CMakeFiles/atwork_interfaces__rosidl_typesupport_fastrtps_cpp.dir/rosidl_typesupport_fastrtps_cpp/atwork_interfaces/msg/detail/dds_fastrtps/workstation__type_support.cpp.o[0m
[5.511s] [ 66%] [32mBuilding CXX object CMakeFiles/atwork_interfaces__rosidl_typesupport_introspection_cpp.dir/rosidl_typesupport_introspection_cpp/atwork_interfaces/srv/detail/generate_task__type_support.cpp.o[0m
[5.539s] [ 67%] [32mBuilding CXX object CMakeFiles/atwork_interfaces__rosidl_typesupport_fastrtps_cpp.dir/rosidl_typesupport_fastrtps_cpp/atwork_interfaces/srv/detail/dds_fastrtps/generate_task__type_support.cpp.o[0m
[5.629s] [ 69%] [32mBuilding CXX object CMakeFiles/atwork_interfaces__rosidl_typesupport_fastrtps_c.dir/rosidl_typesupport_fastrtps_c/atwork_interfaces/msg/detail/task__type_support_c.cpp.o[0m
[5.714s] [ 70%] [32mBuilding CXX object CMakeFiles/atwork_interfaces__rosidl_typesupport_fastrtps_c.dir/rosidl_typesupport_fastrtps_c/atwork_interfaces/msg/detail/workstation__type_support_c.cpp.o[0m
[5.850s] [ 71%] [32mBuilding CXX object CMakeFiles/atwork_interfaces__rosidl_typesupport_introspection_cpp.dir/rosidl_typesupport_introspection_cpp/atwork_interfaces/msg/detail/sphere__type_support.cpp.o[0m
[5.928s] [ 73%] [32mBuilding CXX object CMakeFiles/atwork_interfaces__rosidl_typesupport_fastrtps_c.dir/rosidl_typesupport_fastrtps_c/atwork_interfaces/srv/detail/generate_task__type_support_c.cpp.o[0m
[6.126s] [ 74%] [32mBuilding CXX object CMakeFiles/atwork_interfaces__rosidl_typesupport_fastrtps_c.dir/rosidl_typesupport_fastrtps_c/atwork_interfaces/msg/detail/sphere__type_support_c.cpp.o[0m
[6.225s] [ 76%] [32mBuilding CXX object CMakeFiles/atwork_interfaces__rosidl_typesupport_fastrtps_cpp.dir/rosidl_typesupport_fastrtps_cpp/atwork_interfaces/msg/detail/dds_fastrtps/sphere__type_support.cpp.o[0m
[6.500s] [ 77%] [32m[1mLinking CXX shared library libatwork_interfaces__rosidl_typesupport_introspection_cpp.so[0m
[6.568s] [ 78%] [32m[1mLinking CXX shared library libatwork_interfaces__rosidl_typesupport_fastrtps_c.so[0m
[6.615s] [ 78%] Built target atwork_interfaces__rosidl_typesupport_introspection_cpp
[6.673s] [ 78%] Built target atwork_interfaces__rosidl_typesupport_fastrtps_c
[6.687s] [ 80%] [32m[1mLinking CXX shared library libatwork_interfaces__rosidl_typesupport_fastrtps_cpp.so[0m
[6.788s] [ 80%] Built target atwork_interfaces__rosidl_typesupport_fastrtps_cpp
[6.820s] [ 80%] Built target atwork_interfaces
[6.855s] [ 81%] [34m[1mGenerating Python code for ROS interfaces[0m
[8.359s] [ 81%] Built target atwork_interfaces__py
[8.377s] [35m[1mConsolidate compiler generated dependencies of target atwork_interfaces__rosidl_generator_py[0m
[8.401s] [ 83%] [32mBuilding C object CMakeFiles/atwork_interfaces__rosidl_generator_py.dir/rosidl_generator_py/atwork_interfaces/msg/_task_s.c.o[0m
[8.401s] [ 84%] [32mBuilding C object CMakeFiles/atwork_interfaces__rosidl_generator_py.dir/rosidl_generator_py/atwork_interfaces/msg/_sphere_s.c.o[0m
[8.405s] [ 85%] [32mBuilding C object CMakeFiles/atwork_interfaces__rosidl_generator_py.dir/rosidl_generator_py/atwork_interfaces/msg/_object_s.c.o[0m
[8.406s] [ 88%] [32mBuilding C object CMakeFiles/atwork_interfaces__rosidl_generator_py.dir/rosidl_generator_py/atwork_interfaces/msg/_workstation_s.c.o[0m
[8.406s] [ 88%] [32mBuilding C object CMakeFiles/atwork_interfaces__rosidl_generator_py.dir/rosidl_generator_py/atwork_interfaces/msg/_robot_header_s.c.o[0m
[8.407s] [ 90%] [32mBuilding C object CMakeFiles/atwork_interfaces__rosidl_generator_py.dir/rosidl_generator_py/atwork_interfaces/srv/_generate_task_s.c.o[0m
[8.607s] [ 91%] [32m[1mLinking C shared library rosidl_generator_py/atwork_interfaces/libatwork_interfaces__rosidl_generator_py.so[0m
[8.664s] [ 91%] Built target atwork_interfaces__rosidl_generator_py
[8.682s] [35m[1mConsolidate compiler generated dependencies of target atwork_interfaces__rosidl_typesupport_fastrtps_c__pyext[0m
[8.682s] [35m[1mConsolidate compiler generated dependencies of target atwork_interfaces__rosidl_typesupport_c__pyext[0m
[8.682s] [35m[1mConsolidate compiler generated dependencies of target atwork_interfaces__rosidl_typesupport_introspection_c__pyext[0m
[8.704s] [ 94%] [32mBuilding C object CMakeFiles/atwork_interfaces__rosidl_typesupport_c__pyext.dir/rosidl_generator_py/atwork_interfaces/_atwork_interfaces_s.ep.rosidl_typesupport_c.c.o[0m
[8.704s] [ 94%] [32mBuilding C object CMakeFiles/atwork_interfaces__rosidl_typesupport_fastrtps_c__pyext.dir/rosidl_generator_py/atwork_interfaces/_atwork_interfaces_s.ep.rosidl_typesupport_fastrtps_c.c.o[0m
[8.704s] [ 95%] [32mBuilding C object CMakeFiles/atwork_interfaces__rosidl_typesupport_introspection_c__pyext.dir/rosidl_generator_py/atwork_interfaces/_atwork_interfaces_s.ep.rosidl_typesupport_introspection_c.c.o[0m
[8.843s] [ 98%] [32m[1mLinking C shared library rosidl_generator_py/atwork_interfaces/atwork_interfaces_s__rosidl_typesupport_fastrtps_c.cpython-310-x86_64-linux-gnu.so[0m
[8.843s] [ 98%] [32m[1mLinking C shared library rosidl_generator_py/atwork_interfaces/atwork_interfaces_s__rosidl_typesupport_c.cpython-310-x86_64-linux-gnu.so[0m
[8.845s] [100%] [32m[1mLinking C shared library rosidl_generator_py/atwork_interfaces/atwork_interfaces_s__rosidl_typesupport_introspection_c.cpython-310-x86_64-linux-gnu.so[0m
[8.904s] [100%] Built target atwork_interfaces__rosidl_typesupport_fastrtps_c__pyext
[8.904s] [100%] Built target atwork_interfaces__rosidl_typesupport_c__pyext
[8.904s] [100%] Built target atwork_interfaces__rosidl_typesupport_introspection_c__pyext
[8.922s] Invoked command in '/home/jasper/RoboWorks_Comp_Team/taskOptimzer/build/atwork_interfaces' returned '0': CMAKE_PREFIX_PATH=${CMAKE_PREFIX_PATH}:/home/jasper/ws_moveit2/install/moveit_configs_utils:/home/jasper/ws_moveit2/install/launch_param_builder:/opt/ros/humble /usr/bin/cmake --build /home/jasper/RoboWorks_Comp_Team/taskOptimzer/build/atwork_interfaces -- -j8 -l8
[9.342s] Invoking command in '/home/jasper/RoboWorks_Comp_Team/taskOptimzer/build/atwork_interfaces': CMAKE_PREFIX_PATH=${CMAKE_PREFIX_PATH}:/home/jasper/ws_moveit2/install/moveit_configs_utils:/home/jasper/ws_moveit2/install/launch_param_builder:/opt/ros/humble /usr/bin/cmake --install /home/jasper/RoboWorks_Comp_Team/taskOptimzer/build/atwork_interfaces
[9.357s] -- Install configuration: ""
[9.358s] -- Installing: /home/jasper/RoboWorks_Comp_Team/taskOptimzer/install/atwork_interfaces/share/ament_index/resource_index/rosidl_interfaces/atwork_interfaces
[9.358s] -- Up-to-date: /home/jasper/RoboWorks_Comp_Team/taskOptimzer/install/atwork_interfaces/include/atwork_interfaces/atwork_interfaces
[9.358s] -- Up-to-date: /home/jasper/RoboWorks_Comp_Team/taskOptimzer/install/atwork_interfaces/include/atwork_interfaces/atwork_interfaces/msg
[9.358s] -- Installing: /home/jasper/RoboWorks_Comp_Team/taskOptimzer/install/atwork_interfaces/include/atwork_interfaces/atwork_interfaces/msg/sphere.h
[9.358s] -- Up-to-date: /home/jasper/RoboWorks_Comp_Team/taskOptimzer/install/atwork_interfaces/include/atwork_interfaces/atwork_interfaces/msg/detail
[9.358s] -- Installing: /home/jasper/RoboWorks_Comp_Team/taskOptimzer/install/atwork_interfaces/include/atwork_interfaces/atwork_interfaces/msg/detail/robot_header__functions.h
[9.358s] -- Installing: /home/jasper/RoboWorks_Comp_Team/taskOptimzer/install/atwork_interfaces/include/atwork_interfaces/atwork_interfaces/msg/detail/task__functions.h
[9.359s] -- Installing: /home/jasper/RoboWorks_Comp_Team/taskOptimzer/install/atwork_interfaces/include/atwork_interfaces/atwork_interfaces/msg/detail/robot_header__functions.c
[9.359s] -- Installing: /home/jasper/RoboWorks_Comp_Team/taskOptimzer/install/atwork_interfaces/include/atwork_interfaces/atwork_interfaces/msg/detail/sphere__functions.c
[9.359s] -- Installing: /home/jasper/RoboWorks_Comp_Team/taskOptimzer/install/atwork_interfaces/include/atwork_interfaces/atwork_interfaces/msg/detail/sphere__type_support.h
[9.359s] -- Installing: /home/jasper/RoboWorks_Comp_Team/taskOptimzer/install/atwork_interfaces/include/atwork_interfaces/atwork_interfaces/msg/detail/object__functions.c
[9.359s] -- Installing: /home/jasper/RoboWorks_Comp_Team/taskOptimzer/install/atwork_interfaces/include/atwork_interfaces/atwork_interfaces/msg/detail/robot_header__struct.h
[9.359s] -- Installing: /home/jasper/RoboWorks_Comp_Team/taskOptimzer/install/atwork_interfaces/include/atwork_interfaces/atwork_interfaces/msg/detail/sphere__struct.h
[9.359s] -- Installing: /home/jasper/RoboWorks_Comp_Team/taskOptimzer/install/atwork_interfaces/include/atwork_interfaces/atwork_interfaces/msg/detail/task__functions.c
[9.360s] -- Installing: /home/jasper/RoboWorks_Comp_Team/taskOptimzer/install/atwork_interfaces/include/atwork_interfaces/atwork_interfaces/msg/detail/workstation__struct.h
[9.360s] -- Installing: /home/jasper/RoboWorks_Comp_Team/taskOptimzer/install/atwork_interfaces/include/atwork_interfaces/atwork_interfaces/msg/detail/robot_header__type_support.h
[9.360s] -- Installing: /home/jasper/RoboWorks_Comp_Team/taskOptimzer/install/atwork_interfaces/include/atwork_interfaces/atwork_interfaces/msg/detail/workstation__functions.h
[9.360s] -- Installing: /home/jasper/RoboWorks_Comp_Team/taskOptimzer/install/atwork_interfaces/include/atwork_interfaces/atwork_interfaces/msg/detail/object__type_support.h
[9.360s] -- Installing: /home/jasper/RoboWorks_Comp_Team/taskOptimzer/install/atwork_interfaces/include/atwork_interfaces/atwork_interfaces/msg/detail/sphere__functions.h
[9.361s] -- Installing: /home/jasper/RoboWorks_Comp_Team/taskOptimzer/install/atwork_interfaces/include/atwork_interfaces/atwork_interfaces/msg/detail/task__type_support.h
[9.361s] -- Installing: /home/jasper/RoboWorks_Comp_Team/taskOptimzer/install/atwork_interfaces/include/atwork_interfaces/atwork_interfaces/msg/detail/task__struct.h
[9.361s] -- Installing: /home/jasper/RoboWorks_Comp_Team/taskOptimzer/install/atwork_interfaces/include/atwork_interfaces/atwork_interfaces/msg/detail/workstation__type_support.h
[9.361s] -- Installing: /home/jasper/RoboWorks_Comp_Team/taskOptimzer/install/atwork_interfaces/include/atwork_interfaces/atwork_interfaces/msg/detail/object__struct.h
[9.361s] -- Installing: /home/jasper/RoboWorks_Comp_Team/taskOptimzer/install/atwork_interfaces/include/atwork_interfaces/atwork_interfaces/msg/detail/workstation__functions.c
[9.361s] -- Installing: /home/jasper/RoboWorks_Comp_Team/taskOptimzer/install/atwork_interfaces/include/atwork_interfaces/atwork_interfaces/msg/detail/object__functions.h
[9.362s] -- Installing: /home/jasper/RoboWorks_Comp_Team/taskOptimzer/install/atwork_interfaces/include/atwork_interfaces/atwork_interfaces/msg/task.h
[9.362s] -- Installing: /home/jasper/RoboWorks_Comp_Team/taskOptimzer/install/atwork_interfaces/include/atwork_interfaces/atwork_interfaces/msg/robot_header.h
[9.362s] -- Installing: /home/jasper/RoboWorks_Comp_Team/taskOptimzer/install/atwork_interfaces/include/atwork_interfaces/atwork_interfaces/msg/object.h
[9.362s] -- Installing: /home/jasper/RoboWorks_Comp_Team/taskOptimzer/install/atwork_interfaces/include/atwork_interfaces/atwork_interfaces/msg/workstation.h
[9.362s] -- Up-to-date: /home/jasper/RoboWorks_Comp_Team/taskOptimzer/install/atwork_interfaces/include/atwork_interfaces/atwork_interfaces/msg/rosidl_generator_c__visibility_control.h
[9.362s] -- Up-to-date: /home/jasper/RoboWorks_Comp_Team/taskOptimzer/install/atwork_interfaces/include/atwork_interfaces/atwork_interfaces/srv
[9.363s] -- Installing: /home/jasper/RoboWorks_Comp_Team/taskOptimzer/install/atwork_interfaces/include/atwork_interfaces/atwork_interfaces/srv/generate_task.h
[9.363s] -- Up-to-date: /home/jasper/RoboWorks_Comp_Team/taskOptimzer/install/atwork_interfaces/include/atwork_interfaces/atwork_interfaces/srv/detail
[9.363s] -- Installing: /home/jasper/RoboWorks_Comp_Team/taskOptimzer/install/atwork_interfaces/include/atwork_interfaces/atwork_interfaces/srv/detail/generate_task__functions.h
[9.363s] -- Installing: /home/jasper/RoboWorks_Comp_Team/taskOptimzer/install/atwork_interfaces/include/atwork_interfaces/atwork_interfaces/srv/detail/generate_task__struct.h
[9.363s] -- Installing: /home/jasper/RoboWorks_Comp_Team/taskOptimzer/install/atwork_interfaces/include/atwork_interfaces/atwork_interfaces/srv/detail/generate_task__functions.c
[9.363s] -- Installing: /home/jasper/RoboWorks_Comp_Team/taskOptimzer/install/atwork_interfaces/include/atwork_interfaces/atwork_interfaces/srv/detail/generate_task__type_support.h
[9.363s] -- Up-to-date: /home/jasper/RoboWorks_Comp_Team/taskOptimzer/install/atwork_interfaces/share/atwork_interfaces/environment/library_path.sh
[9.363s] -- Installing: /home/jasper/RoboWorks_Comp_Team/taskOptimzer/install/atwork_interfaces/share/atwork_interfaces/environment/library_path.dsv
[9.364s] -- Installing: /home/jasper/RoboWorks_Comp_Team/taskOptimzer/install/atwork_interfaces/lib/libatwork_interfaces__rosidl_generator_c.so
[9.364s] -- Set runtime path of "/home/jasper/RoboWorks_Comp_Team/taskOptimzer/install/atwork_interfaces/lib/libatwork_interfaces__rosidl_generator_c.so" to ""
[9.364s] -- Up-to-date: /home/jasper/RoboWorks_Comp_Team/taskOptimzer/install/atwork_interfaces/include/atwork_interfaces/atwork_interfaces
[9.364s] -- Up-to-date: /home/jasper/RoboWorks_Comp_Team/taskOptimzer/install/atwork_interfaces/include/atwork_interfaces/atwork_interfaces/msg
[9.364s] -- Up-to-date: /home/jasper/RoboWorks_Comp_Team/taskOptimzer/install/atwork_interfaces/include/atwork_interfaces/atwork_interfaces/msg/detail
[9.365s] -- Installing: /home/jasper/RoboWorks_Comp_Team/taskOptimzer/install/atwork_interfaces/include/atwork_interfaces/atwork_interfaces/msg/detail/object__rosidl_typesupport_fastrtps_c.h
[9.365s] -- Installing: /home/jasper/RoboWorks_Comp_Team/taskOptimzer/install/atwork_interfaces/include/atwork_interfaces/atwork_interfaces/msg/detail/task__rosidl_typesupport_fastrtps_c.h
[9.365s] -- Installing: /home/jasper/RoboWorks_Comp_Team/taskOptimzer/install/atwork_interfaces/include/atwork_interfaces/atwork_interfaces/msg/detail/workstation__rosidl_typesupport_fastrtps_c.h
[9.365s] -- Installing: /home/jasper/RoboWorks_Comp_Team/taskOptimzer/install/atwork_interfaces/include/atwork_interfaces/atwork_interfaces/msg/detail/robot_header__rosidl_typesupport_fastrtps_c.h
[9.365s] -- Installing: /home/jasper/RoboWorks_Comp_Team/taskOptimzer/install/atwork_interfaces/include/atwork_interfaces/atwork_interfaces/msg/detail/sphere__rosidl_typesupport_fastrtps_c.h
[9.365s] -- Up-to-date: /home/jasper/RoboWorks_Comp_Team/taskOptimzer/install/atwork_interfaces/include/atwork_interfaces/atwork_interfaces/msg/rosidl_typesupport_fastrtps_c__visibility_control.h
[9.365s] -- Up-to-date: /home/jasper/RoboWorks_Comp_Team/taskOptimzer/install/atwork_interfaces/include/atwork_interfaces/atwork_interfaces/srv
[9.365s] -- Up-to-date: /home/jasper/RoboWorks_Comp_Team/taskOptimzer/install/atwork_interfaces/include/atwork_interfaces/atwork_interfaces/srv/detail
[9.365s] -- Installing: /home/jasper/RoboWorks_Comp_Team/taskOptimzer/install/atwork_interfaces/include/atwork_interfaces/atwork_interfaces/srv/detail/generate_task__rosidl_typesupport_fastrtps_c.h
[9.365s] -- Installing: /home/jasper/RoboWorks_Comp_Team/taskOptimzer/install/atwork_interfaces/lib/libatwork_interfaces__rosidl_typesupport_fastrtps_c.so
[9.366s] -- Set runtime path of "/home/jasper/RoboWorks_Comp_Team/taskOptimzer/install/atwork_interfaces/lib/libatwork_interfaces__rosidl_typesupport_fastrtps_c.so" to ""
[9.366s] -- Up-to-date: /home/jasper/RoboWorks_Comp_Team/taskOptimzer/install/atwork_interfaces/include/atwork_interfaces/atwork_interfaces
[9.366s] -- Up-to-date: /home/jasper/RoboWorks_Comp_Team/taskOptimzer/install/atwork_interfaces/include/atwork_interfaces/atwork_interfaces/msg
[9.366s] -- Installing: /home/jasper/RoboWorks_Comp_Team/taskOptimzer/install/atwork_interfaces/include/atwork_interfaces/atwork_interfaces/msg/task.hpp
[9.366s] -- Installing: /home/jasper/RoboWorks_Comp_Team/taskOptimzer/install/atwork_interfaces/include/atwork_interfaces/atwork_interfaces/msg/sphere.hpp
[9.366s] -- Installing: /home/jasper/RoboWorks_Comp_Team/taskOptimzer/install/atwork_interfaces/include/atwork_interfaces/atwork_interfaces/msg/object.hpp
[9.366s] -- Installing: /home/jasper/RoboWorks_Comp_Team/taskOptimzer/install/atwork_interfaces/include/atwork_interfaces/atwork_interfaces/msg/workstation.hpp
[9.367s] -- Up-to-date: /home/jasper/RoboWorks_Comp_Team/taskOptimzer/install/atwork_interfaces/include/atwork_interfaces/atwork_interfaces/msg/detail
[9.367s] -- Installing: /home/jasper/RoboWorks_Comp_Team/taskOptimzer/install/atwork_interfaces/include/atwork_interfaces/atwork_interfaces/msg/detail/task__traits.hpp
[9.367s] -- Installing: /home/jasper/RoboWorks_Comp_Team/taskOptimzer/install/atwork_interfaces/include/atwork_interfaces/atwork_interfaces/msg/detail/object__struct.hpp
[9.367s] -- Installing: /home/jasper/RoboWorks_Comp_Team/taskOptimzer/install/atwork_interfaces/include/atwork_interfaces/atwork_interfaces/msg/detail/workstation__traits.hpp
[9.367s] -- Installing: /home/jasper/RoboWorks_Comp_Team/taskOptimzer/install/atwork_interfaces/include/atwork_interfaces/atwork_interfaces/msg/detail/object__traits.hpp
[9.367s] -- Installing: /home/jasper/RoboWorks_Comp_Team/taskOptimzer/install/atwork_interfaces/include/atwork_interfaces/atwork_interfaces/msg/detail/robot_header__struct.hpp
[9.367s] -- Installing: /home/jasper/RoboWorks_Comp_Team/taskOptimzer/install/atwork_interfaces/include/atwork_interfaces/atwork_interfaces/msg/detail/task__builder.hpp
[9.368s] -- Installing: /home/jasper/RoboWorks_Comp_Team/taskOptimzer/install/atwork_interfaces/include/atwork_interfaces/atwork_interfaces/msg/detail/task__struct.hpp
[9.368s] -- Installing: /home/jasper/RoboWorks_Comp_Team/taskOptimzer/install/atwork_interfaces/include/atwork_interfaces/atwork_interfaces/msg/detail/robot_header__builder.hpp
[9.368s] -- Installing: /home/jasper/RoboWorks_Comp_Team/taskOptimzer/install/atwork_interfaces/include/atwork_interfaces/atwork_interfaces/msg/detail/object__builder.hpp
[9.368s] -- Installing: /home/jasper/RoboWorks_Comp_Team/taskOptimzer/install/atwork_interfaces/include/atwork_interfaces/atwork_interfaces/msg/detail/sphere__struct.hpp
[9.368s] -- Installing: /home/jasper/RoboWorks_Comp_Team/taskOptimzer/install/atwork_interfaces/include/atwork_interfaces/atwork_interfaces/msg/detail/robot_header__traits.hpp
[9.368s] -- Installing: /home/jasper/RoboWorks_Comp_Team/taskOptimzer/install/atwork_interfaces/include/atwork_interfaces/atwork_interfaces/msg/detail/sphere__builder.hpp
[9.368s] -- Installing: /home/jasper/RoboWorks_Comp_Team/taskOptimzer/install/atwork_interfaces/include/atwork_interfaces/atwork_interfaces/msg/detail/workstation__builder.hpp
[9.369s] -- Installing: /home/jasper/RoboWorks_Comp_Team/taskOptimzer/install/atwork_interfaces/include/atwork_interfaces/atwork_interfaces/msg/detail/sphere__traits.hpp
[9.369s] -- Installing: /home/jasper/RoboWorks_Comp_Team/taskOptimzer/install/atwork_interfaces/include/atwork_interfaces/atwork_interfaces/msg/detail/workstation__struct.hpp
[9.369s] -- Installing: /home/jasper/RoboWorks_Comp_Team/taskOptimzer/install/atwork_interfaces/include/atwork_interfaces/atwork_interfaces/msg/robot_header.hpp
[9.369s] -- Up-to-date: /home/jasper/RoboWorks_Comp_Team/taskOptimzer/install/atwork_interfaces/include/atwork_interfaces/atwork_interfaces/srv
[9.369s] -- Installing: /home/jasper/RoboWorks_Comp_Team/taskOptimzer/install/atwork_interfaces/include/atwork_interfaces/atwork_interfaces/srv/generate_task.hpp
[9.369s] -- Up-to-date: /home/jasper/RoboWorks_Comp_Team/taskOptimzer/install/atwork_interfaces/include/atwork_interfaces/atwork_interfaces/srv/detail
[9.369s] -- Installing: /home/jasper/RoboWorks_Comp_Team/taskOptimzer/install/atwork_interfaces/include/atwork_interfaces/atwork_interfaces/srv/detail/generate_task__struct.hpp
[9.369s] -- Installing: /home/jasper/RoboWorks_Comp_Team/taskOptimzer/install/atwork_interfaces/include/atwork_interfaces/atwork_interfaces/srv/detail/generate_task__traits.hpp
[9.369s] -- Installing: /home/jasper/RoboWorks_Comp_Team/taskOptimzer/install/atwork_interfaces/include/atwork_interfaces/atwork_interfaces/srv/detail/generate_task__builder.hpp
[9.370s] -- Up-to-date: /home/jasper/RoboWorks_Comp_Team/taskOptimzer/install/atwork_interfaces/include/atwork_interfaces/atwork_interfaces
[9.370s] -- Up-to-date: /home/jasper/RoboWorks_Comp_Team/taskOptimzer/install/atwork_interfaces/include/atwork_interfaces/atwork_interfaces/msg
[9.370s] -- Up-to-date: /home/jasper/RoboWorks_Comp_Team/taskOptimzer/install/atwork_interfaces/include/atwork_interfaces/atwork_interfaces/msg/detail
[9.370s] -- Installing: /home/jasper/RoboWorks_Comp_Team/taskOptimzer/install/atwork_interfaces/include/atwork_interfaces/atwork_interfaces/msg/detail/sphere__rosidl_typesupport_fastrtps_cpp.hpp
[9.370s] -- Up-to-date: /home/jasper/RoboWorks_Comp_Team/taskOptimzer/install/atwork_interfaces/include/atwork_interfaces/atwork_interfaces/msg/detail/dds_fastrtps
[9.370s] -- Installing: /home/jasper/RoboWorks_Comp_Team/taskOptimzer/install/atwork_interfaces/include/atwork_interfaces/atwork_interfaces/msg/detail/robot_header__rosidl_typesupport_fastrtps_cpp.hpp
[9.370s] -- Installing: /home/jasper/RoboWorks_Comp_Team/taskOptimzer/install/atwork_interfaces/include/atwork_interfaces/atwork_interfaces/msg/detail/object__rosidl_typesupport_fastrtps_cpp.hpp
[9.370s] -- Installing: /home/jasper/RoboWorks_Comp_Team/taskOptimzer/install/atwork_interfaces/include/atwork_interfaces/atwork_interfaces/msg/detail/workstation__rosidl_typesupport_fastrtps_cpp.hpp
[9.370s] -- Installing: /home/jasper/RoboWorks_Comp_Team/taskOptimzer/install/atwork_interfaces/include/atwork_interfaces/atwork_interfaces/msg/detail/task__rosidl_typesupport_fastrtps_cpp.hpp
[9.371s] -- Up-to-date: /home/jasper/RoboWorks_Comp_Team/taskOptimzer/install/atwork_interfaces/include/atwork_interfaces/atwork_interfaces/msg/rosidl_typesupport_fastrtps_cpp__visibility_control.h
[9.371s] -- Up-to-date: /home/jasper/RoboWorks_Comp_Team/taskOptimzer/install/atwork_interfaces/include/atwork_interfaces/atwork_interfaces/srv
[9.371s] -- Up-to-date: /home/jasper/RoboWorks_Comp_Team/taskOptimzer/install/atwork_interfaces/include/atwork_interfaces/atwork_interfaces/srv/detail
[9.371s] -- Up-to-date: /home/jasper/RoboWorks_Comp_Team/taskOptimzer/install/atwork_interfaces/include/atwork_interfaces/atwork_interfaces/srv/detail/dds_fastrtps
[9.371s] -- Installing: /home/jasper/RoboWorks_Comp_Team/taskOptimzer/install/atwork_interfaces/include/atwork_interfaces/atwork_interfaces/srv/detail/generate_task__rosidl_typesupport_fastrtps_cpp.hpp
[9.371s] -- Installing: /home/jasper/RoboWorks_Comp_Team/taskOptimzer/install/atwork_interfaces/lib/libatwork_interfaces__rosidl_typesupport_fastrtps_cpp.so
[9.372s] -- Set runtime path of "/home/jasper/RoboWorks_Comp_Team/taskOptimzer/install/atwork_interfaces/lib/libatwork_interfaces__rosidl_typesupport_fastrtps_cpp.so" to ""
[9.372s] -- Up-to-date: /home/jasper/RoboWorks_Comp_Team/taskOptimzer/install/atwork_interfaces/include/atwork_interfaces/atwork_interfaces
[9.372s] -- Up-to-date: /home/jasper/RoboWorks_Comp_Team/taskOptimzer/install/atwork_interfaces/include/atwork_interfaces/atwork_interfaces/msg
[9.372s] -- Up-to-date: /home/jasper/RoboWorks_Comp_Team/taskOptimzer/install/atwork_interfaces/include/atwork_interfaces/atwork_interfaces/msg/detail
[9.372s] -- Installing: /home/jasper/RoboWorks_Comp_Team/taskOptimzer/install/atwork_interfaces/include/atwork_interfaces/atwork_interfaces/msg/detail/workstation__type_support.c
[9.373s] -- Installing: /home/jasper/RoboWorks_Comp_Team/taskOptimzer/install/atwork_interfaces/include/atwork_interfaces/atwork_interfaces/msg/detail/workstation__rosidl_typesupport_introspection_c.h
[9.373s] -- Installing: /home/jasper/RoboWorks_Comp_Team/taskOptimzer/install/atwork_interfaces/include/atwork_interfaces/atwork_interfaces/msg/detail/sphere__type_support.c
[9.373s] -- Installing: /home/jasper/RoboWorks_Comp_Team/taskOptimzer/install/atwork_interfaces/include/atwork_interfaces/atwork_interfaces/msg/detail/task__rosidl_typesupport_introspection_c.h
[9.373s] -- Installing: /home/jasper/RoboWorks_Comp_Team/taskOptimzer/install/atwork_interfaces/include/atwork_interfaces/atwork_interfaces/msg/detail/object__type_support.c
[9.373s] -- Installing: /home/jasper/RoboWorks_Comp_Team/taskOptimzer/install/atwork_interfaces/include/atwork_interfaces/atwork_interfaces/msg/detail/sphere__rosidl_typesupport_introspection_c.h
[9.373s] -- Installing: /home/jasper/RoboWorks_Comp_Team/taskOptimzer/install/atwork_interfaces/include/atwork_interfaces/atwork_interfaces/msg/detail/task__type_support.c
[9.374s] -- Installing: /home/jasper/RoboWorks_Comp_Team/taskOptimzer/install/atwork_interfaces/include/atwork_interfaces/atwork_interfaces/msg/detail/robot_header__rosidl_typesupport_introspection_c.h
[9.374s] -- Installing: /home/jasper/RoboWorks_Comp_Team/taskOptimzer/install/atwork_interfaces/include/atwork_interfaces/atwork_interfaces/msg/detail/object__rosidl_typesupport_introspection_c.h
[9.374s] -- Installing: /home/jasper/RoboWorks_Comp_Team/taskOptimzer/install/atwork_interfaces/include/atwork_interfaces/atwork_interfaces/msg/detail/robot_header__type_support.c
[9.374s] -- Up-to-date: /home/jasper/RoboWorks_Comp_Team/taskOptimzer/install/atwork_interfaces/include/atwork_interfaces/atwork_interfaces/msg/rosidl_typesupport_introspection_c__visibility_control.h
[9.374s] -- Up-to-date: /home/jasper/RoboWorks_Comp_Team/taskOptimzer/install/atwork_interfaces/include/atwork_interfaces/atwork_interfaces/srv
[9.374s] -- Up-to-date: /home/jasper/RoboWorks_Comp_Team/taskOptimzer/install/atwork_interfaces/include/atwork_interfaces/atwork_interfaces/srv/detail
[9.374s] -- Installing: /home/jasper/RoboWorks_Comp_Team/taskOptimzer/install/atwork_interfaces/include/atwork_interfaces/atwork_interfaces/srv/detail/generate_task__rosidl_typesupport_introspection_c.h
[9.374s] -- Installing: /home/jasper/RoboWorks_Comp_Team/taskOptimzer/install/atwork_interfaces/include/atwork_interfaces/atwork_interfaces/srv/detail/generate_task__type_support.c
[9.375s] -- Installing: /home/jasper/RoboWorks_Comp_Team/taskOptimzer/install/atwork_interfaces/lib/libatwork_interfaces__rosidl_typesupport_introspection_c.so
[9.375s] -- Set runtime path of "/home/jasper/RoboWorks_Comp_Team/taskOptimzer/install/atwork_interfaces/lib/libatwork_interfaces__rosidl_typesupport_introspection_c.so" to ""
[9.376s] -- Installing: /home/jasper/RoboWorks_Comp_Team/taskOptimzer/install/atwork_interfaces/lib/libatwork_interfaces__rosidl_typesupport_c.so
[9.376s] -- Set runtime path of "/home/jasper/RoboWorks_Comp_Team/taskOptimzer/install/atwork_interfaces/lib/libatwork_interfaces__rosidl_typesupport_c.so" to ""
[9.376s] -- Up-to-date: /home/jasper/RoboWorks_Comp_Team/taskOptimzer/install/atwork_interfaces/include/atwork_interfaces/atwork_interfaces
[9.376s] -- Up-to-date: /home/jasper/RoboWorks_Comp_Team/taskOptimzer/install/atwork_interfaces/include/atwork_interfaces/atwork_interfaces/msg
[9.376s] -- Up-to-date: /home/jasper/RoboWorks_Comp_Team/taskOptimzer/install/atwork_interfaces/include/atwork_interfaces/atwork_interfaces/msg/detail
[9.376s] -- Installing: /home/jasper/RoboWorks_Comp_Team/taskOptimzer/install/atwork_interfaces/include/atwork_interfaces/atwork_interfaces/msg/detail/sphere__rosidl_typesupport_introspection_cpp.hpp
[9.377s] -- Installing: /home/jasper/RoboWorks_Comp_Team/taskOptimzer/install/atwork_interfaces/include/atwork_interfaces/atwork_interfaces/msg/detail/workstation__type_support.cpp
[9.377s] -- Installing: /home/jasper/RoboWorks_Comp_Team/taskOptimzer/install/atwork_interfaces/include/atwork_interfaces/atwork_interfaces/msg/detail/task__type_support.cpp
[9.377s] -- Installing: /home/jasper/RoboWorks_Comp_Team/taskOptimzer/install/atwork_interfaces/include/atwork_interfaces/atwork_interfaces/msg/detail/object__rosidl_typesupport_introspection_cpp.hpp
[9.377s] -- Installing: /home/jasper/RoboWorks_Comp_Team/taskOptimzer/install/atwork_interfaces/include/atwork_interfaces/atwork_interfaces/msg/detail/workstation__rosidl_typesupport_introspection_cpp.hpp
[9.377s] -- Installing: /home/jasper/RoboWorks_Comp_Team/taskOptimzer/install/atwork_interfaces/include/atwork_interfaces/atwork_interfaces/msg/detail/robot_header__rosidl_typesupport_introspection_cpp.hpp
[9.377s] -- Installing: /home/jasper/RoboWorks_Comp_Team/taskOptimzer/install/atwork_interfaces/include/atwork_interfaces/atwork_interfaces/msg/detail/sphere__type_support.cpp
[9.377s] -- Installing: /home/jasper/RoboWorks_Comp_Team/taskOptimzer/install/atwork_interfaces/include/atwork_interfaces/atwork_interfaces/msg/detail/object__type_support.cpp
[9.377s] -- Installing: /home/jasper/RoboWorks_Comp_Team/taskOptimzer/install/atwork_interfaces/include/atwork_interfaces/atwork_interfaces/msg/detail/task__rosidl_typesupport_introspection_cpp.hpp
[9.378s] -- Installing: /home/jasper/RoboWorks_Comp_Team/taskOptimzer/install/atwork_interfaces/include/atwork_interfaces/atwork_interfaces/msg/detail/robot_header__type_support.cpp
[9.378s] -- Up-to-date: /home/jasper/RoboWorks_Comp_Team/taskOptimzer/install/atwork_interfaces/include/atwork_interfaces/atwork_interfaces/srv
[9.378s] -- Up-to-date: /home/jasper/RoboWorks_Comp_Team/taskOptimzer/install/atwork_interfaces/include/atwork_interfaces/atwork_interfaces/srv/detail
[9.378s] -- Installing: /home/jasper/RoboWorks_Comp_Team/taskOptimzer/install/atwork_interfaces/include/atwork_interfaces/atwork_interfaces/srv/detail/generate_task__rosidl_typesupport_introspection_cpp.hpp
[9.378s] -- Installing: /home/jasper/RoboWorks_Comp_Team/taskOptimzer/install/atwork_interfaces/include/atwork_interfaces/atwork_interfaces/srv/detail/generate_task__type_support.cpp
[9.378s] -- Installing: /home/jasper/RoboWorks_Comp_Team/taskOptimzer/install/atwork_interfaces/lib/libatwork_interfaces__rosidl_typesupport_introspection_cpp.so
[9.379s] -- Set runtime path of "/home/jasper/RoboWorks_Comp_Team/taskOptimzer/install/atwork_interfaces/lib/libatwork_interfaces__rosidl_typesupport_introspection_cpp.so" to ""
[9.379s] -- Installing: /home/jasper/RoboWorks_Comp_Team/taskOptimzer/install/atwork_interfaces/lib/libatwork_interfaces__rosidl_typesupport_cpp.so
[9.380s] -- Set runtime path of "/home/jasper/RoboWorks_Comp_Team/taskOptimzer/install/atwork_interfaces/lib/libatwork_interfaces__rosidl_typesupport_cpp.so" to ""
[9.380s] -- Up-to-date: /home/jasper/RoboWorks_Comp_Team/taskOptimzer/install/atwork_interfaces/share/atwork_interfaces/environment/pythonpath.sh
[9.380s] -- Installing: /home/jasper/RoboWorks_Comp_Team/taskOptimzer/install/atwork_interfaces/share/atwork_interfaces/environment/pythonpath.dsv
[9.380s] -- Up-to-date: /home/jasper/RoboWorks_Comp_Team/taskOptimzer/install/atwork_interfaces/local/lib/python3.10/dist-packages/atwork_interfaces-0.0.0-py3.10.egg-info
[9.380s] -- Installing: /home/jasper/RoboWorks_Comp_Team/taskOptimzer/install/atwork_interfaces/local/lib/python3.10/dist-packages/atwork_interfaces-0.0.0-py3.10.egg-info/top_level.txt
[9.380s] -- Installing: /home/jasper/RoboWorks_Comp_Team/taskOptimzer/install/atwork_interfaces/local/lib/python3.10/dist-packages/atwork_interfaces-0.0.0-py3.10.egg-info/dependency_links.txt
[9.380s] -- Installing: /home/jasper/RoboWorks_Comp_Team/taskOptimzer/install/atwork_interfaces/local/lib/python3.10/dist-packages/atwork_interfaces-0.0.0-py3.10.egg-info/SOURCES.txt
[9.380s] -- Installing: /home/jasper/RoboWorks_Comp_Team/taskOptimzer/install/atwork_interfaces/local/lib/python3.10/dist-packages/atwork_interfaces-0.0.0-py3.10.egg-info/PKG-INFO
[9.381s] -- Up-to-date: /home/jasper/RoboWorks_Comp_Team/taskOptimzer/install/atwork_interfaces/local/lib/python3.10/dist-packages/atwork_interfaces
[9.381s] -- Installing: /home/jasper/RoboWorks_Comp_Team/taskOptimzer/install/atwork_interfaces/local/lib/python3.10/dist-packages/atwork_interfaces/_atwork_interfaces_s.ep.rosidl_typesupport_introspection_c.c
[9.381s] -- Installing: /home/jasper/RoboWorks_Comp_Team/taskOptimzer/install/atwork_interfaces/local/lib/python3.10/dist-packages/atwork_interfaces/atwork_interfaces_s__rosidl_typesupport_fastrtps_c.cpython-310-x86_64-linux-gnu.so
[9.381s] -- Installing: /home/jasper/RoboWorks_Comp_Team/taskOptimzer/install/atwork_interfaces/local/lib/python3.10/dist-packages/atwork_interfaces/libatwork_interfaces__rosidl_generator_py.so
[9.381s] -- Installing: /home/jasper/RoboWorks_Comp_Team/taskOptimzer/install/atwork_interfaces/local/lib/python3.10/dist-packages/atwork_interfaces/_atwork_interfaces_s.ep.rosidl_typesupport_fastrtps_c.c
[9.381s] -- Installing: /home/jasper/RoboWorks_Comp_Team/taskOptimzer/install/atwork_interfaces/local/lib/python3.10/dist-packages/atwork_interfaces/atwork_interfaces_s__rosidl_typesupport_c.cpython-310-x86_64-linux-gnu.so
[9.381s] -- Installing: /home/jasper/RoboWorks_Comp_Team/taskOptimzer/install/atwork_interfaces/local/lib/python3.10/dist-packages/atwork_interfaces/__init__.py
[9.382s] -- Installing: /home/jasper/RoboWorks_Comp_Team/taskOptimzer/install/atwork_interfaces/local/lib/python3.10/dist-packages/atwork_interfaces/_atwork_interfaces_s.ep.rosidl_typesupport_c.c
[9.382s] -- Installing: /home/jasper/RoboWorks_Comp_Team/taskOptimzer/install/atwork_interfaces/local/lib/python3.10/dist-packages/atwork_interfaces/atwork_interfaces_s__rosidl_typesupport_introspection_c.cpython-310-x86_64-linux-gnu.so
[9.382s] -- Up-to-date: /home/jasper/RoboWorks_Comp_Team/taskOptimzer/install/atwork_interfaces/local/lib/python3.10/dist-packages/atwork_interfaces/msg
[9.382s] -- Installing: /home/jasper/RoboWorks_Comp_Team/taskOptimzer/install/atwork_interfaces/local/lib/python3.10/dist-packages/atwork_interfaces/msg/_sphere.py
[9.382s] -- Installing: /home/jasper/RoboWorks_Comp_Team/taskOptimzer/install/atwork_interfaces/local/lib/python3.10/dist-packages/atwork_interfaces/msg/_object_s.c
[9.382s] -- Installing: /home/jasper/RoboWorks_Comp_Team/taskOptimzer/install/atwork_interfaces/local/lib/python3.10/dist-packages/atwork_interfaces/msg/_object.py
[9.382s] -- Installing: /home/jasper/RoboWorks_Comp_Team/taskOptimzer/install/atwork_interfaces/local/lib/python3.10/dist-packages/atwork_interfaces/msg/_robot_header_s.c
[9.383s] -- Installing: /home/jasper/RoboWorks_Comp_Team/taskOptimzer/install/atwork_interfaces/local/lib/python3.10/dist-packages/atwork_interfaces/msg/_workstation_s.c
[9.383s] -- Installing: /home/jasper/RoboWorks_Comp_Team/taskOptimzer/install/atwork_interfaces/local/lib/python3.10/dist-packages/atwork_interfaces/msg/__init__.py
[9.383s] -- Installing: /home/jasper/RoboWorks_Comp_Team/taskOptimzer/install/atwork_interfaces/local/lib/python3.10/dist-packages/atwork_interfaces/msg/_workstation.py
[9.383s] -- Installing: /home/jasper/RoboWorks_Comp_Team/taskOptimzer/install/atwork_interfaces/local/lib/python3.10/dist-packages/atwork_interfaces/msg/_robot_header.py
[9.383s] -- Installing: /home/jasper/RoboWorks_Comp_Team/taskOptimzer/install/atwork_interfaces/local/lib/python3.10/dist-packages/atwork_interfaces/msg/_task_s.c
[9.383s] -- Installing: /home/jasper/RoboWorks_Comp_Team/taskOptimzer/install/atwork_interfaces/local/lib/python3.10/dist-packages/atwork_interfaces/msg/_task.py
[9.383s] -- Installing: /home/jasper/RoboWorks_Comp_Team/taskOptimzer/install/atwork_interfaces/local/lib/python3.10/dist-packages/atwork_interfaces/msg/_sphere_s.c
[9.383s] -- Installing: /home/jasper/RoboWorks_Comp_Team/taskOptimzer/install/atwork_interfaces/local/lib/python3.10/dist-packages/atwork_interfaces/srv
[9.384s] -- Installing: /home/jasper/RoboWorks_Comp_Team/taskOptimzer/install/atwork_interfaces/local/lib/python3.10/dist-packages/atwork_interfaces/srv/_generate_task_s.c
[9.384s] -- Installing: /home/jasper/RoboWorks_Comp_Team/taskOptimzer/install/atwork_interfaces/local/lib/python3.10/dist-packages/atwork_interfaces/srv/__init__.py
[9.384s] -- Installing: /home/jasper/RoboWorks_Comp_Team/taskOptimzer/install/atwork_interfaces/local/lib/python3.10/dist-packages/atwork_interfaces/srv/_generate_task.py
[9.427s] Listing '/home/jasper/RoboWorks_Comp_Team/taskOptimzer/install/atwork_interfaces/local/lib/python3.10/dist-packages/atwork_interfaces'...
[9.427s] Compiling '/home/jasper/RoboWorks_Comp_Team/taskOptimzer/install/atwork_interfaces/local/lib/python3.10/dist-packages/atwork_interfaces/__init__.py'...
[9.427s] Listing '/home/jasper/RoboWorks_Comp_Team/taskOptimzer/install/atwork_interfaces/local/lib/python3.10/dist-packages/atwork_interfaces/msg'...
[9.427s] Compiling '/home/jasper/RoboWorks_Comp_Team/taskOptimzer/install/atwork_interfaces/local/lib/python3.10/dist-packages/atwork_interfaces/msg/__init__.py'...
[9.427s] Compiling '/home/jasper/RoboWorks_Comp_Team/taskOptimzer/install/atwork_interfaces/local/lib/python3.10/dist-packages/atwork_interfaces/msg/_object.py'...
[9.427s] Compiling '/home/jasper/RoboWorks_Comp_Team/taskOptimzer/install/atwork_interfaces/local/lib/python3.10/dist-packages/atwork_interfaces/msg/_robot_header.py'...
[9.427s] Compiling '/home/jasper/RoboWorks_Comp_Team/taskOptimzer/install/atwork_interfaces/local/lib/python3.10/dist-packages/atwork_interfaces/msg/_sphere.py'...
[9.427s] Compiling '/home/jasper/RoboWorks_Comp_Team/taskOptimzer/install/atwork_interfaces/local/lib/python3.10/dist-packages/atwork_interfaces/msg/_task.py'...
[9.428s] Compiling '/home/jasper/RoboWorks_Comp_Team/taskOptimzer/install/atwork_interfaces/local/lib/python3.10/dist-packages/atwork_interfaces/msg/_workstation.py'...
[9.428s] Listing '/home/jasper/RoboWorks_Comp_Team/taskOptimzer/install/atwork_interfaces/local/lib/python3.10/dist-packages/atwork_interfaces/srv'...
[9.428s] Compiling '/home/jasper/RoboWorks_Comp_Team/taskOptimzer/install/atwork_interfaces/local/lib/python3.10/dist-packages/atwork_interfaces/srv/__init__.py'...
[9.428s] Compiling '/home/jasper/RoboWorks_Comp_Team/taskOptimzer/install/atwork_interfaces/local/lib/python3.10/dist-packages/atwork_interfaces/srv/_generate_task.py'...
[9.432s] -- Installing: /home/jasper/RoboWorks_Comp_Team/taskOptimzer/install/atwork_interfaces/local/lib/python3.10/dist-packages/atwork_interfaces/atwork_interfaces_s__rosidl_typesupport_fastrtps_c.cpython-310-x86_64-linux-gnu.so
[9.432s] -- Set runtime path of "/home/jasper/RoboWorks_Comp_Team/taskOptimzer/install/atwork_interfaces/local/lib/python3.10/dist-packages/atwork_interfaces/atwork_interfaces_s__rosidl_typesupport_fastrtps_c.cpython-310-x86_64-linux-gnu.so" to ""
[9.433s] -- Installing: /home/jasper/RoboWorks_Comp_Team/taskOptimzer/install/atwork_interfaces/local/lib/python3.10/dist-packages/atwork_interfaces/atwork_interfaces_s__rosidl_typesupport_introspection_c.cpython-310-x86_64-linux-gnu.so
[9.433s] -- Set runtime path of "/home/jasper/RoboWorks_Comp_Team/taskOptimzer/install/atwork_interfaces/local/lib/python3.10/dist-packages/atwork_interfaces/atwork_interfaces_s__rosidl_typesupport_introspection_c.cpython-310-x86_64-linux-gnu.so" to ""
[9.433s] -- Installing: /home/jasper/RoboWorks_Comp_Team/taskOptimzer/install/atwork_interfaces/local/lib/python3.10/dist-packages/atwork_interfaces/atwork_interfaces_s__rosidl_typesupport_c.cpython-310-x86_64-linux-gnu.so
[9.434s] -- Set runtime path of "/home/jasper/RoboWorks_Comp_Team/taskOptimzer/install/atwork_interfaces/local/lib/python3.10/dist-packages/atwork_interfaces/atwork_interfaces_s__rosidl_typesupport_c.cpython-310-x86_64-linux-gnu.so" to ""
[9.434s] -- Installing: /home/jasper/RoboWorks_Comp_Team/taskOptimzer/install/atwork_interfaces/lib/libatwork_interfaces__rosidl_generator_py.so
[9.435s] -- Set runtime path of "/home/jasper/RoboWorks_Comp_Team/taskOptimzer/install/atwork_interfaces/lib/libatwork_interfaces__rosidl_generator_py.so" to ""
[9.435s] -- Up-to-date: /home/jasper/RoboWorks_Comp_Team/taskOptimzer/install/atwork_interfaces/share/atwork_interfaces/msg/Object.idl
[9.435s] -- Up-to-date: /home/jasper/RoboWorks_Comp_Team/taskOptimzer/install/atwork_interfaces/share/atwork_interfaces/msg/RobotHeader.idl
[9.435s] -- Installing: /home/jasper/RoboWorks_Comp_Team/taskOptimzer/install/atwork_interfaces/share/atwork_interfaces/msg/Task.idl
[9.435s] -- Up-to-date: /home/jasper/RoboWorks_Comp_Team/taskOptimzer/install/atwork_interfaces/share/atwork_interfaces/msg/Workstation.idl
[9.436s] -- Installing: /home/jasper/RoboWorks_Comp_Team/taskOptimzer/install/atwork_interfaces/share/atwork_interfaces/srv/GenerateTask.idl
[9.436s] -- Up-to-date: /home/jasper/RoboWorks_Comp_Team/taskOptimzer/install/atwork_interfaces/share/atwork_interfaces/msg/Sphere.idl
[9.436s] -- Up-to-date: /home/jasper/RoboWorks_Comp_Team/taskOptimzer/install/atwork_interfaces/share/atwork_interfaces/msg/Object.msg
[9.436s] -- Up-to-date: /home/jasper/RoboWorks_Comp_Team/taskOptimzer/install/atwork_interfaces/share/atwork_interfaces/msg/RobotHeader.msg
[9.436s] -- Installing: /home/jasper/RoboWorks_Comp_Team/taskOptimzer/install/atwork_interfaces/share/atwork_interfaces/msg/Task.msg
[9.436s] -- Up-to-date: /home/jasper/RoboWorks_Comp_Team/taskOptimzer/install/atwork_interfaces/share/atwork_interfaces/msg/Workstation.msg
[9.436s] -- Installing: /home/jasper/RoboWorks_Comp_Team/taskOptimzer/install/atwork_interfaces/share/atwork_interfaces/srv/GenerateTask.srv
[9.436s] -- Installing: /home/jasper/RoboWorks_Comp_Team/taskOptimzer/install/atwork_interfaces/share/atwork_interfaces/srv/GenerateTask_Request.msg
[9.437s] -- Installing: /home/jasper/RoboWorks_Comp_Team/taskOptimzer/install/atwork_interfaces/share/atwork_interfaces/srv/GenerateTask_Response.msg
[9.437s] -- Up-to-date: /home/jasper/RoboWorks_Comp_Team/taskOptimzer/install/atwork_interfaces/share/atwork_interfaces/msg/Sphere.msg
[9.437s] -- Up-to-date: /home/jasper/RoboWorks_Comp_Team/taskOptimzer/install/atwork_interfaces/share/ament_index/resource_index/package_run_dependencies/atwork_interfaces
[9.437s] -- Up-to-date: /home/jasper/RoboWorks_Comp_Team/taskOptimzer/install/atwork_interfaces/share/ament_index/resource_index/parent_prefix_path/atwork_interfaces
[9.437s] -- Up-to-date: /home/jasper/RoboWorks_Comp_Team/taskOptimzer/install/atwork_interfaces/share/atwork_interfaces/environment/ament_prefix_path.sh
[9.437s] -- Installing: /home/jasper/RoboWorks_Comp_Team/taskOptimzer/install/atwork_interfaces/share/atwork_interfaces/environment/ament_prefix_path.dsv
[9.437s] -- Up-to-date: /home/jasper/RoboWorks_Comp_Team/taskOptimzer/install/atwork_interfaces/share/atwork_interfaces/environment/path.sh
[9.437s] -- Installing: /home/jasper/RoboWorks_Comp_Team/taskOptimzer/install/atwork_interfaces/share/atwork_interfaces/environment/path.dsv
[9.438s] -- Up-to-date: /home/jasper/RoboWorks_Comp_Team/taskOptimzer/install/atwork_interfaces/share/atwork_interfaces/local_setup.bash
[9.438s] -- Up-to-date: /home/jasper/RoboWorks_Comp_Team/taskOptimzer/install/atwork_interfaces/share/atwork_interfaces/local_setup.sh
[9.438s] -- Up-to-date: /home/jasper/RoboWorks_Comp_Team/taskOptimzer/install/atwork_interfaces/share/atwork_interfaces/local_setup.zsh
[9.438s] -- Installing: /home/jasper/RoboWorks_Comp_Team/taskOptimzer/install/atwork_interfaces/share/atwork_interfaces/local_setup.dsv
[9.438s] -- Installing: /home/jasper/RoboWorks_Comp_Team/taskOptimzer/install/atwork_interfaces/share/atwork_interfaces/package.dsv
[9.438s] -- Up-to-date: /home/jasper/RoboWorks_Comp_Team/taskOptimzer/install/atwork_interfaces/share/ament_index/resource_index/packages/atwork_interfaces
[9.438s] -- Up-to-date: /home/jasper/RoboWorks_Comp_Team/taskOptimzer/install/atwork_interfaces/share/atwork_interfaces/cmake/export_atwork_interfaces__rosidl_generator_cExport.cmake
[9.438s] -- Up-to-date: /home/jasper/RoboWorks_Comp_Team/taskOptimzer/install/atwork_interfaces/share/atwork_interfaces/cmake/export_atwork_interfaces__rosidl_generator_cExport-noconfig.cmake
[9.439s] -- Up-to-date: /home/jasper/RoboWorks_Comp_Team/taskOptimzer/install/atwork_interfaces/share/atwork_interfaces/cmake/export_atwork_interfaces__rosidl_typesupport_fastrtps_cExport.cmake
[9.439s] -- Up-to-date: /home/jasper/RoboWorks_Comp_Team/taskOptimzer/install/atwork_interfaces/share/atwork_interfaces/cmake/export_atwork_interfaces__rosidl_typesupport_fastrtps_cExport-noconfig.cmake
[9.439s] -- Up-to-date: /home/jasper/RoboWorks_Comp_Team/taskOptimzer/install/atwork_interfaces/share/atwork_interfaces/cmake/export_atwork_interfaces__rosidl_generator_cppExport.cmake
[9.439s] -- Up-to-date: /home/jasper/RoboWorks_Comp_Team/taskOptimzer/install/atwork_interfaces/share/atwork_interfaces/cmake/export_atwork_interfaces__rosidl_typesupport_fastrtps_cppExport.cmake
[9.439s] -- Up-to-date: /home/jasper/RoboWorks_Comp_Team/taskOptimzer/install/atwork_interfaces/share/atwork_interfaces/cmake/export_atwork_interfaces__rosidl_typesupport_fastrtps_cppExport-noconfig.cmake
[9.439s] -- Up-to-date: /home/jasper/RoboWorks_Comp_Team/taskOptimzer/install/atwork_interfaces/share/atwork_interfaces/cmake/atwork_interfaces__rosidl_typesupport_introspection_cExport.cmake
[9.439s] -- Up-to-date: /home/jasper/RoboWorks_Comp_Team/taskOptimzer/install/atwork_interfaces/share/atwork_interfaces/cmake/atwork_interfaces__rosidl_typesupport_introspection_cExport-noconfig.cmake
[9.439s] -- Up-to-date: /home/jasper/RoboWorks_Comp_Team/taskOptimzer/install/atwork_interfaces/share/atwork_interfaces/cmake/atwork_interfaces__rosidl_typesupport_cExport.cmake
[9.440s] -- Up-to-date: /home/jasper/RoboWorks_Comp_Team/taskOptimzer/install/atwork_interfaces/share/atwork_interfaces/cmake/atwork_interfaces__rosidl_typesupport_cExport-noconfig.cmake
[9.440s] -- Up-to-date: /home/jasper/RoboWorks_Comp_Team/taskOptimzer/install/atwork_interfaces/share/atwork_interfaces/cmake/atwork_interfaces__rosidl_typesupport_introspection_cppExport.cmake
[9.440s] -- Up-to-date: /home/jasper/RoboWorks_Comp_Team/taskOptimzer/install/atwork_interfaces/share/atwork_interfaces/cmake/atwork_interfaces__rosidl_typesupport_introspection_cppExport-noconfig.cmake
[9.440s] -- Up-to-date: /home/jasper/RoboWorks_Comp_Team/taskOptimzer/install/atwork_interfaces/share/atwork_interfaces/cmake/atwork_interfaces__rosidl_typesupport_cppExport.cmake
[9.440s] -- Up-to-date: /home/jasper/RoboWorks_Comp_Team/taskOptimzer/install/atwork_interfaces/share/atwork_interfaces/cmake/atwork_interfaces__rosidl_typesupport_cppExport-noconfig.cmake
[9.440s] -- Up-to-date: /home/jasper/RoboWorks_Comp_Team/taskOptimzer/install/atwork_interfaces/share/atwork_interfaces/cmake/export_atwork_interfaces__rosidl_generator_pyExport.cmake
[9.440s] -- Up-to-date: /home/jasper/RoboWorks_Comp_Team/taskOptimzer/install/atwork_interfaces/share/atwork_interfaces/cmake/export_atwork_interfaces__rosidl_generator_pyExport-noconfig.cmake
[9.440s] -- Installing: /home/jasper/RoboWorks_Comp_Team/taskOptimzer/install/atwork_interfaces/share/atwork_interfaces/cmake/rosidl_cmake-extras.cmake
[9.440s] -- Up-to-date: /home/jasper/RoboWorks_Comp_Team/taskOptimzer/install/atwork_interfaces/share/atwork_interfaces/cmake/ament_cmake_export_dependencies-extras.cmake
[9.441s] -- Up-to-date: /home/jasper/RoboWorks_Comp_Team/taskOptimzer/install/atwork_interfaces/share/atwork_interfaces/cmake/ament_cmake_export_include_directories-extras.cmake
[9.441s] -- Up-to-date: /home/jasper/RoboWorks_Comp_Team/taskOptimzer/install/atwork_interfaces/share/atwork_interfaces/cmake/ament_cmake_export_libraries-extras.cmake
[9.441s] -- Up-to-date: /home/jasper/RoboWorks_Comp_Team/taskOptimzer/install/atwork_interfaces/share/atwork_interfaces/cmake/ament_cmake_export_targets-extras.cmake
[9.441s] -- Up-to-date: /home/jasper/RoboWorks_Comp_Team/taskOptimzer/install/atwork_interfaces/share/atwork_interfaces/cmake/rosidl_cmake_export_typesupport_targets-extras.cmake
[9.441s] -- Up-to-date: /home/jasper/RoboWorks_Comp_Team/taskOptimzer/install/atwork_interfaces/share/atwork_interfaces/cmake/rosidl_cmake_export_typesupport_libraries-extras.cmake
[9.441s] -- Up-to-date: /home/jasper/RoboWorks_Comp_Team/taskOptimzer/install/atwork_interfaces/share/atwork_interfaces/cmake/atwork_interfacesConfig.cmake
[9.441s] -- Up-to-date: /home/jasper/RoboWorks_Comp_Team/taskOptimzer/install/atwork_interfaces/share/atwork_interfaces/cmake/atwork_interfacesConfig-version.cmake
[9.441s] -- Up-to-date: /home/jasper/RoboWorks_Comp_Team/taskOptimzer/install/atwork_interfaces/share/atwork_interfaces/package.xml
[9.442s] Invoked command in '/home/jasper/RoboWorks_Comp_Team/taskOptimzer/build/atwork_interfaces' returned '0': CMAKE_PREFIX_PATH=${CMAKE_PREFIX_PATH}:/home/jasper/ws_moveit2/install/moveit_configs_utils:/home/jasper/ws_moveit2/install/launch_param_builder:/opt/ros/humble /usr/bin/cmake --install /home/jasper/RoboWorks_Comp_Team/taskOptimzer/build/atwork_interfaces
