[0.128s] Invoking command in '/home/jasper/RoboWorks_Comp_Team/brain/build/roboworks_brain_interfaces': CMAKE_PREFIX_PATH=${CMAKE_PREFIX_PATH}:/home/jasper/ws_moveit2/install/moveit_configs_utils:/home/jasper/ws_moveit2/install/launch_param_builder:/opt/ros/humble /usr/bin/cmake --build /home/jasper/RoboWorks_Comp_Team/brain/build/roboworks_brain_interfaces -- -j8 -l8
[0.220s] [ 10%] Built target roboworks_brain_interfaces__rosidl_generator_c
[0.222s] [ 12%] Built target roboworks_brain_interfaces__cpp
[0.271s] [ 12%] Built target ament_cmake_python_copy_roboworks_brain_interfaces
[0.287s] [ 23%] Built target roboworks_brain_interfaces__rosidl_typesupport_fastrtps_c
[0.288s] [ 36%] Built target roboworks_brain_interfaces__rosidl_typesupport_introspection_c
[0.288s] [ 44%] Built target roboworks_brain_interfaces__rosidl_typesupport_c
[0.293s] [ 61%] Built target roboworks_brain_interfaces__rosidl_typesupport_introspection_cpp
[0.294s] [ 65%] Built target roboworks_brain_interfaces__rosidl_typesupport_fastrtps_cpp
[0.296s] [ 76%] Built target roboworks_brain_interfaces__rosidl_typesupport_cpp
[0.333s] [ 76%] Built target roboworks_brain_interfaces
[0.370s] [ 78%] Built target roboworks_brain_interfaces__py
[0.410s] [ 87%] Built target roboworks_brain_interfaces__rosidl_generator_py
[0.458s] [ 91%] Built target roboworks_brain_interfaces__rosidl_typesupport_c__pyext
[0.462s] [ 95%] Built target roboworks_brain_interfaces__rosidl_typesupport_introspection_c__pyext
[0.466s] [100%] Built target roboworks_brain_interfaces__rosidl_typesupport_fastrtps_c__pyext
[0.644s] running egg_info
[0.646s] writing roboworks_brain_interfaces.egg-info/PKG-INFO
[0.646s] writing dependency_links to roboworks_brain_interfaces.egg-info/dependency_links.txt
[0.646s] writing top-level names to roboworks_brain_interfaces.egg-info/top_level.txt
[0.650s] reading manifest file 'roboworks_brain_interfaces.egg-info/SOURCES.txt'
[0.651s] writing manifest file 'roboworks_brain_interfaces.egg-info/SOURCES.txt'
[0.686s] [100%] Built target ament_cmake_python_build_roboworks_brain_interfaces_egg
