[2.127s] DEBUG:colcon:Command line arguments: ['/usr/bin/colcon', 'list', '-p', '--base-paths', '/home/jasper/RoboWorks_Comp_Team/brain']
[2.127s] DEBUG:colcon:Parsed command line arguments: Namespace(log_base=None, log_level=None, verb_name='list', build_base='build', ignore_user_meta=False, metas=['./colcon.meta'], base_paths=['/home/jasper/RoboWorks_Comp_Team/brain'], packages_ignore=None, packages_ignore_regex=None, paths=None, packages_up_to=None, packages_up_to_regex=None, packages_above=None, packages_above_and_dependencies=None, packages_above_depth=None, packages_select_by_dep=None, packages_skip_by_dep=None, packages_skip_up_to=None, packages_select_build_failed=False, packages_skip_build_finished=False, packages_select_test_failures=False, packages_skip_test_passed=False, packages_select=None, packages_skip=None, packages_select_regex=None, packages_skip_regex=None, packages_start=None, packages_end=None, allow_overriding=[], topological_order=False, names_only=False, paths_only=True, topological_graph=False, topological_graph_dot=False, topological_graph_density=False, topological_graph_legend=False, topological_graph_dot_cluster=False, topological_graph_dot_include_skipped=False, mixin_files=None, mixin=None, verb_parser=<colcon_mixin.mixin.mixin_argument.MixinArgumentDecorator object at 0x7f2ffecf8a00>, verb_extension=<colcon_package_information.verb.list.ListVerb object at 0x7f2ffecafb80>, main=<bound method ListVerb.main of <colcon_package_information.verb.list.ListVerb object at 0x7f2ffecafb80>>, mixin_verb=('list',))
[2.200s] Level 1:colcon.colcon_core.package_discovery:discover_packages(colcon_meta) check parameters
[2.200s] Level 1:colcon.colcon_core.package_discovery:discover_packages(recursive) check parameters
[2.200s] Level 1:colcon.colcon_core.package_discovery:discover_packages(ignore) check parameters
[2.200s] Level 1:colcon.colcon_core.package_discovery:discover_packages(path) check parameters
[2.200s] Level 1:colcon.colcon_core.package_discovery:discover_packages(recursive) discover
[2.200s] INFO:colcon.colcon_core.package_discovery:Crawling recursively for packages in '/home/jasper/RoboWorks_Comp_Team/brain'
[2.201s] Level 1:colcon.colcon_core.package_identification:_identify(/home/jasper/RoboWorks_Comp_Team/brain) by extensions ['ignore', 'ignore_ament_install']
[2.201s] Level 1:colcon.colcon_core.package_identification:_identify(/home/jasper/RoboWorks_Comp_Team/brain) by extension 'ignore'
[2.201s] Level 1:colcon.colcon_core.package_identification:_identify(/home/jasper/RoboWorks_Comp_Team/brain) by extension 'ignore_ament_install'
[2.201s] Level 1:colcon.colcon_core.package_identification:_identify(/home/jasper/RoboWorks_Comp_Team/brain) by extensions ['colcon_pkg']
[2.201s] Level 1:colcon.colcon_core.package_identification:_identify(/home/jasper/RoboWorks_Comp_Team/brain) by extension 'colcon_pkg'
[2.201s] Level 1:colcon.colcon_core.package_identification:_identify(/home/jasper/RoboWorks_Comp_Team/brain) by extensions ['colcon_meta']
[2.201s] Level 1:colcon.colcon_core.package_identification:_identify(/home/jasper/RoboWorks_Comp_Team/brain) by extension 'colcon_meta'
[2.201s] Level 1:colcon.colcon_core.package_identification:_identify(/home/jasper/RoboWorks_Comp_Team/brain) by extensions ['ros']
[2.201s] Level 1:colcon.colcon_core.package_identification:_identify(/home/jasper/RoboWorks_Comp_Team/brain) by extension 'ros'
[2.216s] Level 1:colcon.colcon_core.package_identification:_identify(/home/jasper/RoboWorks_Comp_Team/brain) by extensions ['cmake', 'python']
[2.216s] Level 1:colcon.colcon_core.package_identification:_identify(/home/jasper/RoboWorks_Comp_Team/brain) by extension 'cmake'
[2.216s] Level 1:colcon.colcon_core.package_identification:_identify(/home/jasper/RoboWorks_Comp_Team/brain) by extension 'python'
[2.216s] Level 1:colcon.colcon_core.package_identification:_identify(/home/jasper/RoboWorks_Comp_Team/brain) by extensions ['python_setup_py']
[2.216s] Level 1:colcon.colcon_core.package_identification:_identify(/home/jasper/RoboWorks_Comp_Team/brain) by extension 'python_setup_py'
[2.216s] Level 1:colcon.colcon_core.package_identification:_identify(/home/jasper/RoboWorks_Comp_Team/brain/build) by extensions ['ignore', 'ignore_ament_install']
[2.217s] Level 1:colcon.colcon_core.package_identification:_identify(/home/jasper/RoboWorks_Comp_Team/brain/build) by extension 'ignore'
[2.217s] Level 1:colcon.colcon_core.package_identification:_identify(/home/jasper/RoboWorks_Comp_Team/brain/build) ignored
[2.217s] Level 1:colcon.colcon_core.package_identification:_identify(/home/jasper/RoboWorks_Comp_Team/brain/install) by extensions ['ignore', 'ignore_ament_install']
[2.217s] Level 1:colcon.colcon_core.package_identification:_identify(/home/jasper/RoboWorks_Comp_Team/brain/install) by extension 'ignore'
[2.217s] Level 1:colcon.colcon_core.package_identification:_identify(/home/jasper/RoboWorks_Comp_Team/brain/install) ignored
[2.217s] Level 1:colcon.colcon_core.package_identification:_identify(/home/jasper/RoboWorks_Comp_Team/brain/log) by extensions ['ignore', 'ignore_ament_install']
[2.217s] Level 1:colcon.colcon_core.package_identification:_identify(/home/jasper/RoboWorks_Comp_Team/brain/log) by extension 'ignore'
[2.218s] Level 1:colcon.colcon_core.package_identification:_identify(/home/jasper/RoboWorks_Comp_Team/brain/log) ignored
[2.218s] Level 1:colcon.colcon_core.package_identification:_identify(/home/jasper/RoboWorks_Comp_Team/brain/src) by extensions ['ignore', 'ignore_ament_install']
[2.218s] Level 1:colcon.colcon_core.package_identification:_identify(/home/jasper/RoboWorks_Comp_Team/brain/src) by extension 'ignore'
[2.218s] Level 1:colcon.colcon_core.package_identification:_identify(/home/jasper/RoboWorks_Comp_Team/brain/src) by extension 'ignore_ament_install'
[2.218s] Level 1:colcon.colcon_core.package_identification:_identify(/home/jasper/RoboWorks_Comp_Team/brain/src) by extensions ['colcon_pkg']
[2.218s] Level 1:colcon.colcon_core.package_identification:_identify(/home/jasper/RoboWorks_Comp_Team/brain/src) by extension 'colcon_pkg'
[2.218s] Level 1:colcon.colcon_core.package_identification:_identify(/home/jasper/RoboWorks_Comp_Team/brain/src) by extensions ['colcon_meta']
[2.218s] Level 1:colcon.colcon_core.package_identification:_identify(/home/jasper/RoboWorks_Comp_Team/brain/src) by extension 'colcon_meta'
[2.218s] Level 1:colcon.colcon_core.package_identification:_identify(/home/jasper/RoboWorks_Comp_Team/brain/src) by extensions ['ros']
[2.218s] Level 1:colcon.colcon_core.package_identification:_identify(/home/jasper/RoboWorks_Comp_Team/brain/src) by extension 'ros'
[2.218s] Level 1:colcon.colcon_core.package_identification:_identify(/home/jasper/RoboWorks_Comp_Team/brain/src) by extensions ['cmake', 'python']
[2.218s] Level 1:colcon.colcon_core.package_identification:_identify(/home/jasper/RoboWorks_Comp_Team/brain/src) by extension 'cmake'
[2.218s] Level 1:colcon.colcon_core.package_identification:_identify(/home/jasper/RoboWorks_Comp_Team/brain/src) by extension 'python'
[2.218s] Level 1:colcon.colcon_core.package_identification:_identify(/home/jasper/RoboWorks_Comp_Team/brain/src) by extensions ['python_setup_py']
[2.219s] Level 1:colcon.colcon_core.package_identification:_identify(/home/jasper/RoboWorks_Comp_Team/brain/src) by extension 'python_setup_py'
[2.219s] Level 1:colcon.colcon_core.package_identification:_identify(/home/jasper/RoboWorks_Comp_Team/brain/src/roboworks_brain) by extensions ['ignore', 'ignore_ament_install']
[2.219s] Level 1:colcon.colcon_core.package_identification:_identify(/home/jasper/RoboWorks_Comp_Team/brain/src/roboworks_brain) by extension 'ignore'
[2.219s] Level 1:colcon.colcon_core.package_identification:_identify(/home/jasper/RoboWorks_Comp_Team/brain/src/roboworks_brain) by extension 'ignore_ament_install'
[2.219s] Level 1:colcon.colcon_core.package_identification:_identify(/home/jasper/RoboWorks_Comp_Team/brain/src/roboworks_brain) by extensions ['colcon_pkg']
[2.219s] Level 1:colcon.colcon_core.package_identification:_identify(/home/jasper/RoboWorks_Comp_Team/brain/src/roboworks_brain) by extension 'colcon_pkg'
[2.219s] Level 1:colcon.colcon_core.package_identification:_identify(/home/jasper/RoboWorks_Comp_Team/brain/src/roboworks_brain) by extensions ['colcon_meta']
[2.219s] Level 1:colcon.colcon_core.package_identification:_identify(/home/jasper/RoboWorks_Comp_Team/brain/src/roboworks_brain) by extension 'colcon_meta'
[2.219s] Level 1:colcon.colcon_core.package_identification:_identify(/home/jasper/RoboWorks_Comp_Team/brain/src/roboworks_brain) by extensions ['ros']
[2.219s] Level 1:colcon.colcon_core.package_identification:_identify(/home/jasper/RoboWorks_Comp_Team/brain/src/roboworks_brain) by extension 'ros'
[2.222s] DEBUG:colcon.colcon_core.package_identification:Package '/home/jasper/RoboWorks_Comp_Team/brain/src/roboworks_brain' with type 'ros.ament_cmake' and name 'roboworks_brain'
[2.222s] Level 1:colcon.colcon_core.package_identification:_identify(/home/jasper/RoboWorks_Comp_Team/brain/src/roboworks_brain_interfaces) by extensions ['ignore', 'ignore_ament_install']
[2.222s] Level 1:colcon.colcon_core.package_identification:_identify(/home/jasper/RoboWorks_Comp_Team/brain/src/roboworks_brain_interfaces) by extension 'ignore'
[2.222s] Level 1:colcon.colcon_core.package_identification:_identify(/home/jasper/RoboWorks_Comp_Team/brain/src/roboworks_brain_interfaces) by extension 'ignore_ament_install'
[2.222s] Level 1:colcon.colcon_core.package_identification:_identify(/home/jasper/RoboWorks_Comp_Team/brain/src/roboworks_brain_interfaces) by extensions ['colcon_pkg']
[2.222s] Level 1:colcon.colcon_core.package_identification:_identify(/home/jasper/RoboWorks_Comp_Team/brain/src/roboworks_brain_interfaces) by extension 'colcon_pkg'
[2.222s] Level 1:colcon.colcon_core.package_identification:_identify(/home/jasper/RoboWorks_Comp_Team/brain/src/roboworks_brain_interfaces) by extensions ['colcon_meta']
[2.222s] Level 1:colcon.colcon_core.package_identification:_identify(/home/jasper/RoboWorks_Comp_Team/brain/src/roboworks_brain_interfaces) by extension 'colcon_meta'
[2.223s] Level 1:colcon.colcon_core.package_identification:_identify(/home/jasper/RoboWorks_Comp_Team/brain/src/roboworks_brain_interfaces) by extensions ['ros']
[2.223s] Level 1:colcon.colcon_core.package_identification:_identify(/home/jasper/RoboWorks_Comp_Team/brain/src/roboworks_brain_interfaces) by extension 'ros'
[2.223s] DEBUG:colcon.colcon_core.package_identification:Package '/home/jasper/RoboWorks_Comp_Team/brain/src/roboworks_brain_interfaces' with type 'ros.ament_cmake' and name 'roboworks_brain_interfaces'
[2.223s] Level 1:colcon.colcon_core.package_discovery:discover_packages(recursive) using defaults
