-- The C compiler identification is GNU 11.4.0
-- The CXX compiler identification is GNU 11.4.0
-- Detecting C compiler ABI info
-- Detecting C compiler ABI info - done
-- Check for working C compiler: /usr/bin/cc - skipped
-- Detecting C compile features
-- Detecting C compile features - done
-- Detecting CXX compiler ABI info
-- Detecting CXX compiler ABI info - done
-- Check for working CXX compiler: /usr/bin/c++ - skipped
-- Detecting CXX compile features
-- Detecting CXX compile features - done
-- Found ament_cmake: 1.3.6 (/opt/ros/humble/share/ament_cmake/cmake)
-- Found Python3: /usr/bin/python3.10 (found version "3.10.12") found components: Interpreter 
-- Found ament_lint_auto: 0.12.9 (/opt/ros/humble/share/ament_lint_auto/cmake)
-- Added test 'cppcheck' to perform static code analysis on C / C++ code
-- Configured cppcheck include dirs: $<BUILD_INTERFACE:/home/jasper/RoboWorks_Comp_Team/taskOptimzer/src/roboworks_taskOpt/include>
-- Configured cppcheck exclude dirs and/or files: 
-- Added test 'lint_cmake' to check CMake code style
-- Added test 'uncrustify' to check C / C++ code style
-- Configured uncrustify additional arguments: 
-- Added test 'xmllint' to check XML markup files
-- Configuring done
-- Generating done
-- Build files have been written to: /home/jasper/RoboWorks_Comp_Team/taskOptimzer/build/roboworks_taskOpt
[ 50%] [32mBuilding CXX object CMakeFiles/taskOpt.dir/src/taskOpt.cpp.o[0m
[100%] [32m[1mLinking CXX executable taskOpt[0m
[100%] Built target taskOpt
-- Install configuration: ""
-- Installing: /home/jasper/RoboWorks_Comp_Team/taskOptimzer/install/roboworks_taskOpt/lib/roboworks_taskOpt/taskOpt
-- Installing: /home/jasper/RoboWorks_Comp_Team/taskOptimzer/install/roboworks_taskOpt/share/ament_index/resource_index/package_run_dependencies/roboworks_taskOpt
-- Installing: /home/jasper/RoboWorks_Comp_Team/taskOptimzer/install/roboworks_taskOpt/share/ament_index/resource_index/parent_prefix_path/roboworks_taskOpt
-- Installing: /home/jasper/RoboWorks_Comp_Team/taskOptimzer/install/roboworks_taskOpt/share/roboworks_taskOpt/environment/ament_prefix_path.sh
-- Installing: /home/jasper/RoboWorks_Comp_Team/taskOptimzer/install/roboworks_taskOpt/share/roboworks_taskOpt/environment/ament_prefix_path.dsv
-- Installing: /home/jasper/RoboWorks_Comp_Team/taskOptimzer/install/roboworks_taskOpt/share/roboworks_taskOpt/environment/path.sh
-- Installing: /home/jasper/RoboWorks_Comp_Team/taskOptimzer/install/roboworks_taskOpt/share/roboworks_taskOpt/environment/path.dsv
-- Installing: /home/jasper/RoboWorks_Comp_Team/taskOptimzer/install/roboworks_taskOpt/share/roboworks_taskOpt/local_setup.bash
-- Installing: /home/jasper/RoboWorks_Comp_Team/taskOptimzer/install/roboworks_taskOpt/share/roboworks_taskOpt/local_setup.sh
-- Installing: /home/jasper/RoboWorks_Comp_Team/taskOptimzer/install/roboworks_taskOpt/share/roboworks_taskOpt/local_setup.zsh
-- Installing: /home/jasper/RoboWorks_Comp_Team/taskOptimzer/install/roboworks_taskOpt/share/roboworks_taskOpt/local_setup.dsv
-- Installing: /home/jasper/RoboWorks_Comp_Team/taskOptimzer/install/roboworks_taskOpt/share/roboworks_taskOpt/package.dsv
-- Installing: /home/jasper/RoboWorks_Comp_Team/taskOptimzer/install/roboworks_taskOpt/share/ament_index/resource_index/packages/roboworks_taskOpt
-- Installing: /home/jasper/RoboWorks_Comp_Team/taskOptimzer/install/roboworks_taskOpt/share/roboworks_taskOpt/cmake/roboworks_taskOptConfig.cmake
-- Installing: /home/jasper/RoboWorks_Comp_Team/taskOptimzer/install/roboworks_taskOpt/share/roboworks_taskOpt/cmake/roboworks_taskOptConfig-version.cmake
-- Installing: /home/jasper/RoboWorks_Comp_Team/taskOptimzer/install/roboworks_taskOpt/share/roboworks_taskOpt/package.xml
