[0.090s] Invoking command in '/home/jasper/RoboWorks_Comp_Team/taskOptimzer/build/roboworks_taskOpt': CMAKE_PREFIX_PATH=${CMAKE_PREFIX_PATH}:/home/jasper/ws_moveit2/install/moveit_configs_utils:/home/jasper/ws_moveit2/install/launch_param_builder:/opt/ros/humble /usr/bin/cmake /home/jasper/RoboWorks_Comp_Team/taskOptimzer/src/roboworks_taskOpt -DCMAKE_INSTALL_PREFIX=/home/jasper/RoboWorks_Comp_Team/taskOptimzer/install/roboworks_taskOpt
[0.162s] -- The C compiler identification is GNU 11.4.0
[0.222s] -- The CXX compiler identification is GNU 11.4.0
[0.231s] -- Detecting C compiler ABI info
[0.323s] -- Detecting C compiler ABI info - done
[0.331s] -- Check for working C compiler: /usr/bin/cc - skipped
[0.332s] -- Detecting C compile features
[0.332s] -- Detecting C compile features - done
[0.335s] -- Detecting CXX compiler ABI info
[0.439s] -- Detecting CXX compiler ABI info - done
[0.446s] -- Check for working CXX compiler: /usr/bin/c++ - skipped
[0.446s] -- Detecting CXX compile features
[0.447s] -- Detecting CXX compile features - done
[0.456s] -- Found ament_cmake: 1.3.6 (/opt/ros/humble/share/ament_cmake/cmake)
[0.659s] -- Found Python3: /usr/bin/python3.10 (found version "3.10.12") found components: Interpreter 
[0.834s] -- Found ament_lint_auto: 0.12.9 (/opt/ros/humble/share/ament_lint_auto/cmake)
[0.888s] WARNING: Package name "roboworks_taskOpt" does not follow the naming conventions. It should start with a lower case letter and only contain lower case letters, digits, underscores, and dashes.
[0.955s] -- Added test 'cppcheck' to perform static code analysis on C / C++ code
[0.955s] -- Configured cppcheck include dirs: $<BUILD_INTERFACE:/home/jasper/RoboWorks_Comp_Team/taskOptimzer/src/roboworks_taskOpt/include>
[0.956s] -- Configured cppcheck exclude dirs and/or files: 
[0.957s] -- Added test 'lint_cmake' to check CMake code style
[0.960s] -- Added test 'uncrustify' to check C / C++ code style
[0.960s] -- Configured uncrustify additional arguments: 
[0.961s] -- Added test 'xmllint' to check XML markup files
[0.964s] -- Configuring done
[0.968s] -- Generating done
[0.969s] -- Build files have been written to: /home/jasper/RoboWorks_Comp_Team/taskOptimzer/build/roboworks_taskOpt
[0.974s] Invoked command in '/home/jasper/RoboWorks_Comp_Team/taskOptimzer/build/roboworks_taskOpt' returned '0': CMAKE_PREFIX_PATH=${CMAKE_PREFIX_PATH}:/home/jasper/ws_moveit2/install/moveit_configs_utils:/home/jasper/ws_moveit2/install/launch_param_builder:/opt/ros/humble /usr/bin/cmake /home/jasper/RoboWorks_Comp_Team/taskOptimzer/src/roboworks_taskOpt -DCMAKE_INSTALL_PREFIX=/home/jasper/RoboWorks_Comp_Team/taskOptimzer/install/roboworks_taskOpt
[0.976s] Invoking command in '/home/jasper/RoboWorks_Comp_Team/taskOptimzer/build/roboworks_taskOpt': CMAKE_PREFIX_PATH=${CMAKE_PREFIX_PATH}:/home/jasper/ws_moveit2/install/moveit_configs_utils:/home/jasper/ws_moveit2/install/launch_param_builder:/opt/ros/humble /usr/bin/cmake --build /home/jasper/RoboWorks_Comp_Team/taskOptimzer/build/roboworks_taskOpt -- -j8 -l8
[1.053s] [ 50%] [32mBuilding CXX object CMakeFiles/taskOpt.dir/src/taskOpt.cpp.o[0m
[1.093s] [100%] [32m[1mLinking CXX executable taskOpt[0m
[1.173s] [100%] Built target taskOpt
[1.189s] Invoked command in '/home/jasper/RoboWorks_Comp_Team/taskOptimzer/build/roboworks_taskOpt' returned '0': CMAKE_PREFIX_PATH=${CMAKE_PREFIX_PATH}:/home/jasper/ws_moveit2/install/moveit_configs_utils:/home/jasper/ws_moveit2/install/launch_param_builder:/opt/ros/humble /usr/bin/cmake --build /home/jasper/RoboWorks_Comp_Team/taskOptimzer/build/roboworks_taskOpt -- -j8 -l8
[1.262s] Invoking command in '/home/jasper/RoboWorks_Comp_Team/taskOptimzer/build/roboworks_taskOpt': CMAKE_PREFIX_PATH=${CMAKE_PREFIX_PATH}:/home/jasper/ws_moveit2/install/moveit_configs_utils:/home/jasper/ws_moveit2/install/launch_param_builder:/opt/ros/humble /usr/bin/cmake --install /home/jasper/RoboWorks_Comp_Team/taskOptimzer/build/roboworks_taskOpt
[1.275s] -- Install configuration: ""
[1.276s] -- Installing: /home/jasper/RoboWorks_Comp_Team/taskOptimzer/install/roboworks_taskOpt/lib/roboworks_taskOpt/taskOpt
[1.276s] -- Installing: /home/jasper/RoboWorks_Comp_Team/taskOptimzer/install/roboworks_taskOpt/share/ament_index/resource_index/package_run_dependencies/roboworks_taskOpt
[1.276s] -- Installing: /home/jasper/RoboWorks_Comp_Team/taskOptimzer/install/roboworks_taskOpt/share/ament_index/resource_index/parent_prefix_path/roboworks_taskOpt
[1.277s] -- Installing: /home/jasper/RoboWorks_Comp_Team/taskOptimzer/install/roboworks_taskOpt/share/roboworks_taskOpt/environment/ament_prefix_path.sh
[1.277s] -- Installing: /home/jasper/RoboWorks_Comp_Team/taskOptimzer/install/roboworks_taskOpt/share/roboworks_taskOpt/environment/ament_prefix_path.dsv
[1.277s] -- Installing: /home/jasper/RoboWorks_Comp_Team/taskOptimzer/install/roboworks_taskOpt/share/roboworks_taskOpt/environment/path.sh
[1.277s] -- Installing: /home/jasper/RoboWorks_Comp_Team/taskOptimzer/install/roboworks_taskOpt/share/roboworks_taskOpt/environment/path.dsv
[1.278s] -- Installing: /home/jasper/RoboWorks_Comp_Team/taskOptimzer/install/roboworks_taskOpt/share/roboworks_taskOpt/local_setup.bash
[1.278s] -- Installing: /home/jasper/RoboWorks_Comp_Team/taskOptimzer/install/roboworks_taskOpt/share/roboworks_taskOpt/local_setup.sh
[1.278s] -- Installing: /home/jasper/RoboWorks_Comp_Team/taskOptimzer/install/roboworks_taskOpt/share/roboworks_taskOpt/local_setup.zsh
[1.278s] -- Installing: /home/jasper/RoboWorks_Comp_Team/taskOptimzer/install/roboworks_taskOpt/share/roboworks_taskOpt/local_setup.dsv
[1.279s] -- Installing: /home/jasper/RoboWorks_Comp_Team/taskOptimzer/install/roboworks_taskOpt/share/roboworks_taskOpt/package.dsv
[1.279s] -- Installing: /home/jasper/RoboWorks_Comp_Team/taskOptimzer/install/roboworks_taskOpt/share/ament_index/resource_index/packages/roboworks_taskOpt
[1.279s] -- Installing: /home/jasper/RoboWorks_Comp_Team/taskOptimzer/install/roboworks_taskOpt/share/roboworks_taskOpt/cmake/roboworks_taskOptConfig.cmake
[1.279s] -- Installing: /home/jasper/RoboWorks_Comp_Team/taskOptimzer/install/roboworks_taskOpt/share/roboworks_taskOpt/cmake/roboworks_taskOptConfig-version.cmake
[1.280s] -- Installing: /home/jasper/RoboWorks_Comp_Team/taskOptimzer/install/roboworks_taskOpt/share/roboworks_taskOpt/package.xml
[1.282s] Invoked command in '/home/jasper/RoboWorks_Comp_Team/taskOptimzer/build/roboworks_taskOpt' returned '0': CMAKE_PREFIX_PATH=${CMAKE_PREFIX_PATH}:/home/jasper/ws_moveit2/install/moveit_configs_utils:/home/jasper/ws_moveit2/install/launch_param_builder:/opt/ros/humble /usr/bin/cmake --install /home/jasper/RoboWorks_Comp_Team/taskOptimzer/build/roboworks_taskOpt
