[1.589s] DEBUG:colcon:Command line arguments: ['/usr/bin/colcon', 'build']
[1.589s] DEBUG:colcon:Parsed command line arguments: Namespace(log_base=None, log_level=None, verb_name='build', build_base='build', install_base='install', merge_install=False, symlink_install=False, test_result_base=None, continue_on_error=False, executor='parallel', parallel_workers=8, event_handlers=None, ignore_user_meta=False, metas=['./colcon.meta'], base_paths=['.'], packages_ignore=None, packages_ignore_regex=None, paths=None, packages_up_to=None, packages_up_to_regex=None, packages_above=None, packages_above_and_dependencies=None, packages_above_depth=None, packages_select_by_dep=None, packages_skip_by_dep=None, packages_skip_up_to=None, packages_select_build_failed=False, packages_skip_build_finished=False, packages_select_test_failures=False, packages_skip_test_passed=False, packages_select=None, packages_skip=None, packages_select_regex=None, packages_skip_regex=None, packages_start=None, packages_end=None, allow_overriding=[], cmake_args=None, cmake_target=None, cmake_target_skip_unavailable=False, cmake_clean_cache=False, cmake_clean_first=False, cmake_force_configure=False, ament_cmake_args=None, catkin_cmake_args=None, catkin_skip_building_tests=False, mixin_files=None, mixin=None, verb_parser=<colcon_mixin.mixin.mixin_argument.MixinArgumentDecorator object at 0x7ff40d5febc0>, verb_extension=<colcon_core.verb.build.BuildVerb object at 0x7ff40d5ff0d0>, main=<bound method BuildVerb.main of <colcon_core.verb.build.BuildVerb object at 0x7ff40d5ff0d0>>, mixin_verb=('build',))
[1.650s] Level 1:colcon.colcon_core.package_discovery:discover_packages(colcon_meta) check parameters
[1.650s] Level 1:colcon.colcon_core.package_discovery:discover_packages(recursive) check parameters
[1.650s] Level 1:colcon.colcon_core.package_discovery:discover_packages(ignore) check parameters
[1.650s] Level 1:colcon.colcon_core.package_discovery:discover_packages(path) check parameters
[1.650s] Level 1:colcon.colcon_core.package_discovery:discover_packages(colcon_meta) discover
[1.650s] Level 1:colcon.colcon_core.package_discovery:discover_packages(recursive) discover
[1.650s] INFO:colcon.colcon_core.package_discovery:Crawling recursively for packages in '/home/jasper/rtab_robocup'
[1.650s] Level 1:colcon.colcon_core.package_identification:_identify(.) by extensions ['ignore', 'ignore_ament_install']
[1.650s] Level 1:colcon.colcon_core.package_identification:_identify(.) by extension 'ignore'
[1.650s] Level 1:colcon.colcon_core.package_identification:_identify(.) by extension 'ignore_ament_install'
[1.650s] Level 1:colcon.colcon_core.package_identification:_identify(.) by extensions ['colcon_pkg']
[1.650s] Level 1:colcon.colcon_core.package_identification:_identify(.) by extension 'colcon_pkg'
[1.650s] Level 1:colcon.colcon_core.package_identification:_identify(.) by extensions ['colcon_meta']
[1.650s] Level 1:colcon.colcon_core.package_identification:_identify(.) by extension 'colcon_meta'
[1.650s] Level 1:colcon.colcon_core.package_identification:_identify(.) by extensions ['ros']
[1.650s] Level 1:colcon.colcon_core.package_identification:_identify(.) by extension 'ros'
[1.661s] Level 1:colcon.colcon_core.package_identification:_identify(.) by extensions ['cmake', 'python']
[1.661s] Level 1:colcon.colcon_core.package_identification:_identify(.) by extension 'cmake'
[1.661s] Level 1:colcon.colcon_core.package_identification:_identify(.) by extension 'python'
[1.661s] Level 1:colcon.colcon_core.package_identification:_identify(.) by extensions ['python_setup_py']
[1.661s] Level 1:colcon.colcon_core.package_identification:_identify(.) by extension 'python_setup_py'
[1.661s] Level 1:colcon.colcon_core.package_identification:_identify(build) by extensions ['ignore', 'ignore_ament_install']
[1.661s] Level 1:colcon.colcon_core.package_identification:_identify(build) by extension 'ignore'
[1.662s] Level 1:colcon.colcon_core.package_identification:_identify(build) ignored
[1.662s] Level 1:colcon.colcon_core.package_identification:_identify(install) by extensions ['ignore', 'ignore_ament_install']
[1.662s] Level 1:colcon.colcon_core.package_identification:_identify(install) by extension 'ignore'
[1.662s] Level 1:colcon.colcon_core.package_identification:_identify(install) ignored
[1.662s] Level 1:colcon.colcon_core.package_identification:_identify(log) by extensions ['ignore', 'ignore_ament_install']
[1.662s] Level 1:colcon.colcon_core.package_identification:_identify(log) by extension 'ignore'
[1.662s] Level 1:colcon.colcon_core.package_identification:_identify(log) ignored
[1.662s] Level 1:colcon.colcon_core.package_identification:_identify(src) by extensions ['ignore', 'ignore_ament_install']
[1.662s] Level 1:colcon.colcon_core.package_identification:_identify(src) by extension 'ignore'
[1.662s] Level 1:colcon.colcon_core.package_identification:_identify(src) by extension 'ignore_ament_install'
[1.662s] Level 1:colcon.colcon_core.package_identification:_identify(src) by extensions ['colcon_pkg']
[1.662s] Level 1:colcon.colcon_core.package_identification:_identify(src) by extension 'colcon_pkg'
[1.662s] Level 1:colcon.colcon_core.package_identification:_identify(src) by extensions ['colcon_meta']
[1.662s] Level 1:colcon.colcon_core.package_identification:_identify(src) by extension 'colcon_meta'
[1.662s] Level 1:colcon.colcon_core.package_identification:_identify(src) by extensions ['ros']
[1.662s] Level 1:colcon.colcon_core.package_identification:_identify(src) by extension 'ros'
[1.662s] Level 1:colcon.colcon_core.package_identification:_identify(src) by extensions ['cmake', 'python']
[1.662s] Level 1:colcon.colcon_core.package_identification:_identify(src) by extension 'cmake'
[1.663s] Level 1:colcon.colcon_core.package_identification:_identify(src) by extension 'python'
[1.663s] Level 1:colcon.colcon_core.package_identification:_identify(src) by extensions ['python_setup_py']
[1.663s] Level 1:colcon.colcon_core.package_identification:_identify(src) by extension 'python_setup_py'
[1.663s] Level 1:colcon.colcon_core.package_identification:_identify(src/build) by extensions ['ignore', 'ignore_ament_install']
[1.663s] Level 1:colcon.colcon_core.package_identification:_identify(src/build) by extension 'ignore'
[1.663s] Level 1:colcon.colcon_core.package_identification:_identify(src/build) ignored
[1.663s] Level 1:colcon.colcon_core.package_identification:_identify(src/install) by extensions ['ignore', 'ignore_ament_install']
[1.663s] Level 1:colcon.colcon_core.package_identification:_identify(src/install) by extension 'ignore'
[1.663s] Level 1:colcon.colcon_core.package_identification:_identify(src/install) ignored
[1.663s] Level 1:colcon.colcon_core.package_identification:_identify(src/log) by extensions ['ignore', 'ignore_ament_install']
[1.663s] Level 1:colcon.colcon_core.package_identification:_identify(src/log) by extension 'ignore'
[1.663s] Level 1:colcon.colcon_core.package_identification:_identify(src/log) ignored
[1.663s] Level 1:colcon.colcon_core.package_identification:_identify(src/pointcloud_to_laserscan) by extensions ['ignore', 'ignore_ament_install']
[1.663s] Level 1:colcon.colcon_core.package_identification:_identify(src/pointcloud_to_laserscan) by extension 'ignore'
[1.663s] Level 1:colcon.colcon_core.package_identification:_identify(src/pointcloud_to_laserscan) by extension 'ignore_ament_install'
[1.663s] Level 1:colcon.colcon_core.package_identification:_identify(src/pointcloud_to_laserscan) by extensions ['colcon_pkg']
[1.663s] Level 1:colcon.colcon_core.package_identification:_identify(src/pointcloud_to_laserscan) by extension 'colcon_pkg'
[1.664s] Level 1:colcon.colcon_core.package_identification:_identify(src/pointcloud_to_laserscan) by extensions ['colcon_meta']
[1.664s] Level 1:colcon.colcon_core.package_identification:_identify(src/pointcloud_to_laserscan) by extension 'colcon_meta'
[1.664s] Level 1:colcon.colcon_core.package_identification:_identify(src/pointcloud_to_laserscan) by extensions ['ros']
[1.664s] Level 1:colcon.colcon_core.package_identification:_identify(src/pointcloud_to_laserscan) by extension 'ros'
[1.667s] DEBUG:colcon.colcon_core.package_identification:Package 'src/pointcloud_to_laserscan' with type 'ros.ament_cmake' and name 'pointcloud_to_laserscan'
[1.667s] Level 1:colcon.colcon_core.package_identification:_identify(src/rtabmap_roboworks) by extensions ['ignore', 'ignore_ament_install']
[1.667s] Level 1:colcon.colcon_core.package_identification:_identify(src/rtabmap_roboworks) by extension 'ignore'
[1.667s] Level 1:colcon.colcon_core.package_identification:_identify(src/rtabmap_roboworks) by extension 'ignore_ament_install'
[1.667s] Level 1:colcon.colcon_core.package_identification:_identify(src/rtabmap_roboworks) by extensions ['colcon_pkg']
[1.667s] Level 1:colcon.colcon_core.package_identification:_identify(src/rtabmap_roboworks) by extension 'colcon_pkg'
[1.667s] Level 1:colcon.colcon_core.package_identification:_identify(src/rtabmap_roboworks) by extensions ['colcon_meta']
[1.667s] Level 1:colcon.colcon_core.package_identification:_identify(src/rtabmap_roboworks) by extension 'colcon_meta'
[1.667s] Level 1:colcon.colcon_core.package_identification:_identify(src/rtabmap_roboworks) by extensions ['ros']
[1.667s] Level 1:colcon.colcon_core.package_identification:_identify(src/rtabmap_roboworks) by extension 'ros'
[1.667s] Level 1:colcon.colcon_core.package_identification:_identify(src/rtabmap_roboworks) by extensions ['cmake', 'python']
[1.667s] Level 1:colcon.colcon_core.package_identification:_identify(src/rtabmap_roboworks) by extension 'cmake'
[1.667s] Level 1:colcon.colcon_core.package_identification:_identify(src/rtabmap_roboworks) by extension 'python'
[1.667s] Level 1:colcon.colcon_core.package_identification:_identify(src/rtabmap_roboworks) by extensions ['python_setup_py']
[1.667s] Level 1:colcon.colcon_core.package_identification:_identify(src/rtabmap_roboworks) by extension 'python_setup_py'
[1.667s] Level 1:colcon.colcon_core.package_identification:_identify(src/rtabmap_roboworks/examples) by extensions ['ignore', 'ignore_ament_install']
[1.667s] Level 1:colcon.colcon_core.package_identification:_identify(src/rtabmap_roboworks/examples) by extension 'ignore'
[1.668s] Level 1:colcon.colcon_core.package_identification:_identify(src/rtabmap_roboworks/examples) by extension 'ignore_ament_install'
[1.668s] Level 1:colcon.colcon_core.package_identification:_identify(src/rtabmap_roboworks/examples) by extensions ['colcon_pkg']
[1.668s] Level 1:colcon.colcon_core.package_identification:_identify(src/rtabmap_roboworks/examples) by extension 'colcon_pkg'
[1.668s] Level 1:colcon.colcon_core.package_identification:_identify(src/rtabmap_roboworks/examples) by extensions ['colcon_meta']
[1.668s] Level 1:colcon.colcon_core.package_identification:_identify(src/rtabmap_roboworks/examples) by extension 'colcon_meta'
[1.668s] Level 1:colcon.colcon_core.package_identification:_identify(src/rtabmap_roboworks/examples) by extensions ['ros']
[1.668s] Level 1:colcon.colcon_core.package_identification:_identify(src/rtabmap_roboworks/examples) by extension 'ros'
[1.668s] DEBUG:colcon.colcon_core.package_identification:Package 'src/rtabmap_roboworks/examples' with type 'ros.ament_cmake' and name 'examples'
[1.668s] Level 1:colcon.colcon_core.package_identification:_identify(src/rtabmap_roboworks/unitree_lidar) by extensions ['ignore', 'ignore_ament_install']
[1.668s] Level 1:colcon.colcon_core.package_identification:_identify(src/rtabmap_roboworks/unitree_lidar) by extension 'ignore'
[1.669s] Level 1:colcon.colcon_core.package_identification:_identify(src/rtabmap_roboworks/unitree_lidar) by extension 'ignore_ament_install'
[1.669s] Level 1:colcon.colcon_core.package_identification:_identify(src/rtabmap_roboworks/unitree_lidar) by extensions ['colcon_pkg']
[1.669s] Level 1:colcon.colcon_core.package_identification:_identify(src/rtabmap_roboworks/unitree_lidar) by extension 'colcon_pkg'
[1.669s] Level 1:colcon.colcon_core.package_identification:_identify(src/rtabmap_roboworks/unitree_lidar) by extensions ['colcon_meta']
[1.669s] Level 1:colcon.colcon_core.package_identification:_identify(src/rtabmap_roboworks/unitree_lidar) by extension 'colcon_meta'
[1.669s] Level 1:colcon.colcon_core.package_identification:_identify(src/rtabmap_roboworks/unitree_lidar) by extensions ['ros']
[1.669s] Level 1:colcon.colcon_core.package_identification:_identify(src/rtabmap_roboworks/unitree_lidar) by extension 'ros'
[1.670s] DEBUG:colcon.colcon_core.package_identification:Package 'src/rtabmap_roboworks/unitree_lidar' with type 'ros.ament_cmake' and name 'unitree_lidar'
[1.670s] Level 1:colcon.colcon_core.package_identification:_identify(src/sensors) by extensions ['ignore', 'ignore_ament_install']
[1.670s] Level 1:colcon.colcon_core.package_identification:_identify(src/sensors) by extension 'ignore'
[1.670s] Level 1:colcon.colcon_core.package_identification:_identify(src/sensors) by extension 'ignore_ament_install'
[1.670s] Level 1:colcon.colcon_core.package_identification:_identify(src/sensors) by extensions ['colcon_pkg']
[1.670s] Level 1:colcon.colcon_core.package_identification:_identify(src/sensors) by extension 'colcon_pkg'
[1.670s] Level 1:colcon.colcon_core.package_identification:_identify(src/sensors) by extensions ['colcon_meta']
[1.670s] Level 1:colcon.colcon_core.package_identification:_identify(src/sensors) by extension 'colcon_meta'
[1.670s] Level 1:colcon.colcon_core.package_identification:_identify(src/sensors) by extensions ['ros']
[1.670s] Level 1:colcon.colcon_core.package_identification:_identify(src/sensors) by extension 'ros'
[1.671s] DEBUG:colcon.colcon_core.package_identification:Package 'src/sensors' with type 'ros.ament_cmake' and name 'sensors'
[1.671s] Level 1:colcon.colcon_core.package_discovery:discover_packages(recursive) using defaults
[1.671s] Level 1:colcon.colcon_core.package_discovery:discover_packages(ignore) discover
[1.671s] Level 1:colcon.colcon_core.package_discovery:discover_packages(ignore) using defaults
[1.671s] Level 1:colcon.colcon_core.package_discovery:discover_packages(path) discover
[1.671s] Level 1:colcon.colcon_core.package_discovery:discover_packages(path) using defaults
[1.782s] Level 1:colcon.colcon_core.package_discovery:discover_packages(prefix_path) check parameters
[1.782s] Level 1:colcon.colcon_core.package_discovery:discover_packages(prefix_path) discover
[1.823s] DEBUG:colcon.colcon_installed_package_information.package_discovery:Found 55 installed packages in /home/jasper/ws_moveit2/install
[1.843s] DEBUG:colcon.colcon_installed_package_information.package_discovery:Found 432 installed packages in /opt/ros/humble
[1.845s] Level 1:colcon.colcon_core.package_discovery:discover_packages(prefix_path) using defaults
[1.972s] Level 5:colcon.colcon_core.verb:set package 'examples' build argument 'cmake_args' from command line to 'None'
[1.972s] Level 5:colcon.colcon_core.verb:set package 'examples' build argument 'cmake_target' from command line to 'None'
[1.972s] Level 5:colcon.colcon_core.verb:set package 'examples' build argument 'cmake_target_skip_unavailable' from command line to 'False'
[1.972s] Level 5:colcon.colcon_core.verb:set package 'examples' build argument 'cmake_clean_cache' from command line to 'False'
[1.972s] Level 5:colcon.colcon_core.verb:set package 'examples' build argument 'cmake_clean_first' from command line to 'False'
[1.972s] Level 5:colcon.colcon_core.verb:set package 'examples' build argument 'cmake_force_configure' from command line to 'False'
[1.972s] Level 5:colcon.colcon_core.verb:set package 'examples' build argument 'ament_cmake_args' from command line to 'None'
[1.972s] Level 5:colcon.colcon_core.verb:set package 'examples' build argument 'catkin_cmake_args' from command line to 'None'
[1.972s] Level 5:colcon.colcon_core.verb:set package 'examples' build argument 'catkin_skip_building_tests' from command line to 'False'
[1.972s] DEBUG:colcon.colcon_core.verb:Building package 'examples' with the following arguments: {'ament_cmake_args': None, 'build_base': '/home/jasper/rtab_robocup/build/examples', 'catkin_cmake_args': None, 'catkin_skip_building_tests': False, 'cmake_args': None, 'cmake_clean_cache': False, 'cmake_clean_first': False, 'cmake_force_configure': False, 'cmake_target': None, 'cmake_target_skip_unavailable': False, 'install_base': '/home/jasper/rtab_robocup/install/examples', 'merge_install': False, 'path': '/home/jasper/rtab_robocup/src/rtabmap_roboworks/examples', 'symlink_install': False, 'test_result_base': None}
[1.991s] Level 5:colcon.colcon_core.verb:set package 'pointcloud_to_laserscan' build argument 'cmake_args' from command line to 'None'
[1.991s] Level 5:colcon.colcon_core.verb:set package 'pointcloud_to_laserscan' build argument 'cmake_target' from command line to 'None'
[1.991s] Level 5:colcon.colcon_core.verb:set package 'pointcloud_to_laserscan' build argument 'cmake_target_skip_unavailable' from command line to 'False'
[1.991s] Level 5:colcon.colcon_core.verb:set package 'pointcloud_to_laserscan' build argument 'cmake_clean_cache' from command line to 'False'
[1.991s] Level 5:colcon.colcon_core.verb:set package 'pointcloud_to_laserscan' build argument 'cmake_clean_first' from command line to 'False'
[1.991s] Level 5:colcon.colcon_core.verb:set package 'pointcloud_to_laserscan' build argument 'cmake_force_configure' from command line to 'False'
[1.991s] Level 5:colcon.colcon_core.verb:set package 'pointcloud_to_laserscan' build argument 'ament_cmake_args' from command line to 'None'
[1.991s] Level 5:colcon.colcon_core.verb:set package 'pointcloud_to_laserscan' build argument 'catkin_cmake_args' from command line to 'None'
[1.991s] Level 5:colcon.colcon_core.verb:set package 'pointcloud_to_laserscan' build argument 'catkin_skip_building_tests' from command line to 'False'
[1.991s] DEBUG:colcon.colcon_core.verb:Building package 'pointcloud_to_laserscan' with the following arguments: {'ament_cmake_args': None, 'build_base': '/home/jasper/rtab_robocup/build/pointcloud_to_laserscan', 'catkin_cmake_args': None, 'catkin_skip_building_tests': False, 'cmake_args': None, 'cmake_clean_cache': False, 'cmake_clean_first': False, 'cmake_force_configure': False, 'cmake_target': None, 'cmake_target_skip_unavailable': False, 'install_base': '/home/jasper/rtab_robocup/install/pointcloud_to_laserscan', 'merge_install': False, 'path': '/home/jasper/rtab_robocup/src/pointcloud_to_laserscan', 'symlink_install': False, 'test_result_base': None}
[2.009s] Level 5:colcon.colcon_core.verb:set package 'sensors' build argument 'cmake_args' from command line to 'None'
[2.009s] Level 5:colcon.colcon_core.verb:set package 'sensors' build argument 'cmake_target' from command line to 'None'
[2.009s] Level 5:colcon.colcon_core.verb:set package 'sensors' build argument 'cmake_target_skip_unavailable' from command line to 'False'
[2.009s] Level 5:colcon.colcon_core.verb:set package 'sensors' build argument 'cmake_clean_cache' from command line to 'False'
[2.009s] Level 5:colcon.colcon_core.verb:set package 'sensors' build argument 'cmake_clean_first' from command line to 'False'
[2.009s] Level 5:colcon.colcon_core.verb:set package 'sensors' build argument 'cmake_force_configure' from command line to 'False'
[2.009s] Level 5:colcon.colcon_core.verb:set package 'sensors' build argument 'ament_cmake_args' from command line to 'None'
[2.009s] Level 5:colcon.colcon_core.verb:set package 'sensors' build argument 'catkin_cmake_args' from command line to 'None'
[2.010s] Level 5:colcon.colcon_core.verb:set package 'sensors' build argument 'catkin_skip_building_tests' from command line to 'False'
[2.010s] DEBUG:colcon.colcon_core.verb:Building package 'sensors' with the following arguments: {'ament_cmake_args': None, 'build_base': '/home/jasper/rtab_robocup/build/sensors', 'catkin_cmake_args': None, 'catkin_skip_building_tests': False, 'cmake_args': None, 'cmake_clean_cache': False, 'cmake_clean_first': False, 'cmake_force_configure': False, 'cmake_target': None, 'cmake_target_skip_unavailable': False, 'install_base': '/home/jasper/rtab_robocup/install/sensors', 'merge_install': False, 'path': '/home/jasper/rtab_robocup/src/sensors', 'symlink_install': False, 'test_result_base': None}
[2.028s] Level 5:colcon.colcon_core.verb:set package 'unitree_lidar' build argument 'cmake_args' from command line to 'None'
[2.028s] Level 5:colcon.colcon_core.verb:set package 'unitree_lidar' build argument 'cmake_target' from command line to 'None'
[2.028s] Level 5:colcon.colcon_core.verb:set package 'unitree_lidar' build argument 'cmake_target_skip_unavailable' from command line to 'False'
[2.028s] Level 5:colcon.colcon_core.verb:set package 'unitree_lidar' build argument 'cmake_clean_cache' from command line to 'False'
[2.028s] Level 5:colcon.colcon_core.verb:set package 'unitree_lidar' build argument 'cmake_clean_first' from command line to 'False'
[2.028s] Level 5:colcon.colcon_core.verb:set package 'unitree_lidar' build argument 'cmake_force_configure' from command line to 'False'
[2.028s] Level 5:colcon.colcon_core.verb:set package 'unitree_lidar' build argument 'ament_cmake_args' from command line to 'None'
[2.028s] Level 5:colcon.colcon_core.verb:set package 'unitree_lidar' build argument 'catkin_cmake_args' from command line to 'None'
[2.028s] Level 5:colcon.colcon_core.verb:set package 'unitree_lidar' build argument 'catkin_skip_building_tests' from command line to 'False'
[2.028s] DEBUG:colcon.colcon_core.verb:Building package 'unitree_lidar' with the following arguments: {'ament_cmake_args': None, 'build_base': '/home/jasper/rtab_robocup/build/unitree_lidar', 'catkin_cmake_args': None, 'catkin_skip_building_tests': False, 'cmake_args': None, 'cmake_clean_cache': False, 'cmake_clean_first': False, 'cmake_force_configure': False, 'cmake_target': None, 'cmake_target_skip_unavailable': False, 'install_base': '/home/jasper/rtab_robocup/install/unitree_lidar', 'merge_install': False, 'path': '/home/jasper/rtab_robocup/src/rtabmap_roboworks/unitree_lidar', 'symlink_install': False, 'test_result_base': None}
[2.046s] INFO:colcon.colcon_core.executor:Executing jobs using 'parallel' executor
[2.065s] DEBUG:colcon.colcon_parallel_executor.executor.parallel:run_until_complete
[2.066s] INFO:colcon.colcon_ros.task.ament_cmake.build:Building ROS package in '/home/jasper/rtab_robocup/src/rtabmap_roboworks/examples' with build type 'ament_cmake'
[2.066s] INFO:colcon.colcon_cmake.task.cmake.build:Building CMake package in '/home/jasper/rtab_robocup/src/rtabmap_roboworks/examples'
[2.088s] INFO:colcon.colcon_core.plugin_system:Skipping extension 'colcon_core.shell.bat': Not used on non-Windows systems
[2.088s] INFO:colcon.colcon_core.shell:Skip shell extension 'powershell' for command environment: Not usable outside of PowerShell
[2.088s] DEBUG:colcon.colcon_core.shell:Skip shell extension 'dsv' for command environment
[2.152s] INFO:colcon.colcon_ros.task.ament_cmake.build:Building ROS package in '/home/jasper/rtab_robocup/src/pointcloud_to_laserscan' with build type 'ament_cmake'
[2.152s] INFO:colcon.colcon_cmake.task.cmake.build:Building CMake package in '/home/jasper/rtab_robocup/src/pointcloud_to_laserscan'
[2.172s] INFO:colcon.colcon_core.shell:Skip shell extension 'powershell' for command environment: Not usable outside of PowerShell
[2.172s] DEBUG:colcon.colcon_core.shell:Skip shell extension 'dsv' for command environment
[2.236s] INFO:colcon.colcon_ros.task.ament_cmake.build:Building ROS package in '/home/jasper/rtab_robocup/src/sensors' with build type 'ament_cmake'
[2.237s] INFO:colcon.colcon_cmake.task.cmake.build:Building CMake package in '/home/jasper/rtab_robocup/src/sensors'
[2.257s] INFO:colcon.colcon_core.shell:Skip shell extension 'powershell' for command environment: Not usable outside of PowerShell
[2.257s] DEBUG:colcon.colcon_core.shell:Skip shell extension 'dsv' for command environment
[2.324s] INFO:colcon.colcon_ros.task.ament_cmake.build:Building ROS package in '/home/jasper/rtab_robocup/src/rtabmap_roboworks/unitree_lidar' with build type 'ament_cmake'
[2.324s] INFO:colcon.colcon_cmake.task.cmake.build:Building CMake package in '/home/jasper/rtab_robocup/src/rtabmap_roboworks/unitree_lidar'
[2.344s] INFO:colcon.colcon_core.shell:Skip shell extension 'powershell' for command environment: Not usable outside of PowerShell
[2.344s] DEBUG:colcon.colcon_core.shell:Skip shell extension 'dsv' for command environment
[2.414s] DEBUG:colcon.colcon_core.event_handler.log_command:Invoking command in '/home/jasper/rtab_robocup/build/examples': CMAKE_PREFIX_PATH=${CMAKE_PREFIX_PATH}:/home/jasper/ws_moveit2/install/moveit_configs_utils:/home/jasper/ws_moveit2/install/launch_param_builder:/opt/ros/humble /usr/bin/cmake /home/jasper/rtab_robocup/src/rtabmap_roboworks/examples -DCMAKE_INSTALL_PREFIX=/home/jasper/rtab_robocup/install/examples
[2.417s] DEBUG:colcon.colcon_core.event_handler.log_command:Invoking command in '/home/jasper/rtab_robocup/build/pointcloud_to_laserscan': CMAKE_PREFIX_PATH=${CMAKE_PREFIX_PATH}:/home/jasper/ws_moveit2/install/moveit_configs_utils:/home/jasper/ws_moveit2/install/launch_param_builder:/opt/ros/humble /usr/bin/cmake /home/jasper/rtab_robocup/src/pointcloud_to_laserscan -DCMAKE_INSTALL_PREFIX=/home/jasper/rtab_robocup/install/pointcloud_to_laserscan
[2.421s] DEBUG:colcon.colcon_core.event_handler.log_command:Invoking command in '/home/jasper/rtab_robocup/build/sensors': CMAKE_PREFIX_PATH=${CMAKE_PREFIX_PATH}:/home/jasper/ws_moveit2/install/moveit_configs_utils:/home/jasper/ws_moveit2/install/launch_param_builder:/opt/ros/humble /usr/bin/cmake /home/jasper/rtab_robocup/src/sensors -DCMAKE_INSTALL_PREFIX=/home/jasper/rtab_robocup/install/sensors
[2.425s] DEBUG:colcon.colcon_core.event_handler.log_command:Invoking command in '/home/jasper/rtab_robocup/build/unitree_lidar': CMAKE_PREFIX_PATH=${CMAKE_PREFIX_PATH}:/home/jasper/ws_moveit2/install/moveit_configs_utils:/home/jasper/ws_moveit2/install/launch_param_builder:/opt/ros/humble /usr/bin/cmake /home/jasper/rtab_robocup/src/rtabmap_roboworks/unitree_lidar -DCMAKE_INSTALL_PREFIX=/home/jasper/rtab_robocup/install/unitree_lidar
[3.435s] DEBUG:colcon.colcon_core.event_handler.log_command:Invoked command in '/home/jasper/rtab_robocup/build/examples' returned '0': CMAKE_PREFIX_PATH=${CMAKE_PREFIX_PATH}:/home/jasper/ws_moveit2/install/moveit_configs_utils:/home/jasper/ws_moveit2/install/launch_param_builder:/opt/ros/humble /usr/bin/cmake /home/jasper/rtab_robocup/src/rtabmap_roboworks/examples -DCMAKE_INSTALL_PREFIX=/home/jasper/rtab_robocup/install/examples
[3.437s] DEBUG:colcon.colcon_core.event_handler.log_command:Invoking command in '/home/jasper/rtab_robocup/build/examples': CMAKE_PREFIX_PATH=${CMAKE_PREFIX_PATH}:/home/jasper/ws_moveit2/install/moveit_configs_utils:/home/jasper/ws_moveit2/install/launch_param_builder:/opt/ros/humble /usr/bin/cmake --build /home/jasper/rtab_robocup/build/examples -- -j8 -l8
[3.455s] DEBUG:colcon.colcon_core.event_handler.log_command:Invoked command in '/home/jasper/rtab_robocup/build/unitree_lidar' returned '0': CMAKE_PREFIX_PATH=${CMAKE_PREFIX_PATH}:/home/jasper/ws_moveit2/install/moveit_configs_utils:/home/jasper/ws_moveit2/install/launch_param_builder:/opt/ros/humble /usr/bin/cmake /home/jasper/rtab_robocup/src/rtabmap_roboworks/unitree_lidar -DCMAKE_INSTALL_PREFIX=/home/jasper/rtab_robocup/install/unitree_lidar
[3.457s] DEBUG:colcon.colcon_core.event_handler.log_command:Invoking command in '/home/jasper/rtab_robocup/build/unitree_lidar': CMAKE_PREFIX_PATH=${CMAKE_PREFIX_PATH}:/home/jasper/ws_moveit2/install/moveit_configs_utils:/home/jasper/ws_moveit2/install/launch_param_builder:/opt/ros/humble /usr/bin/cmake --build /home/jasper/rtab_robocup/build/unitree_lidar -- -j8 -l8
[3.499s] DEBUG:colcon.colcon_core.event_handler.log_command:Invoked command in '/home/jasper/rtab_robocup/build/examples' returned '0': CMAKE_PREFIX_PATH=${CMAKE_PREFIX_PATH}:/home/jasper/ws_moveit2/install/moveit_configs_utils:/home/jasper/ws_moveit2/install/launch_param_builder:/opt/ros/humble /usr/bin/cmake --build /home/jasper/rtab_robocup/build/examples -- -j8 -l8
[3.520s] DEBUG:colcon.colcon_core.event_handler.log_command:Invoked command in '/home/jasper/rtab_robocup/build/unitree_lidar' returned '0': CMAKE_PREFIX_PATH=${CMAKE_PREFIX_PATH}:/home/jasper/ws_moveit2/install/moveit_configs_utils:/home/jasper/ws_moveit2/install/launch_param_builder:/opt/ros/humble /usr/bin/cmake --build /home/jasper/rtab_robocup/build/unitree_lidar -- -j8 -l8
[3.564s] DEBUG:colcon.colcon_core.event_handler.log_command:Invoking command in '/home/jasper/rtab_robocup/build/examples': CMAKE_PREFIX_PATH=${CMAKE_PREFIX_PATH}:/home/jasper/ws_moveit2/install/moveit_configs_utils:/home/jasper/ws_moveit2/install/launch_param_builder:/opt/ros/humble /usr/bin/cmake --install /home/jasper/rtab_robocup/build/examples
[3.568s] DEBUG:colcon.colcon_core.event_handler.log_command:Invoking command in '/home/jasper/rtab_robocup/build/unitree_lidar': CMAKE_PREFIX_PATH=${CMAKE_PREFIX_PATH}:/home/jasper/ws_moveit2/install/moveit_configs_utils:/home/jasper/ws_moveit2/install/launch_param_builder:/opt/ros/humble /usr/bin/cmake --install /home/jasper/rtab_robocup/build/unitree_lidar
[3.587s] Level 1:colcon.colcon_core.environment:create_environment_scripts_only(examples)
[3.587s] DEBUG:colcon.colcon_core.event_handler.log_command:Invoked command in '/home/jasper/rtab_robocup/build/examples' returned '0': CMAKE_PREFIX_PATH=${CMAKE_PREFIX_PATH}:/home/jasper/ws_moveit2/install/moveit_configs_utils:/home/jasper/ws_moveit2/install/launch_param_builder:/opt/ros/humble /usr/bin/cmake --install /home/jasper/rtab_robocup/build/examples
[3.629s] Level 1:colcon.colcon_core.environment:checking '/home/jasper/rtab_robocup/install/examples' for CMake module files
[3.630s] Level 1:colcon.colcon_core.environment:checking '/home/jasper/rtab_robocup/install/examples' for CMake config files
[3.631s] Level 1:colcon.colcon_core.shell:create_environment_hook('examples', 'cmake_prefix_path')
[3.652s] INFO:colcon.colcon_core.shell:Creating environment hook '/home/jasper/rtab_robocup/install/examples/share/examples/hook/cmake_prefix_path.ps1'
[3.652s] INFO:colcon.colcon_core.shell:Creating environment descriptor '/home/jasper/rtab_robocup/install/examples/share/examples/hook/cmake_prefix_path.dsv'
[3.653s] INFO:colcon.colcon_core.shell:Creating environment hook '/home/jasper/rtab_robocup/install/examples/share/examples/hook/cmake_prefix_path.sh'
[3.653s] Level 1:colcon.colcon_core.environment:checking '/home/jasper/rtab_robocup/install/examples/bin'
[3.653s] Level 1:colcon.colcon_core.environment:checking '/home/jasper/rtab_robocup/install/examples/lib/pkgconfig/examples.pc'
[3.654s] Level 1:colcon.colcon_core.environment:checking '/home/jasper/rtab_robocup/install/examples/lib/python3.10/site-packages'
[3.654s] Level 1:colcon.colcon_core.environment:checking '/home/jasper/rtab_robocup/install/examples/bin'
[3.674s] INFO:colcon.colcon_core.shell:Creating package script '/home/jasper/rtab_robocup/install/examples/share/examples/package.ps1'
[3.675s] INFO:colcon.colcon_core.shell:Creating package descriptor '/home/jasper/rtab_robocup/install/examples/share/examples/package.dsv'
[3.675s] INFO:colcon.colcon_core.shell:Creating package script '/home/jasper/rtab_robocup/install/examples/share/examples/package.sh'
[3.676s] INFO:colcon.colcon_core.shell:Creating package script '/home/jasper/rtab_robocup/install/examples/share/examples/package.bash'
[3.677s] INFO:colcon.colcon_core.shell:Creating package script '/home/jasper/rtab_robocup/install/examples/share/examples/package.zsh'
[3.677s] Level 1:colcon.colcon_core.environment:create_file_with_runtime_dependencies(/home/jasper/rtab_robocup/install/examples/share/colcon-core/packages/examples)
[3.678s] Level 1:colcon.colcon_core.environment:create_environment_scripts_only(unitree_lidar)
[3.679s] DEBUG:colcon.colcon_core.event_handler.log_command:Invoked command in '/home/jasper/rtab_robocup/build/unitree_lidar' returned '0': CMAKE_PREFIX_PATH=${CMAKE_PREFIX_PATH}:/home/jasper/ws_moveit2/install/moveit_configs_utils:/home/jasper/ws_moveit2/install/launch_param_builder:/opt/ros/humble /usr/bin/cmake --install /home/jasper/rtab_robocup/build/unitree_lidar
[3.722s] Level 1:colcon.colcon_core.environment:checking '/home/jasper/rtab_robocup/install/unitree_lidar' for CMake module files
[3.723s] Level 1:colcon.colcon_core.environment:checking '/home/jasper/rtab_robocup/install/unitree_lidar' for CMake config files
[3.723s] Level 1:colcon.colcon_core.shell:create_environment_hook('unitree_lidar', 'cmake_prefix_path')
[3.745s] INFO:colcon.colcon_core.shell:Creating environment hook '/home/jasper/rtab_robocup/install/unitree_lidar/share/unitree_lidar/hook/cmake_prefix_path.ps1'
[3.745s] INFO:colcon.colcon_core.shell:Creating environment descriptor '/home/jasper/rtab_robocup/install/unitree_lidar/share/unitree_lidar/hook/cmake_prefix_path.dsv'
[3.746s] INFO:colcon.colcon_core.shell:Creating environment hook '/home/jasper/rtab_robocup/install/unitree_lidar/share/unitree_lidar/hook/cmake_prefix_path.sh'
[3.746s] Level 1:colcon.colcon_core.environment:checking '/home/jasper/rtab_robocup/install/unitree_lidar/bin'
[3.746s] Level 1:colcon.colcon_core.environment:checking '/home/jasper/rtab_robocup/install/unitree_lidar/lib/pkgconfig/unitree_lidar.pc'
[3.746s] Level 1:colcon.colcon_core.environment:checking '/home/jasper/rtab_robocup/install/unitree_lidar/lib/python3.10/site-packages'
[3.747s] Level 1:colcon.colcon_core.environment:checking '/home/jasper/rtab_robocup/install/unitree_lidar/bin'
[3.767s] INFO:colcon.colcon_core.shell:Creating package script '/home/jasper/rtab_robocup/install/unitree_lidar/share/unitree_lidar/package.ps1'
[3.767s] INFO:colcon.colcon_core.shell:Creating package descriptor '/home/jasper/rtab_robocup/install/unitree_lidar/share/unitree_lidar/package.dsv'
[3.767s] INFO:colcon.colcon_core.shell:Creating package script '/home/jasper/rtab_robocup/install/unitree_lidar/share/unitree_lidar/package.sh'
[3.768s] INFO:colcon.colcon_core.shell:Creating package script '/home/jasper/rtab_robocup/install/unitree_lidar/share/unitree_lidar/package.bash'
[3.768s] INFO:colcon.colcon_core.shell:Creating package script '/home/jasper/rtab_robocup/install/unitree_lidar/share/unitree_lidar/package.zsh'
[3.768s] Level 1:colcon.colcon_core.environment:create_file_with_runtime_dependencies(/home/jasper/rtab_robocup/install/unitree_lidar/share/colcon-core/packages/unitree_lidar)
[3.792s] Level 1:colcon.colcon_core.environment:create_environment_scripts_only(examples)
[3.815s] Level 1:colcon.colcon_core.environment:checking '/home/jasper/rtab_robocup/install/examples' for CMake module files
[3.816s] Level 1:colcon.colcon_core.environment:checking '/home/jasper/rtab_robocup/install/examples' for CMake config files
[3.816s] Level 1:colcon.colcon_core.shell:create_environment_hook('examples', 'cmake_prefix_path')
[3.839s] INFO:colcon.colcon_core.shell:Creating environment hook '/home/jasper/rtab_robocup/install/examples/share/examples/hook/cmake_prefix_path.ps1'
[3.840s] INFO:colcon.colcon_core.shell:Creating environment descriptor '/home/jasper/rtab_robocup/install/examples/share/examples/hook/cmake_prefix_path.dsv'
[3.840s] INFO:colcon.colcon_core.shell:Creating environment hook '/home/jasper/rtab_robocup/install/examples/share/examples/hook/cmake_prefix_path.sh'
[3.840s] Level 1:colcon.colcon_core.environment:checking '/home/jasper/rtab_robocup/install/examples/bin'
[3.841s] Level 1:colcon.colcon_core.environment:checking '/home/jasper/rtab_robocup/install/examples/lib/pkgconfig/examples.pc'
[3.841s] Level 1:colcon.colcon_core.environment:checking '/home/jasper/rtab_robocup/install/examples/lib/python3.10/site-packages'
[3.841s] Level 1:colcon.colcon_core.environment:checking '/home/jasper/rtab_robocup/install/examples/bin'
[3.864s] INFO:colcon.colcon_core.shell:Creating package script '/home/jasper/rtab_robocup/install/examples/share/examples/package.ps1'
[3.864s] INFO:colcon.colcon_core.shell:Creating package descriptor '/home/jasper/rtab_robocup/install/examples/share/examples/package.dsv'
[3.865s] INFO:colcon.colcon_core.shell:Creating package script '/home/jasper/rtab_robocup/install/examples/share/examples/package.sh'
[3.865s] INFO:colcon.colcon_core.shell:Creating package script '/home/jasper/rtab_robocup/install/examples/share/examples/package.bash'
[3.865s] INFO:colcon.colcon_core.shell:Creating package script '/home/jasper/rtab_robocup/install/examples/share/examples/package.zsh'
[3.866s] Level 1:colcon.colcon_core.environment:create_file_with_runtime_dependencies(/home/jasper/rtab_robocup/install/examples/share/colcon-core/packages/examples)
[3.890s] Level 1:colcon.colcon_core.environment:create_environment_scripts_only(unitree_lidar)
[3.917s] Level 1:colcon.colcon_core.environment:checking '/home/jasper/rtab_robocup/install/unitree_lidar' for CMake module files
[3.918s] Level 1:colcon.colcon_core.environment:checking '/home/jasper/rtab_robocup/install/unitree_lidar' for CMake config files
[3.918s] Level 1:colcon.colcon_core.shell:create_environment_hook('unitree_lidar', 'cmake_prefix_path')
[3.939s] INFO:colcon.colcon_core.shell:Creating environment hook '/home/jasper/rtab_robocup/install/unitree_lidar/share/unitree_lidar/hook/cmake_prefix_path.ps1'
[3.939s] INFO:colcon.colcon_core.shell:Creating environment descriptor '/home/jasper/rtab_robocup/install/unitree_lidar/share/unitree_lidar/hook/cmake_prefix_path.dsv'
[3.940s] INFO:colcon.colcon_core.shell:Creating environment hook '/home/jasper/rtab_robocup/install/unitree_lidar/share/unitree_lidar/hook/cmake_prefix_path.sh'
[3.940s] Level 1:colcon.colcon_core.environment:checking '/home/jasper/rtab_robocup/install/unitree_lidar/bin'
[3.940s] Level 1:colcon.colcon_core.environment:checking '/home/jasper/rtab_robocup/install/unitree_lidar/lib/pkgconfig/unitree_lidar.pc'
[3.940s] Level 1:colcon.colcon_core.environment:checking '/home/jasper/rtab_robocup/install/unitree_lidar/lib/python3.10/site-packages'
[3.941s] Level 1:colcon.colcon_core.environment:checking '/home/jasper/rtab_robocup/install/unitree_lidar/bin'
[3.961s] INFO:colcon.colcon_core.shell:Creating package script '/home/jasper/rtab_robocup/install/unitree_lidar/share/unitree_lidar/package.ps1'
[3.962s] INFO:colcon.colcon_core.shell:Creating package descriptor '/home/jasper/rtab_robocup/install/unitree_lidar/share/unitree_lidar/package.dsv'
[3.962s] INFO:colcon.colcon_core.shell:Creating package script '/home/jasper/rtab_robocup/install/unitree_lidar/share/unitree_lidar/package.sh'
[3.963s] INFO:colcon.colcon_core.shell:Creating package script '/home/jasper/rtab_robocup/install/unitree_lidar/share/unitree_lidar/package.bash'
[3.963s] INFO:colcon.colcon_core.shell:Creating package script '/home/jasper/rtab_robocup/install/unitree_lidar/share/unitree_lidar/package.zsh'
[3.963s] Level 1:colcon.colcon_core.environment:create_file_with_runtime_dependencies(/home/jasper/rtab_robocup/install/unitree_lidar/share/colcon-core/packages/unitree_lidar)
[4.861s] DEBUG:colcon.colcon_core.event_handler.log_command:Invoked command in '/home/jasper/rtab_robocup/build/sensors' returned '0': CMAKE_PREFIX_PATH=${CMAKE_PREFIX_PATH}:/home/jasper/ws_moveit2/install/moveit_configs_utils:/home/jasper/ws_moveit2/install/launch_param_builder:/opt/ros/humble /usr/bin/cmake /home/jasper/rtab_robocup/src/sensors -DCMAKE_INSTALL_PREFIX=/home/jasper/rtab_robocup/install/sensors
[4.862s] DEBUG:colcon.colcon_core.event_handler.log_command:Invoking command in '/home/jasper/rtab_robocup/build/sensors': CMAKE_PREFIX_PATH=${CMAKE_PREFIX_PATH}:/home/jasper/ws_moveit2/install/moveit_configs_utils:/home/jasper/ws_moveit2/install/launch_param_builder:/opt/ros/humble /usr/bin/cmake --build /home/jasper/rtab_robocup/build/sensors -- -j8 -l8
[5.616s] DEBUG:colcon.colcon_core.event_handler.log_command:Invoked command in '/home/jasper/rtab_robocup/build/pointcloud_to_laserscan' returned '0': CMAKE_PREFIX_PATH=${CMAKE_PREFIX_PATH}:/home/jasper/ws_moveit2/install/moveit_configs_utils:/home/jasper/ws_moveit2/install/launch_param_builder:/opt/ros/humble /usr/bin/cmake /home/jasper/rtab_robocup/src/pointcloud_to_laserscan -DCMAKE_INSTALL_PREFIX=/home/jasper/rtab_robocup/install/pointcloud_to_laserscan
[5.619s] DEBUG:colcon.colcon_core.event_handler.log_command:Invoking command in '/home/jasper/rtab_robocup/build/pointcloud_to_laserscan': CMAKE_PREFIX_PATH=${CMAKE_PREFIX_PATH}:/home/jasper/ws_moveit2/install/moveit_configs_utils:/home/jasper/ws_moveit2/install/launch_param_builder:/opt/ros/humble /usr/bin/cmake --build /home/jasper/rtab_robocup/build/pointcloud_to_laserscan -- -j8 -l8
[14.413s] DEBUG:colcon.colcon_core.event_handler.log_command:Invoked command in '/home/jasper/rtab_robocup/build/sensors' returned '0': CMAKE_PREFIX_PATH=${CMAKE_PREFIX_PATH}:/home/jasper/ws_moveit2/install/moveit_configs_utils:/home/jasper/ws_moveit2/install/launch_param_builder:/opt/ros/humble /usr/bin/cmake --build /home/jasper/rtab_robocup/build/sensors -- -j8 -l8
[14.470s] DEBUG:colcon.colcon_core.event_handler.log_command:Invoking command in '/home/jasper/rtab_robocup/build/sensors': CMAKE_PREFIX_PATH=${CMAKE_PREFIX_PATH}:/home/jasper/ws_moveit2/install/moveit_configs_utils:/home/jasper/ws_moveit2/install/launch_param_builder:/opt/ros/humble /usr/bin/cmake --install /home/jasper/rtab_robocup/build/sensors
[14.491s] Level 1:colcon.colcon_core.environment:create_environment_scripts_only(sensors)
[14.492s] DEBUG:colcon.colcon_core.event_handler.log_command:Invoked command in '/home/jasper/rtab_robocup/build/sensors' returned '0': CMAKE_PREFIX_PATH=${CMAKE_PREFIX_PATH}:/home/jasper/ws_moveit2/install/moveit_configs_utils:/home/jasper/ws_moveit2/install/launch_param_builder:/opt/ros/humble /usr/bin/cmake --install /home/jasper/rtab_robocup/build/sensors
[14.513s] Level 1:colcon.colcon_core.environment:checking '/home/jasper/rtab_robocup/install/sensors' for CMake module files
[14.514s] Level 1:colcon.colcon_core.environment:checking '/home/jasper/rtab_robocup/install/sensors' for CMake config files
[14.514s] Level 1:colcon.colcon_core.shell:create_environment_hook('sensors', 'cmake_prefix_path')
[14.534s] INFO:colcon.colcon_core.shell:Creating environment hook '/home/jasper/rtab_robocup/install/sensors/share/sensors/hook/cmake_prefix_path.ps1'
[14.534s] INFO:colcon.colcon_core.shell:Creating environment descriptor '/home/jasper/rtab_robocup/install/sensors/share/sensors/hook/cmake_prefix_path.dsv'
[14.535s] INFO:colcon.colcon_core.shell:Creating environment hook '/home/jasper/rtab_robocup/install/sensors/share/sensors/hook/cmake_prefix_path.sh'
[14.535s] Level 1:colcon.colcon_core.environment:checking '/home/jasper/rtab_robocup/install/sensors/lib'
[14.535s] Level 1:colcon.colcon_core.environment:checking '/home/jasper/rtab_robocup/install/sensors/bin'
[14.535s] Level 1:colcon.colcon_core.environment:checking '/home/jasper/rtab_robocup/install/sensors/lib/pkgconfig/sensors.pc'
[14.536s] Level 1:colcon.colcon_core.environment:checking '/home/jasper/rtab_robocup/install/sensors/lib/python3.10/site-packages'
[14.536s] Level 1:colcon.colcon_core.environment:checking '/home/jasper/rtab_robocup/install/sensors/bin'
[14.556s] INFO:colcon.colcon_core.shell:Creating package script '/home/jasper/rtab_robocup/install/sensors/share/sensors/package.ps1'
[14.557s] INFO:colcon.colcon_core.shell:Creating package descriptor '/home/jasper/rtab_robocup/install/sensors/share/sensors/package.dsv'
[14.557s] INFO:colcon.colcon_core.shell:Creating package script '/home/jasper/rtab_robocup/install/sensors/share/sensors/package.sh'
[14.558s] INFO:colcon.colcon_core.shell:Creating package script '/home/jasper/rtab_robocup/install/sensors/share/sensors/package.bash'
[14.558s] INFO:colcon.colcon_core.shell:Creating package script '/home/jasper/rtab_robocup/install/sensors/share/sensors/package.zsh'
[14.558s] Level 1:colcon.colcon_core.environment:create_file_with_runtime_dependencies(/home/jasper/rtab_robocup/install/sensors/share/colcon-core/packages/sensors)
[14.631s] Level 1:colcon.colcon_core.environment:create_environment_scripts_only(sensors)
[14.651s] Level 1:colcon.colcon_core.environment:checking '/home/jasper/rtab_robocup/install/sensors' for CMake module files
[14.652s] Level 1:colcon.colcon_core.environment:checking '/home/jasper/rtab_robocup/install/sensors' for CMake config files
[14.652s] Level 1:colcon.colcon_core.shell:create_environment_hook('sensors', 'cmake_prefix_path')
[14.672s] INFO:colcon.colcon_core.shell:Creating environment hook '/home/jasper/rtab_robocup/install/sensors/share/sensors/hook/cmake_prefix_path.ps1'
[14.672s] INFO:colcon.colcon_core.shell:Creating environment descriptor '/home/jasper/rtab_robocup/install/sensors/share/sensors/hook/cmake_prefix_path.dsv'
[14.672s] INFO:colcon.colcon_core.shell:Creating environment hook '/home/jasper/rtab_robocup/install/sensors/share/sensors/hook/cmake_prefix_path.sh'
[14.673s] Level 1:colcon.colcon_core.environment:checking '/home/jasper/rtab_robocup/install/sensors/lib'
[14.673s] Level 1:colcon.colcon_core.environment:checking '/home/jasper/rtab_robocup/install/sensors/bin'
[14.673s] Level 1:colcon.colcon_core.environment:checking '/home/jasper/rtab_robocup/install/sensors/lib/pkgconfig/sensors.pc'
[14.673s] Level 1:colcon.colcon_core.environment:checking '/home/jasper/rtab_robocup/install/sensors/lib/python3.10/site-packages'
[14.673s] Level 1:colcon.colcon_core.environment:checking '/home/jasper/rtab_robocup/install/sensors/bin'
[14.694s] INFO:colcon.colcon_core.shell:Creating package script '/home/jasper/rtab_robocup/install/sensors/share/sensors/package.ps1'
[14.694s] INFO:colcon.colcon_core.shell:Creating package descriptor '/home/jasper/rtab_robocup/install/sensors/share/sensors/package.dsv'
[14.695s] INFO:colcon.colcon_core.shell:Creating package script '/home/jasper/rtab_robocup/install/sensors/share/sensors/package.sh'
[14.695s] INFO:colcon.colcon_core.shell:Creating package script '/home/jasper/rtab_robocup/install/sensors/share/sensors/package.bash'
[14.695s] INFO:colcon.colcon_core.shell:Creating package script '/home/jasper/rtab_robocup/install/sensors/share/sensors/package.zsh'
[14.696s] Level 1:colcon.colcon_core.environment:create_file_with_runtime_dependencies(/home/jasper/rtab_robocup/install/sensors/share/colcon-core/packages/sensors)
[34.423s] DEBUG:colcon.colcon_core.event_handler.log_command:Invoked command in '/home/jasper/rtab_robocup/build/pointcloud_to_laserscan' returned '0': CMAKE_PREFIX_PATH=${CMAKE_PREFIX_PATH}:/home/jasper/ws_moveit2/install/moveit_configs_utils:/home/jasper/ws_moveit2/install/launch_param_builder:/opt/ros/humble /usr/bin/cmake --build /home/jasper/rtab_robocup/build/pointcloud_to_laserscan -- -j8 -l8
[34.509s] DEBUG:colcon.colcon_core.event_handler.log_command:Invoking command in '/home/jasper/rtab_robocup/build/pointcloud_to_laserscan': CMAKE_PREFIX_PATH=${CMAKE_PREFIX_PATH}:/home/jasper/ws_moveit2/install/moveit_configs_utils:/home/jasper/ws_moveit2/install/launch_param_builder:/opt/ros/humble /usr/bin/cmake --install /home/jasper/rtab_robocup/build/pointcloud_to_laserscan
[34.549s] Level 1:colcon.colcon_core.environment:create_environment_scripts_only(pointcloud_to_laserscan)
[34.549s] DEBUG:colcon.colcon_core.event_handler.log_command:Invoked command in '/home/jasper/rtab_robocup/build/pointcloud_to_laserscan' returned '0': CMAKE_PREFIX_PATH=${CMAKE_PREFIX_PATH}:/home/jasper/ws_moveit2/install/moveit_configs_utils:/home/jasper/ws_moveit2/install/launch_param_builder:/opt/ros/humble /usr/bin/cmake --install /home/jasper/rtab_robocup/build/pointcloud_to_laserscan
[34.569s] Level 1:colcon.colcon_core.environment:checking '/home/jasper/rtab_robocup/install/pointcloud_to_laserscan' for CMake module files
[34.569s] Level 1:colcon.colcon_core.environment:checking '/home/jasper/rtab_robocup/install/pointcloud_to_laserscan' for CMake config files
[34.570s] Level 1:colcon.colcon_core.shell:create_environment_hook('pointcloud_to_laserscan', 'cmake_prefix_path')
[34.589s] INFO:colcon.colcon_core.shell:Creating environment hook '/home/jasper/rtab_robocup/install/pointcloud_to_laserscan/share/pointcloud_to_laserscan/hook/cmake_prefix_path.ps1'
[34.590s] INFO:colcon.colcon_core.shell:Creating environment descriptor '/home/jasper/rtab_robocup/install/pointcloud_to_laserscan/share/pointcloud_to_laserscan/hook/cmake_prefix_path.dsv'
[34.590s] INFO:colcon.colcon_core.shell:Creating environment hook '/home/jasper/rtab_robocup/install/pointcloud_to_laserscan/share/pointcloud_to_laserscan/hook/cmake_prefix_path.sh'
[34.591s] Level 1:colcon.colcon_core.environment:checking '/home/jasper/rtab_robocup/install/pointcloud_to_laserscan/lib'
[34.591s] Level 1:colcon.colcon_core.shell:create_environment_hook('pointcloud_to_laserscan', 'ld_library_path_lib')
[34.613s] INFO:colcon.colcon_core.shell:Creating environment hook '/home/jasper/rtab_robocup/install/pointcloud_to_laserscan/share/pointcloud_to_laserscan/hook/ld_library_path_lib.ps1'
[34.613s] INFO:colcon.colcon_core.shell:Creating environment descriptor '/home/jasper/rtab_robocup/install/pointcloud_to_laserscan/share/pointcloud_to_laserscan/hook/ld_library_path_lib.dsv'
[34.613s] INFO:colcon.colcon_core.shell:Creating environment hook '/home/jasper/rtab_robocup/install/pointcloud_to_laserscan/share/pointcloud_to_laserscan/hook/ld_library_path_lib.sh'
[34.613s] Level 1:colcon.colcon_core.environment:checking '/home/jasper/rtab_robocup/install/pointcloud_to_laserscan/bin'
[34.614s] Level 1:colcon.colcon_core.environment:checking '/home/jasper/rtab_robocup/install/pointcloud_to_laserscan/lib/pkgconfig/pointcloud_to_laserscan.pc'
[34.614s] Level 1:colcon.colcon_core.environment:checking '/home/jasper/rtab_robocup/install/pointcloud_to_laserscan/lib/python3.10/site-packages'
[34.614s] Level 1:colcon.colcon_core.environment:checking '/home/jasper/rtab_robocup/install/pointcloud_to_laserscan/bin'
[34.632s] INFO:colcon.colcon_core.shell:Creating package script '/home/jasper/rtab_robocup/install/pointcloud_to_laserscan/share/pointcloud_to_laserscan/package.ps1'
[34.633s] INFO:colcon.colcon_core.shell:Creating package descriptor '/home/jasper/rtab_robocup/install/pointcloud_to_laserscan/share/pointcloud_to_laserscan/package.dsv'
[34.633s] INFO:colcon.colcon_core.shell:Creating package script '/home/jasper/rtab_robocup/install/pointcloud_to_laserscan/share/pointcloud_to_laserscan/package.sh'
[34.634s] INFO:colcon.colcon_core.shell:Creating package script '/home/jasper/rtab_robocup/install/pointcloud_to_laserscan/share/pointcloud_to_laserscan/package.bash'
[34.634s] INFO:colcon.colcon_core.shell:Creating package script '/home/jasper/rtab_robocup/install/pointcloud_to_laserscan/share/pointcloud_to_laserscan/package.zsh'
[34.634s] Level 1:colcon.colcon_core.environment:create_file_with_runtime_dependencies(/home/jasper/rtab_robocup/install/pointcloud_to_laserscan/share/colcon-core/packages/pointcloud_to_laserscan)
[34.736s] Level 1:colcon.colcon_core.environment:create_environment_scripts_only(pointcloud_to_laserscan)
[34.755s] Level 1:colcon.colcon_core.environment:checking '/home/jasper/rtab_robocup/install/pointcloud_to_laserscan' for CMake module files
[34.756s] Level 1:colcon.colcon_core.environment:checking '/home/jasper/rtab_robocup/install/pointcloud_to_laserscan' for CMake config files
[34.756s] Level 1:colcon.colcon_core.shell:create_environment_hook('pointcloud_to_laserscan', 'cmake_prefix_path')
[34.775s] INFO:colcon.colcon_core.shell:Creating environment hook '/home/jasper/rtab_robocup/install/pointcloud_to_laserscan/share/pointcloud_to_laserscan/hook/cmake_prefix_path.ps1'
[34.775s] INFO:colcon.colcon_core.shell:Creating environment descriptor '/home/jasper/rtab_robocup/install/pointcloud_to_laserscan/share/pointcloud_to_laserscan/hook/cmake_prefix_path.dsv'
[34.776s] INFO:colcon.colcon_core.shell:Creating environment hook '/home/jasper/rtab_robocup/install/pointcloud_to_laserscan/share/pointcloud_to_laserscan/hook/cmake_prefix_path.sh'
[34.776s] Level 1:colcon.colcon_core.environment:checking '/home/jasper/rtab_robocup/install/pointcloud_to_laserscan/lib'
[34.776s] Level 1:colcon.colcon_core.shell:create_environment_hook('pointcloud_to_laserscan', 'ld_library_path_lib')
[34.795s] INFO:colcon.colcon_core.shell:Creating environment hook '/home/jasper/rtab_robocup/install/pointcloud_to_laserscan/share/pointcloud_to_laserscan/hook/ld_library_path_lib.ps1'
[34.796s] INFO:colcon.colcon_core.shell:Creating environment descriptor '/home/jasper/rtab_robocup/install/pointcloud_to_laserscan/share/pointcloud_to_laserscan/hook/ld_library_path_lib.dsv'
[34.796s] INFO:colcon.colcon_core.shell:Creating environment hook '/home/jasper/rtab_robocup/install/pointcloud_to_laserscan/share/pointcloud_to_laserscan/hook/ld_library_path_lib.sh'
[34.796s] Level 1:colcon.colcon_core.environment:checking '/home/jasper/rtab_robocup/install/pointcloud_to_laserscan/bin'
[34.796s] Level 1:colcon.colcon_core.environment:checking '/home/jasper/rtab_robocup/install/pointcloud_to_laserscan/lib/pkgconfig/pointcloud_to_laserscan.pc'
[34.797s] Level 1:colcon.colcon_core.environment:checking '/home/jasper/rtab_robocup/install/pointcloud_to_laserscan/lib/python3.10/site-packages'
[34.797s] Level 1:colcon.colcon_core.environment:checking '/home/jasper/rtab_robocup/install/pointcloud_to_laserscan/bin'
[34.817s] INFO:colcon.colcon_core.shell:Creating package script '/home/jasper/rtab_robocup/install/pointcloud_to_laserscan/share/pointcloud_to_laserscan/package.ps1'
[34.818s] INFO:colcon.colcon_core.shell:Creating package descriptor '/home/jasper/rtab_robocup/install/pointcloud_to_laserscan/share/pointcloud_to_laserscan/package.dsv'
[34.818s] INFO:colcon.colcon_core.shell:Creating package script '/home/jasper/rtab_robocup/install/pointcloud_to_laserscan/share/pointcloud_to_laserscan/package.sh'
[34.819s] INFO:colcon.colcon_core.shell:Creating package script '/home/jasper/rtab_robocup/install/pointcloud_to_laserscan/share/pointcloud_to_laserscan/package.bash'
[34.819s] INFO:colcon.colcon_core.shell:Creating package script '/home/jasper/rtab_robocup/install/pointcloud_to_laserscan/share/pointcloud_to_laserscan/package.zsh'
[34.820s] Level 1:colcon.colcon_core.environment:create_file_with_runtime_dependencies(/home/jasper/rtab_robocup/install/pointcloud_to_laserscan/share/colcon-core/packages/pointcloud_to_laserscan)
[34.820s] DEBUG:colcon.colcon_parallel_executor.executor.parallel:closing loop
[34.820s] DEBUG:colcon.colcon_parallel_executor.executor.parallel:loop closed
[34.820s] DEBUG:colcon.colcon_parallel_executor.executor.parallel:run_until_complete finished with '0'
[34.820s] DEBUG:colcon.colcon_core.event_reactor:joining thread
[34.845s] INFO:colcon.colcon_core.plugin_system:Skipping extension 'colcon_notification.desktop_notification.terminal_notifier': Not used on non-Darwin systems
[34.845s] INFO:colcon.colcon_core.plugin_system:Skipping extension 'colcon_notification.desktop_notification.win32': Not used on non-Windows systems
[34.845s] INFO:colcon.colcon_notification.desktop_notification:Sending desktop notification using 'notify2'
[34.858s] DEBUG:colcon.colcon_core.event_reactor:joined thread
[34.879s] INFO:colcon.colcon_core.shell:Creating prefix script '/home/jasper/rtab_robocup/install/local_setup.ps1'
[34.880s] INFO:colcon.colcon_core.shell:Creating prefix util module '/home/jasper/rtab_robocup/install/_local_setup_util_ps1.py'
[34.881s] INFO:colcon.colcon_core.shell:Creating prefix chain script '/home/jasper/rtab_robocup/install/setup.ps1'
[34.903s] INFO:colcon.colcon_core.shell:Creating prefix script '/home/jasper/rtab_robocup/install/local_setup.sh'
[34.904s] INFO:colcon.colcon_core.shell:Creating prefix util module '/home/jasper/rtab_robocup/install/_local_setup_util_sh.py'
[34.904s] INFO:colcon.colcon_core.shell:Creating prefix chain script '/home/jasper/rtab_robocup/install/setup.sh'
[34.927s] INFO:colcon.colcon_core.shell:Creating prefix script '/home/jasper/rtab_robocup/install/local_setup.bash'
[34.927s] INFO:colcon.colcon_core.shell:Creating prefix chain script '/home/jasper/rtab_robocup/install/setup.bash'
[34.949s] INFO:colcon.colcon_core.shell:Creating prefix script '/home/jasper/rtab_robocup/install/local_setup.zsh'
[34.950s] INFO:colcon.colcon_core.shell:Creating prefix chain script '/home/jasper/rtab_robocup/install/setup.zsh'
