[0.116s] Invoking command in '/home/jasper/RoboWorks_Comp_Team/brain/build/roboworks_brain_interfaces': CMAKE_PREFIX_PATH=${CMAKE_PREFIX_PATH}:/home/jasper/ws_moveit2/install/moveit_configs_utils:/home/jasper/ws_moveit2/install/launch_param_builder:/opt/ros/humble /usr/bin/cmake --build /home/jasper/RoboWorks_Comp_Team/brain/build/roboworks_brain_interfaces -- -j8 -l8
[0.152s] -- Found ament_cmake: 1.3.6 (/opt/ros/humble/share/ament_cmake/cmake)
[0.516s] -- Found rosidl_default_generators: 1.2.0 (/opt/ros/humble/share/rosidl_default_generators/cmake)
[0.528s] -- Using all available rosidl_typesupport_c: rosidl_typesupport_fastrtps_c;rosidl_typesupport_introspection_c
[0.531s] -- Found rosidl_adapter: 3.1.5 (/opt/ros/humble/share/rosidl_adapter/cmake)
[0.568s] -- Using all available rosidl_typesupport_cpp: rosidl_typesupport_fastrtps_cpp;rosidl_typesupport_introspection_cpp
[0.596s] -- Found geometry_msgs: 4.2.3 (/opt/ros/humble/share/geometry_msgs/cmake)
[0.731s] -- Found rclcpp: 16.0.7 (/opt/ros/humble/share/rclcpp/cmake)
[0.783s] -- Found rmw_implementation_cmake: 6.1.1 (/opt/ros/humble/share/rmw_implementation_cmake/cmake)
[0.787s] -- Found rmw_fastrtps_cpp: 6.2.5 (/opt/ros/humble/share/rmw_fastrtps_cpp/cmake)
[0.958s] -- Using RMW implementation 'rmw_fastrtps_cpp' as default
[1.306s] [31mCMake Error at /opt/ros/humble/share/rosidl_adapter/cmake/rosidl_adapt_interfaces.cmake:59 (message):
[1.307s]   execute_process(/usr/bin/python3.10 -m rosidl_adapter --package-name
[1.307s]   roboworks_brain_interfaces --arguments-file
[1.307s]   /home/jasper/RoboWorks_Comp_Team/brain/build/roboworks_brain_interfaces/rosidl_adapter__arguments__roboworks_brain_interfaces.json
[1.307s]   --output-dir
[1.307s]   /home/jasper/RoboWorks_Comp_Team/brain/build/roboworks_brain_interfaces/rosidl_adapter/roboworks_brain_interfaces
[1.307s]   --output-file
[1.307s]   /home/jasper/RoboWorks_Comp_Team/brain/build/roboworks_brain_interfaces/rosidl_adapter/roboworks_brain_interfaces.idls)
[1.307s]   returned error code 1:
[1.307s] 
[1.307s]   Error processing 'list<string> masterList instruction' of
[1.307s]   'roboworks_brain_interfaces/TaskOpt_Response': ''list<string>' is an
[1.307s]   invalid message name.  It should have the pattern '^[A-Z][A-Za-z0-9]*$''
[1.307s] 
[1.307s]   Traceback (most recent call last):
[1.308s] 
[1.308s]     File "/usr/lib/python3.10/runpy.py", line 196, in _run_module_as_main
[1.308s]       return _run_code(code, main_globals, None,
[1.308s]     File "/usr/lib/python3.10/runpy.py", line 86, in _run_code
[1.308s]       exec(code, run_globals)
[1.308s]     File "/opt/ros/humble/local/lib/python3.10/dist-packages/rosidl_adapter/__main__.py", line 19, in <module>
[1.308s]       sys.exit(main())
[1.308s]     File "/opt/ros/humble/local/lib/python3.10/dist-packages/rosidl_adapter/main.py", line 53, in main
[1.308s]       abs_idl_file = convert_to_idl(
[1.308s]     File "/opt/ros/humble/local/lib/python3.10/dist-packages/rosidl_adapter/__init__.py", line 24, in convert_to_idl
[1.308s]       return convert_srv_to_idl(
[1.308s]     File "/opt/ros/humble/local/lib/python3.10/dist-packages/rosidl_adapter/srv/__init__.py", line 28, in convert_srv_to_idl
[1.308s]       srv = parse_service_string(package_name, input_file.stem, content)
[1.308s]     File "/opt/ros/humble/local/lib/python3.10/dist-packages/rosidl_adapter/parser.py", line 863, in parse_service_string
[1.308s]       response_message = parse_message_string(
[1.308s]     File "/opt/ros/humble/local/lib/python3.10/dist-packages/rosidl_adapter/parser.py", line 520, in parse_message_string
[1.308s]       Type(type_string, context_package_name=pkg_name),
[1.309s]     File "/opt/ros/humble/local/lib/python3.10/dist-packages/rosidl_adapter/parser.py", line 277, in __init__
[1.309s]       super(Type, self).__init__(
[1.309s]     File "/opt/ros/humble/local/lib/python3.10/dist-packages/rosidl_adapter/parser.py", line 205, in __init__
[1.309s]       raise InvalidResourceName(
[1.309s] 
[1.309s]   rosidl_adapter.parser.InvalidResourceName: 'list<string>' is an invalid
[1.309s]   message name.  It should have the pattern '^[A-Z][A-Za-z0-9]*$'
[1.309s] 
[1.309s] Call Stack (most recent call first):
[1.309s]   /opt/ros/humble/share/rosidl_cmake/cmake/rosidl_generate_interfaces.cmake:130 (rosidl_adapt_interfaces)
[1.309s]   CMakeLists.txt:14 (rosidl_generate_interfaces)
[1.309s] 
[1.309s] [0m
[1.309s] -- Configuring incomplete, errors occurred!
[1.309s] See also "/home/jasper/RoboWorks_Comp_Team/brain/build/roboworks_brain_interfaces/CMakeFiles/CMakeOutput.log".
[1.315s] gmake: *** [Makefile:963: cmake_check_build_system] Error 1
[1.317s] Invoked command in '/home/jasper/RoboWorks_Comp_Team/brain/build/roboworks_brain_interfaces' returned '2': CMAKE_PREFIX_PATH=${CMAKE_PREFIX_PATH}:/home/jasper/ws_moveit2/install/moveit_configs_utils:/home/jasper/ws_moveit2/install/launch_param_builder:/opt/ros/humble /usr/bin/cmake --build /home/jasper/RoboWorks_Comp_Team/brain/build/roboworks_brain_interfaces -- -j8 -l8
