[0.212s] Invoking command in '/home/jasper/RoboWorks_Comp_Team/brain/build/roboworks_brain': CMAKE_PREFIX_PATH=${CMAKE_PREFIX_PATH}:/home/jasper/ws_moveit2/install/moveit_configs_utils:/home/jasper/ws_moveit2/install/launch_param_builder:/opt/ros/humble /usr/bin/cmake /home/jasper/RoboWorks_Comp_Team/brain/src/roboworks_brain -DCMAKE_INSTALL_PREFIX=/home/jasper/RoboWorks_Comp_Team/brain/install/roboworks_brain
[0.232s] -- Found ament_cmake: 1.3.6 (/opt/ros/humble/share/ament_cmake/cmake)
[0.426s] -- Found rclcpp: 16.0.7 (/opt/ros/humble/share/rclcpp/cmake)
[0.461s] -- Found rosidl_generator_c: 3.1.5 (/opt/ros/humble/share/rosidl_generator_c/cmake)
[0.464s] -- Found rosidl_adapter: 3.1.5 (/opt/ros/humble/share/rosidl_adapter/cmake)
[0.471s] -- Found rosidl_generator_cpp: 3.1.5 (/opt/ros/humble/share/rosidl_generator_cpp/cmake)
[0.486s] -- Using all available rosidl_typesupport_c: rosidl_typesupport_fastrtps_c;rosidl_typesupport_introspection_c
[0.508s] -- Using all available rosidl_typesupport_cpp: rosidl_typesupport_fastrtps_cpp;rosidl_typesupport_introspection_cpp
[0.578s] -- Found rmw_implementation_cmake: 6.1.1 (/opt/ros/humble/share/rmw_implementation_cmake/cmake)
[0.582s] -- Found rmw_fastrtps_cpp: 6.2.5 (/opt/ros/humble/share/rmw_fastrtps_cpp/cmake)
[0.757s] -- Using RMW implementation 'rmw_fastrtps_cpp' as default
[0.963s] [31mCMake Error at CMakeLists.txt:11 (find_package):
[0.964s]   By not providing "Findroboworks_brain_interfaces.cmake" in
[0.964s]   CMAKE_MODULE_PATH this project has asked CMake to find a package
[0.964s]   configuration file provided by "roboworks_brain_interfaces", but CMake did
[0.964s]   not find one.
[0.964s] 
[0.964s]   Could not find a package configuration file provided by
[0.964s]   "roboworks_brain_interfaces" with any of the following names:
[0.964s] 
[0.964s]     roboworks_brain_interfacesConfig.cmake
[0.964s]     roboworks_brain_interfaces-config.cmake
[0.964s] 
[0.964s]   Add the installation prefix of "roboworks_brain_interfaces" to
[0.964s]   CMAKE_PREFIX_PATH or set "roboworks_brain_interfaces_DIR" to a directory
[0.964s]   containing one of the above files.  If "roboworks_brain_interfaces"
[0.964s]   provides a separate development package or SDK, be sure it has been
[0.964s]   installed.
[0.965s] 
[0.965s] [0m
[0.965s] -- Configuring incomplete, errors occurred!
[0.965s] See also "/home/jasper/RoboWorks_Comp_Team/brain/build/roboworks_brain/CMakeFiles/CMakeOutput.log".
[0.982s] Invoked command in '/home/jasper/RoboWorks_Comp_Team/brain/build/roboworks_brain' returned '1': CMAKE_PREFIX_PATH=${CMAKE_PREFIX_PATH}:/home/jasper/ws_moveit2/install/moveit_configs_utils:/home/jasper/ws_moveit2/install/launch_param_builder:/opt/ros/humble /usr/bin/cmake /home/jasper/RoboWorks_Comp_Team/brain/src/roboworks_brain -DCMAKE_INSTALL_PREFIX=/home/jasper/RoboWorks_Comp_Team/brain/install/roboworks_brain
