-- Found ament_cmake: 1.3.6 (/opt/ros/humble/share/ament_cmake/cmake)
-- Found rosidl_default_generators: 1.2.0 (/opt/ros/humble/share/rosidl_default_generators/cmake)
-- Using all available rosidl_typesupport_c: rosidl_typesupport_fastrtps_c;rosidl_typesupport_introspection_c
-- Found rosidl_adapter: 3.1.5 (/opt/ros/humble/share/rosidl_adapter/cmake)
-- Using all available rosidl_typesupport_cpp: rosidl_typesupport_fastrtps_cpp;rosidl_typesupport_introspection_cpp
-- Found geometry_msgs: 4.2.3 (/opt/ros/humble/share/geometry_msgs/cmake)
-- Found rclcpp: 16.0.7 (/opt/ros/humble/share/rclcpp/cmake)
-- Found rmw_implementation_cmake: 6.1.1 (/opt/ros/humble/share/rmw_implementation_cmake/cmake)
-- Found rmw_fastrtps_cpp: 6.2.5 (/opt/ros/humble/share/rmw_fastrtps_cpp/cmake)
-- Using RMW implementation 'rmw_fastrtps_cpp' as default
-- Found ament_cmake_ros: 0.10.0 (/opt/ros/humble/share/ament_cmake_ros/cmake)
-- Using all available rosidl_typesupport_c: rosidl_typesupport_fastrtps_c;rosidl_typesupport_introspection_c
-- Using all available rosidl_typesupport_cpp: rosidl_typesupport_fastrtps_cpp;rosidl_typesupport_introspection_cpp
-- Found python_cmake_module: 0.10.0 (/opt/ros/humble/share/python_cmake_module/cmake)
-- Using PYTHON_EXECUTABLE: /usr/bin/python3
-- Using PYTHON_INCLUDE_DIRS: /usr/include/python3.10
-- Using PYTHON_LIBRARIES: /usr/lib/x86_64-linux-gnu/libpython3.10.so
-- Found ament_lint_auto: 0.12.9 (/opt/ros/humble/share/ament_lint_auto/cmake)
-- Added test 'lint_cmake' to check CMake code style
-- Added test 'xmllint' to check XML markup files
-- Configuring done
-- Generating done
-- Build files have been written to: /home/jasper/RoboWorks_Comp_Team/brain/build/roboworks_brain_interfaces
[  2%] [34m[1mGenerating C code for ROS interfaces[0m
[  4%] [34m[1mGenerating C++ code for ROS interfaces[0m
[  4%] Built target ament_cmake_python_copy_roboworks_brain_interfaces
running egg_info
writing roboworks_brain_interfaces.egg-info/PKG-INFO
writing dependency_links to roboworks_brain_interfaces.egg-info/dependency_links.txt
writing top-level names to roboworks_brain_interfaces.egg-info/top_level.txt
reading manifest file 'roboworks_brain_interfaces.egg-info/SOURCES.txt'
writing manifest file 'roboworks_brain_interfaces.egg-info/SOURCES.txt'
[  4%] Built target ament_cmake_python_build_roboworks_brain_interfaces_egg
[35m[1mConsolidate compiler generated dependencies of target roboworks_brain_interfaces__rosidl_generator_c[0m
[  4%] Built target roboworks_brain_interfaces__cpp
[  6%] [32mBuilding C object CMakeFiles/roboworks_brain_interfaces__rosidl_generator_c.dir/rosidl_generator_c/roboworks_brain_interfaces/srv/detail/task_opt__functions.c.o[0m
[  8%] [32mBuilding C object CMakeFiles/roboworks_brain_interfaces__rosidl_generator_c.dir/rosidl_generator_c/roboworks_brain_interfaces/srv/detail/arm_brain__functions.c.o[0m
[ 10%] [32mBuilding C object CMakeFiles/roboworks_brain_interfaces__rosidl_generator_c.dir/rosidl_generator_c/roboworks_brain_interfaces/srv/detail/navigation__functions.c.o[0m
[ 12%] [34m[1mGenerating C++ type support dispatch for ROS interfaces[0m
[ 17%] [34m[1mGenerating C++ type support for eProsima Fast-RTPS[0m
[ 17%] [34m[1mGenerating C++ introspection for ROS interfaces[0m
[ 19%] [32m[1mLinking C shared library libroboworks_brain_interfaces__rosidl_generator_c.so[0m
[ 19%] Built target roboworks_brain_interfaces__rosidl_generator_c
[ 23%] [34m[1mGenerating C type support dispatch for ROS interfaces[0m
[ 23%] [34m[1mGenerating C introspection for ROS interfaces[0m
[ 25%] [34m[1mGenerating C type support for eProsima Fast-RTPS[0m
[35m[1mConsolidate compiler generated dependencies of target roboworks_brain_interfaces__rosidl_typesupport_cpp[0m
[ 27%] [32mBuilding CXX object CMakeFiles/roboworks_brain_interfaces__rosidl_typesupport_cpp.dir/rosidl_typesupport_cpp/roboworks_brain_interfaces/srv/arm_brain__type_support.cpp.o[0m
[ 29%] [32mBuilding CXX object CMakeFiles/roboworks_brain_interfaces__rosidl_typesupport_cpp.dir/rosidl_typesupport_cpp/roboworks_brain_interfaces/srv/navigation__type_support.cpp.o[0m
[ 31%] [32mBuilding CXX object CMakeFiles/roboworks_brain_interfaces__rosidl_typesupport_cpp.dir/rosidl_typesupport_cpp/roboworks_brain_interfaces/srv/task_opt__type_support.cpp.o[0m
[35m[1mConsolidate compiler generated dependencies of target roboworks_brain_interfaces__rosidl_typesupport_introspection_cpp[0m
[ 34%] [32mBuilding CXX object CMakeFiles/roboworks_brain_interfaces__rosidl_typesupport_introspection_cpp.dir/rosidl_typesupport_introspection_cpp/roboworks_brain_interfaces/srv/detail/arm_brain__type_support.cpp.o[0m
[35m[1mConsolidate compiler generated dependencies of target roboworks_brain_interfaces__rosidl_typesupport_fastrtps_cpp[0m
[ 36%] [32mBuilding CXX object CMakeFiles/roboworks_brain_interfaces__rosidl_typesupport_introspection_cpp.dir/rosidl_typesupport_introspection_cpp/roboworks_brain_interfaces/srv/detail/navigation__type_support.cpp.o[0m
[ 38%] [32mBuilding CXX object CMakeFiles/roboworks_brain_interfaces__rosidl_typesupport_fastrtps_cpp.dir/rosidl_typesupport_fastrtps_cpp/roboworks_brain_interfaces/srv/detail/dds_fastrtps/arm_brain__type_support.cpp.o[0m
[ 40%] [32m[1mLinking CXX shared library libroboworks_brain_interfaces__rosidl_typesupport_cpp.so[0m
[35m[1mConsolidate compiler generated dependencies of target roboworks_brain_interfaces__rosidl_typesupport_c[0m
[ 42%] [32mBuilding CXX object CMakeFiles/roboworks_brain_interfaces__rosidl_typesupport_fastrtps_cpp.dir/rosidl_typesupport_fastrtps_cpp/roboworks_brain_interfaces/srv/detail/dds_fastrtps/navigation__type_support.cpp.o[0m
[ 44%] [32mBuilding CXX object CMakeFiles/roboworks_brain_interfaces__rosidl_typesupport_c.dir/rosidl_typesupport_c/roboworks_brain_interfaces/srv/arm_brain__type_support.cpp.o[0m
[ 46%] [32mBuilding CXX object CMakeFiles/roboworks_brain_interfaces__rosidl_typesupport_c.dir/rosidl_typesupport_c/roboworks_brain_interfaces/srv/navigation__type_support.cpp.o[0m
[ 46%] Built target roboworks_brain_interfaces__rosidl_typesupport_cpp
[ 48%] [32mBuilding CXX object CMakeFiles/roboworks_brain_interfaces__rosidl_typesupport_c.dir/rosidl_typesupport_c/roboworks_brain_interfaces/srv/task_opt__type_support.cpp.o[0m
[ 51%] [32mBuilding CXX object CMakeFiles/roboworks_brain_interfaces__rosidl_typesupport_introspection_cpp.dir/rosidl_typesupport_introspection_cpp/roboworks_brain_interfaces/srv/detail/task_opt__type_support.cpp.o[0m
[35m[1mConsolidate compiler generated dependencies of target roboworks_brain_interfaces__rosidl_typesupport_fastrtps_c[0m
[35m[1mConsolidate compiler generated dependencies of target roboworks_brain_interfaces__rosidl_typesupport_introspection_c[0m
[ 53%] [32m[1mLinking CXX shared library libroboworks_brain_interfaces__rosidl_typesupport_c.so[0m
[ 55%] [32mBuilding CXX object CMakeFiles/roboworks_brain_interfaces__rosidl_typesupport_fastrtps_c.dir/rosidl_typesupport_fastrtps_c/roboworks_brain_interfaces/srv/detail/arm_brain__type_support_c.cpp.o[0m
[ 57%] [32mBuilding C object CMakeFiles/roboworks_brain_interfaces__rosidl_typesupport_introspection_c.dir/rosidl_typesupport_introspection_c/roboworks_brain_interfaces/srv/detail/arm_brain__type_support.c.o[0m
[ 59%] [32mBuilding C object CMakeFiles/roboworks_brain_interfaces__rosidl_typesupport_introspection_c.dir/rosidl_typesupport_introspection_c/roboworks_brain_interfaces/srv/detail/navigation__type_support.c.o[0m
[ 59%] Built target roboworks_brain_interfaces__rosidl_typesupport_c
[ 61%] [32mBuilding C object CMakeFiles/roboworks_brain_interfaces__rosidl_typesupport_introspection_c.dir/rosidl_typesupport_introspection_c/roboworks_brain_interfaces/srv/detail/task_opt__type_support.c.o[0m
[ 63%] [32mBuilding CXX object CMakeFiles/roboworks_brain_interfaces__rosidl_typesupport_fastrtps_c.dir/rosidl_typesupport_fastrtps_c/roboworks_brain_interfaces/srv/detail/navigation__type_support_c.cpp.o[0m
[ 65%] [32mBuilding CXX object CMakeFiles/roboworks_brain_interfaces__rosidl_typesupport_fastrtps_cpp.dir/rosidl_typesupport_fastrtps_cpp/roboworks_brain_interfaces/srv/detail/dds_fastrtps/task_opt__type_support.cpp.o[0m
[ 68%] [32m[1mLinking C shared library libroboworks_brain_interfaces__rosidl_typesupport_introspection_c.so[0m
[ 70%] [32mBuilding CXX object CMakeFiles/roboworks_brain_interfaces__rosidl_typesupport_fastrtps_c.dir/rosidl_typesupport_fastrtps_c/roboworks_brain_interfaces/srv/detail/task_opt__type_support_c.cpp.o[0m
[ 70%] Built target roboworks_brain_interfaces__rosidl_typesupport_introspection_c
[ 72%] [32m[1mLinking CXX shared library libroboworks_brain_interfaces__rosidl_typesupport_introspection_cpp.so[0m
[ 72%] Built target roboworks_brain_interfaces__rosidl_typesupport_introspection_cpp
[ 74%] [32m[1mLinking CXX shared library libroboworks_brain_interfaces__rosidl_typesupport_fastrtps_c.so[0m
[ 76%] [32m[1mLinking CXX shared library libroboworks_brain_interfaces__rosidl_typesupport_fastrtps_cpp.so[0m
[ 76%] Built target roboworks_brain_interfaces__rosidl_typesupport_fastrtps_c
[ 76%] Built target roboworks_brain_interfaces__rosidl_typesupport_fastrtps_cpp
[ 76%] Built target roboworks_brain_interfaces
[ 78%] [34m[1mGenerating Python code for ROS interfaces[0m
[ 78%] Built target roboworks_brain_interfaces__py
[35m[1mConsolidate compiler generated dependencies of target roboworks_brain_interfaces__rosidl_generator_py[0m
[ 80%] [32mBuilding C object CMakeFiles/roboworks_brain_interfaces__rosidl_generator_py.dir/rosidl_generator_py/roboworks_brain_interfaces/srv/_arm_brain_s.c.o[0m
[ 85%] [32mBuilding C object CMakeFiles/roboworks_brain_interfaces__rosidl_generator_py.dir/rosidl_generator_py/roboworks_brain_interfaces/srv/_task_opt_s.c.o[0m
[ 85%] [32mBuilding C object CMakeFiles/roboworks_brain_interfaces__rosidl_generator_py.dir/rosidl_generator_py/roboworks_brain_interfaces/srv/_navigation_s.c.o[0m
[ 87%] [32m[1mLinking C shared library rosidl_generator_py/roboworks_brain_interfaces/libroboworks_brain_interfaces__rosidl_generator_py.so[0m
[ 87%] Built target roboworks_brain_interfaces__rosidl_generator_py
[35m[1mConsolidate compiler generated dependencies of target roboworks_brain_interfaces__rosidl_typesupport_c__pyext[0m
[35m[1mConsolidate compiler generated dependencies of target roboworks_brain_interfaces__rosidl_typesupport_fastrtps_c__pyext[0m
[35m[1mConsolidate compiler generated dependencies of target roboworks_brain_interfaces__rosidl_typesupport_introspection_c__pyext[0m
[ 93%] [32mBuilding C object CMakeFiles/roboworks_brain_interfaces__rosidl_typesupport_introspection_c__pyext.dir/rosidl_generator_py/roboworks_brain_interfaces/_roboworks_brain_interfaces_s.ep.rosidl_typesupport_introspection_c.c.o[0m
[ 93%] [32mBuilding C object CMakeFiles/roboworks_brain_interfaces__rosidl_typesupport_c__pyext.dir/rosidl_generator_py/roboworks_brain_interfaces/_roboworks_brain_interfaces_s.ep.rosidl_typesupport_c.c.o[0m
[ 93%] [32mBuilding C object CMakeFiles/roboworks_brain_interfaces__rosidl_typesupport_fastrtps_c__pyext.dir/rosidl_generator_py/roboworks_brain_interfaces/_roboworks_brain_interfaces_s.ep.rosidl_typesupport_fastrtps_c.c.o[0m
[100%] [32m[1mLinking C shared library rosidl_generator_py/roboworks_brain_interfaces/roboworks_brain_interfaces_s__rosidl_typesupport_introspection_c.cpython-310-x86_64-linux-gnu.so[0m
[100%] [32m[1mLinking C shared library rosidl_generator_py/roboworks_brain_interfaces/roboworks_brain_interfaces_s__rosidl_typesupport_c.cpython-310-x86_64-linux-gnu.so[0m
[100%] [32m[1mLinking C shared library rosidl_generator_py/roboworks_brain_interfaces/roboworks_brain_interfaces_s__rosidl_typesupport_fastrtps_c.cpython-310-x86_64-linux-gnu.so[0m
[100%] Built target roboworks_brain_interfaces__rosidl_typesupport_introspection_c__pyext
[100%] Built target roboworks_brain_interfaces__rosidl_typesupport_c__pyext
[100%] Built target roboworks_brain_interfaces__rosidl_typesupport_fastrtps_c__pyext
