[0.113s] Invoking command in '/home/jasper/RoboWorks_Comp_Team/brain/build/roboworks_brain_interfaces': CMAKE_PREFIX_PATH=${CMAKE_PREFIX_PATH}:/home/jasper/ws_moveit2/install/moveit_configs_utils:/home/jasper/ws_moveit2/install/launch_param_builder:/opt/ros/humble /usr/bin/cmake --build /home/jasper/RoboWorks_Comp_Team/brain/build/roboworks_brain_interfaces -- -j8 -l8
[0.149s] -- Found ament_cmake: 1.3.6 (/opt/ros/humble/share/ament_cmake/cmake)
[0.308s] -- Found rosidl_default_generators: 1.2.0 (/opt/ros/humble/share/rosidl_default_generators/cmake)
[0.318s] -- Using all available rosidl_typesupport_c: rosidl_typesupport_fastrtps_c;rosidl_typesupport_introspection_c
[0.320s] -- Found rosidl_adapter: 3.1.5 (/opt/ros/humble/share/rosidl_adapter/cmake)
[0.357s] -- Using all available rosidl_typesupport_cpp: rosidl_typesupport_fastrtps_cpp;rosidl_typesupport_introspection_cpp
[0.386s] -- Found geometry_msgs: 4.2.3 (/opt/ros/humble/share/geometry_msgs/cmake)
[0.519s] -- Found rclcpp: 16.0.7 (/opt/ros/humble/share/rclcpp/cmake)
[0.572s] -- Found rmw_implementation_cmake: 6.1.1 (/opt/ros/humble/share/rmw_implementation_cmake/cmake)
[0.576s] -- Found rmw_fastrtps_cpp: 6.2.5 (/opt/ros/humble/share/rmw_fastrtps_cpp/cmake)
[0.744s] -- Using RMW implementation 'rmw_fastrtps_cpp' as default
[1.234s] -- Found ament_cmake_ros: 0.10.0 (/opt/ros/humble/share/ament_cmake_ros/cmake)
[1.556s] -- Using all available rosidl_typesupport_c: rosidl_typesupport_fastrtps_c;rosidl_typesupport_introspection_c
[1.995s] -- Using all available rosidl_typesupport_cpp: rosidl_typesupport_fastrtps_cpp;rosidl_typesupport_introspection_cpp
[2.036s] -- Found python_cmake_module: 0.10.0 (/opt/ros/humble/share/python_cmake_module/cmake)
[2.064s] -- Using PYTHON_EXECUTABLE: /usr/bin/python3
[2.064s] -- Using PYTHON_INCLUDE_DIRS: /usr/include/python3.10
[2.064s] -- Using PYTHON_LIBRARIES: /usr/lib/x86_64-linux-gnu/libpython3.10.so
[2.180s] -- Found ament_lint_auto: 0.12.9 (/opt/ros/humble/share/ament_lint_auto/cmake)
[2.201s] -- Added test 'lint_cmake' to check CMake code style
[2.203s] -- Added test 'xmllint' to check XML markup files
[2.206s] -- Configuring done
[2.265s] -- Generating done
[2.270s] -- Build files have been written to: /home/jasper/RoboWorks_Comp_Team/brain/build/roboworks_brain_interfaces
[2.313s] [  2%] [34m[1mGenerating C code for ROS interfaces[0m
[2.332s] [  4%] [34m[1mGenerating C++ code for ROS interfaces[0m
[2.350s] [  4%] Built target ament_cmake_python_copy_roboworks_brain_interfaces
[2.672s] running egg_info
[2.673s] writing roboworks_brain_interfaces.egg-info/PKG-INFO
[2.673s] writing dependency_links to roboworks_brain_interfaces.egg-info/dependency_links.txt
[2.673s] writing top-level names to roboworks_brain_interfaces.egg-info/top_level.txt
[2.677s] reading manifest file 'roboworks_brain_interfaces.egg-info/SOURCES.txt'
[2.679s] writing manifest file 'roboworks_brain_interfaces.egg-info/SOURCES.txt'
[2.715s] [  4%] Built target ament_cmake_python_build_roboworks_brain_interfaces_egg
[2.973s] [35m[1mConsolidate compiler generated dependencies of target roboworks_brain_interfaces__rosidl_generator_c[0m
[2.979s] [  4%] Built target roboworks_brain_interfaces__cpp
[2.996s] [  6%] [32mBuilding C object CMakeFiles/roboworks_brain_interfaces__rosidl_generator_c.dir/rosidl_generator_c/roboworks_brain_interfaces/srv/detail/task_opt__functions.c.o[0m
[2.999s] [  8%] [32mBuilding C object CMakeFiles/roboworks_brain_interfaces__rosidl_generator_c.dir/rosidl_generator_c/roboworks_brain_interfaces/srv/detail/arm_brain__functions.c.o[0m
[3.000s] [ 10%] [32mBuilding C object CMakeFiles/roboworks_brain_interfaces__rosidl_generator_c.dir/rosidl_generator_c/roboworks_brain_interfaces/srv/detail/navigation__functions.c.o[0m
[3.003s] [ 12%] [34m[1mGenerating C++ type support dispatch for ROS interfaces[0m
[3.005s] [ 17%] [34m[1mGenerating C++ type support for eProsima Fast-RTPS[0m
[3.005s] [ 17%] [34m[1mGenerating C++ introspection for ROS interfaces[0m
[3.162s] [ 19%] [32m[1mLinking C shared library libroboworks_brain_interfaces__rosidl_generator_c.so[0m
[3.272s] [ 19%] Built target roboworks_brain_interfaces__rosidl_generator_c
[3.298s] [ 23%] [34m[1mGenerating C type support dispatch for ROS interfaces[0m
[3.298s] [ 23%] [34m[1mGenerating C introspection for ROS interfaces[0m
[3.298s] [ 25%] [34m[1mGenerating C type support for eProsima Fast-RTPS[0m
[3.611s] [35m[1mConsolidate compiler generated dependencies of target roboworks_brain_interfaces__rosidl_typesupport_cpp[0m
[3.643s] [ 27%] [32mBuilding CXX object CMakeFiles/roboworks_brain_interfaces__rosidl_typesupport_cpp.dir/rosidl_typesupport_cpp/roboworks_brain_interfaces/srv/arm_brain__type_support.cpp.o[0m
[3.649s] [ 29%] [32mBuilding CXX object CMakeFiles/roboworks_brain_interfaces__rosidl_typesupport_cpp.dir/rosidl_typesupport_cpp/roboworks_brain_interfaces/srv/navigation__type_support.cpp.o[0m
[3.685s] [ 31%] [32mBuilding CXX object CMakeFiles/roboworks_brain_interfaces__rosidl_typesupport_cpp.dir/rosidl_typesupport_cpp/roboworks_brain_interfaces/srv/task_opt__type_support.cpp.o[0m
[3.965s] [35m[1mConsolidate compiler generated dependencies of target roboworks_brain_interfaces__rosidl_typesupport_introspection_cpp[0m
[4.018s] [ 34%] [32mBuilding CXX object CMakeFiles/roboworks_brain_interfaces__rosidl_typesupport_introspection_cpp.dir/rosidl_typesupport_introspection_cpp/roboworks_brain_interfaces/srv/detail/arm_brain__type_support.cpp.o[0m
[4.152s] [35m[1mConsolidate compiler generated dependencies of target roboworks_brain_interfaces__rosidl_typesupport_fastrtps_cpp[0m
[4.186s] [ 36%] [32mBuilding CXX object CMakeFiles/roboworks_brain_interfaces__rosidl_typesupport_introspection_cpp.dir/rosidl_typesupport_introspection_cpp/roboworks_brain_interfaces/srv/detail/navigation__type_support.cpp.o[0m
[4.207s] [ 38%] [32mBuilding CXX object CMakeFiles/roboworks_brain_interfaces__rosidl_typesupport_fastrtps_cpp.dir/rosidl_typesupport_fastrtps_cpp/roboworks_brain_interfaces/srv/detail/dds_fastrtps/arm_brain__type_support.cpp.o[0m
[4.210s] [ 40%] [32m[1mLinking CXX shared library libroboworks_brain_interfaces__rosidl_typesupport_cpp.so[0m
[4.216s] [35m[1mConsolidate compiler generated dependencies of target roboworks_brain_interfaces__rosidl_typesupport_c[0m
[4.227s] [ 42%] [32mBuilding CXX object CMakeFiles/roboworks_brain_interfaces__rosidl_typesupport_fastrtps_cpp.dir/rosidl_typesupport_fastrtps_cpp/roboworks_brain_interfaces/srv/detail/dds_fastrtps/navigation__type_support.cpp.o[0m
[4.255s] [ 44%] [32mBuilding CXX object CMakeFiles/roboworks_brain_interfaces__rosidl_typesupport_c.dir/rosidl_typesupport_c/roboworks_brain_interfaces/srv/arm_brain__type_support.cpp.o[0m
[4.356s] [ 46%] [32mBuilding CXX object CMakeFiles/roboworks_brain_interfaces__rosidl_typesupport_c.dir/rosidl_typesupport_c/roboworks_brain_interfaces/srv/navigation__type_support.cpp.o[0m
[4.379s] [ 46%] Built target roboworks_brain_interfaces__rosidl_typesupport_cpp
[4.462s] [ 48%] [32mBuilding CXX object CMakeFiles/roboworks_brain_interfaces__rosidl_typesupport_c.dir/rosidl_typesupport_c/roboworks_brain_interfaces/srv/task_opt__type_support.cpp.o[0m
[4.479s] [ 51%] [32mBuilding CXX object CMakeFiles/roboworks_brain_interfaces__rosidl_typesupport_introspection_cpp.dir/rosidl_typesupport_introspection_cpp/roboworks_brain_interfaces/srv/detail/task_opt__type_support.cpp.o[0m
[4.514s] [35m[1mConsolidate compiler generated dependencies of target roboworks_brain_interfaces__rosidl_typesupport_fastrtps_c[0m
[4.520s] [35m[1mConsolidate compiler generated dependencies of target roboworks_brain_interfaces__rosidl_typesupport_introspection_c[0m
[4.549s] [ 53%] [32m[1mLinking CXX shared library libroboworks_brain_interfaces__rosidl_typesupport_c.so[0m
[4.555s] [ 55%] [32mBuilding CXX object CMakeFiles/roboworks_brain_interfaces__rosidl_typesupport_fastrtps_c.dir/rosidl_typesupport_fastrtps_c/roboworks_brain_interfaces/srv/detail/arm_brain__type_support_c.cpp.o[0m
[4.594s] [ 57%] [32mBuilding C object CMakeFiles/roboworks_brain_interfaces__rosidl_typesupport_introspection_c.dir/rosidl_typesupport_introspection_c/roboworks_brain_interfaces/srv/detail/arm_brain__type_support.c.o[0m
[4.708s] [ 59%] [32mBuilding C object CMakeFiles/roboworks_brain_interfaces__rosidl_typesupport_introspection_c.dir/rosidl_typesupport_introspection_c/roboworks_brain_interfaces/srv/detail/navigation__type_support.c.o[0m
[4.734s] [ 59%] Built target roboworks_brain_interfaces__rosidl_typesupport_c
[4.764s] [ 61%] [32mBuilding C object CMakeFiles/roboworks_brain_interfaces__rosidl_typesupport_introspection_c.dir/rosidl_typesupport_introspection_c/roboworks_brain_interfaces/srv/detail/task_opt__type_support.c.o[0m
[4.793s] [ 63%] [32mBuilding CXX object CMakeFiles/roboworks_brain_interfaces__rosidl_typesupport_fastrtps_c.dir/rosidl_typesupport_fastrtps_c/roboworks_brain_interfaces/srv/detail/navigation__type_support_c.cpp.o[0m
[4.801s] [ 65%] [32mBuilding CXX object CMakeFiles/roboworks_brain_interfaces__rosidl_typesupport_fastrtps_cpp.dir/rosidl_typesupport_fastrtps_cpp/roboworks_brain_interfaces/srv/detail/dds_fastrtps/task_opt__type_support.cpp.o[0m
[4.888s] [ 68%] [32m[1mLinking C shared library libroboworks_brain_interfaces__rosidl_typesupport_introspection_c.so[0m
[4.902s] [ 70%] [32mBuilding CXX object CMakeFiles/roboworks_brain_interfaces__rosidl_typesupport_fastrtps_c.dir/rosidl_typesupport_fastrtps_c/roboworks_brain_interfaces/srv/detail/task_opt__type_support_c.cpp.o[0m
[5.024s] [ 70%] Built target roboworks_brain_interfaces__rosidl_typesupport_introspection_c
[5.179s] [ 72%] [32m[1mLinking CXX shared library libroboworks_brain_interfaces__rosidl_typesupport_introspection_cpp.so[0m
[5.293s] [ 72%] Built target roboworks_brain_interfaces__rosidl_typesupport_introspection_cpp
[5.467s] [ 74%] [32m[1mLinking CXX shared library libroboworks_brain_interfaces__rosidl_typesupport_fastrtps_c.so[0m
[5.503s] [ 76%] [32m[1mLinking CXX shared library libroboworks_brain_interfaces__rosidl_typesupport_fastrtps_cpp.so[0m
[5.579s] [ 76%] Built target roboworks_brain_interfaces__rosidl_typesupport_fastrtps_c
[5.614s] [ 76%] Built target roboworks_brain_interfaces__rosidl_typesupport_fastrtps_cpp
[5.649s] [ 76%] Built target roboworks_brain_interfaces
[5.686s] [ 78%] [34m[1mGenerating Python code for ROS interfaces[0m
[6.660s] [ 78%] Built target roboworks_brain_interfaces__py
[6.686s] [35m[1mConsolidate compiler generated dependencies of target roboworks_brain_interfaces__rosidl_generator_py[0m
[6.707s] [ 80%] [32mBuilding C object CMakeFiles/roboworks_brain_interfaces__rosidl_generator_py.dir/rosidl_generator_py/roboworks_brain_interfaces/srv/_arm_brain_s.c.o[0m
[6.707s] [ 85%] [32mBuilding C object CMakeFiles/roboworks_brain_interfaces__rosidl_generator_py.dir/rosidl_generator_py/roboworks_brain_interfaces/srv/_task_opt_s.c.o[0m
[6.708s] [ 85%] [32mBuilding C object CMakeFiles/roboworks_brain_interfaces__rosidl_generator_py.dir/rosidl_generator_py/roboworks_brain_interfaces/srv/_navigation_s.c.o[0m
[6.854s] [ 87%] [32m[1mLinking C shared library rosidl_generator_py/roboworks_brain_interfaces/libroboworks_brain_interfaces__rosidl_generator_py.so[0m
[6.915s] [ 87%] Built target roboworks_brain_interfaces__rosidl_generator_py
[6.933s] [35m[1mConsolidate compiler generated dependencies of target roboworks_brain_interfaces__rosidl_typesupport_c__pyext[0m
[6.933s] [35m[1mConsolidate compiler generated dependencies of target roboworks_brain_interfaces__rosidl_typesupport_fastrtps_c__pyext[0m
[6.933s] [35m[1mConsolidate compiler generated dependencies of target roboworks_brain_interfaces__rosidl_typesupport_introspection_c__pyext[0m
[6.955s] [ 93%] [32mBuilding C object CMakeFiles/roboworks_brain_interfaces__rosidl_typesupport_introspection_c__pyext.dir/rosidl_generator_py/roboworks_brain_interfaces/_roboworks_brain_interfaces_s.ep.rosidl_typesupport_introspection_c.c.o[0m
[6.955s] [ 93%] [32mBuilding C object CMakeFiles/roboworks_brain_interfaces__rosidl_typesupport_c__pyext.dir/rosidl_generator_py/roboworks_brain_interfaces/_roboworks_brain_interfaces_s.ep.rosidl_typesupport_c.c.o[0m
[6.955s] [ 93%] [32mBuilding C object CMakeFiles/roboworks_brain_interfaces__rosidl_typesupport_fastrtps_c__pyext.dir/rosidl_generator_py/roboworks_brain_interfaces/_roboworks_brain_interfaces_s.ep.rosidl_typesupport_fastrtps_c.c.o[0m
[7.106s] [100%] [32m[1mLinking C shared library rosidl_generator_py/roboworks_brain_interfaces/roboworks_brain_interfaces_s__rosidl_typesupport_introspection_c.cpython-310-x86_64-linux-gnu.so[0m
[7.106s] [100%] [32m[1mLinking C shared library rosidl_generator_py/roboworks_brain_interfaces/roboworks_brain_interfaces_s__rosidl_typesupport_c.cpython-310-x86_64-linux-gnu.so[0m
[7.106s] [100%] [32m[1mLinking C shared library rosidl_generator_py/roboworks_brain_interfaces/roboworks_brain_interfaces_s__rosidl_typesupport_fastrtps_c.cpython-310-x86_64-linux-gnu.so[0m
[7.189s] [100%] Built target roboworks_brain_interfaces__rosidl_typesupport_introspection_c__pyext
[7.196s] [100%] Built target roboworks_brain_interfaces__rosidl_typesupport_c__pyext
[7.196s] [100%] Built target roboworks_brain_interfaces__rosidl_typesupport_fastrtps_c__pyext
