[0.229s] Invoking command in '/home/jasper/RoboWorks_Comp_Team/brain/build/roboworks_brain': CMAKE_PREFIX_PATH=${CMAKE_PREFIX_PATH}:/home/jasper/ws_moveit2/install/moveit_configs_utils:/home/jasper/ws_moveit2/install/launch_param_builder:/opt/ros/humble /usr/bin/cmake /home/jasper/RoboWorks_Comp_Team/brain/src/roboworks_brain -DCMAKE_INSTALL_PREFIX=/home/jasper/RoboWorks_Comp_Team/brain/install/roboworks_brain
[0.315s] -- The C compiler identification is GNU 11.4.0
[0.388s] -- The CXX compiler identification is GNU 11.4.0
[0.397s] -- Detecting C compiler ABI info
[0.494s] -- Detecting C compiler ABI info - done
[0.501s] -- Check for working C compiler: /usr/bin/cc - skipped
[0.502s] -- Detecting C compile features
[0.502s] -- Detecting C compile features - done
[0.505s] -- Detecting CXX compiler ABI info
[0.615s] -- Detecting CXX compiler ABI info - done
[0.623s] -- Check for working CXX compiler: /usr/bin/c++ - skipped
[0.623s] -- Detecting CXX compile features
[0.624s] -- Detecting CXX compile features - done
[0.633s] -- Found ament_cmake: 1.3.6 (/opt/ros/humble/share/ament_cmake/cmake)
[0.855s] -- Found Python3: /usr/bin/python3.10 (found version "3.10.12") found components: Interpreter 
[1.055s] -- Found rclcpp: 16.0.7 (/opt/ros/humble/share/rclcpp/cmake)
[1.178s] -- Found rosidl_generator_c: 3.1.5 (/opt/ros/humble/share/rosidl_generator_c/cmake)
[1.196s] -- Found rosidl_adapter: 3.1.5 (/opt/ros/humble/share/rosidl_adapter/cmake)
[1.218s] -- Found rosidl_generator_cpp: 3.1.5 (/opt/ros/humble/share/rosidl_generator_cpp/cmake)
[1.249s] -- Using all available rosidl_typesupport_c: rosidl_typesupport_fastrtps_c;rosidl_typesupport_introspection_c
[1.292s] -- Using all available rosidl_typesupport_cpp: rosidl_typesupport_fastrtps_cpp;rosidl_typesupport_introspection_cpp
[1.441s] -- Found rmw_implementation_cmake: 6.1.1 (/opt/ros/humble/share/rmw_implementation_cmake/cmake)
[1.453s] -- Found rmw_fastrtps_cpp: 6.2.5 (/opt/ros/humble/share/rmw_fastrtps_cpp/cmake)
[1.638s] -- Found OpenSSL: /usr/lib/x86_64-linux-gnu/libcrypto.so (found version "3.0.2")  
[1.678s] -- Found FastRTPS: /opt/ros/humble/include  
[1.752s] -- Using RMW implementation 'rmw_fastrtps_cpp' as default
[1.784s] -- Looking for pthread.h
[1.883s] -- Looking for pthread.h - found
[1.884s] -- Performing Test CMAKE_HAVE_LIBC_PTHREAD
[1.999s] -- Performing Test CMAKE_HAVE_LIBC_PTHREAD - Success
[2.000s] -- Found Threads: TRUE  
[2.231s] [31mCMake Error at CMakeLists.txt:11 (find_package):
[2.231s]   By not providing "Findroboworks_brain_interfaces.cmake" in
[2.231s]   CMAKE_MODULE_PATH this project has asked CMake to find a package
[2.231s]   configuration file provided by "roboworks_brain_interfaces", but CMake did
[2.232s]   not find one.
[2.232s] 
[2.232s]   Could not find a package configuration file provided by
[2.232s]   "roboworks_brain_interfaces" with any of the following names:
[2.232s] 
[2.232s]     roboworks_brain_interfacesConfig.cmake
[2.232s]     roboworks_brain_interfaces-config.cmake
[2.232s] 
[2.232s]   Add the installation prefix of "roboworks_brain_interfaces" to
[2.232s]   CMAKE_PREFIX_PATH or set "roboworks_brain_interfaces_DIR" to a directory
[2.232s]   containing one of the above files.  If "roboworks_brain_interfaces"
[2.232s]   provides a separate development package or SDK, be sure it has been
[2.232s]   installed.
[2.232s] 
[2.232s] [0m
[2.232s] -- Configuring incomplete, errors occurred!
[2.232s] See also "/home/jasper/RoboWorks_Comp_Team/brain/build/roboworks_brain/CMakeFiles/CMakeOutput.log".
[2.241s] Invoked command in '/home/jasper/RoboWorks_Comp_Team/brain/build/roboworks_brain' returned '1': CMAKE_PREFIX_PATH=${CMAKE_PREFIX_PATH}:/home/jasper/ws_moveit2/install/moveit_configs_utils:/home/jasper/ws_moveit2/install/launch_param_builder:/opt/ros/humble /usr/bin/cmake /home/jasper/RoboWorks_Comp_Team/brain/src/roboworks_brain -DCMAKE_INSTALL_PREFIX=/home/jasper/RoboWorks_Comp_Team/brain/install/roboworks_brain
