[0.182s] Invoking command in '/home/jasper/RoboWorks_Comp_Team/brain/build/roboworks_brain': CMAKE_PREFIX_PATH=${CMAKE_PREFIX_PATH}:/home/jasper/ws_moveit2/install/moveit_configs_utils:/home/jasper/ws_moveit2/install/launch_param_builder:/opt/ros/humble /usr/bin/cmake --build /home/jasper/RoboWorks_Comp_Team/brain/build/roboworks_brain -- -j8 -l8
[0.283s] [35m[1mConsolidate compiler generated dependencies of target brain_node[0m
[0.309s] [ 50%] [32mBuilding CXX object CMakeFiles/brain_node.dir/src/brain_node.cpp.o[0m
[2.793s] [01m[K/home/jasper/RoboWorks_Comp_Team/brain/src/roboworks_brain/src/brain_node.cpp:154:20:[m[K [01;31m[Kerror: [m[K‘[01m[Kexample_interfaces[m[K’ was not declared in this scope; did you mean ‘[01m[Krcl_interfaces[m[K’?
[2.793s]   154 |     rclcpp::Client<[01;31m[Kexample_interfaces[m[K::srv::AddTwoInts>::SharedPtr taskOp_client;
[2.793s]       |                    [01;31m[K^~~~~~~~~~~~~~~~~~[m[K
[2.793s]       |                    [32m[Krcl_interfaces[m[K
[2.794s] [01m[K/home/jasper/RoboWorks_Comp_Team/brain/src/roboworks_brain/src/brain_node.cpp:154:55:[m[K [01;31m[Kerror: [m[Ktemplate argument 1 is invalid
[2.794s]   154 |     rclcpp::Client<example_interfaces::srv::AddTwoInts[01;31m[K>[m[K::SharedPtr taskOp_client;
[2.794s]       |                                                       [01;31m[K^[m[K
[2.794s] [01m[K/home/jasper/RoboWorks_Comp_Team/brain/src/roboworks_brain/src/brain_node.cpp:154:58:[m[K [01;31m[Kerror: [m[Kexpected ‘[01m[K;[m[K’ at end of member declaration
[2.794s]   154 |     rclcpp::Client<example_interfaces::srv::AddTwoInts>::[01;31m[KSharedPtr[m[K taskOp_client;
[2.794s]       |                                                          [01;31m[K^~~~~~~~~[m[K
[2.794s]       |                                                                   [32m[K;[m[K
[2.796s] [01m[K/home/jasper/RoboWorks_Comp_Team/brain/src/roboworks_brain/src/brain_node.cpp:154:68:[m[K [01;31m[Kerror: [m[K‘[01m[KtaskOp_client[m[K’ does not name a type
[2.796s]   154 | cpp::Client<example_interfaces::srv::AddTwoInts>::SharedPtr [01;31m[KtaskOp_client[m[K;
[2.796s]       |                                                             [01;31m[K^~~~~~~~~~~~~[m[K
[2.796s] 
[2.808s] [01m[K/home/jasper/RoboWorks_Comp_Team/brain/src/roboworks_brain/src/brain_node.cpp:[m[K In constructor ‘[01m[KbrainNode::brainNode()[m[K’:
[2.808s] [01m[K/home/jasper/RoboWorks_Comp_Team/brain/src/roboworks_brain/src/brain_node.cpp:22:7:[m[K [01;31m[Kerror: [m[K‘[01m[KtaskOp_client[m[K’ was not declared in this scope
[2.808s]    22 |       [01;31m[KtaskOp_client[m[K = this->create_client<roboworks_brain_interfaces::srv::AddTwoInts>("get_opt_list");
[2.808s]       |       [01;31m[K^~~~~~~~~~~~~[m[K
[2.809s] [01m[K/home/jasper/RoboWorks_Comp_Team/brain/src/roboworks_brain/src/brain_node.cpp:22:76:[m[K [01;31m[Kerror: [m[K‘[01m[KAddTwoInts[m[K’ is not a member of ‘[01m[Kroboworks_brain_interfaces::srv[m[K’
[2.809s]    22 | ient = this->create_client<roboworks_brain_interfaces::srv::[01;31m[KAddTwoInts[m[K>("get_opt_list");
[2.809s]       |                                                             [01;31m[K^~~~~~~~~~[m[K
[2.809s] 
[2.809s] [01m[K/home/jasper/RoboWorks_Comp_Team/brain/src/roboworks_brain/src/brain_node.cpp:22:87:[m[K [01;31m[Kerror: [m[Kno matching function for call to ‘[01m[KbrainNode::create_client<<expression error> >(const char [13])[m[K’
[2.809s]    22 | [01;31m[K->create_client<roboworks_brain_interfaces::srv::AddTwoInts>("get_opt_list")[m[K;
[2.809s]       | [01;31m[K~~~~~~~~~~~~~~~~~~~~~~~~~~~~~~~~~~~~~~~~~~~~~~~~~~~~~~~~~~~~^~~~~~~~~~~~~~~~[m[K
[2.809s] 
[2.810s] In file included from [01m[K/opt/ros/humble/include/rclcpp/rclcpp/executors/single_threaded_executor.hpp:28[m[K,
[2.810s]                  from [01m[K/opt/ros/humble/include/rclcpp/rclcpp/executors.hpp:22[m[K,
[2.810s]                  from [01m[K/opt/ros/humble/include/rclcpp/rclcpp/rclcpp.hpp:155[m[K,
[2.810s]                  from [01m[K/home/jasper/RoboWorks_Comp_Team/brain/src/roboworks_brain/src/brain_node.cpp:1[m[K:
[2.810s] [01m[K/opt/ros/humble/include/rclcpp/rclcpp/node.hpp:252:3:[m[K [01;36m[Knote: [m[Kcandidate: ‘[01m[Ktemplate<class ServiceT> typename rclcpp::Client<ServiceT>::SharedPtr rclcpp::Node::create_client(const string&, const rmw_qos_profile_t&, rclcpp::CallbackGroup::SharedPtr)[m[K’
[2.810s]   252 |   [01;36m[Kcreate_client[m[K(
[2.810s]       |   [01;36m[K^~~~~~~~~~~~~[m[K
[2.810s] [01m[K/opt/ros/humble/include/rclcpp/rclcpp/node.hpp:252:3:[m[K [01;36m[Knote: [m[K  template argument deduction/substitution failed:
[2.811s] [01m[K/home/jasper/RoboWorks_Comp_Team/brain/src/roboworks_brain/src/brain_node.cpp:22:87:[m[K [01;31m[Kerror: [m[Ktemplate argument 1 is invalid
[2.811s]    22 | [01;31m[K->create_client<roboworks_brain_interfaces::srv::AddTwoInts>("get_opt_list")[m[K;
[2.811s]       | [01;31m[K~~~~~~~~~~~~~~~~~~~~~~~~~~~~~~~~~~~~~~~~~~~~~~~~~~~~~~~~~~~~^~~~~~~~~~~~~~~~[m[K
[2.811s] 
[2.823s] In file included from [01m[K/opt/ros/humble/include/rclcpp/rclcpp/logging.hpp:24[m[K,
[2.823s]                  from [01m[K/opt/ros/humble/include/rclcpp/rclcpp/client.hpp:40[m[K,
[2.823s]                  from [01m[K/opt/ros/humble/include/rclcpp/rclcpp/callback_group.hpp:24[m[K,
[2.823s]                  from [01m[K/opt/ros/humble/include/rclcpp/rclcpp/any_executable.hpp:20[m[K,
[2.823s]                  from [01m[K/opt/ros/humble/include/rclcpp/rclcpp/memory_strategy.hpp:25[m[K,
[2.823s]                  from [01m[K/opt/ros/humble/include/rclcpp/rclcpp/memory_strategies.hpp:18[m[K,
[2.823s]                  from [01m[K/opt/ros/humble/include/rclcpp/rclcpp/executor_options.hpp:20[m[K,
[2.823s]                  from [01m[K/opt/ros/humble/include/rclcpp/rclcpp/executor.hpp:37[m[K,
[2.823s]                  from [01m[K/opt/ros/humble/include/rclcpp/rclcpp/executors/multi_threaded_executor.hpp:25[m[K,
[2.824s]                  from [01m[K/opt/ros/humble/include/rclcpp/rclcpp/executors.hpp:21[m[K,
[2.824s]                  from [01m[K/opt/ros/humble/include/rclcpp/rclcpp/rclcpp.hpp:155[m[K,
[2.824s]                  from [01m[K/home/jasper/RoboWorks_Comp_Team/brain/src/roboworks_brain/src/brain_node.cpp:1[m[K:
[2.824s] [01m[K/home/jasper/RoboWorks_Comp_Team/brain/src/roboworks_brain/src/brain_node.cpp:[m[K In member function ‘[01m[Kvoid brainNode::moving(rclcpp::Client<roboworks_brain_interfaces::srv::Navigation>::SharedFuture)[m[K’:
[2.824s] [01m[K/home/jasper/RoboWorks_Comp_Team/brain/src/roboworks_brain/src/brain_node.cpp:93:41:[m[K [01;35m[Kwarning: [m[Kformat ‘[01m[K%s[m[K’ expects argument of type ‘[01m[Kchar*[m[K’, but argument 5 has type ‘[01m[Kroboworks_brain_interfaces::srv::Navigation_Response_<std::allocator<void> >::_instruction_type[m[K’ {aka ‘[01m[Kstd::__cxx11::basic_string<char>[m[K’} [[01;35m[K]8;;https://gcc.gnu.org/onlinedocs/gcc/Warning-Options.html#index-Wformat=-Wformat=]8;;[m[K]
[2.824s]    93 |         RCLCPP_INFO(this->get_logger(), [01;35m[K"moving heard new task: '%s'"[m[K, result->instruction);
[2.824s]       |                                         [01;35m[K^~~~~~~~~~~~~~~~~~~~~~~~~~~~~[m[K
[2.824s] [01m[K/home/jasper/RoboWorks_Comp_Team/brain/src/roboworks_brain/src/brain_node.cpp:93:67:[m[K [01;36m[Knote: [m[Kformat string is defined here
[2.825s]    93 |   RCLCPP_INFO(this->get_logger(), "moving heard new task: '[01;36m[K%s[m[K'", result->instruction);
[2.825s]       |                                                            [01;36m[K~^[m[K
[2.825s]       |                                                             [01;36m[K|[m[K
[2.825s]       |                                                             [01;36m[Kchar*[m[K
[2.825s] 
[2.825s] In file included from [01m[K/opt/ros/humble/include/rclcpp/rclcpp/logging.hpp:24[m[K,
[2.825s]                  from [01m[K/opt/ros/humble/include/rclcpp/rclcpp/client.hpp:40[m[K,
[2.825s]                  from [01m[K/opt/ros/humble/include/rclcpp/rclcpp/callback_group.hpp:24[m[K,
[2.825s]                  from [01m[K/opt/ros/humble/include/rclcpp/rclcpp/any_executable.hpp:20[m[K,
[2.826s]                  from [01m[K/opt/ros/humble/include/rclcpp/rclcpp/memory_strategy.hpp:25[m[K,
[2.826s]                  from [01m[K/opt/ros/humble/include/rclcpp/rclcpp/memory_strategies.hpp:18[m[K,
[2.826s]                  from [01m[K/opt/ros/humble/include/rclcpp/rclcpp/executor_options.hpp:20[m[K,
[2.826s]                  from [01m[K/opt/ros/humble/include/rclcpp/rclcpp/executor.hpp:37[m[K,
[2.826s]                  from [01m[K/opt/ros/humble/include/rclcpp/rclcpp/executors/multi_threaded_executor.hpp:25[m[K,
[2.826s]                  from [01m[K/opt/ros/humble/include/rclcpp/rclcpp/executors.hpp:21[m[K,
[2.826s]                  from [01m[K/opt/ros/humble/include/rclcpp/rclcpp/rclcpp.hpp:155[m[K,
[2.826s]                  from [01m[K/home/jasper/RoboWorks_Comp_Team/brain/src/roboworks_brain/src/brain_node.cpp:1[m[K:
[2.826s] [01m[K/home/jasper/RoboWorks_Comp_Team/brain/src/roboworks_brain/src/brain_node.cpp:[m[K In member function ‘[01m[Kvoid brainNode::pickPlace(rclcpp::Client<roboworks_brain_interfaces::srv::ArmBrain>::SharedFuture)[m[K’:
[2.826s] [01m[K/home/jasper/RoboWorks_Comp_Team/brain/src/roboworks_brain/src/brain_node.cpp:113:41:[m[K [01;35m[Kwarning: [m[Kformat ‘[01m[K%s[m[K’ expects argument of type ‘[01m[Kchar*[m[K’, but argument 5 has type ‘[01m[Kroboworks_brain_interfaces::srv::ArmBrain_Response_<std::allocator<void> >::_instruction_type[m[K’ {aka ‘[01m[Kstd::__cxx11::basic_string<char>[m[K’} [[01;35m[K]8;;https://gcc.gnu.org/onlinedocs/gcc/Warning-Options.html#index-Wformat=-Wformat=]8;;[m[K]
[2.827s]   113 |         RCLCPP_INFO(this->get_logger(), [01;35m[K"pickPlace heard new task: '%s'"[m[K, result->instruction);
[2.827s]       |                                         [01;35m[K^~~~~~~~~~~~~~~~~~~~~~~~~~~~~~~~[m[K
[2.827s] [01m[K/home/jasper/RoboWorks_Comp_Team/brain/src/roboworks_brain/src/brain_node.cpp:113:70:[m[K [01;36m[Knote: [m[Kformat string is defined here
[2.827s]   113 | CLCPP_INFO(this->get_logger(), "pickPlace heard new task: '[01;36m[K%s[m[K'", result->instruction);
[2.827s]       |                                                            [01;36m[K~^[m[K
[2.827s]       |                                                             [01;36m[K|[m[K
[2.827s]       |                                                             [01;36m[Kchar*[m[K
[2.827s] 
[5.264s] gmake[2]: *** [CMakeFiles/brain_node.dir/build.make:76: CMakeFiles/brain_node.dir/src/brain_node.cpp.o] Error 1
[5.265s] gmake[1]: *** [CMakeFiles/Makefile2:137: CMakeFiles/brain_node.dir/all] Error 2
[5.265s] gmake: *** [Makefile:146: all] Error 2
