-- Found ament_cmake: 1.3.6 (/opt/ros/humble/share/ament_cmake/cmake)
-- Found geometry_msgs: 4.2.3 (/opt/ros/humble/share/geometry_msgs/cmake)
-- Found rosidl_generator_c: 3.1.5 (/opt/ros/humble/share/rosidl_generator_c/cmake)
-- Found rosidl_adapter: 3.1.5 (/opt/ros/humble/share/rosidl_adapter/cmake)
-- Found rosidl_generator_cpp: 3.1.5 (/opt/ros/humble/share/rosidl_generator_cpp/cmake)
-- Using all available rosidl_typesupport_c: rosidl_typesupport_fastrtps_c;rosidl_typesupport_introspection_c
-- Using all available rosidl_typesupport_cpp: rosidl_typesupport_fastrtps_cpp;rosidl_typesupport_introspection_cpp
-- Found rosidl_default_generators: 1.2.0 (/opt/ros/humble/share/rosidl_default_generators/cmake)
[31mCMake Error at /opt/ros/humble/share/rosidl_adapter/cmake/rosidl_adapt_interfaces.cmake:59 (message):
  execute_process(/usr/bin/python3.10 -m rosidl_adapter --package-name
  atwork_interfaces --arguments-file
  /home/jasper/RoboWorks_Comp_Team/taskOptimzer/build/atwork_interfaces/rosidl_adapter__arguments__atwork_interfaces.json
  --output-dir
  /home/jasper/RoboWorks_Comp_Team/taskOptimzer/build/atwork_interfaces/rosidl_adapter/atwork_interfaces
  --output-file
  /home/jasper/RoboWorks_Comp_Team/taskOptimzer/build/atwork_interfaces/rosidl_adapter/atwork_interfaces.idls)
  returned error code 1:

  KeyError processing template 'struct.idl.em': 'duration'

Call Stack (most recent call first):
  /opt/ros/humble/share/rosidl_cmake/cmake/rosidl_generate_interfaces.cmake:130 (rosidl_adapt_interfaces)
  CMakeLists.txt:16 (rosidl_generate_interfaces)

[0m
-- Configuring incomplete, errors occurred!
See also "/home/jasper/RoboWorks_Comp_Team/taskOptimzer/build/atwork_interfaces/CMakeFiles/CMakeOutput.log".
