[0.688s] Invoking command in '/home/jasper/image_point_cloud_package': PYTHONPATH=/home/jasper/image_point_cloud_package/build/image_point_cloud_package/prefix_override:/home/jasper/image_point_cloud_package/install/image_point_cloud_package/lib/python3.10/site-packages:${PYTHONPATH} /usr/bin/python3 setup.py egg_info --egg-base build/image_point_cloud_package build --build-base /home/jasper/image_point_cloud_package/build/image_point_cloud_package/build install --record /home/jasper/image_point_cloud_package/build/image_point_cloud_package/install.log --single-version-externally-managed
[0.954s] running egg_info
[0.954s] writing build/image_point_cloud_package/image_point_cloud_package.egg-info/PKG-INFO
[0.955s] writing dependency_links to build/image_point_cloud_package/image_point_cloud_package.egg-info/dependency_links.txt
[0.955s] writing entry points to build/image_point_cloud_package/image_point_cloud_package.egg-info/entry_points.txt
[0.955s] writing requirements to build/image_point_cloud_package/image_point_cloud_package.egg-info/requires.txt
[0.955s] writing top-level names to build/image_point_cloud_package/image_point_cloud_package.egg-info/top_level.txt
[0.957s] reading manifest file 'build/image_point_cloud_package/image_point_cloud_package.egg-info/SOURCES.txt'
[0.958s] writing manifest file 'build/image_point_cloud_package/image_point_cloud_package.egg-info/SOURCES.txt'
[0.958s] running build
[0.959s] running build_py
[0.959s] copying image_point_cloud_package/image_point_cloud.py -> /home/jasper/image_point_cloud_package/build/image_point_cloud_package/build/lib/image_point_cloud_package
[0.959s] running install
[0.959s] /usr/lib/python3/dist-packages/setuptools/command/install.py:34: SetuptoolsDeprecationWarning: setup.py install is deprecated. Use build and pip and other standards-based tools.
[0.959s]   warnings.warn(
[0.959s] running install_lib
[0.961s] copying /home/jasper/image_point_cloud_package/build/image_point_cloud_package/build/lib/image_point_cloud_package/image_point_cloud.py -> /home/jasper/image_point_cloud_package/install/image_point_cloud_package/lib/python3.10/site-packages/image_point_cloud_package
[0.961s] byte-compiling /home/jasper/image_point_cloud_package/install/image_point_cloud_package/lib/python3.10/site-packages/image_point_cloud_package/image_point_cloud.py to image_point_cloud.cpython-310.pyc
[0.963s] running install_data
[0.964s] running install_egg_info
[0.965s] removing '/home/jasper/image_point_cloud_package/install/image_point_cloud_package/lib/python3.10/site-packages/image_point_cloud_package-0.0.0-py3.10.egg-info' (and everything under it)
[0.966s] Copying build/image_point_cloud_package/image_point_cloud_package.egg-info to /home/jasper/image_point_cloud_package/install/image_point_cloud_package/lib/python3.10/site-packages/image_point_cloud_package-0.0.0-py3.10.egg-info
[0.966s] running install_scripts
[0.987s] Installing ROSimage_point_cloud script to /home/jasper/image_point_cloud_package/install/image_point_cloud_package/lib/image_point_cloud_package
[0.987s] Installing image_point_cloud_node script to /home/jasper/image_point_cloud_package/install/image_point_cloud_package/lib/image_point_cloud_package
[0.988s] writing list of installed files to '/home/jasper/image_point_cloud_package/build/image_point_cloud_package/install.log'
[1.011s] Invoked command in '/home/jasper/image_point_cloud_package' returned '0': PYTHONPATH=/home/jasper/image_point_cloud_package/build/image_point_cloud_package/prefix_override:/home/jasper/image_point_cloud_package/install/image_point_cloud_package/lib/python3.10/site-packages:${PYTHONPATH} /usr/bin/python3 setup.py egg_info --egg-base build/image_point_cloud_package build --build-base /home/jasper/image_point_cloud_package/build/image_point_cloud_package/build install --record /home/jasper/image_point_cloud_package/build/image_point_cloud_package/install.log --single-version-externally-managed
