[0.184s] Invoking command in '/home/jasper/rtab_robocup/build/sensors': CMAKE_PREFIX_PATH=${CMAKE_PREFIX_PATH}:/home/jasper/ws_moveit2/install/moveit_configs_utils:/home/jasper/ws_moveit2/install/launch_param_builder:/opt/ros/humble /usr/bin/cmake /home/jasper/rtab_robocup/src/sensors -DCMAKE_INSTALL_PREFIX=/home/jasper/rtab_robocup/install/sensors
[0.272s] -- The C compiler identification is GNU 11.4.0
[0.345s] -- The CXX compiler identification is GNU 11.4.0
[0.355s] -- Detecting C compiler ABI info
[0.473s] -- Detecting C compiler ABI info - done
[0.482s] -- Check for working C compiler: /usr/bin/cc - skipped
[0.482s] -- Detecting C compile features
[0.483s] -- Detecting C compile features - done
[0.486s] -- Detecting CXX compiler ABI info
[0.599s] -- Detecting CXX compiler ABI info - done
[0.607s] -- Check for working CXX compiler: /usr/bin/c++ - skipped
[0.607s] -- Detecting CXX compile features
[0.608s] -- Detecting CXX compile features - done
[0.618s] -- Found ament_cmake: 1.3.5 (/opt/ros/humble/share/ament_cmake/cmake)
[0.864s] -- Found Python3: /usr/bin/python3.10 (found version "3.10.12") found components: Interpreter 
[1.071s] -- Found rclcpp: 16.0.6 (/opt/ros/humble/share/rclcpp/cmake)
[1.202s] -- Found rosidl_generator_c: 3.1.5 (/opt/ros/humble/share/rosidl_generator_c/cmake)
[1.229s] -- Found rosidl_adapter: 3.1.5 (/opt/ros/humble/share/rosidl_adapter/cmake)
[1.253s] -- Found rosidl_generator_cpp: 3.1.5 (/opt/ros/humble/share/rosidl_generator_cpp/cmake)
[1.287s] -- Using all available rosidl_typesupport_c: rosidl_typesupport_fastrtps_c;rosidl_typesupport_introspection_c
[1.335s] -- Using all available rosidl_typesupport_cpp: rosidl_typesupport_fastrtps_cpp;rosidl_typesupport_introspection_cpp
[1.495s] -- Found rmw_implementation_cmake: 6.1.1 (/opt/ros/humble/share/rmw_implementation_cmake/cmake)
[1.508s] -- Found rmw_fastrtps_cpp: 6.2.4 (/opt/ros/humble/share/rmw_fastrtps_cpp/cmake)
[1.702s] -- Found OpenSSL: /usr/lib/x86_64-linux-gnu/libcrypto.so (found version "3.0.2")  
[1.746s] -- Found FastRTPS: /opt/ros/humble/include  
[1.820s] -- Using RMW implementation 'rmw_fastrtps_cpp' as default
[1.850s] -- Looking for pthread.h
[1.951s] -- Looking for pthread.h - found
[1.951s] -- Performing Test CMAKE_HAVE_LIBC_PTHREAD
[2.055s] -- Performing Test CMAKE_HAVE_LIBC_PTHREAD - Success
[2.056s] -- Found Threads: TRUE  
[2.296s] -- Found sensor_msgs: 4.2.3 (/opt/ros/humble/share/sensor_msgs/cmake)
[2.459s] -- Found ament_lint_auto: 0.12.8 (/opt/ros/humble/share/ament_lint_auto/cmake)
[2.592s] -- Added test 'cppcheck' to perform static code analysis on C / C++ code
[2.592s] -- Configured cppcheck include dirs: $<BUILD_INTERFACE:/home/jasper/rtab_robocup/src/sensors/include>
[2.592s] -- Configured cppcheck exclude dirs and/or files: 
[2.594s] -- Added test 'lint_cmake' to check CMake code style
[2.597s] -- Added test 'uncrustify' to check C / C++ code style
[2.597s] -- Configured uncrustify additional arguments: 
[2.598s] -- Added test 'xmllint' to check XML markup files
[2.602s] -- Configuring done
[2.612s] -- Generating done
[2.614s] -- Build files have been written to: /home/jasper/rtab_robocup/build/sensors
[2.624s] Invoked command in '/home/jasper/rtab_robocup/build/sensors' returned '0': CMAKE_PREFIX_PATH=${CMAKE_PREFIX_PATH}:/home/jasper/ws_moveit2/install/moveit_configs_utils:/home/jasper/ws_moveit2/install/launch_param_builder:/opt/ros/humble /usr/bin/cmake /home/jasper/rtab_robocup/src/sensors -DCMAKE_INSTALL_PREFIX=/home/jasper/rtab_robocup/install/sensors
[2.625s] Invoking command in '/home/jasper/rtab_robocup/build/sensors': CMAKE_PREFIX_PATH=${CMAKE_PREFIX_PATH}:/home/jasper/ws_moveit2/install/moveit_configs_utils:/home/jasper/ws_moveit2/install/launch_param_builder:/opt/ros/humble /usr/bin/cmake --build /home/jasper/rtab_robocup/build/sensors -- -j8 -l8
[2.707s] [ 50%] [32mBuilding CXX object CMakeFiles/L1_filter.dir/src/L1_filter.cpp.o[0m
[11.691s] [100%] [32m[1mLinking CXX executable L1_filter[0m
[12.160s] [100%] Built target L1_filter
[12.176s] Invoked command in '/home/jasper/rtab_robocup/build/sensors' returned '0': CMAKE_PREFIX_PATH=${CMAKE_PREFIX_PATH}:/home/jasper/ws_moveit2/install/moveit_configs_utils:/home/jasper/ws_moveit2/install/launch_param_builder:/opt/ros/humble /usr/bin/cmake --build /home/jasper/rtab_robocup/build/sensors -- -j8 -l8
[12.233s] Invoking command in '/home/jasper/rtab_robocup/build/sensors': CMAKE_PREFIX_PATH=${CMAKE_PREFIX_PATH}:/home/jasper/ws_moveit2/install/moveit_configs_utils:/home/jasper/ws_moveit2/install/launch_param_builder:/opt/ros/humble /usr/bin/cmake --install /home/jasper/rtab_robocup/build/sensors
[12.245s] -- Install configuration: ""
[12.245s] -- Installing: /home/jasper/rtab_robocup/install/sensors/lib/sensors/L1_filter
[12.249s] -- Set runtime path of "/home/jasper/rtab_robocup/install/sensors/lib/sensors/L1_filter" to ""
[12.250s] -- Installing: /home/jasper/rtab_robocup/install/sensors/share/ament_index/resource_index/package_run_dependencies/sensors
[12.250s] -- Installing: /home/jasper/rtab_robocup/install/sensors/share/ament_index/resource_index/parent_prefix_path/sensors
[12.250s] -- Installing: /home/jasper/rtab_robocup/install/sensors/share/sensors/environment/ament_prefix_path.sh
[12.250s] -- Installing: /home/jasper/rtab_robocup/install/sensors/share/sensors/environment/ament_prefix_path.dsv
[12.250s] -- Installing: /home/jasper/rtab_robocup/install/sensors/share/sensors/environment/path.sh
[12.250s] -- Installing: /home/jasper/rtab_robocup/install/sensors/share/sensors/environment/path.dsv
[12.251s] -- Installing: /home/jasper/rtab_robocup/install/sensors/share/sensors/local_setup.bash
[12.251s] -- Installing: /home/jasper/rtab_robocup/install/sensors/share/sensors/local_setup.sh
[12.251s] -- Installing: /home/jasper/rtab_robocup/install/sensors/share/sensors/local_setup.zsh
[12.251s] -- Installing: /home/jasper/rtab_robocup/install/sensors/share/sensors/local_setup.dsv
[12.252s] -- Installing: /home/jasper/rtab_robocup/install/sensors/share/sensors/package.dsv
[12.252s] -- Installing: /home/jasper/rtab_robocup/install/sensors/share/ament_index/resource_index/packages/sensors
[12.252s] -- Installing: /home/jasper/rtab_robocup/install/sensors/share/sensors/cmake/sensorsConfig.cmake
[12.252s] -- Installing: /home/jasper/rtab_robocup/install/sensors/share/sensors/cmake/sensorsConfig-version.cmake
[12.252s] -- Installing: /home/jasper/rtab_robocup/install/sensors/share/sensors/package.xml
[12.255s] Invoked command in '/home/jasper/rtab_robocup/build/sensors' returned '0': CMAKE_PREFIX_PATH=${CMAKE_PREFIX_PATH}:/home/jasper/ws_moveit2/install/moveit_configs_utils:/home/jasper/ws_moveit2/install/launch_param_builder:/opt/ros/humble /usr/bin/cmake --install /home/jasper/rtab_robocup/build/sensors
