[0.092s] Invoking command in '/home/jasper/RoboWorks_Comp_Team/taskOptimzer/build/atwork_interfaces': CMAKE_PREFIX_PATH=${CMAKE_PREFIX_PATH}:/home/jasper/ws_moveit2/install/moveit_configs_utils:/home/jasper/ws_moveit2/install/launch_param_builder:/opt/ros/humble /usr/bin/cmake --build /home/jasper/RoboWorks_Comp_Team/taskOptimzer/build/atwork_interfaces -- -j8 -l8
[0.130s] -- Found ament_cmake: 1.3.6 (/opt/ros/humble/share/ament_cmake/cmake)
[0.310s] -- Found geometry_msgs: 4.2.3 (/opt/ros/humble/share/geometry_msgs/cmake)
[0.342s] -- Found rosidl_generator_c: 3.1.5 (/opt/ros/humble/share/rosidl_generator_c/cmake)
[0.345s] -- Found rosidl_adapter: 3.1.5 (/opt/ros/humble/share/rosidl_adapter/cmake)
[0.352s] -- Found rosidl_generator_cpp: 3.1.5 (/opt/ros/humble/share/rosidl_generator_cpp/cmake)
[0.367s] -- Using all available rosidl_typesupport_c: rosidl_typesupport_fastrtps_c;rosidl_typesupport_introspection_c
[0.386s] -- Using all available rosidl_typesupport_cpp: rosidl_typesupport_fastrtps_cpp;rosidl_typesupport_introspection_cpp
[0.513s] -- Found rosidl_default_generators: 1.2.0 (/opt/ros/humble/share/rosidl_default_generators/cmake)
[0.870s] -- Found ament_cmake_ros: 0.10.0 (/opt/ros/humble/share/ament_cmake_ros/cmake)
[1.333s] -- Using all available rosidl_typesupport_c: rosidl_typesupport_fastrtps_c;rosidl_typesupport_introspection_c
[1.506s] -- Using all available rosidl_typesupport_cpp: rosidl_typesupport_fastrtps_cpp;rosidl_typesupport_introspection_cpp
[1.533s] -- Found python_cmake_module: 0.10.0 (/opt/ros/humble/share/python_cmake_module/cmake)
[1.556s] -- Using PYTHON_EXECUTABLE: /usr/bin/python3
[1.556s] -- Using PYTHON_INCLUDE_DIRS: /usr/include/python3.10
[1.556s] -- Using PYTHON_LIBRARIES: /usr/lib/x86_64-linux-gnu/libpython3.10.so
[1.636s] -- Found ament_lint_auto: 0.12.9 (/opt/ros/humble/share/ament_lint_auto/cmake)
[1.646s] -- Added test 'lint_cmake' to check CMake code style
[1.648s] -- Added test 'xmllint' to check XML markup files
[1.650s] -- Configuring done
[1.699s] -- Generating done
[1.702s] -- Build files have been written to: /home/jasper/RoboWorks_Comp_Team/taskOptimzer/build/atwork_interfaces
[1.741s] [  1%] [34m[1mGenerating C code for ROS interfaces[0m
[1.760s] [  2%] [34m[1mGenerating C++ code for ROS interfaces[0m
[1.777s] [  2%] Built target ament_cmake_python_copy_atwork_interfaces
[2.234s] running egg_info
[2.235s] writing atwork_interfaces.egg-info/PKG-INFO
[2.235s] writing dependency_links to atwork_interfaces.egg-info/dependency_links.txt
[2.235s] writing top-level names to atwork_interfaces.egg-info/top_level.txt
[2.238s] reading manifest file 'atwork_interfaces.egg-info/SOURCES.txt'
[2.240s] writing manifest file 'atwork_interfaces.egg-info/SOURCES.txt'
[2.278s] [  2%] Built target ament_cmake_python_build_atwork_interfaces_egg
[3.088s] [  2%] Built target atwork_interfaces__cpp
[3.119s] [  5%] [34m[1mGenerating C++ type support for eProsima Fast-RTPS[0m
[3.119s] [  5%] [34m[1mGenerating C++ type support dispatch for ROS interfaces[0m
[3.119s] [  7%] [34m[1mGenerating C++ introspection for ROS interfaces[0m
[3.545s] [35m[1mConsolidate compiler generated dependencies of target atwork_interfaces__rosidl_generator_c[0m
[3.581s] [  8%] [32mBuilding C object CMakeFiles/atwork_interfaces__rosidl_generator_c.dir/rosidl_generator_c/atwork_interfaces/msg/detail/object__functions.c.o[0m
[3.582s] [  9%] [32mBuilding C object CMakeFiles/atwork_interfaces__rosidl_generator_c.dir/rosidl_generator_c/atwork_interfaces/msg/detail/robot_header__functions.c.o[0m
[3.583s] [ 11%] [32mBuilding C object CMakeFiles/atwork_interfaces__rosidl_generator_c.dir/rosidl_generator_c/atwork_interfaces/msg/detail/task__functions.c.o[0m
[3.587s] [ 12%] [32mBuilding C object CMakeFiles/atwork_interfaces__rosidl_generator_c.dir/rosidl_generator_c/atwork_interfaces/srv/detail/generate_task__functions.c.o[0m
[3.597s] [ 14%] [32mBuilding C object CMakeFiles/atwork_interfaces__rosidl_generator_c.dir/rosidl_generator_c/atwork_interfaces/msg/detail/workstation__functions.c.o[0m
[3.708s] [ 15%] [32mBuilding C object CMakeFiles/atwork_interfaces__rosidl_generator_c.dir/rosidl_generator_c/atwork_interfaces/srv/detail/task_opt__functions.c.o[0m
[3.809s] [ 16%] [32m[1mLinking C shared library libatwork_interfaces__rosidl_generator_c.so[0m
[3.896s] [ 16%] Built target atwork_interfaces__rosidl_generator_c
[3.925s] [ 21%] [34m[1mGenerating C type support dispatch for ROS interfaces[0m
[3.925s] [ 21%] [34m[1mGenerating C introspection for ROS interfaces[0m
[3.925s] [ 21%] [34m[1mGenerating C type support for eProsima Fast-RTPS[0m
[4.751s] [35m[1mConsolidate compiler generated dependencies of target atwork_interfaces__rosidl_typesupport_cpp[0m
[4.801s] [ 22%] [32mBuilding CXX object CMakeFiles/atwork_interfaces__rosidl_typesupport_cpp.dir/rosidl_typesupport_cpp/atwork_interfaces/msg/robot_header__type_support.cpp.o[0m
[4.803s] [ 23%] [32mBuilding CXX object CMakeFiles/atwork_interfaces__rosidl_typesupport_cpp.dir/rosidl_typesupport_cpp/atwork_interfaces/msg/task__type_support.cpp.o[0m
[4.809s] [ 25%] [32mBuilding CXX object CMakeFiles/atwork_interfaces__rosidl_typesupport_cpp.dir/rosidl_typesupport_cpp/atwork_interfaces/msg/object__type_support.cpp.o[0m
[5.385s] [ 26%] [32mBuilding CXX object CMakeFiles/atwork_interfaces__rosidl_typesupport_cpp.dir/rosidl_typesupport_cpp/atwork_interfaces/msg/workstation__type_support.cpp.o[0m
[5.399s] [35m[1mConsolidate compiler generated dependencies of target atwork_interfaces__rosidl_typesupport_introspection_cpp[0m
[5.418s] [ 28%] [32mBuilding CXX object CMakeFiles/atwork_interfaces__rosidl_typesupport_cpp.dir/rosidl_typesupport_cpp/atwork_interfaces/srv/generate_task__type_support.cpp.o[0m
[5.439s] [35m[1mConsolidate compiler generated dependencies of target atwork_interfaces__rosidl_typesupport_fastrtps_cpp[0m
[5.448s] [ 29%] [32mBuilding CXX object CMakeFiles/atwork_interfaces__rosidl_typesupport_introspection_cpp.dir/rosidl_typesupport_introspection_cpp/atwork_interfaces/msg/detail/object__type_support.cpp.o[0m
[5.451s] [ 30%] [32mBuilding CXX object CMakeFiles/atwork_interfaces__rosidl_typesupport_cpp.dir/rosidl_typesupport_cpp/atwork_interfaces/srv/task_opt__type_support.cpp.o[0m
[5.530s] [ 32%] [32mBuilding CXX object CMakeFiles/atwork_interfaces__rosidl_typesupport_fastrtps_cpp.dir/rosidl_typesupport_fastrtps_cpp/atwork_interfaces/msg/detail/dds_fastrtps/object__type_support.cpp.o[0m
[5.703s] [35m[1mConsolidate compiler generated dependencies of target atwork_interfaces__rosidl_typesupport_c[0m
[5.766s] [ 33%] [32mBuilding CXX object CMakeFiles/atwork_interfaces__rosidl_typesupport_c.dir/rosidl_typesupport_c/atwork_interfaces/msg/object__type_support.cpp.o[0m
[5.927s] [ 35%] [32mBuilding CXX object CMakeFiles/atwork_interfaces__rosidl_typesupport_c.dir/rosidl_typesupport_c/atwork_interfaces/msg/robot_header__type_support.cpp.o[0m
[6.003s] [ 36%] [32mBuilding CXX object CMakeFiles/atwork_interfaces__rosidl_typesupport_c.dir/rosidl_typesupport_c/atwork_interfaces/msg/task__type_support.cpp.o[0m
[6.061s] [35m[1mConsolidate compiler generated dependencies of target atwork_interfaces__rosidl_typesupport_introspection_c[0m
[6.074s] [ 38%] [32mBuilding CXX object CMakeFiles/atwork_interfaces__rosidl_typesupport_c.dir/rosidl_typesupport_c/atwork_interfaces/msg/workstation__type_support.cpp.o[0m
[6.087s] [ 39%] [32mBuilding CXX object CMakeFiles/atwork_interfaces__rosidl_typesupport_c.dir/rosidl_typesupport_c/atwork_interfaces/srv/generate_task__type_support.cpp.o[0m
[6.113s] [ 40%] [32mBuilding C object CMakeFiles/atwork_interfaces__rosidl_typesupport_introspection_c.dir/rosidl_typesupport_introspection_c/atwork_interfaces/msg/detail/object__type_support.c.o[0m
[6.123s] [ 42%] [32mBuilding CXX object CMakeFiles/atwork_interfaces__rosidl_typesupport_c.dir/rosidl_typesupport_c/atwork_interfaces/srv/task_opt__type_support.cpp.o[0m
[6.176s] [ 43%] [32m[1mLinking CXX shared library libatwork_interfaces__rosidl_typesupport_cpp.so[0m
[6.177s] [ 45%] [32mBuilding C object CMakeFiles/atwork_interfaces__rosidl_typesupport_introspection_c.dir/rosidl_typesupport_introspection_c/atwork_interfaces/msg/detail/robot_header__type_support.c.o[0m
[6.216s] [ 46%] [32mBuilding C object CMakeFiles/atwork_interfaces__rosidl_typesupport_introspection_c.dir/rosidl_typesupport_introspection_c/atwork_interfaces/msg/detail/task__type_support.c.o[0m
[6.219s] [ 47%] [32m[1mLinking CXX shared library libatwork_interfaces__rosidl_typesupport_c.so[0m
[6.243s] [ 49%] [32mBuilding C object CMakeFiles/atwork_interfaces__rosidl_typesupport_introspection_c.dir/rosidl_typesupport_introspection_c/atwork_interfaces/msg/detail/workstation__type_support.c.o[0m
[6.247s] [35m[1mConsolidate compiler generated dependencies of target atwork_interfaces__rosidl_typesupport_fastrtps_c[0m
[6.264s] [ 50%] [32mBuilding CXX object CMakeFiles/atwork_interfaces__rosidl_typesupport_introspection_cpp.dir/rosidl_typesupport_introspection_cpp/atwork_interfaces/msg/detail/robot_header__type_support.cpp.o[0m
[6.290s] [ 52%] [32mBuilding C object CMakeFiles/atwork_interfaces__rosidl_typesupport_introspection_c.dir/rosidl_typesupport_introspection_c/atwork_interfaces/srv/detail/generate_task__type_support.c.o[0m
[6.296s] [ 53%] [32mBuilding CXX object CMakeFiles/atwork_interfaces__rosidl_typesupport_fastrtps_c.dir/rosidl_typesupport_fastrtps_c/atwork_interfaces/msg/detail/object__type_support_c.cpp.o[0m
[6.301s] [ 53%] Built target atwork_interfaces__rosidl_typesupport_cpp
[6.330s] [ 54%] [32mBuilding CXX object CMakeFiles/atwork_interfaces__rosidl_typesupport_fastrtps_c.dir/rosidl_typesupport_fastrtps_c/atwork_interfaces/msg/detail/robot_header__type_support_c.cpp.o[0m
[6.355s] [ 56%] [32mBuilding CXX object CMakeFiles/atwork_interfaces__rosidl_typesupport_fastrtps_c.dir/rosidl_typesupport_fastrtps_c/atwork_interfaces/msg/detail/task__type_support_c.cpp.o[0m
[6.360s] [ 56%] Built target atwork_interfaces__rosidl_typesupport_c
[6.364s] [ 57%] [32mBuilding CXX object CMakeFiles/atwork_interfaces__rosidl_typesupport_fastrtps_c.dir/rosidl_typesupport_fastrtps_c/atwork_interfaces/msg/detail/workstation__type_support_c.cpp.o[0m
[6.414s] [ 59%] [32mBuilding C object CMakeFiles/atwork_interfaces__rosidl_typesupport_introspection_c.dir/rosidl_typesupport_introspection_c/atwork_interfaces/srv/detail/task_opt__type_support.c.o[0m
[6.419s] [ 60%] [32mBuilding CXX object CMakeFiles/atwork_interfaces__rosidl_typesupport_fastrtps_cpp.dir/rosidl_typesupport_fastrtps_cpp/atwork_interfaces/msg/detail/dds_fastrtps/robot_header__type_support.cpp.o[0m
[6.516s] [ 61%] [32mBuilding CXX object CMakeFiles/atwork_interfaces__rosidl_typesupport_fastrtps_c.dir/rosidl_typesupport_fastrtps_c/atwork_interfaces/srv/detail/generate_task__type_support_c.cpp.o[0m
[6.542s] [ 63%] [32m[1mLinking C shared library libatwork_interfaces__rosidl_typesupport_introspection_c.so[0m
[6.805s] [ 63%] Built target atwork_interfaces__rosidl_typesupport_introspection_c
[6.865s] [ 64%] [32mBuilding CXX object CMakeFiles/atwork_interfaces__rosidl_typesupport_introspection_cpp.dir/rosidl_typesupport_introspection_cpp/atwork_interfaces/msg/detail/task__type_support.cpp.o[0m
[7.205s] [ 66%] [32mBuilding CXX object CMakeFiles/atwork_interfaces__rosidl_typesupport_fastrtps_c.dir/rosidl_typesupport_fastrtps_c/atwork_interfaces/srv/detail/task_opt__type_support_c.cpp.o[0m
[7.227s] [ 67%] [32mBuilding CXX object CMakeFiles/atwork_interfaces__rosidl_typesupport_introspection_cpp.dir/rosidl_typesupport_introspection_cpp/atwork_interfaces/msg/detail/workstation__type_support.cpp.o[0m
[7.448s] [ 69%] [32mBuilding CXX object CMakeFiles/atwork_interfaces__rosidl_typesupport_fastrtps_cpp.dir/rosidl_typesupport_fastrtps_cpp/atwork_interfaces/msg/detail/dds_fastrtps/task__type_support.cpp.o[0m
[7.458s] [ 70%] [32mBuilding CXX object CMakeFiles/atwork_interfaces__rosidl_typesupport_introspection_cpp.dir/rosidl_typesupport_introspection_cpp/atwork_interfaces/srv/detail/generate_task__type_support.cpp.o[0m
[7.509s] [ 71%] [32mBuilding CXX object CMakeFiles/atwork_interfaces__rosidl_typesupport_introspection_cpp.dir/rosidl_typesupport_introspection_cpp/atwork_interfaces/srv/detail/task_opt__type_support.cpp.o[0m
[7.528s] [ 73%] [32mBuilding CXX object CMakeFiles/atwork_interfaces__rosidl_typesupport_fastrtps_cpp.dir/rosidl_typesupport_fastrtps_cpp/atwork_interfaces/msg/detail/dds_fastrtps/workstation__type_support.cpp.o[0m
[7.684s] [ 74%] [32mBuilding CXX object CMakeFiles/atwork_interfaces__rosidl_typesupport_fastrtps_cpp.dir/rosidl_typesupport_fastrtps_cpp/atwork_interfaces/srv/detail/dds_fastrtps/generate_task__type_support.cpp.o[0m
[8.109s] [ 76%] [32mBuilding CXX object CMakeFiles/atwork_interfaces__rosidl_typesupport_fastrtps_cpp.dir/rosidl_typesupport_fastrtps_cpp/atwork_interfaces/srv/detail/dds_fastrtps/task_opt__type_support.cpp.o[0m
[8.401s] [ 77%] [32m[1mLinking CXX shared library libatwork_interfaces__rosidl_typesupport_fastrtps_c.so[0m
[8.727s] [ 77%] Built target atwork_interfaces__rosidl_typesupport_fastrtps_c
[8.737s] [ 78%] [32m[1mLinking CXX shared library libatwork_interfaces__rosidl_typesupport_introspection_cpp.so[0m
[8.912s] [ 78%] Built target atwork_interfaces__rosidl_typesupport_introspection_cpp
[9.014s] [ 80%] [32m[1mLinking CXX shared library libatwork_interfaces__rosidl_typesupport_fastrtps_cpp.so[0m
[9.135s] [ 80%] Built target atwork_interfaces__rosidl_typesupport_fastrtps_cpp
[9.172s] [ 80%] Built target atwork_interfaces
[9.216s] [ 81%] [34m[1mGenerating Python code for ROS interfaces[0m
[11.104s] [ 81%] Built target atwork_interfaces__py
[11.123s] [35m[1mConsolidate compiler generated dependencies of target atwork_interfaces__rosidl_generator_py[0m
[11.155s] [ 83%] [32mBuilding C object CMakeFiles/atwork_interfaces__rosidl_generator_py.dir/rosidl_generator_py/atwork_interfaces/srv/_generate_task_s.c.o[0m
[11.158s] [ 84%] [32mBuilding C object CMakeFiles/atwork_interfaces__rosidl_generator_py.dir/rosidl_generator_py/atwork_interfaces/msg/_object_s.c.o[0m
[11.158s] [ 87%] [32mBuilding C object CMakeFiles/atwork_interfaces__rosidl_generator_py.dir/rosidl_generator_py/atwork_interfaces/msg/_task_s.c.o[0m
[11.158s] [ 87%] [32mBuilding C object CMakeFiles/atwork_interfaces__rosidl_generator_py.dir/rosidl_generator_py/atwork_interfaces/msg/_robot_header_s.c.o[0m
[11.159s] [ 88%] [32mBuilding C object CMakeFiles/atwork_interfaces__rosidl_generator_py.dir/rosidl_generator_py/atwork_interfaces/msg/_workstation_s.c.o[0m
[11.159s] [ 90%] [32mBuilding C object CMakeFiles/atwork_interfaces__rosidl_generator_py.dir/rosidl_generator_py/atwork_interfaces/srv/_task_opt_s.c.o[0m
[11.396s] [ 91%] [32m[1mLinking C shared library rosidl_generator_py/atwork_interfaces/libatwork_interfaces__rosidl_generator_py.so[0m
[11.459s] [ 91%] Built target atwork_interfaces__rosidl_generator_py
[11.477s] [35m[1mConsolidate compiler generated dependencies of target atwork_interfaces__rosidl_typesupport_c__pyext[0m
[11.477s] [35m[1mConsolidate compiler generated dependencies of target atwork_interfaces__rosidl_typesupport_fastrtps_c__pyext[0m
[11.477s] [35m[1mConsolidate compiler generated dependencies of target atwork_interfaces__rosidl_typesupport_introspection_c__pyext[0m
[11.501s] [ 92%] [32mBuilding C object CMakeFiles/atwork_interfaces__rosidl_typesupport_c__pyext.dir/rosidl_generator_py/atwork_interfaces/_atwork_interfaces_s.ep.rosidl_typesupport_c.c.o[0m
[11.503s] [ 94%] [32mBuilding C object CMakeFiles/atwork_interfaces__rosidl_typesupport_introspection_c__pyext.dir/rosidl_generator_py/atwork_interfaces/_atwork_interfaces_s.ep.rosidl_typesupport_introspection_c.c.o[0m
[11.509s] [ 95%] [32mBuilding C object CMakeFiles/atwork_interfaces__rosidl_typesupport_fastrtps_c__pyext.dir/rosidl_generator_py/atwork_interfaces/_atwork_interfaces_s.ep.rosidl_typesupport_fastrtps_c.c.o[0m
[11.658s] [ 97%] [32m[1mLinking C shared library rosidl_generator_py/atwork_interfaces/atwork_interfaces_s__rosidl_typesupport_c.cpython-310-x86_64-linux-gnu.so[0m
[11.729s] [ 97%] Built target atwork_interfaces__rosidl_typesupport_c__pyext
[11.753s] [ 98%] [32m[1mLinking C shared library rosidl_generator_py/atwork_interfaces/atwork_interfaces_s__rosidl_typesupport_introspection_c.cpython-310-x86_64-linux-gnu.so[0m
[11.756s] [100%] [32m[1mLinking C shared library rosidl_generator_py/atwork_interfaces/atwork_interfaces_s__rosidl_typesupport_fastrtps_c.cpython-310-x86_64-linux-gnu.so[0m
[11.824s] [100%] Built target atwork_interfaces__rosidl_typesupport_introspection_c__pyext
[11.825s] [100%] Built target atwork_interfaces__rosidl_typesupport_fastrtps_c__pyext
[11.848s] Invoked command in '/home/jasper/RoboWorks_Comp_Team/taskOptimzer/build/atwork_interfaces' returned '0': CMAKE_PREFIX_PATH=${CMAKE_PREFIX_PATH}:/home/jasper/ws_moveit2/install/moveit_configs_utils:/home/jasper/ws_moveit2/install/launch_param_builder:/opt/ros/humble /usr/bin/cmake --build /home/jasper/RoboWorks_Comp_Team/taskOptimzer/build/atwork_interfaces -- -j8 -l8
[12.284s] Invoking command in '/home/jasper/RoboWorks_Comp_Team/taskOptimzer/build/atwork_interfaces': CMAKE_PREFIX_PATH=${CMAKE_PREFIX_PATH}:/home/jasper/ws_moveit2/install/moveit_configs_utils:/home/jasper/ws_moveit2/install/launch_param_builder:/opt/ros/humble /usr/bin/cmake --install /home/jasper/RoboWorks_Comp_Team/taskOptimzer/build/atwork_interfaces
[12.297s] -- Install configuration: ""
[12.297s] -- Up-to-date: /home/jasper/RoboWorks_Comp_Team/taskOptimzer/install/atwork_interfaces/share/ament_index/resource_index/rosidl_interfaces/atwork_interfaces
[12.297s] -- Up-to-date: /home/jasper/RoboWorks_Comp_Team/taskOptimzer/install/atwork_interfaces/include/atwork_interfaces/atwork_interfaces
[12.298s] -- Up-to-date: /home/jasper/RoboWorks_Comp_Team/taskOptimzer/install/atwork_interfaces/include/atwork_interfaces/atwork_interfaces/msg
[12.298s] -- Up-to-date: /home/jasper/RoboWorks_Comp_Team/taskOptimzer/install/atwork_interfaces/include/atwork_interfaces/atwork_interfaces/msg/sphere.h
[12.298s] -- Up-to-date: /home/jasper/RoboWorks_Comp_Team/taskOptimzer/install/atwork_interfaces/include/atwork_interfaces/atwork_interfaces/msg/detail
[12.298s] -- Installing: /home/jasper/RoboWorks_Comp_Team/taskOptimzer/install/atwork_interfaces/include/atwork_interfaces/atwork_interfaces/msg/detail/robot_header__functions.h
[12.298s] -- Installing: /home/jasper/RoboWorks_Comp_Team/taskOptimzer/install/atwork_interfaces/include/atwork_interfaces/atwork_interfaces/msg/detail/task__functions.h
[12.299s] -- Installing: /home/jasper/RoboWorks_Comp_Team/taskOptimzer/install/atwork_interfaces/include/atwork_interfaces/atwork_interfaces/msg/detail/robot_header__functions.c
[12.299s] -- Up-to-date: /home/jasper/RoboWorks_Comp_Team/taskOptimzer/install/atwork_interfaces/include/atwork_interfaces/atwork_interfaces/msg/detail/sphere__functions.c
[12.299s] -- Up-to-date: /home/jasper/RoboWorks_Comp_Team/taskOptimzer/install/atwork_interfaces/include/atwork_interfaces/atwork_interfaces/msg/detail/sphere__type_support.h
[12.299s] -- Installing: /home/jasper/RoboWorks_Comp_Team/taskOptimzer/install/atwork_interfaces/include/atwork_interfaces/atwork_interfaces/msg/detail/object__functions.c
[12.299s] -- Installing: /home/jasper/RoboWorks_Comp_Team/taskOptimzer/install/atwork_interfaces/include/atwork_interfaces/atwork_interfaces/msg/detail/robot_header__struct.h
[12.299s] -- Up-to-date: /home/jasper/RoboWorks_Comp_Team/taskOptimzer/install/atwork_interfaces/include/atwork_interfaces/atwork_interfaces/msg/detail/sphere__struct.h
[12.300s] -- Installing: /home/jasper/RoboWorks_Comp_Team/taskOptimzer/install/atwork_interfaces/include/atwork_interfaces/atwork_interfaces/msg/detail/task__functions.c
[12.300s] -- Installing: /home/jasper/RoboWorks_Comp_Team/taskOptimzer/install/atwork_interfaces/include/atwork_interfaces/atwork_interfaces/msg/detail/workstation__struct.h
[12.300s] -- Installing: /home/jasper/RoboWorks_Comp_Team/taskOptimzer/install/atwork_interfaces/include/atwork_interfaces/atwork_interfaces/msg/detail/robot_header__type_support.h
[12.300s] -- Installing: /home/jasper/RoboWorks_Comp_Team/taskOptimzer/install/atwork_interfaces/include/atwork_interfaces/atwork_interfaces/msg/detail/workstation__functions.h
[12.300s] -- Installing: /home/jasper/RoboWorks_Comp_Team/taskOptimzer/install/atwork_interfaces/include/atwork_interfaces/atwork_interfaces/msg/detail/object__type_support.h
[12.300s] -- Up-to-date: /home/jasper/RoboWorks_Comp_Team/taskOptimzer/install/atwork_interfaces/include/atwork_interfaces/atwork_interfaces/msg/detail/sphere__functions.h
[12.301s] -- Installing: /home/jasper/RoboWorks_Comp_Team/taskOptimzer/install/atwork_interfaces/include/atwork_interfaces/atwork_interfaces/msg/detail/task__type_support.h
[12.301s] -- Installing: /home/jasper/RoboWorks_Comp_Team/taskOptimzer/install/atwork_interfaces/include/atwork_interfaces/atwork_interfaces/msg/detail/task__struct.h
[12.301s] -- Installing: /home/jasper/RoboWorks_Comp_Team/taskOptimzer/install/atwork_interfaces/include/atwork_interfaces/atwork_interfaces/msg/detail/workstation__type_support.h
[12.301s] -- Installing: /home/jasper/RoboWorks_Comp_Team/taskOptimzer/install/atwork_interfaces/include/atwork_interfaces/atwork_interfaces/msg/detail/object__struct.h
[12.301s] -- Installing: /home/jasper/RoboWorks_Comp_Team/taskOptimzer/install/atwork_interfaces/include/atwork_interfaces/atwork_interfaces/msg/detail/workstation__functions.c
[12.301s] -- Installing: /home/jasper/RoboWorks_Comp_Team/taskOptimzer/install/atwork_interfaces/include/atwork_interfaces/atwork_interfaces/msg/detail/object__functions.h
[12.301s] -- Installing: /home/jasper/RoboWorks_Comp_Team/taskOptimzer/install/atwork_interfaces/include/atwork_interfaces/atwork_interfaces/msg/task.h
[12.302s] -- Installing: /home/jasper/RoboWorks_Comp_Team/taskOptimzer/install/atwork_interfaces/include/atwork_interfaces/atwork_interfaces/msg/robot_header.h
[12.302s] -- Installing: /home/jasper/RoboWorks_Comp_Team/taskOptimzer/install/atwork_interfaces/include/atwork_interfaces/atwork_interfaces/msg/object.h
[12.302s] -- Installing: /home/jasper/RoboWorks_Comp_Team/taskOptimzer/install/atwork_interfaces/include/atwork_interfaces/atwork_interfaces/msg/workstation.h
[12.302s] -- Up-to-date: /home/jasper/RoboWorks_Comp_Team/taskOptimzer/install/atwork_interfaces/include/atwork_interfaces/atwork_interfaces/msg/rosidl_generator_c__visibility_control.h
[12.302s] -- Up-to-date: /home/jasper/RoboWorks_Comp_Team/taskOptimzer/install/atwork_interfaces/include/atwork_interfaces/atwork_interfaces/srv
[12.302s] -- Installing: /home/jasper/RoboWorks_Comp_Team/taskOptimzer/install/atwork_interfaces/include/atwork_interfaces/atwork_interfaces/srv/generate_task.h
[12.303s] -- Up-to-date: /home/jasper/RoboWorks_Comp_Team/taskOptimzer/install/atwork_interfaces/include/atwork_interfaces/atwork_interfaces/srv/detail
[12.303s] -- Installing: /home/jasper/RoboWorks_Comp_Team/taskOptimzer/install/atwork_interfaces/include/atwork_interfaces/atwork_interfaces/srv/detail/task_opt__functions.h
[12.303s] -- Installing: /home/jasper/RoboWorks_Comp_Team/taskOptimzer/install/atwork_interfaces/include/atwork_interfaces/atwork_interfaces/srv/detail/generate_task__functions.h
[12.303s] -- Installing: /home/jasper/RoboWorks_Comp_Team/taskOptimzer/install/atwork_interfaces/include/atwork_interfaces/atwork_interfaces/srv/detail/generate_task__struct.h
[12.303s] -- Installing: /home/jasper/RoboWorks_Comp_Team/taskOptimzer/install/atwork_interfaces/include/atwork_interfaces/atwork_interfaces/srv/detail/task_opt__functions.c
[12.303s] -- Installing: /home/jasper/RoboWorks_Comp_Team/taskOptimzer/install/atwork_interfaces/include/atwork_interfaces/atwork_interfaces/srv/detail/generate_task__functions.c
[12.303s] -- Installing: /home/jasper/RoboWorks_Comp_Team/taskOptimzer/install/atwork_interfaces/include/atwork_interfaces/atwork_interfaces/srv/detail/task_opt__struct.h
[12.304s] -- Installing: /home/jasper/RoboWorks_Comp_Team/taskOptimzer/install/atwork_interfaces/include/atwork_interfaces/atwork_interfaces/srv/detail/task_opt__type_support.h
[12.304s] -- Installing: /home/jasper/RoboWorks_Comp_Team/taskOptimzer/install/atwork_interfaces/include/atwork_interfaces/atwork_interfaces/srv/detail/generate_task__type_support.h
[12.304s] -- Installing: /home/jasper/RoboWorks_Comp_Team/taskOptimzer/install/atwork_interfaces/include/atwork_interfaces/atwork_interfaces/srv/task_opt.h
[12.304s] -- Up-to-date: /home/jasper/RoboWorks_Comp_Team/taskOptimzer/install/atwork_interfaces/share/atwork_interfaces/environment/library_path.sh
[12.304s] -- Installing: /home/jasper/RoboWorks_Comp_Team/taskOptimzer/install/atwork_interfaces/share/atwork_interfaces/environment/library_path.dsv
[12.304s] -- Installing: /home/jasper/RoboWorks_Comp_Team/taskOptimzer/install/atwork_interfaces/lib/libatwork_interfaces__rosidl_generator_c.so
[12.304s] -- Set runtime path of "/home/jasper/RoboWorks_Comp_Team/taskOptimzer/install/atwork_interfaces/lib/libatwork_interfaces__rosidl_generator_c.so" to ""
[12.305s] -- Up-to-date: /home/jasper/RoboWorks_Comp_Team/taskOptimzer/install/atwork_interfaces/include/atwork_interfaces/atwork_interfaces
[12.305s] -- Up-to-date: /home/jasper/RoboWorks_Comp_Team/taskOptimzer/install/atwork_interfaces/include/atwork_interfaces/atwork_interfaces/msg
[12.305s] -- Up-to-date: /home/jasper/RoboWorks_Comp_Team/taskOptimzer/install/atwork_interfaces/include/atwork_interfaces/atwork_interfaces/msg/detail
[12.305s] -- Installing: /home/jasper/RoboWorks_Comp_Team/taskOptimzer/install/atwork_interfaces/include/atwork_interfaces/atwork_interfaces/msg/detail/object__rosidl_typesupport_fastrtps_c.h
[12.305s] -- Installing: /home/jasper/RoboWorks_Comp_Team/taskOptimzer/install/atwork_interfaces/include/atwork_interfaces/atwork_interfaces/msg/detail/task__rosidl_typesupport_fastrtps_c.h
[12.305s] -- Installing: /home/jasper/RoboWorks_Comp_Team/taskOptimzer/install/atwork_interfaces/include/atwork_interfaces/atwork_interfaces/msg/detail/workstation__rosidl_typesupport_fastrtps_c.h
[12.306s] -- Installing: /home/jasper/RoboWorks_Comp_Team/taskOptimzer/install/atwork_interfaces/include/atwork_interfaces/atwork_interfaces/msg/detail/robot_header__rosidl_typesupport_fastrtps_c.h
[12.306s] -- Up-to-date: /home/jasper/RoboWorks_Comp_Team/taskOptimzer/install/atwork_interfaces/include/atwork_interfaces/atwork_interfaces/msg/detail/sphere__rosidl_typesupport_fastrtps_c.h
[12.306s] -- Up-to-date: /home/jasper/RoboWorks_Comp_Team/taskOptimzer/install/atwork_interfaces/include/atwork_interfaces/atwork_interfaces/msg/rosidl_typesupport_fastrtps_c__visibility_control.h
[12.306s] -- Up-to-date: /home/jasper/RoboWorks_Comp_Team/taskOptimzer/install/atwork_interfaces/include/atwork_interfaces/atwork_interfaces/srv
[12.306s] -- Up-to-date: /home/jasper/RoboWorks_Comp_Team/taskOptimzer/install/atwork_interfaces/include/atwork_interfaces/atwork_interfaces/srv/detail
[12.306s] -- Installing: /home/jasper/RoboWorks_Comp_Team/taskOptimzer/install/atwork_interfaces/include/atwork_interfaces/atwork_interfaces/srv/detail/task_opt__rosidl_typesupport_fastrtps_c.h
[12.307s] -- Installing: /home/jasper/RoboWorks_Comp_Team/taskOptimzer/install/atwork_interfaces/include/atwork_interfaces/atwork_interfaces/srv/detail/generate_task__rosidl_typesupport_fastrtps_c.h
[12.307s] -- Installing: /home/jasper/RoboWorks_Comp_Team/taskOptimzer/install/atwork_interfaces/lib/libatwork_interfaces__rosidl_typesupport_fastrtps_c.so
[12.307s] -- Set runtime path of "/home/jasper/RoboWorks_Comp_Team/taskOptimzer/install/atwork_interfaces/lib/libatwork_interfaces__rosidl_typesupport_fastrtps_c.so" to ""
[12.307s] -- Up-to-date: /home/jasper/RoboWorks_Comp_Team/taskOptimzer/install/atwork_interfaces/include/atwork_interfaces/atwork_interfaces
[12.307s] -- Up-to-date: /home/jasper/RoboWorks_Comp_Team/taskOptimzer/install/atwork_interfaces/include/atwork_interfaces/atwork_interfaces/msg
[12.307s] -- Installing: /home/jasper/RoboWorks_Comp_Team/taskOptimzer/install/atwork_interfaces/include/atwork_interfaces/atwork_interfaces/msg/task.hpp
[12.307s] -- Up-to-date: /home/jasper/RoboWorks_Comp_Team/taskOptimzer/install/atwork_interfaces/include/atwork_interfaces/atwork_interfaces/msg/sphere.hpp
[12.308s] -- Installing: /home/jasper/RoboWorks_Comp_Team/taskOptimzer/install/atwork_interfaces/include/atwork_interfaces/atwork_interfaces/msg/object.hpp
[12.308s] -- Installing: /home/jasper/RoboWorks_Comp_Team/taskOptimzer/install/atwork_interfaces/include/atwork_interfaces/atwork_interfaces/msg/workstation.hpp
[12.308s] -- Up-to-date: /home/jasper/RoboWorks_Comp_Team/taskOptimzer/install/atwork_interfaces/include/atwork_interfaces/atwork_interfaces/msg/detail
[12.308s] -- Installing: /home/jasper/RoboWorks_Comp_Team/taskOptimzer/install/atwork_interfaces/include/atwork_interfaces/atwork_interfaces/msg/detail/task__traits.hpp
[12.308s] -- Installing: /home/jasper/RoboWorks_Comp_Team/taskOptimzer/install/atwork_interfaces/include/atwork_interfaces/atwork_interfaces/msg/detail/object__struct.hpp
[12.308s] -- Installing: /home/jasper/RoboWorks_Comp_Team/taskOptimzer/install/atwork_interfaces/include/atwork_interfaces/atwork_interfaces/msg/detail/workstation__traits.hpp
[12.309s] -- Installing: /home/jasper/RoboWorks_Comp_Team/taskOptimzer/install/atwork_interfaces/include/atwork_interfaces/atwork_interfaces/msg/detail/object__traits.hpp
[12.309s] -- Installing: /home/jasper/RoboWorks_Comp_Team/taskOptimzer/install/atwork_interfaces/include/atwork_interfaces/atwork_interfaces/msg/detail/robot_header__struct.hpp
[12.309s] -- Installing: /home/jasper/RoboWorks_Comp_Team/taskOptimzer/install/atwork_interfaces/include/atwork_interfaces/atwork_interfaces/msg/detail/task__builder.hpp
[12.309s] -- Installing: /home/jasper/RoboWorks_Comp_Team/taskOptimzer/install/atwork_interfaces/include/atwork_interfaces/atwork_interfaces/msg/detail/task__struct.hpp
[12.309s] -- Installing: /home/jasper/RoboWorks_Comp_Team/taskOptimzer/install/atwork_interfaces/include/atwork_interfaces/atwork_interfaces/msg/detail/robot_header__builder.hpp
[12.309s] -- Installing: /home/jasper/RoboWorks_Comp_Team/taskOptimzer/install/atwork_interfaces/include/atwork_interfaces/atwork_interfaces/msg/detail/object__builder.hpp
[12.309s] -- Up-to-date: /home/jasper/RoboWorks_Comp_Team/taskOptimzer/install/atwork_interfaces/include/atwork_interfaces/atwork_interfaces/msg/detail/sphere__struct.hpp
[12.310s] -- Installing: /home/jasper/RoboWorks_Comp_Team/taskOptimzer/install/atwork_interfaces/include/atwork_interfaces/atwork_interfaces/msg/detail/robot_header__traits.hpp
[12.310s] -- Up-to-date: /home/jasper/RoboWorks_Comp_Team/taskOptimzer/install/atwork_interfaces/include/atwork_interfaces/atwork_interfaces/msg/detail/sphere__builder.hpp
[12.310s] -- Installing: /home/jasper/RoboWorks_Comp_Team/taskOptimzer/install/atwork_interfaces/include/atwork_interfaces/atwork_interfaces/msg/detail/workstation__builder.hpp
[12.310s] -- Up-to-date: /home/jasper/RoboWorks_Comp_Team/taskOptimzer/install/atwork_interfaces/include/atwork_interfaces/atwork_interfaces/msg/detail/sphere__traits.hpp
[12.310s] -- Installing: /home/jasper/RoboWorks_Comp_Team/taskOptimzer/install/atwork_interfaces/include/atwork_interfaces/atwork_interfaces/msg/detail/workstation__struct.hpp
[12.310s] -- Installing: /home/jasper/RoboWorks_Comp_Team/taskOptimzer/install/atwork_interfaces/include/atwork_interfaces/atwork_interfaces/msg/robot_header.hpp
[12.311s] -- Up-to-date: /home/jasper/RoboWorks_Comp_Team/taskOptimzer/install/atwork_interfaces/include/atwork_interfaces/atwork_interfaces/srv
[12.311s] -- Installing: /home/jasper/RoboWorks_Comp_Team/taskOptimzer/install/atwork_interfaces/include/atwork_interfaces/atwork_interfaces/srv/generate_task.hpp
[12.311s] -- Installing: /home/jasper/RoboWorks_Comp_Team/taskOptimzer/install/atwork_interfaces/include/atwork_interfaces/atwork_interfaces/srv/task_opt.hpp
[12.311s] -- Up-to-date: /home/jasper/RoboWorks_Comp_Team/taskOptimzer/install/atwork_interfaces/include/atwork_interfaces/atwork_interfaces/srv/detail
[12.311s] -- Installing: /home/jasper/RoboWorks_Comp_Team/taskOptimzer/install/atwork_interfaces/include/atwork_interfaces/atwork_interfaces/srv/detail/generate_task__struct.hpp
[12.311s] -- Installing: /home/jasper/RoboWorks_Comp_Team/taskOptimzer/install/atwork_interfaces/include/atwork_interfaces/atwork_interfaces/srv/detail/generate_task__traits.hpp
[12.311s] -- Installing: /home/jasper/RoboWorks_Comp_Team/taskOptimzer/install/atwork_interfaces/include/atwork_interfaces/atwork_interfaces/srv/detail/task_opt__struct.hpp
[12.312s] -- Installing: /home/jasper/RoboWorks_Comp_Team/taskOptimzer/install/atwork_interfaces/include/atwork_interfaces/atwork_interfaces/srv/detail/task_opt__traits.hpp
[12.312s] -- Installing: /home/jasper/RoboWorks_Comp_Team/taskOptimzer/install/atwork_interfaces/include/atwork_interfaces/atwork_interfaces/srv/detail/task_opt__builder.hpp
[12.312s] -- Installing: /home/jasper/RoboWorks_Comp_Team/taskOptimzer/install/atwork_interfaces/include/atwork_interfaces/atwork_interfaces/srv/detail/generate_task__builder.hpp
[12.312s] -- Up-to-date: /home/jasper/RoboWorks_Comp_Team/taskOptimzer/install/atwork_interfaces/include/atwork_interfaces/atwork_interfaces
[12.312s] -- Up-to-date: /home/jasper/RoboWorks_Comp_Team/taskOptimzer/install/atwork_interfaces/include/atwork_interfaces/atwork_interfaces/msg
[12.312s] -- Up-to-date: /home/jasper/RoboWorks_Comp_Team/taskOptimzer/install/atwork_interfaces/include/atwork_interfaces/atwork_interfaces/msg/detail
[12.313s] -- Up-to-date: /home/jasper/RoboWorks_Comp_Team/taskOptimzer/install/atwork_interfaces/include/atwork_interfaces/atwork_interfaces/msg/detail/sphere__rosidl_typesupport_fastrtps_cpp.hpp
[12.313s] -- Up-to-date: /home/jasper/RoboWorks_Comp_Team/taskOptimzer/install/atwork_interfaces/include/atwork_interfaces/atwork_interfaces/msg/detail/dds_fastrtps
[12.313s] -- Installing: /home/jasper/RoboWorks_Comp_Team/taskOptimzer/install/atwork_interfaces/include/atwork_interfaces/atwork_interfaces/msg/detail/robot_header__rosidl_typesupport_fastrtps_cpp.hpp
[12.313s] -- Installing: /home/jasper/RoboWorks_Comp_Team/taskOptimzer/install/atwork_interfaces/include/atwork_interfaces/atwork_interfaces/msg/detail/object__rosidl_typesupport_fastrtps_cpp.hpp
[12.313s] -- Installing: /home/jasper/RoboWorks_Comp_Team/taskOptimzer/install/atwork_interfaces/include/atwork_interfaces/atwork_interfaces/msg/detail/workstation__rosidl_typesupport_fastrtps_cpp.hpp
[12.313s] -- Installing: /home/jasper/RoboWorks_Comp_Team/taskOptimzer/install/atwork_interfaces/include/atwork_interfaces/atwork_interfaces/msg/detail/task__rosidl_typesupport_fastrtps_cpp.hpp
[12.314s] -- Up-to-date: /home/jasper/RoboWorks_Comp_Team/taskOptimzer/install/atwork_interfaces/include/atwork_interfaces/atwork_interfaces/msg/rosidl_typesupport_fastrtps_cpp__visibility_control.h
[12.314s] -- Up-to-date: /home/jasper/RoboWorks_Comp_Team/taskOptimzer/install/atwork_interfaces/include/atwork_interfaces/atwork_interfaces/srv
[12.314s] -- Up-to-date: /home/jasper/RoboWorks_Comp_Team/taskOptimzer/install/atwork_interfaces/include/atwork_interfaces/atwork_interfaces/srv/detail
[12.314s] -- Up-to-date: /home/jasper/RoboWorks_Comp_Team/taskOptimzer/install/atwork_interfaces/include/atwork_interfaces/atwork_interfaces/srv/detail/dds_fastrtps
[12.314s] -- Installing: /home/jasper/RoboWorks_Comp_Team/taskOptimzer/install/atwork_interfaces/include/atwork_interfaces/atwork_interfaces/srv/detail/generate_task__rosidl_typesupport_fastrtps_cpp.hpp
[12.314s] -- Installing: /home/jasper/RoboWorks_Comp_Team/taskOptimzer/install/atwork_interfaces/include/atwork_interfaces/atwork_interfaces/srv/detail/task_opt__rosidl_typesupport_fastrtps_cpp.hpp
[12.314s] -- Installing: /home/jasper/RoboWorks_Comp_Team/taskOptimzer/install/atwork_interfaces/lib/libatwork_interfaces__rosidl_typesupport_fastrtps_cpp.so
[12.315s] -- Set runtime path of "/home/jasper/RoboWorks_Comp_Team/taskOptimzer/install/atwork_interfaces/lib/libatwork_interfaces__rosidl_typesupport_fastrtps_cpp.so" to ""
[12.315s] -- Up-to-date: /home/jasper/RoboWorks_Comp_Team/taskOptimzer/install/atwork_interfaces/include/atwork_interfaces/atwork_interfaces
[12.315s] -- Up-to-date: /home/jasper/RoboWorks_Comp_Team/taskOptimzer/install/atwork_interfaces/include/atwork_interfaces/atwork_interfaces/msg
[12.315s] -- Up-to-date: /home/jasper/RoboWorks_Comp_Team/taskOptimzer/install/atwork_interfaces/include/atwork_interfaces/atwork_interfaces/msg/detail
[12.315s] -- Installing: /home/jasper/RoboWorks_Comp_Team/taskOptimzer/install/atwork_interfaces/include/atwork_interfaces/atwork_interfaces/msg/detail/workstation__type_support.c
[12.315s] -- Installing: /home/jasper/RoboWorks_Comp_Team/taskOptimzer/install/atwork_interfaces/include/atwork_interfaces/atwork_interfaces/msg/detail/workstation__rosidl_typesupport_introspection_c.h
[12.316s] -- Up-to-date: /home/jasper/RoboWorks_Comp_Team/taskOptimzer/install/atwork_interfaces/include/atwork_interfaces/atwork_interfaces/msg/detail/sphere__type_support.c
[12.316s] -- Installing: /home/jasper/RoboWorks_Comp_Team/taskOptimzer/install/atwork_interfaces/include/atwork_interfaces/atwork_interfaces/msg/detail/task__rosidl_typesupport_introspection_c.h
[12.316s] -- Installing: /home/jasper/RoboWorks_Comp_Team/taskOptimzer/install/atwork_interfaces/include/atwork_interfaces/atwork_interfaces/msg/detail/object__type_support.c
[12.316s] -- Up-to-date: /home/jasper/RoboWorks_Comp_Team/taskOptimzer/install/atwork_interfaces/include/atwork_interfaces/atwork_interfaces/msg/detail/sphere__rosidl_typesupport_introspection_c.h
[12.316s] -- Installing: /home/jasper/RoboWorks_Comp_Team/taskOptimzer/install/atwork_interfaces/include/atwork_interfaces/atwork_interfaces/msg/detail/task__type_support.c
[12.316s] -- Installing: /home/jasper/RoboWorks_Comp_Team/taskOptimzer/install/atwork_interfaces/include/atwork_interfaces/atwork_interfaces/msg/detail/robot_header__rosidl_typesupport_introspection_c.h
[12.317s] -- Installing: /home/jasper/RoboWorks_Comp_Team/taskOptimzer/install/atwork_interfaces/include/atwork_interfaces/atwork_interfaces/msg/detail/object__rosidl_typesupport_introspection_c.h
[12.317s] -- Installing: /home/jasper/RoboWorks_Comp_Team/taskOptimzer/install/atwork_interfaces/include/atwork_interfaces/atwork_interfaces/msg/detail/robot_header__type_support.c
[12.317s] -- Up-to-date: /home/jasper/RoboWorks_Comp_Team/taskOptimzer/install/atwork_interfaces/include/atwork_interfaces/atwork_interfaces/msg/rosidl_typesupport_introspection_c__visibility_control.h
[12.317s] -- Up-to-date: /home/jasper/RoboWorks_Comp_Team/taskOptimzer/install/atwork_interfaces/include/atwork_interfaces/atwork_interfaces/srv
[12.317s] -- Up-to-date: /home/jasper/RoboWorks_Comp_Team/taskOptimzer/install/atwork_interfaces/include/atwork_interfaces/atwork_interfaces/srv/detail
[12.317s] -- Installing: /home/jasper/RoboWorks_Comp_Team/taskOptimzer/install/atwork_interfaces/include/atwork_interfaces/atwork_interfaces/srv/detail/generate_task__rosidl_typesupport_introspection_c.h
[12.318s] -- Installing: /home/jasper/RoboWorks_Comp_Team/taskOptimzer/install/atwork_interfaces/include/atwork_interfaces/atwork_interfaces/srv/detail/task_opt__rosidl_typesupport_introspection_c.h
[12.318s] -- Installing: /home/jasper/RoboWorks_Comp_Team/taskOptimzer/install/atwork_interfaces/include/atwork_interfaces/atwork_interfaces/srv/detail/generate_task__type_support.c
[12.318s] -- Installing: /home/jasper/RoboWorks_Comp_Team/taskOptimzer/install/atwork_interfaces/include/atwork_interfaces/atwork_interfaces/srv/detail/task_opt__type_support.c
[12.318s] -- Installing: /home/jasper/RoboWorks_Comp_Team/taskOptimzer/install/atwork_interfaces/lib/libatwork_interfaces__rosidl_typesupport_introspection_c.so
[12.318s] -- Set runtime path of "/home/jasper/RoboWorks_Comp_Team/taskOptimzer/install/atwork_interfaces/lib/libatwork_interfaces__rosidl_typesupport_introspection_c.so" to ""
[12.318s] -- Installing: /home/jasper/RoboWorks_Comp_Team/taskOptimzer/install/atwork_interfaces/lib/libatwork_interfaces__rosidl_typesupport_c.so
[12.319s] -- Set runtime path of "/home/jasper/RoboWorks_Comp_Team/taskOptimzer/install/atwork_interfaces/lib/libatwork_interfaces__rosidl_typesupport_c.so" to ""
[12.319s] -- Up-to-date: /home/jasper/RoboWorks_Comp_Team/taskOptimzer/install/atwork_interfaces/include/atwork_interfaces/atwork_interfaces
[12.319s] -- Up-to-date: /home/jasper/RoboWorks_Comp_Team/taskOptimzer/install/atwork_interfaces/include/atwork_interfaces/atwork_interfaces/msg
[12.319s] -- Up-to-date: /home/jasper/RoboWorks_Comp_Team/taskOptimzer/install/atwork_interfaces/include/atwork_interfaces/atwork_interfaces/msg/detail
[12.319s] -- Up-to-date: /home/jasper/RoboWorks_Comp_Team/taskOptimzer/install/atwork_interfaces/include/atwork_interfaces/atwork_interfaces/msg/detail/sphere__rosidl_typesupport_introspection_cpp.hpp
[12.319s] -- Installing: /home/jasper/RoboWorks_Comp_Team/taskOptimzer/install/atwork_interfaces/include/atwork_interfaces/atwork_interfaces/msg/detail/workstation__type_support.cpp
[12.320s] -- Installing: /home/jasper/RoboWorks_Comp_Team/taskOptimzer/install/atwork_interfaces/include/atwork_interfaces/atwork_interfaces/msg/detail/task__type_support.cpp
[12.320s] -- Installing: /home/jasper/RoboWorks_Comp_Team/taskOptimzer/install/atwork_interfaces/include/atwork_interfaces/atwork_interfaces/msg/detail/object__rosidl_typesupport_introspection_cpp.hpp
[12.320s] -- Installing: /home/jasper/RoboWorks_Comp_Team/taskOptimzer/install/atwork_interfaces/include/atwork_interfaces/atwork_interfaces/msg/detail/workstation__rosidl_typesupport_introspection_cpp.hpp
[12.320s] -- Installing: /home/jasper/RoboWorks_Comp_Team/taskOptimzer/install/atwork_interfaces/include/atwork_interfaces/atwork_interfaces/msg/detail/robot_header__rosidl_typesupport_introspection_cpp.hpp
[12.320s] -- Up-to-date: /home/jasper/RoboWorks_Comp_Team/taskOptimzer/install/atwork_interfaces/include/atwork_interfaces/atwork_interfaces/msg/detail/sphere__type_support.cpp
[12.320s] -- Installing: /home/jasper/RoboWorks_Comp_Team/taskOptimzer/install/atwork_interfaces/include/atwork_interfaces/atwork_interfaces/msg/detail/object__type_support.cpp
[12.321s] -- Installing: /home/jasper/RoboWorks_Comp_Team/taskOptimzer/install/atwork_interfaces/include/atwork_interfaces/atwork_interfaces/msg/detail/task__rosidl_typesupport_introspection_cpp.hpp
[12.321s] -- Installing: /home/jasper/RoboWorks_Comp_Team/taskOptimzer/install/atwork_interfaces/include/atwork_interfaces/atwork_interfaces/msg/detail/robot_header__type_support.cpp
[12.321s] -- Up-to-date: /home/jasper/RoboWorks_Comp_Team/taskOptimzer/install/atwork_interfaces/include/atwork_interfaces/atwork_interfaces/srv
[12.321s] -- Up-to-date: /home/jasper/RoboWorks_Comp_Team/taskOptimzer/install/atwork_interfaces/include/atwork_interfaces/atwork_interfaces/srv/detail
[12.321s] -- Installing: /home/jasper/RoboWorks_Comp_Team/taskOptimzer/install/atwork_interfaces/include/atwork_interfaces/atwork_interfaces/srv/detail/task_opt__type_support.cpp
[12.321s] -- Installing: /home/jasper/RoboWorks_Comp_Team/taskOptimzer/install/atwork_interfaces/include/atwork_interfaces/atwork_interfaces/srv/detail/generate_task__rosidl_typesupport_introspection_cpp.hpp
[12.322s] -- Installing: /home/jasper/RoboWorks_Comp_Team/taskOptimzer/install/atwork_interfaces/include/atwork_interfaces/atwork_interfaces/srv/detail/task_opt__rosidl_typesupport_introspection_cpp.hpp
[12.322s] -- Installing: /home/jasper/RoboWorks_Comp_Team/taskOptimzer/install/atwork_interfaces/include/atwork_interfaces/atwork_interfaces/srv/detail/generate_task__type_support.cpp
[12.322s] -- Installing: /home/jasper/RoboWorks_Comp_Team/taskOptimzer/install/atwork_interfaces/lib/libatwork_interfaces__rosidl_typesupport_introspection_cpp.so
[12.322s] -- Set runtime path of "/home/jasper/RoboWorks_Comp_Team/taskOptimzer/install/atwork_interfaces/lib/libatwork_interfaces__rosidl_typesupport_introspection_cpp.so" to ""
[12.322s] -- Installing: /home/jasper/RoboWorks_Comp_Team/taskOptimzer/install/atwork_interfaces/lib/libatwork_interfaces__rosidl_typesupport_cpp.so
[12.322s] -- Set runtime path of "/home/jasper/RoboWorks_Comp_Team/taskOptimzer/install/atwork_interfaces/lib/libatwork_interfaces__rosidl_typesupport_cpp.so" to ""
[12.323s] -- Up-to-date: /home/jasper/RoboWorks_Comp_Team/taskOptimzer/install/atwork_interfaces/share/atwork_interfaces/environment/pythonpath.sh
[12.323s] -- Installing: /home/jasper/RoboWorks_Comp_Team/taskOptimzer/install/atwork_interfaces/share/atwork_interfaces/environment/pythonpath.dsv
[12.323s] -- Up-to-date: /home/jasper/RoboWorks_Comp_Team/taskOptimzer/install/atwork_interfaces/local/lib/python3.10/dist-packages/atwork_interfaces-0.0.0-py3.10.egg-info
[12.323s] -- Installing: /home/jasper/RoboWorks_Comp_Team/taskOptimzer/install/atwork_interfaces/local/lib/python3.10/dist-packages/atwork_interfaces-0.0.0-py3.10.egg-info/top_level.txt
[12.323s] -- Installing: /home/jasper/RoboWorks_Comp_Team/taskOptimzer/install/atwork_interfaces/local/lib/python3.10/dist-packages/atwork_interfaces-0.0.0-py3.10.egg-info/dependency_links.txt
[12.323s] -- Installing: /home/jasper/RoboWorks_Comp_Team/taskOptimzer/install/atwork_interfaces/local/lib/python3.10/dist-packages/atwork_interfaces-0.0.0-py3.10.egg-info/SOURCES.txt
[12.324s] -- Installing: /home/jasper/RoboWorks_Comp_Team/taskOptimzer/install/atwork_interfaces/local/lib/python3.10/dist-packages/atwork_interfaces-0.0.0-py3.10.egg-info/PKG-INFO
[12.324s] -- Up-to-date: /home/jasper/RoboWorks_Comp_Team/taskOptimzer/install/atwork_interfaces/local/lib/python3.10/dist-packages/atwork_interfaces
[12.324s] -- Installing: /home/jasper/RoboWorks_Comp_Team/taskOptimzer/install/atwork_interfaces/local/lib/python3.10/dist-packages/atwork_interfaces/_atwork_interfaces_s.ep.rosidl_typesupport_introspection_c.c
[12.324s] -- Installing: /home/jasper/RoboWorks_Comp_Team/taskOptimzer/install/atwork_interfaces/local/lib/python3.10/dist-packages/atwork_interfaces/atwork_interfaces_s__rosidl_typesupport_fastrtps_c.cpython-310-x86_64-linux-gnu.so
[12.324s] -- Installing: /home/jasper/RoboWorks_Comp_Team/taskOptimzer/install/atwork_interfaces/local/lib/python3.10/dist-packages/atwork_interfaces/libatwork_interfaces__rosidl_generator_py.so
[12.324s] -- Installing: /home/jasper/RoboWorks_Comp_Team/taskOptimzer/install/atwork_interfaces/local/lib/python3.10/dist-packages/atwork_interfaces/_atwork_interfaces_s.ep.rosidl_typesupport_fastrtps_c.c
[12.325s] -- Installing: /home/jasper/RoboWorks_Comp_Team/taskOptimzer/install/atwork_interfaces/local/lib/python3.10/dist-packages/atwork_interfaces/atwork_interfaces_s__rosidl_typesupport_c.cpython-310-x86_64-linux-gnu.so
[12.325s] -- Installing: /home/jasper/RoboWorks_Comp_Team/taskOptimzer/install/atwork_interfaces/local/lib/python3.10/dist-packages/atwork_interfaces/__init__.py
[12.325s] -- Installing: /home/jasper/RoboWorks_Comp_Team/taskOptimzer/install/atwork_interfaces/local/lib/python3.10/dist-packages/atwork_interfaces/_atwork_interfaces_s.ep.rosidl_typesupport_c.c
[12.325s] -- Installing: /home/jasper/RoboWorks_Comp_Team/taskOptimzer/install/atwork_interfaces/local/lib/python3.10/dist-packages/atwork_interfaces/atwork_interfaces_s__rosidl_typesupport_introspection_c.cpython-310-x86_64-linux-gnu.so
[12.325s] -- Up-to-date: /home/jasper/RoboWorks_Comp_Team/taskOptimzer/install/atwork_interfaces/local/lib/python3.10/dist-packages/atwork_interfaces/msg
[12.325s] -- Up-to-date: /home/jasper/RoboWorks_Comp_Team/taskOptimzer/install/atwork_interfaces/local/lib/python3.10/dist-packages/atwork_interfaces/msg/_sphere.py
[12.326s] -- Installing: /home/jasper/RoboWorks_Comp_Team/taskOptimzer/install/atwork_interfaces/local/lib/python3.10/dist-packages/atwork_interfaces/msg/_object_s.c
[12.326s] -- Installing: /home/jasper/RoboWorks_Comp_Team/taskOptimzer/install/atwork_interfaces/local/lib/python3.10/dist-packages/atwork_interfaces/msg/_object.py
[12.326s] -- Installing: /home/jasper/RoboWorks_Comp_Team/taskOptimzer/install/atwork_interfaces/local/lib/python3.10/dist-packages/atwork_interfaces/msg/_robot_header_s.c
[12.326s] -- Installing: /home/jasper/RoboWorks_Comp_Team/taskOptimzer/install/atwork_interfaces/local/lib/python3.10/dist-packages/atwork_interfaces/msg/_workstation_s.c
[12.326s] -- Installing: /home/jasper/RoboWorks_Comp_Team/taskOptimzer/install/atwork_interfaces/local/lib/python3.10/dist-packages/atwork_interfaces/msg/__init__.py
[12.326s] -- Installing: /home/jasper/RoboWorks_Comp_Team/taskOptimzer/install/atwork_interfaces/local/lib/python3.10/dist-packages/atwork_interfaces/msg/_workstation.py
[12.326s] -- Installing: /home/jasper/RoboWorks_Comp_Team/taskOptimzer/install/atwork_interfaces/local/lib/python3.10/dist-packages/atwork_interfaces/msg/_robot_header.py
[12.327s] -- Installing: /home/jasper/RoboWorks_Comp_Team/taskOptimzer/install/atwork_interfaces/local/lib/python3.10/dist-packages/atwork_interfaces/msg/_task_s.c
[12.327s] -- Installing: /home/jasper/RoboWorks_Comp_Team/taskOptimzer/install/atwork_interfaces/local/lib/python3.10/dist-packages/atwork_interfaces/msg/_task.py
[12.327s] -- Up-to-date: /home/jasper/RoboWorks_Comp_Team/taskOptimzer/install/atwork_interfaces/local/lib/python3.10/dist-packages/atwork_interfaces/msg/_sphere_s.c
[12.327s] -- Up-to-date: /home/jasper/RoboWorks_Comp_Team/taskOptimzer/install/atwork_interfaces/local/lib/python3.10/dist-packages/atwork_interfaces/srv
[12.327s] -- Installing: /home/jasper/RoboWorks_Comp_Team/taskOptimzer/install/atwork_interfaces/local/lib/python3.10/dist-packages/atwork_interfaces/srv/_generate_task_s.c
[12.327s] -- Installing: /home/jasper/RoboWorks_Comp_Team/taskOptimzer/install/atwork_interfaces/local/lib/python3.10/dist-packages/atwork_interfaces/srv/__init__.py
[12.327s] -- Installing: /home/jasper/RoboWorks_Comp_Team/taskOptimzer/install/atwork_interfaces/local/lib/python3.10/dist-packages/atwork_interfaces/srv/_task_opt.py
[12.328s] -- Installing: /home/jasper/RoboWorks_Comp_Team/taskOptimzer/install/atwork_interfaces/local/lib/python3.10/dist-packages/atwork_interfaces/srv/_generate_task.py
[12.328s] -- Installing: /home/jasper/RoboWorks_Comp_Team/taskOptimzer/install/atwork_interfaces/local/lib/python3.10/dist-packages/atwork_interfaces/srv/_task_opt_s.c
[12.376s] Listing '/home/jasper/RoboWorks_Comp_Team/taskOptimzer/install/atwork_interfaces/local/lib/python3.10/dist-packages/atwork_interfaces'...
[12.376s] Compiling '/home/jasper/RoboWorks_Comp_Team/taskOptimzer/install/atwork_interfaces/local/lib/python3.10/dist-packages/atwork_interfaces/__init__.py'...
[12.377s] Listing '/home/jasper/RoboWorks_Comp_Team/taskOptimzer/install/atwork_interfaces/local/lib/python3.10/dist-packages/atwork_interfaces/msg'...
[12.377s] Compiling '/home/jasper/RoboWorks_Comp_Team/taskOptimzer/install/atwork_interfaces/local/lib/python3.10/dist-packages/atwork_interfaces/msg/__init__.py'...
[12.377s] Compiling '/home/jasper/RoboWorks_Comp_Team/taskOptimzer/install/atwork_interfaces/local/lib/python3.10/dist-packages/atwork_interfaces/msg/_object.py'...
[12.377s] Compiling '/home/jasper/RoboWorks_Comp_Team/taskOptimzer/install/atwork_interfaces/local/lib/python3.10/dist-packages/atwork_interfaces/msg/_robot_header.py'...
[12.377s] Compiling '/home/jasper/RoboWorks_Comp_Team/taskOptimzer/install/atwork_interfaces/local/lib/python3.10/dist-packages/atwork_interfaces/msg/_task.py'...
[12.377s] Compiling '/home/jasper/RoboWorks_Comp_Team/taskOptimzer/install/atwork_interfaces/local/lib/python3.10/dist-packages/atwork_interfaces/msg/_workstation.py'...
[12.377s] Listing '/home/jasper/RoboWorks_Comp_Team/taskOptimzer/install/atwork_interfaces/local/lib/python3.10/dist-packages/atwork_interfaces/srv'...
[12.377s] Compiling '/home/jasper/RoboWorks_Comp_Team/taskOptimzer/install/atwork_interfaces/local/lib/python3.10/dist-packages/atwork_interfaces/srv/__init__.py'...
[12.378s] Compiling '/home/jasper/RoboWorks_Comp_Team/taskOptimzer/install/atwork_interfaces/local/lib/python3.10/dist-packages/atwork_interfaces/srv/_generate_task.py'...
[12.378s] Compiling '/home/jasper/RoboWorks_Comp_Team/taskOptimzer/install/atwork_interfaces/local/lib/python3.10/dist-packages/atwork_interfaces/srv/_task_opt.py'...
[12.383s] -- Installing: /home/jasper/RoboWorks_Comp_Team/taskOptimzer/install/atwork_interfaces/local/lib/python3.10/dist-packages/atwork_interfaces/atwork_interfaces_s__rosidl_typesupport_fastrtps_c.cpython-310-x86_64-linux-gnu.so
[12.384s] -- Set runtime path of "/home/jasper/RoboWorks_Comp_Team/taskOptimzer/install/atwork_interfaces/local/lib/python3.10/dist-packages/atwork_interfaces/atwork_interfaces_s__rosidl_typesupport_fastrtps_c.cpython-310-x86_64-linux-gnu.so" to ""
[12.384s] -- Installing: /home/jasper/RoboWorks_Comp_Team/taskOptimzer/install/atwork_interfaces/local/lib/python3.10/dist-packages/atwork_interfaces/atwork_interfaces_s__rosidl_typesupport_introspection_c.cpython-310-x86_64-linux-gnu.so
[12.385s] -- Set runtime path of "/home/jasper/RoboWorks_Comp_Team/taskOptimzer/install/atwork_interfaces/local/lib/python3.10/dist-packages/atwork_interfaces/atwork_interfaces_s__rosidl_typesupport_introspection_c.cpython-310-x86_64-linux-gnu.so" to ""
[12.385s] -- Installing: /home/jasper/RoboWorks_Comp_Team/taskOptimzer/install/atwork_interfaces/local/lib/python3.10/dist-packages/atwork_interfaces/atwork_interfaces_s__rosidl_typesupport_c.cpython-310-x86_64-linux-gnu.so
[12.386s] -- Set runtime path of "/home/jasper/RoboWorks_Comp_Team/taskOptimzer/install/atwork_interfaces/local/lib/python3.10/dist-packages/atwork_interfaces/atwork_interfaces_s__rosidl_typesupport_c.cpython-310-x86_64-linux-gnu.so" to ""
[12.386s] -- Installing: /home/jasper/RoboWorks_Comp_Team/taskOptimzer/install/atwork_interfaces/lib/libatwork_interfaces__rosidl_generator_py.so
[12.387s] -- Set runtime path of "/home/jasper/RoboWorks_Comp_Team/taskOptimzer/install/atwork_interfaces/lib/libatwork_interfaces__rosidl_generator_py.so" to ""
[12.387s] -- Up-to-date: /home/jasper/RoboWorks_Comp_Team/taskOptimzer/install/atwork_interfaces/share/atwork_interfaces/msg/Object.idl
[12.387s] -- Up-to-date: /home/jasper/RoboWorks_Comp_Team/taskOptimzer/install/atwork_interfaces/share/atwork_interfaces/msg/RobotHeader.idl
[12.387s] -- Up-to-date: /home/jasper/RoboWorks_Comp_Team/taskOptimzer/install/atwork_interfaces/share/atwork_interfaces/msg/Task.idl
[12.387s] -- Up-to-date: /home/jasper/RoboWorks_Comp_Team/taskOptimzer/install/atwork_interfaces/share/atwork_interfaces/msg/Workstation.idl
[12.387s] -- Up-to-date: /home/jasper/RoboWorks_Comp_Team/taskOptimzer/install/atwork_interfaces/share/atwork_interfaces/srv/GenerateTask.idl
[12.388s] -- Installing: /home/jasper/RoboWorks_Comp_Team/taskOptimzer/install/atwork_interfaces/share/atwork_interfaces/srv/TaskOpt.idl
[12.388s] -- Up-to-date: /home/jasper/RoboWorks_Comp_Team/taskOptimzer/install/atwork_interfaces/share/atwork_interfaces/msg/Object.msg
[12.388s] -- Up-to-date: /home/jasper/RoboWorks_Comp_Team/taskOptimzer/install/atwork_interfaces/share/atwork_interfaces/msg/RobotHeader.msg
[12.388s] -- Up-to-date: /home/jasper/RoboWorks_Comp_Team/taskOptimzer/install/atwork_interfaces/share/atwork_interfaces/msg/Task.msg
[12.388s] -- Up-to-date: /home/jasper/RoboWorks_Comp_Team/taskOptimzer/install/atwork_interfaces/share/atwork_interfaces/msg/Workstation.msg
[12.388s] -- Up-to-date: /home/jasper/RoboWorks_Comp_Team/taskOptimzer/install/atwork_interfaces/share/atwork_interfaces/srv/GenerateTask.srv
[12.388s] -- Up-to-date: /home/jasper/RoboWorks_Comp_Team/taskOptimzer/install/atwork_interfaces/share/atwork_interfaces/srv/GenerateTask_Request.msg
[12.388s] -- Up-to-date: /home/jasper/RoboWorks_Comp_Team/taskOptimzer/install/atwork_interfaces/share/atwork_interfaces/srv/GenerateTask_Response.msg
[12.388s] -- Installing: /home/jasper/RoboWorks_Comp_Team/taskOptimzer/install/atwork_interfaces/share/atwork_interfaces/srv/TaskOpt.srv
[12.388s] -- Installing: /home/jasper/RoboWorks_Comp_Team/taskOptimzer/install/atwork_interfaces/share/atwork_interfaces/srv/TaskOpt_Request.msg
[12.388s] -- Up-to-date: /home/jasper/RoboWorks_Comp_Team/taskOptimzer/install/atwork_interfaces/share/atwork_interfaces/srv/TaskOpt_Response.msg
[12.389s] -- Up-to-date: /home/jasper/RoboWorks_Comp_Team/taskOptimzer/install/atwork_interfaces/share/ament_index/resource_index/package_run_dependencies/atwork_interfaces
[12.389s] -- Installing: /home/jasper/RoboWorks_Comp_Team/taskOptimzer/install/atwork_interfaces/share/ament_index/resource_index/parent_prefix_path/atwork_interfaces
[12.389s] -- Up-to-date: /home/jasper/RoboWorks_Comp_Team/taskOptimzer/install/atwork_interfaces/share/atwork_interfaces/environment/ament_prefix_path.sh
[12.389s] -- Installing: /home/jasper/RoboWorks_Comp_Team/taskOptimzer/install/atwork_interfaces/share/atwork_interfaces/environment/ament_prefix_path.dsv
[12.389s] -- Up-to-date: /home/jasper/RoboWorks_Comp_Team/taskOptimzer/install/atwork_interfaces/share/atwork_interfaces/environment/path.sh
[12.389s] -- Installing: /home/jasper/RoboWorks_Comp_Team/taskOptimzer/install/atwork_interfaces/share/atwork_interfaces/environment/path.dsv
[12.389s] -- Up-to-date: /home/jasper/RoboWorks_Comp_Team/taskOptimzer/install/atwork_interfaces/share/atwork_interfaces/local_setup.bash
[12.389s] -- Up-to-date: /home/jasper/RoboWorks_Comp_Team/taskOptimzer/install/atwork_interfaces/share/atwork_interfaces/local_setup.sh
[12.390s] -- Up-to-date: /home/jasper/RoboWorks_Comp_Team/taskOptimzer/install/atwork_interfaces/share/atwork_interfaces/local_setup.zsh
[12.390s] -- Installing: /home/jasper/RoboWorks_Comp_Team/taskOptimzer/install/atwork_interfaces/share/atwork_interfaces/local_setup.dsv
[12.390s] -- Installing: /home/jasper/RoboWorks_Comp_Team/taskOptimzer/install/atwork_interfaces/share/atwork_interfaces/package.dsv
[12.390s] -- Up-to-date: /home/jasper/RoboWorks_Comp_Team/taskOptimzer/install/atwork_interfaces/share/ament_index/resource_index/packages/atwork_interfaces
[12.390s] -- Up-to-date: /home/jasper/RoboWorks_Comp_Team/taskOptimzer/install/atwork_interfaces/share/atwork_interfaces/cmake/export_atwork_interfaces__rosidl_generator_cExport.cmake
[12.390s] -- Up-to-date: /home/jasper/RoboWorks_Comp_Team/taskOptimzer/install/atwork_interfaces/share/atwork_interfaces/cmake/export_atwork_interfaces__rosidl_generator_cExport-noconfig.cmake
[12.390s] -- Up-to-date: /home/jasper/RoboWorks_Comp_Team/taskOptimzer/install/atwork_interfaces/share/atwork_interfaces/cmake/export_atwork_interfaces__rosidl_typesupport_fastrtps_cExport.cmake
[12.391s] -- Up-to-date: /home/jasper/RoboWorks_Comp_Team/taskOptimzer/install/atwork_interfaces/share/atwork_interfaces/cmake/export_atwork_interfaces__rosidl_typesupport_fastrtps_cExport-noconfig.cmake
[12.391s] -- Up-to-date: /home/jasper/RoboWorks_Comp_Team/taskOptimzer/install/atwork_interfaces/share/atwork_interfaces/cmake/export_atwork_interfaces__rosidl_generator_cppExport.cmake
[12.391s] -- Up-to-date: /home/jasper/RoboWorks_Comp_Team/taskOptimzer/install/atwork_interfaces/share/atwork_interfaces/cmake/export_atwork_interfaces__rosidl_typesupport_fastrtps_cppExport.cmake
[12.391s] -- Up-to-date: /home/jasper/RoboWorks_Comp_Team/taskOptimzer/install/atwork_interfaces/share/atwork_interfaces/cmake/export_atwork_interfaces__rosidl_typesupport_fastrtps_cppExport-noconfig.cmake
[12.391s] -- Up-to-date: /home/jasper/RoboWorks_Comp_Team/taskOptimzer/install/atwork_interfaces/share/atwork_interfaces/cmake/atwork_interfaces__rosidl_typesupport_introspection_cExport.cmake
[12.391s] -- Up-to-date: /home/jasper/RoboWorks_Comp_Team/taskOptimzer/install/atwork_interfaces/share/atwork_interfaces/cmake/atwork_interfaces__rosidl_typesupport_introspection_cExport-noconfig.cmake
[12.391s] -- Up-to-date: /home/jasper/RoboWorks_Comp_Team/taskOptimzer/install/atwork_interfaces/share/atwork_interfaces/cmake/atwork_interfaces__rosidl_typesupport_cExport.cmake
[12.391s] -- Up-to-date: /home/jasper/RoboWorks_Comp_Team/taskOptimzer/install/atwork_interfaces/share/atwork_interfaces/cmake/atwork_interfaces__rosidl_typesupport_cExport-noconfig.cmake
[12.392s] -- Up-to-date: /home/jasper/RoboWorks_Comp_Team/taskOptimzer/install/atwork_interfaces/share/atwork_interfaces/cmake/atwork_interfaces__rosidl_typesupport_introspection_cppExport.cmake
[12.392s] -- Up-to-date: /home/jasper/RoboWorks_Comp_Team/taskOptimzer/install/atwork_interfaces/share/atwork_interfaces/cmake/atwork_interfaces__rosidl_typesupport_introspection_cppExport-noconfig.cmake
[12.392s] -- Up-to-date: /home/jasper/RoboWorks_Comp_Team/taskOptimzer/install/atwork_interfaces/share/atwork_interfaces/cmake/atwork_interfaces__rosidl_typesupport_cppExport.cmake
[12.392s] -- Up-to-date: /home/jasper/RoboWorks_Comp_Team/taskOptimzer/install/atwork_interfaces/share/atwork_interfaces/cmake/atwork_interfaces__rosidl_typesupport_cppExport-noconfig.cmake
[12.392s] -- Up-to-date: /home/jasper/RoboWorks_Comp_Team/taskOptimzer/install/atwork_interfaces/share/atwork_interfaces/cmake/export_atwork_interfaces__rosidl_generator_pyExport.cmake
[12.392s] -- Up-to-date: /home/jasper/RoboWorks_Comp_Team/taskOptimzer/install/atwork_interfaces/share/atwork_interfaces/cmake/export_atwork_interfaces__rosidl_generator_pyExport-noconfig.cmake
[12.392s] -- Up-to-date: /home/jasper/RoboWorks_Comp_Team/taskOptimzer/install/atwork_interfaces/share/atwork_interfaces/cmake/rosidl_cmake-extras.cmake
[12.392s] -- Up-to-date: /home/jasper/RoboWorks_Comp_Team/taskOptimzer/install/atwork_interfaces/share/atwork_interfaces/cmake/ament_cmake_export_dependencies-extras.cmake
[12.392s] -- Up-to-date: /home/jasper/RoboWorks_Comp_Team/taskOptimzer/install/atwork_interfaces/share/atwork_interfaces/cmake/ament_cmake_export_include_directories-extras.cmake
[12.393s] -- Up-to-date: /home/jasper/RoboWorks_Comp_Team/taskOptimzer/install/atwork_interfaces/share/atwork_interfaces/cmake/ament_cmake_export_libraries-extras.cmake
[12.393s] -- Up-to-date: /home/jasper/RoboWorks_Comp_Team/taskOptimzer/install/atwork_interfaces/share/atwork_interfaces/cmake/ament_cmake_export_targets-extras.cmake
[12.393s] -- Up-to-date: /home/jasper/RoboWorks_Comp_Team/taskOptimzer/install/atwork_interfaces/share/atwork_interfaces/cmake/rosidl_cmake_export_typesupport_targets-extras.cmake
[12.393s] -- Up-to-date: /home/jasper/RoboWorks_Comp_Team/taskOptimzer/install/atwork_interfaces/share/atwork_interfaces/cmake/rosidl_cmake_export_typesupport_libraries-extras.cmake
[12.393s] -- Up-to-date: /home/jasper/RoboWorks_Comp_Team/taskOptimzer/install/atwork_interfaces/share/atwork_interfaces/cmake/atwork_interfacesConfig.cmake
[12.393s] -- Up-to-date: /home/jasper/RoboWorks_Comp_Team/taskOptimzer/install/atwork_interfaces/share/atwork_interfaces/cmake/atwork_interfacesConfig-version.cmake
[12.393s] -- Up-to-date: /home/jasper/RoboWorks_Comp_Team/taskOptimzer/install/atwork_interfaces/share/atwork_interfaces/package.xml
[12.396s] Invoked command in '/home/jasper/RoboWorks_Comp_Team/taskOptimzer/build/atwork_interfaces' returned '0': CMAKE_PREFIX_PATH=${CMAKE_PREFIX_PATH}:/home/jasper/ws_moveit2/install/moveit_configs_utils:/home/jasper/ws_moveit2/install/launch_param_builder:/opt/ros/humble /usr/bin/cmake --install /home/jasper/RoboWorks_Comp_Team/taskOptimzer/build/atwork_interfaces
