-- The C compiler identification is GNU 11.4.0
-- The CXX compiler identification is GNU 11.4.0
-- Detecting C compiler ABI info
-- Detecting C compiler ABI info - done
-- Check for working C compiler: /usr/bin/cc - skipped
-- Detecting C compile features
-- Detecting C compile features - done
-- Detecting CXX compiler ABI info
-- Detecting CXX compiler ABI info - done
-- Check for working CXX compiler: /usr/bin/c++ - skipped
-- Detecting CXX compile features
-- Detecting CXX compile features - done
-- Found ament_cmake: 1.3.5 (/opt/ros/humble/share/ament_cmake/cmake)
-- Found Python3: /usr/bin/python3.10 (found version "3.10.12") found components: Interpreter 
-- Found ament_lint_auto: 0.12.8 (/opt/ros/humble/share/ament_lint_auto/cmake)
-- Added test 'cppcheck' to perform static code analysis on C / C++ code
-- Configured cppcheck include dirs: $<BUILD_INTERFACE:/home/jasper/RoboWorks_Comp_Team/brain/src/roboworks_brain/include>
-- Configured cppcheck exclude dirs and/or files: 
-- Added test 'lint_cmake' to check CMake code style
-- Added test 'uncrustify' to check C / C++ code style
-- Configured uncrustify additional arguments: 
-- Added test 'xmllint' to check XML markup files
-- Configuring done
-- Generating done
-- Build files have been written to: /home/jasper/RoboWorks_Comp_Team/brain/build/roboworks_brain
[ 50%] [32mBuilding CXX object CMakeFiles/brain_node.dir/src/brain_node.cpp.o[0m
[100%] [32m[1mLinking CXX executable brain_node[0m
[100%] Built target brain_node
-- Install configuration: ""
-- Installing: /home/jasper/RoboWorks_Comp_Team/brain/install/roboworks_brain/lib/roboworks_brain/brain_node
-- Installing: /home/jasper/RoboWorks_Comp_Team/brain/install/roboworks_brain/share/ament_index/resource_index/package_run_dependencies/roboworks_brain
-- Installing: /home/jasper/RoboWorks_Comp_Team/brain/install/roboworks_brain/share/ament_index/resource_index/parent_prefix_path/roboworks_brain
-- Installing: /home/jasper/RoboWorks_Comp_Team/brain/install/roboworks_brain/share/roboworks_brain/environment/ament_prefix_path.sh
-- Installing: /home/jasper/RoboWorks_Comp_Team/brain/install/roboworks_brain/share/roboworks_brain/environment/ament_prefix_path.dsv
-- Installing: /home/jasper/RoboWorks_Comp_Team/brain/install/roboworks_brain/share/roboworks_brain/environment/path.sh
-- Installing: /home/jasper/RoboWorks_Comp_Team/brain/install/roboworks_brain/share/roboworks_brain/environment/path.dsv
-- Installing: /home/jasper/RoboWorks_Comp_Team/brain/install/roboworks_brain/share/roboworks_brain/local_setup.bash
-- Installing: /home/jasper/RoboWorks_Comp_Team/brain/install/roboworks_brain/share/roboworks_brain/local_setup.sh
-- Installing: /home/jasper/RoboWorks_Comp_Team/brain/install/roboworks_brain/share/roboworks_brain/local_setup.zsh
-- Installing: /home/jasper/RoboWorks_Comp_Team/brain/install/roboworks_brain/share/roboworks_brain/local_setup.dsv
-- Installing: /home/jasper/RoboWorks_Comp_Team/brain/install/roboworks_brain/share/roboworks_brain/package.dsv
-- Installing: /home/jasper/RoboWorks_Comp_Team/brain/install/roboworks_brain/share/ament_index/resource_index/packages/roboworks_brain
-- Installing: /home/jasper/RoboWorks_Comp_Team/brain/install/roboworks_brain/share/roboworks_brain/cmake/roboworks_brainConfig.cmake
-- Installing: /home/jasper/RoboWorks_Comp_Team/brain/install/roboworks_brain/share/roboworks_brain/cmake/roboworks_brainConfig-version.cmake
-- Installing: /home/jasper/RoboWorks_Comp_Team/brain/install/roboworks_brain/share/roboworks_brain/package.xml
