[0.093s] Invoking command in '/home/jasper/RoboWorks_Comp_Team/brain/build/roboworks_brain': CMAKE_PREFIX_PATH=${CMAKE_PREFIX_PATH}:/home/jasper/ws_moveit2/install/moveit_configs_utils:/home/jasper/ws_moveit2/install/launch_param_builder:/opt/ros/humble /usr/bin/cmake /home/jasper/RoboWorks_Comp_Team/brain/src/roboworks_brain -DCMAKE_INSTALL_PREFIX=/home/jasper/RoboWorks_Comp_Team/brain/install/roboworks_brain
[0.177s] -- The C compiler identification is GNU 11.4.0
[0.251s] -- The CXX compiler identification is GNU 11.4.0
[0.260s] -- Detecting C compiler ABI info
[0.352s] -- Detecting C compiler ABI info - done
[0.360s] -- Check for working C compiler: /usr/bin/cc - skipped
[0.360s] -- Detecting C compile features
[0.361s] -- Detecting C compile features - done
[0.364s] -- Detecting CXX compiler ABI info
[0.470s] -- Detecting CXX compiler ABI info - done
[0.479s] -- Check for working CXX compiler: /usr/bin/c++ - skipped
[0.479s] -- Detecting CXX compile features
[0.479s] -- Detecting CXX compile features - done
[0.488s] -- Found ament_cmake: 1.3.5 (/opt/ros/humble/share/ament_cmake/cmake)
[0.698s] -- Found Python3: /usr/bin/python3.10 (found version "3.10.12") found components: Interpreter 
[0.878s] -- Found ament_lint_auto: 0.12.8 (/opt/ros/humble/share/ament_lint_auto/cmake)
[1.001s] -- Added test 'cppcheck' to perform static code analysis on C / C++ code
[1.001s] -- Configured cppcheck include dirs: $<BUILD_INTERFACE:/home/jasper/RoboWorks_Comp_Team/brain/src/roboworks_brain/include>
[1.001s] -- Configured cppcheck exclude dirs and/or files: 
[1.003s] -- Added test 'lint_cmake' to check CMake code style
[1.005s] -- Added test 'uncrustify' to check C / C++ code style
[1.005s] -- Configured uncrustify additional arguments: 
[1.007s] -- Added test 'xmllint' to check XML markup files
[1.010s] -- Configuring done
[1.015s] -- Generating done
[1.016s] -- Build files have been written to: /home/jasper/RoboWorks_Comp_Team/brain/build/roboworks_brain
[1.021s] Invoked command in '/home/jasper/RoboWorks_Comp_Team/brain/build/roboworks_brain' returned '0': CMAKE_PREFIX_PATH=${CMAKE_PREFIX_PATH}:/home/jasper/ws_moveit2/install/moveit_configs_utils:/home/jasper/ws_moveit2/install/launch_param_builder:/opt/ros/humble /usr/bin/cmake /home/jasper/RoboWorks_Comp_Team/brain/src/roboworks_brain -DCMAKE_INSTALL_PREFIX=/home/jasper/RoboWorks_Comp_Team/brain/install/roboworks_brain
[1.023s] Invoking command in '/home/jasper/RoboWorks_Comp_Team/brain/build/roboworks_brain': CMAKE_PREFIX_PATH=${CMAKE_PREFIX_PATH}:/home/jasper/ws_moveit2/install/moveit_configs_utils:/home/jasper/ws_moveit2/install/launch_param_builder:/opt/ros/humble /usr/bin/cmake --build /home/jasper/RoboWorks_Comp_Team/brain/build/roboworks_brain -- -j8 -l8
[1.098s] [ 50%] [32mBuilding CXX object CMakeFiles/brain_node.dir/src/brain_node.cpp.o[0m
[1.136s] [100%] [32m[1mLinking CXX executable brain_node[0m
[1.196s] [100%] Built target brain_node
[1.212s] Invoked command in '/home/jasper/RoboWorks_Comp_Team/brain/build/roboworks_brain' returned '0': CMAKE_PREFIX_PATH=${CMAKE_PREFIX_PATH}:/home/jasper/ws_moveit2/install/moveit_configs_utils:/home/jasper/ws_moveit2/install/launch_param_builder:/opt/ros/humble /usr/bin/cmake --build /home/jasper/RoboWorks_Comp_Team/brain/build/roboworks_brain -- -j8 -l8
[1.278s] Invoking command in '/home/jasper/RoboWorks_Comp_Team/brain/build/roboworks_brain': CMAKE_PREFIX_PATH=${CMAKE_PREFIX_PATH}:/home/jasper/ws_moveit2/install/moveit_configs_utils:/home/jasper/ws_moveit2/install/launch_param_builder:/opt/ros/humble /usr/bin/cmake --install /home/jasper/RoboWorks_Comp_Team/brain/build/roboworks_brain
[1.289s] -- Install configuration: ""
[1.289s] -- Installing: /home/jasper/RoboWorks_Comp_Team/brain/install/roboworks_brain/lib/roboworks_brain/brain_node
[1.290s] -- Installing: /home/jasper/RoboWorks_Comp_Team/brain/install/roboworks_brain/share/ament_index/resource_index/package_run_dependencies/roboworks_brain
[1.290s] -- Installing: /home/jasper/RoboWorks_Comp_Team/brain/install/roboworks_brain/share/ament_index/resource_index/parent_prefix_path/roboworks_brain
[1.290s] -- Installing: /home/jasper/RoboWorks_Comp_Team/brain/install/roboworks_brain/share/roboworks_brain/environment/ament_prefix_path.sh
[1.290s] -- Installing: /home/jasper/RoboWorks_Comp_Team/brain/install/roboworks_brain/share/roboworks_brain/environment/ament_prefix_path.dsv
[1.291s] -- Installing: /home/jasper/RoboWorks_Comp_Team/brain/install/roboworks_brain/share/roboworks_brain/environment/path.sh
[1.291s] -- Installing: /home/jasper/RoboWorks_Comp_Team/brain/install/roboworks_brain/share/roboworks_brain/environment/path.dsv
[1.291s] -- Installing: /home/jasper/RoboWorks_Comp_Team/brain/install/roboworks_brain/share/roboworks_brain/local_setup.bash
[1.291s] -- Installing: /home/jasper/RoboWorks_Comp_Team/brain/install/roboworks_brain/share/roboworks_brain/local_setup.sh
[1.291s] -- Installing: /home/jasper/RoboWorks_Comp_Team/brain/install/roboworks_brain/share/roboworks_brain/local_setup.zsh
[1.291s] -- Installing: /home/jasper/RoboWorks_Comp_Team/brain/install/roboworks_brain/share/roboworks_brain/local_setup.dsv
[1.292s] -- Installing: /home/jasper/RoboWorks_Comp_Team/brain/install/roboworks_brain/share/roboworks_brain/package.dsv
[1.292s] -- Installing: /home/jasper/RoboWorks_Comp_Team/brain/install/roboworks_brain/share/ament_index/resource_index/packages/roboworks_brain
[1.292s] -- Installing: /home/jasper/RoboWorks_Comp_Team/brain/install/roboworks_brain/share/roboworks_brain/cmake/roboworks_brainConfig.cmake
[1.293s] -- Installing: /home/jasper/RoboWorks_Comp_Team/brain/install/roboworks_brain/share/roboworks_brain/cmake/roboworks_brainConfig-version.cmake
[1.293s] -- Installing: /home/jasper/RoboWorks_Comp_Team/brain/install/roboworks_brain/share/roboworks_brain/package.xml
[1.295s] Invoked command in '/home/jasper/RoboWorks_Comp_Team/brain/build/roboworks_brain' returned '0': CMAKE_PREFIX_PATH=${CMAKE_PREFIX_PATH}:/home/jasper/ws_moveit2/install/moveit_configs_utils:/home/jasper/ws_moveit2/install/launch_param_builder:/opt/ros/humble /usr/bin/cmake --install /home/jasper/RoboWorks_Comp_Team/brain/build/roboworks_brain
