[0.101s] Invoking command in '/home/jasper/rtab_robocup/build/unitree_lidar': CMAKE_PREFIX_PATH=${CMAKE_PREFIX_PATH}:/home/jasper/ws_moveit2/install/moveit_configs_utils:/home/jasper/ws_moveit2/install/launch_param_builder:/opt/ros/humble /usr/bin/cmake /home/jasper/rtab_robocup/src/rtabmap_roboworks/unitree_lidar -DCMAKE_INSTALL_PREFIX=/home/jasper/rtab_robocup/install/unitree_lidar
[0.185s] -- The C compiler identification is GNU 11.4.0
[0.258s] -- The CXX compiler identification is GNU 11.4.0
[0.270s] -- Detecting C compiler ABI info
[0.383s] -- Detecting C compiler ABI info - done
[0.395s] -- Check for working C compiler: /usr/bin/cc - skipped
[0.395s] -- Detecting C compile features
[0.396s] -- Detecting C compile features - done
[0.400s] -- Detecting CXX compiler ABI info
[0.522s] -- Detecting CXX compiler ABI info - done
[0.530s] -- Check for working CXX compiler: /usr/bin/c++ - skipped
[0.531s] -- Detecting CXX compile features
[0.531s] -- Detecting CXX compile features - done
[0.540s] -- Found ament_cmake: 1.3.5 (/opt/ros/humble/share/ament_cmake/cmake)
[0.790s] -- Found Python3: /usr/bin/python3.10 (found version "3.10.12") found components: Interpreter 
[1.117s] -- Configuring done
[1.122s] -- Generating done
[1.123s] -- Build files have been written to: /home/jasper/rtab_robocup/build/unitree_lidar
[1.131s] Invoked command in '/home/jasper/rtab_robocup/build/unitree_lidar' returned '0': CMAKE_PREFIX_PATH=${CMAKE_PREFIX_PATH}:/home/jasper/ws_moveit2/install/moveit_configs_utils:/home/jasper/ws_moveit2/install/launch_param_builder:/opt/ros/humble /usr/bin/cmake /home/jasper/rtab_robocup/src/rtabmap_roboworks/unitree_lidar -DCMAKE_INSTALL_PREFIX=/home/jasper/rtab_robocup/install/unitree_lidar
[1.133s] Invoking command in '/home/jasper/rtab_robocup/build/unitree_lidar': CMAKE_PREFIX_PATH=${CMAKE_PREFIX_PATH}:/home/jasper/ws_moveit2/install/moveit_configs_utils:/home/jasper/ws_moveit2/install/launch_param_builder:/opt/ros/humble /usr/bin/cmake --build /home/jasper/rtab_robocup/build/unitree_lidar -- -j8 -l8
[1.196s] Invoked command in '/home/jasper/rtab_robocup/build/unitree_lidar' returned '0': CMAKE_PREFIX_PATH=${CMAKE_PREFIX_PATH}:/home/jasper/ws_moveit2/install/moveit_configs_utils:/home/jasper/ws_moveit2/install/launch_param_builder:/opt/ros/humble /usr/bin/cmake --build /home/jasper/rtab_robocup/build/unitree_lidar -- -j8 -l8
[1.244s] Invoking command in '/home/jasper/rtab_robocup/build/unitree_lidar': CMAKE_PREFIX_PATH=${CMAKE_PREFIX_PATH}:/home/jasper/ws_moveit2/install/moveit_configs_utils:/home/jasper/ws_moveit2/install/launch_param_builder:/opt/ros/humble /usr/bin/cmake --install /home/jasper/rtab_robocup/build/unitree_lidar
[1.259s] -- Install configuration: ""
[1.259s] -- Installing: /home/jasper/rtab_robocup/install/unitree_lidar/share/unitree_lidar/launch
[1.259s] -- Installing: /home/jasper/rtab_robocup/install/unitree_lidar/share/unitree_lidar/launch/l1Testing.py
[1.259s] -- Installing: /home/jasper/rtab_robocup/install/unitree_lidar/share/unitree_lidar/launch/uniL1.launch.py
[1.260s] -- Installing: /home/jasper/rtab_robocup/install/unitree_lidar/share/unitree_lidar/launch/.vscode
[1.260s] -- Installing: /home/jasper/rtab_robocup/install/unitree_lidar/share/unitree_lidar/launch/.vscode/c_cpp_properties.json
[1.260s] -- Installing: /home/jasper/rtab_robocup/install/unitree_lidar/share/unitree_lidar/launch/.vscode/settings.json
[1.260s] -- Installing: /home/jasper/rtab_robocup/install/unitree_lidar/share/ament_index/resource_index/package_run_dependencies/unitree_lidar
[1.260s] -- Installing: /home/jasper/rtab_robocup/install/unitree_lidar/share/ament_index/resource_index/parent_prefix_path/unitree_lidar
[1.260s] -- Installing: /home/jasper/rtab_robocup/install/unitree_lidar/share/unitree_lidar/environment/ament_prefix_path.sh
[1.260s] -- Installing: /home/jasper/rtab_robocup/install/unitree_lidar/share/unitree_lidar/environment/ament_prefix_path.dsv
[1.260s] -- Installing: /home/jasper/rtab_robocup/install/unitree_lidar/share/unitree_lidar/environment/path.sh
[1.261s] -- Installing: /home/jasper/rtab_robocup/install/unitree_lidar/share/unitree_lidar/environment/path.dsv
[1.261s] -- Installing: /home/jasper/rtab_robocup/install/unitree_lidar/share/unitree_lidar/local_setup.bash
[1.261s] -- Installing: /home/jasper/rtab_robocup/install/unitree_lidar/share/unitree_lidar/local_setup.sh
[1.261s] -- Installing: /home/jasper/rtab_robocup/install/unitree_lidar/share/unitree_lidar/local_setup.zsh
[1.262s] -- Installing: /home/jasper/rtab_robocup/install/unitree_lidar/share/unitree_lidar/local_setup.dsv
[1.262s] -- Installing: /home/jasper/rtab_robocup/install/unitree_lidar/share/unitree_lidar/package.dsv
[1.262s] -- Installing: /home/jasper/rtab_robocup/install/unitree_lidar/share/ament_index/resource_index/packages/unitree_lidar
[1.262s] -- Installing: /home/jasper/rtab_robocup/install/unitree_lidar/share/unitree_lidar/cmake/unitree_lidarConfig.cmake
[1.262s] -- Installing: /home/jasper/rtab_robocup/install/unitree_lidar/share/unitree_lidar/cmake/unitree_lidarConfig-version.cmake
[1.262s] -- Installing: /home/jasper/rtab_robocup/install/unitree_lidar/share/unitree_lidar/package.xml
[1.355s] Invoked command in '/home/jasper/rtab_robocup/build/unitree_lidar' returned '0': CMAKE_PREFIX_PATH=${CMAKE_PREFIX_PATH}:/home/jasper/ws_moveit2/install/moveit_configs_utils:/home/jasper/ws_moveit2/install/launch_param_builder:/opt/ros/humble /usr/bin/cmake --install /home/jasper/rtab_robocup/build/unitree_lidar
