[0.742s] Invoking command in '/home/jasper/image_point_cloud_package': PYTHONPATH=/home/jasper/image_point_cloud_package/build/image_point_cloud_package/prefix_override:/home/jasper/image_point_cloud_package/install/image_point_cloud_package/lib/python3.10/site-packages:${PYTHONPATH} /usr/bin/python3 setup.py egg_info --egg-base build/image_point_cloud_package build --build-base /home/jasper/image_point_cloud_package/build/image_point_cloud_package/build install --record /home/jasper/image_point_cloud_package/build/image_point_cloud_package/install.log --single-version-externally-managed
[1.023s] running egg_info
[1.024s] writing build/image_point_cloud_package/image_point_cloud_package.egg-info/PKG-INFO
[1.024s] writing dependency_links to build/image_point_cloud_package/image_point_cloud_package.egg-info/dependency_links.txt
[1.024s] writing entry points to build/image_point_cloud_package/image_point_cloud_package.egg-info/entry_points.txt
[1.024s] writing requirements to build/image_point_cloud_package/image_point_cloud_package.egg-info/requires.txt
[1.024s] writing top-level names to build/image_point_cloud_package/image_point_cloud_package.egg-info/top_level.txt
[1.026s] reading manifest file 'build/image_point_cloud_package/image_point_cloud_package.egg-info/SOURCES.txt'
[1.027s] writing manifest file 'build/image_point_cloud_package/image_point_cloud_package.egg-info/SOURCES.txt'
[1.028s] running build
[1.028s] running build_py
[1.028s] copying image_point_cloud_package/ROSimage_point_cloud.py -> /home/jasper/image_point_cloud_package/build/image_point_cloud_package/build/lib/image_point_cloud_package
[1.028s] running install
[1.028s] /usr/lib/python3/dist-packages/setuptools/command/install.py:34: SetuptoolsDeprecationWarning: setup.py install is deprecated. Use build and pip and other standards-based tools.
[1.028s]   warnings.warn(
[1.029s] running install_lib
[1.030s] copying /home/jasper/image_point_cloud_package/build/image_point_cloud_package/build/lib/image_point_cloud_package/ROSimage_point_cloud.py -> /home/jasper/image_point_cloud_package/install/image_point_cloud_package/lib/python3.10/site-packages/image_point_cloud_package
[1.031s] byte-compiling /home/jasper/image_point_cloud_package/install/image_point_cloud_package/lib/python3.10/site-packages/image_point_cloud_package/ROSimage_point_cloud.py to ROSimage_point_cloud.cpython-310.pyc
[1.033s] running install_data
[1.033s] running install_egg_info
[1.035s] removing '/home/jasper/image_point_cloud_package/install/image_point_cloud_package/lib/python3.10/site-packages/image_point_cloud_package-0.0.0-py3.10.egg-info' (and everything under it)
[1.035s] Copying build/image_point_cloud_package/image_point_cloud_package.egg-info to /home/jasper/image_point_cloud_package/install/image_point_cloud_package/lib/python3.10/site-packages/image_point_cloud_package-0.0.0-py3.10.egg-info
[1.036s] running install_scripts
[1.059s] Installing ROSimage_point_cloud script to /home/jasper/image_point_cloud_package/install/image_point_cloud_package/lib/image_point_cloud_package
[1.059s] Installing image_point_cloud_node script to /home/jasper/image_point_cloud_package/install/image_point_cloud_package/lib/image_point_cloud_package
[1.060s] writing list of installed files to '/home/jasper/image_point_cloud_package/build/image_point_cloud_package/install.log'
[1.084s] Invoked command in '/home/jasper/image_point_cloud_package' returned '0': PYTHONPATH=/home/jasper/image_point_cloud_package/build/image_point_cloud_package/prefix_override:/home/jasper/image_point_cloud_package/install/image_point_cloud_package/lib/python3.10/site-packages:${PYTHONPATH} /usr/bin/python3 setup.py egg_info --egg-base build/image_point_cloud_package build --build-base /home/jasper/image_point_cloud_package/build/image_point_cloud_package/build install --record /home/jasper/image_point_cloud_package/build/image_point_cloud_package/install.log --single-version-externally-managed
