[0.111s] Invoking command in '/home/jasper/RoboWorks_Comp_Team/brain/build/roboworks_brain_interfaces': CMAKE_PREFIX_PATH=${CMAKE_PREFIX_PATH}:/home/jasper/ws_moveit2/install/moveit_configs_utils:/home/jasper/ws_moveit2/install/launch_param_builder:/opt/ros/humble /usr/bin/cmake /home/jasper/RoboWorks_Comp_Team/brain/src/roboworks_brain_interfaces -DCMAKE_INSTALL_PREFIX=/home/jasper/RoboWorks_Comp_Team/brain/install/roboworks_brain_interfaces
[0.129s] -- Found ament_cmake: 1.3.5 (/opt/ros/humble/share/ament_cmake/cmake)
[0.280s] -- Found rosidl_default_generators: 1.2.0 (/opt/ros/humble/share/rosidl_default_generators/cmake)
[0.290s] -- Using all available rosidl_typesupport_c: rosidl_typesupport_fastrtps_c;rosidl_typesupport_introspection_c
[0.292s] -- Found rosidl_adapter: 3.1.5 (/opt/ros/humble/share/rosidl_adapter/cmake)
[0.328s] -- Using all available rosidl_typesupport_cpp: rosidl_typesupport_fastrtps_cpp;rosidl_typesupport_introspection_cpp
[0.527s] [31mCMake Error at /opt/ros/humble/share/rosidl_adapter/cmake/rosidl_adapt_interfaces.cmake:59 (message):
[0.527s]   execute_process(/usr/bin/python3.10 -m rosidl_adapter --package-name
[0.527s]   roboworks_brain_interfaces --arguments-file
[0.528s]   /home/jasper/RoboWorks_Comp_Team/brain/build/roboworks_brain_interfaces/rosidl_adapter__arguments__roboworks_brain_interfaces.json
[0.528s]   --output-dir
[0.528s]   /home/jasper/RoboWorks_Comp_Team/brain/build/roboworks_brain_interfaces/rosidl_adapter/roboworks_brain_interfaces
[0.528s]   --output-file
[0.528s]   /home/jasper/RoboWorks_Comp_Team/brain/build/roboworks_brain_interfaces/rosidl_adapter/roboworks_brain_interfaces.idls)
[0.528s]   returned error code 1:
[0.528s] 
[0.528s]   Traceback (most recent call last):
[0.528s] 
[0.528s]     File "/usr/lib/python3.10/runpy.py", line 196, in _run_module_as_main
[0.528s]       return _run_code(code, main_globals, None,
[0.528s]     File "/usr/lib/python3.10/runpy.py", line 86, in _run_code
[0.528s]       exec(code, run_globals)
[0.528s]     File "/opt/ros/humble/local/lib/python3.10/dist-packages/rosidl_adapter/__main__.py", line 19, in <module>
[0.529s]       sys.exit(main())
[0.529s]     File "/opt/ros/humble/local/lib/python3.10/dist-packages/rosidl_adapter/main.py", line 53, in main
[0.529s]       abs_idl_file = convert_to_idl(
[0.529s]     File "/opt/ros/humble/local/lib/python3.10/dist-packages/rosidl_adapter/__init__.py", line 24, in convert_to_idl
[0.529s]       return convert_srv_to_idl(
[0.529s]     File "/opt/ros/humble/local/lib/python3.10/dist-packages/rosidl_adapter/srv/__init__.py", line 28, in convert_srv_to_idl
[0.529s]       srv = parse_service_string(package_name, input_file.stem, content)
[0.529s]     File "/opt/ros/humble/local/lib/python3.10/dist-packages/rosidl_adapter/parser.py", line 859, in parse_service_string
[0.529s]       request_message = parse_message_string(
[0.529s]     File "/opt/ros/humble/local/lib/python3.10/dist-packages/rosidl_adapter/parser.py", line 544, in parse_message_string
[0.529s]       msg = MessageSpecification(pkg_name, msg_name, fields, constants)
[0.529s]     File "/opt/ros/humble/local/lib/python3.10/dist-packages/rosidl_adapter/parser.py", line 388, in __init__
[0.529s]       self.base_type = BaseType(
[0.529s]     File "/opt/ros/humble/local/lib/python3.10/dist-packages/rosidl_adapter/parser.py", line 205, in __init__
[0.529s]       raise InvalidResourceName(
[0.529s] 
[0.529s]   rosidl_adapter.parser.InvalidResourceName: 'arm_brain_Request' is an
[0.530s]   invalid message name.  It should have the pattern '^[A-Z][A-Za-z0-9]*$'
[0.530s] 
[0.530s] Call Stack (most recent call first):
[0.530s]   /opt/ros/humble/share/rosidl_cmake/cmake/rosidl_generate_interfaces.cmake:130 (rosidl_adapt_interfaces)
[0.530s]   CMakeLists.txt:12 (rosidl_generate_interfaces)
[0.530s] 
[0.530s] [0m
[0.530s] -- Configuring incomplete, errors occurred!
[0.530s] See also "/home/jasper/RoboWorks_Comp_Team/brain/build/roboworks_brain_interfaces/CMakeFiles/CMakeOutput.log".
[0.533s] Invoked command in '/home/jasper/RoboWorks_Comp_Team/brain/build/roboworks_brain_interfaces' returned '1': CMAKE_PREFIX_PATH=${CMAKE_PREFIX_PATH}:/home/jasper/ws_moveit2/install/moveit_configs_utils:/home/jasper/ws_moveit2/install/launch_param_builder:/opt/ros/humble /usr/bin/cmake /home/jasper/RoboWorks_Comp_Team/brain/src/roboworks_brain_interfaces -DCMAKE_INSTALL_PREFIX=/home/jasper/RoboWorks_Comp_Team/brain/install/roboworks_brain_interfaces
