[0.127s] Invoking command in '/home/jasper/RoboWorks_Comp_Team/brain/build/roboworks_brain_interfaces': CMAKE_PREFIX_PATH=${CMAKE_PREFIX_PATH}:/home/jasper/ws_moveit2/install/moveit_configs_utils:/home/jasper/ws_moveit2/install/launch_param_builder:/opt/ros/humble /usr/bin/cmake --build /home/jasper/RoboWorks_Comp_Team/brain/build/roboworks_brain_interfaces -- -j8 -l8
[0.221s] [  2%] Built target roboworks_brain_interfaces__cpp
[0.234s] [ 12%] Built target roboworks_brain_interfaces__rosidl_generator_c
[0.247s] [ 12%] Built target ament_cmake_python_copy_roboworks_brain_interfaces
[0.290s] [ 23%] Built target roboworks_brain_interfaces__rosidl_typesupport_cpp
[0.292s] [ 34%] Built target roboworks_brain_interfaces__rosidl_typesupport_introspection_cpp
[0.297s] [ 44%] Built target roboworks_brain_interfaces__rosidl_typesupport_fastrtps_cpp
[0.304s] [ 55%] Built target roboworks_brain_interfaces__rosidl_typesupport_introspection_c
[0.311s] [ 65%] Built target roboworks_brain_interfaces__rosidl_typesupport_fastrtps_c
[0.313s] [ 76%] Built target roboworks_brain_interfaces__rosidl_typesupport_c
[0.352s] [ 76%] Built target roboworks_brain_interfaces
[0.392s] [ 78%] Built target roboworks_brain_interfaces__py
[0.433s] [ 87%] Built target roboworks_brain_interfaces__rosidl_generator_py
[0.478s] [ 91%] Built target roboworks_brain_interfaces__rosidl_typesupport_fastrtps_c__pyext
[0.487s] [ 95%] Built target roboworks_brain_interfaces__rosidl_typesupport_introspection_c__pyext
[0.491s] [100%] Built target roboworks_brain_interfaces__rosidl_typesupport_c__pyext
[0.646s] running egg_info
[0.646s] writing roboworks_brain_interfaces.egg-info/PKG-INFO
[0.647s] writing dependency_links to roboworks_brain_interfaces.egg-info/dependency_links.txt
[0.647s] writing top-level names to roboworks_brain_interfaces.egg-info/top_level.txt
[0.649s] reading manifest file 'roboworks_brain_interfaces.egg-info/SOURCES.txt'
[0.651s] writing manifest file 'roboworks_brain_interfaces.egg-info/SOURCES.txt'
[0.688s] [100%] Built target ament_cmake_python_build_roboworks_brain_interfaces_egg
[0.706s] Invoked command in '/home/jasper/RoboWorks_Comp_Team/brain/build/roboworks_brain_interfaces' returned '0': CMAKE_PREFIX_PATH=${CMAKE_PREFIX_PATH}:/home/jasper/ws_moveit2/install/moveit_configs_utils:/home/jasper/ws_moveit2/install/launch_param_builder:/opt/ros/humble /usr/bin/cmake --build /home/jasper/RoboWorks_Comp_Team/brain/build/roboworks_brain_interfaces -- -j8 -l8
[1.011s] Invoking command in '/home/jasper/RoboWorks_Comp_Team/brain/build/roboworks_brain_interfaces': CMAKE_PREFIX_PATH=${CMAKE_PREFIX_PATH}:/home/jasper/ws_moveit2/install/moveit_configs_utils:/home/jasper/ws_moveit2/install/launch_param_builder:/opt/ros/humble /usr/bin/cmake --install /home/jasper/RoboWorks_Comp_Team/brain/build/roboworks_brain_interfaces
[1.025s] -- Install configuration: ""
[1.025s] -- Up-to-date: /home/jasper/RoboWorks_Comp_Team/brain/install/roboworks_brain_interfaces/share/ament_index/resource_index/rosidl_interfaces/roboworks_brain_interfaces
[1.026s] -- Up-to-date: /home/jasper/RoboWorks_Comp_Team/brain/install/roboworks_brain_interfaces/include/roboworks_brain_interfaces/roboworks_brain_interfaces
[1.026s] -- Up-to-date: /home/jasper/RoboWorks_Comp_Team/brain/install/roboworks_brain_interfaces/include/roboworks_brain_interfaces/roboworks_brain_interfaces/msg
[1.026s] -- Up-to-date: /home/jasper/RoboWorks_Comp_Team/brain/install/roboworks_brain_interfaces/include/roboworks_brain_interfaces/roboworks_brain_interfaces/msg/rosidl_generator_c__visibility_control.h
[1.026s] -- Up-to-date: /home/jasper/RoboWorks_Comp_Team/brain/install/roboworks_brain_interfaces/include/roboworks_brain_interfaces/roboworks_brain_interfaces/srv
[1.026s] -- Up-to-date: /home/jasper/RoboWorks_Comp_Team/brain/install/roboworks_brain_interfaces/include/roboworks_brain_interfaces/roboworks_brain_interfaces/srv/navigation.h
[1.027s] -- Up-to-date: /home/jasper/RoboWorks_Comp_Team/brain/install/roboworks_brain_interfaces/include/roboworks_brain_interfaces/roboworks_brain_interfaces/srv/detail
[1.027s] -- Up-to-date: /home/jasper/RoboWorks_Comp_Team/brain/install/roboworks_brain_interfaces/include/roboworks_brain_interfaces/roboworks_brain_interfaces/srv/detail/arm_brain__functions.h
[1.027s] -- Up-to-date: /home/jasper/RoboWorks_Comp_Team/brain/install/roboworks_brain_interfaces/include/roboworks_brain_interfaces/roboworks_brain_interfaces/srv/detail/task_opt__functions.h
[1.027s] -- Up-to-date: /home/jasper/RoboWorks_Comp_Team/brain/install/roboworks_brain_interfaces/include/roboworks_brain_interfaces/roboworks_brain_interfaces/srv/detail/navigation__functions.c
[1.027s] -- Up-to-date: /home/jasper/RoboWorks_Comp_Team/brain/install/roboworks_brain_interfaces/include/roboworks_brain_interfaces/roboworks_brain_interfaces/srv/detail/arm_brain__struct.h
[1.027s] -- Up-to-date: /home/jasper/RoboWorks_Comp_Team/brain/install/roboworks_brain_interfaces/include/roboworks_brain_interfaces/roboworks_brain_interfaces/srv/detail/arm_brain__type_support.h
[1.028s] -- Up-to-date: /home/jasper/RoboWorks_Comp_Team/brain/install/roboworks_brain_interfaces/include/roboworks_brain_interfaces/roboworks_brain_interfaces/srv/detail/arm_brain__functions.c
[1.028s] -- Up-to-date: /home/jasper/RoboWorks_Comp_Team/brain/install/roboworks_brain_interfaces/include/roboworks_brain_interfaces/roboworks_brain_interfaces/srv/detail/navigation__type_support.h
[1.028s] -- Up-to-date: /home/jasper/RoboWorks_Comp_Team/brain/install/roboworks_brain_interfaces/include/roboworks_brain_interfaces/roboworks_brain_interfaces/srv/detail/navigation__struct.h
[1.028s] -- Up-to-date: /home/jasper/RoboWorks_Comp_Team/brain/install/roboworks_brain_interfaces/include/roboworks_brain_interfaces/roboworks_brain_interfaces/srv/detail/task_opt__functions.c
[1.029s] -- Up-to-date: /home/jasper/RoboWorks_Comp_Team/brain/install/roboworks_brain_interfaces/include/roboworks_brain_interfaces/roboworks_brain_interfaces/srv/detail/navigation__functions.h
[1.029s] -- Up-to-date: /home/jasper/RoboWorks_Comp_Team/brain/install/roboworks_brain_interfaces/include/roboworks_brain_interfaces/roboworks_brain_interfaces/srv/detail/task_opt__struct.h
[1.029s] -- Up-to-date: /home/jasper/RoboWorks_Comp_Team/brain/install/roboworks_brain_interfaces/include/roboworks_brain_interfaces/roboworks_brain_interfaces/srv/detail/task_opt__type_support.h
[1.029s] -- Up-to-date: /home/jasper/RoboWorks_Comp_Team/brain/install/roboworks_brain_interfaces/include/roboworks_brain_interfaces/roboworks_brain_interfaces/srv/task_opt.h
[1.029s] -- Up-to-date: /home/jasper/RoboWorks_Comp_Team/brain/install/roboworks_brain_interfaces/include/roboworks_brain_interfaces/roboworks_brain_interfaces/srv/arm_brain.h
[1.030s] -- Up-to-date: /home/jasper/RoboWorks_Comp_Team/brain/install/roboworks_brain_interfaces/share/roboworks_brain_interfaces/environment/library_path.sh
[1.030s] -- Up-to-date: /home/jasper/RoboWorks_Comp_Team/brain/install/roboworks_brain_interfaces/share/roboworks_brain_interfaces/environment/library_path.dsv
[1.030s] -- Up-to-date: /home/jasper/RoboWorks_Comp_Team/brain/install/roboworks_brain_interfaces/lib/libroboworks_brain_interfaces__rosidl_generator_c.so
[1.030s] -- Up-to-date: /home/jasper/RoboWorks_Comp_Team/brain/install/roboworks_brain_interfaces/include/roboworks_brain_interfaces/roboworks_brain_interfaces
[1.030s] -- Up-to-date: /home/jasper/RoboWorks_Comp_Team/brain/install/roboworks_brain_interfaces/include/roboworks_brain_interfaces/roboworks_brain_interfaces/msg
[1.030s] -- Up-to-date: /home/jasper/RoboWorks_Comp_Team/brain/install/roboworks_brain_interfaces/include/roboworks_brain_interfaces/roboworks_brain_interfaces/msg/rosidl_typesupport_fastrtps_c__visibility_control.h
[1.031s] -- Up-to-date: /home/jasper/RoboWorks_Comp_Team/brain/install/roboworks_brain_interfaces/include/roboworks_brain_interfaces/roboworks_brain_interfaces/srv
[1.031s] -- Up-to-date: /home/jasper/RoboWorks_Comp_Team/brain/install/roboworks_brain_interfaces/include/roboworks_brain_interfaces/roboworks_brain_interfaces/srv/detail
[1.031s] -- Up-to-date: /home/jasper/RoboWorks_Comp_Team/brain/install/roboworks_brain_interfaces/include/roboworks_brain_interfaces/roboworks_brain_interfaces/srv/detail/arm_brain__rosidl_typesupport_fastrtps_c.h
[1.031s] -- Up-to-date: /home/jasper/RoboWorks_Comp_Team/brain/install/roboworks_brain_interfaces/include/roboworks_brain_interfaces/roboworks_brain_interfaces/srv/detail/navigation__rosidl_typesupport_fastrtps_c.h
[1.031s] -- Up-to-date: /home/jasper/RoboWorks_Comp_Team/brain/install/roboworks_brain_interfaces/include/roboworks_brain_interfaces/roboworks_brain_interfaces/srv/detail/task_opt__rosidl_typesupport_fastrtps_c.h
[1.032s] -- Up-to-date: /home/jasper/RoboWorks_Comp_Team/brain/install/roboworks_brain_interfaces/lib/libroboworks_brain_interfaces__rosidl_typesupport_fastrtps_c.so
[1.032s] -- Up-to-date: /home/jasper/RoboWorks_Comp_Team/brain/install/roboworks_brain_interfaces/include/roboworks_brain_interfaces/roboworks_brain_interfaces
[1.032s] -- Up-to-date: /home/jasper/RoboWorks_Comp_Team/brain/install/roboworks_brain_interfaces/include/roboworks_brain_interfaces/roboworks_brain_interfaces/msg
[1.032s] -- Up-to-date: /home/jasper/RoboWorks_Comp_Team/brain/install/roboworks_brain_interfaces/include/roboworks_brain_interfaces/roboworks_brain_interfaces/msg/rosidl_typesupport_introspection_c__visibility_control.h
[1.032s] -- Up-to-date: /home/jasper/RoboWorks_Comp_Team/brain/install/roboworks_brain_interfaces/include/roboworks_brain_interfaces/roboworks_brain_interfaces/srv
[1.033s] -- Up-to-date: /home/jasper/RoboWorks_Comp_Team/brain/install/roboworks_brain_interfaces/include/roboworks_brain_interfaces/roboworks_brain_interfaces/srv/detail
[1.033s] -- Up-to-date: /home/jasper/RoboWorks_Comp_Team/brain/install/roboworks_brain_interfaces/include/roboworks_brain_interfaces/roboworks_brain_interfaces/srv/detail/arm_brain__type_support.c
[1.033s] -- Up-to-date: /home/jasper/RoboWorks_Comp_Team/brain/install/roboworks_brain_interfaces/include/roboworks_brain_interfaces/roboworks_brain_interfaces/srv/detail/task_opt__rosidl_typesupport_introspection_c.h
[1.033s] -- Up-to-date: /home/jasper/RoboWorks_Comp_Team/brain/install/roboworks_brain_interfaces/include/roboworks_brain_interfaces/roboworks_brain_interfaces/srv/detail/arm_brain__rosidl_typesupport_introspection_c.h
[1.033s] -- Up-to-date: /home/jasper/RoboWorks_Comp_Team/brain/install/roboworks_brain_interfaces/include/roboworks_brain_interfaces/roboworks_brain_interfaces/srv/detail/navigation__rosidl_typesupport_introspection_c.h
[1.034s] -- Up-to-date: /home/jasper/RoboWorks_Comp_Team/brain/install/roboworks_brain_interfaces/include/roboworks_brain_interfaces/roboworks_brain_interfaces/srv/detail/task_opt__type_support.c
[1.034s] -- Up-to-date: /home/jasper/RoboWorks_Comp_Team/brain/install/roboworks_brain_interfaces/include/roboworks_brain_interfaces/roboworks_brain_interfaces/srv/detail/navigation__type_support.c
[1.034s] -- Up-to-date: /home/jasper/RoboWorks_Comp_Team/brain/install/roboworks_brain_interfaces/lib/libroboworks_brain_interfaces__rosidl_typesupport_introspection_c.so
[1.034s] -- Up-to-date: /home/jasper/RoboWorks_Comp_Team/brain/install/roboworks_brain_interfaces/lib/libroboworks_brain_interfaces__rosidl_typesupport_c.so
[1.034s] -- Up-to-date: /home/jasper/RoboWorks_Comp_Team/brain/install/roboworks_brain_interfaces/include/roboworks_brain_interfaces/roboworks_brain_interfaces
[1.034s] -- Up-to-date: /home/jasper/RoboWorks_Comp_Team/brain/install/roboworks_brain_interfaces/include/roboworks_brain_interfaces/roboworks_brain_interfaces/srv
[1.034s] -- Up-to-date: /home/jasper/RoboWorks_Comp_Team/brain/install/roboworks_brain_interfaces/include/roboworks_brain_interfaces/roboworks_brain_interfaces/srv/navigation.hpp
[1.035s] -- Up-to-date: /home/jasper/RoboWorks_Comp_Team/brain/install/roboworks_brain_interfaces/include/roboworks_brain_interfaces/roboworks_brain_interfaces/srv/task_opt.hpp
[1.035s] -- Up-to-date: /home/jasper/RoboWorks_Comp_Team/brain/install/roboworks_brain_interfaces/include/roboworks_brain_interfaces/roboworks_brain_interfaces/srv/detail
[1.035s] -- Up-to-date: /home/jasper/RoboWorks_Comp_Team/brain/install/roboworks_brain_interfaces/include/roboworks_brain_interfaces/roboworks_brain_interfaces/srv/detail/arm_brain__struct.hpp
[1.035s] -- Up-to-date: /home/jasper/RoboWorks_Comp_Team/brain/install/roboworks_brain_interfaces/include/roboworks_brain_interfaces/roboworks_brain_interfaces/srv/detail/navigation__builder.hpp
[1.035s] -- Up-to-date: /home/jasper/RoboWorks_Comp_Team/brain/install/roboworks_brain_interfaces/include/roboworks_brain_interfaces/roboworks_brain_interfaces/srv/detail/task_opt__struct.hpp
[1.035s] -- Up-to-date: /home/jasper/RoboWorks_Comp_Team/brain/install/roboworks_brain_interfaces/include/roboworks_brain_interfaces/roboworks_brain_interfaces/srv/detail/navigation__struct.hpp
[1.035s] -- Up-to-date: /home/jasper/RoboWorks_Comp_Team/brain/install/roboworks_brain_interfaces/include/roboworks_brain_interfaces/roboworks_brain_interfaces/srv/detail/arm_brain__builder.hpp
[1.035s] -- Up-to-date: /home/jasper/RoboWorks_Comp_Team/brain/install/roboworks_brain_interfaces/include/roboworks_brain_interfaces/roboworks_brain_interfaces/srv/detail/task_opt__traits.hpp
[1.035s] -- Up-to-date: /home/jasper/RoboWorks_Comp_Team/brain/install/roboworks_brain_interfaces/include/roboworks_brain_interfaces/roboworks_brain_interfaces/srv/detail/task_opt__builder.hpp
[1.035s] -- Up-to-date: /home/jasper/RoboWorks_Comp_Team/brain/install/roboworks_brain_interfaces/include/roboworks_brain_interfaces/roboworks_brain_interfaces/srv/detail/navigation__traits.hpp
[1.035s] -- Up-to-date: /home/jasper/RoboWorks_Comp_Team/brain/install/roboworks_brain_interfaces/include/roboworks_brain_interfaces/roboworks_brain_interfaces/srv/detail/arm_brain__traits.hpp
[1.035s] -- Up-to-date: /home/jasper/RoboWorks_Comp_Team/brain/install/roboworks_brain_interfaces/include/roboworks_brain_interfaces/roboworks_brain_interfaces/srv/arm_brain.hpp
[1.035s] -- Up-to-date: /home/jasper/RoboWorks_Comp_Team/brain/install/roboworks_brain_interfaces/include/roboworks_brain_interfaces/roboworks_brain_interfaces
[1.035s] -- Up-to-date: /home/jasper/RoboWorks_Comp_Team/brain/install/roboworks_brain_interfaces/include/roboworks_brain_interfaces/roboworks_brain_interfaces/msg
[1.035s] -- Up-to-date: /home/jasper/RoboWorks_Comp_Team/brain/install/roboworks_brain_interfaces/include/roboworks_brain_interfaces/roboworks_brain_interfaces/msg/rosidl_typesupport_fastrtps_cpp__visibility_control.h
[1.036s] -- Up-to-date: /home/jasper/RoboWorks_Comp_Team/brain/install/roboworks_brain_interfaces/include/roboworks_brain_interfaces/roboworks_brain_interfaces/srv
[1.036s] -- Up-to-date: /home/jasper/RoboWorks_Comp_Team/brain/install/roboworks_brain_interfaces/include/roboworks_brain_interfaces/roboworks_brain_interfaces/srv/detail
[1.036s] -- Up-to-date: /home/jasper/RoboWorks_Comp_Team/brain/install/roboworks_brain_interfaces/include/roboworks_brain_interfaces/roboworks_brain_interfaces/srv/detail/dds_fastrtps
[1.036s] -- Up-to-date: /home/jasper/RoboWorks_Comp_Team/brain/install/roboworks_brain_interfaces/include/roboworks_brain_interfaces/roboworks_brain_interfaces/srv/detail/navigation__rosidl_typesupport_fastrtps_cpp.hpp
[1.036s] -- Up-to-date: /home/jasper/RoboWorks_Comp_Team/brain/install/roboworks_brain_interfaces/include/roboworks_brain_interfaces/roboworks_brain_interfaces/srv/detail/arm_brain__rosidl_typesupport_fastrtps_cpp.hpp
[1.036s] -- Up-to-date: /home/jasper/RoboWorks_Comp_Team/brain/install/roboworks_brain_interfaces/include/roboworks_brain_interfaces/roboworks_brain_interfaces/srv/detail/task_opt__rosidl_typesupport_fastrtps_cpp.hpp
[1.036s] -- Up-to-date: /home/jasper/RoboWorks_Comp_Team/brain/install/roboworks_brain_interfaces/lib/libroboworks_brain_interfaces__rosidl_typesupport_fastrtps_cpp.so
[1.036s] -- Up-to-date: /home/jasper/RoboWorks_Comp_Team/brain/install/roboworks_brain_interfaces/include/roboworks_brain_interfaces/roboworks_brain_interfaces
[1.036s] -- Up-to-date: /home/jasper/RoboWorks_Comp_Team/brain/install/roboworks_brain_interfaces/include/roboworks_brain_interfaces/roboworks_brain_interfaces/srv
[1.036s] -- Up-to-date: /home/jasper/RoboWorks_Comp_Team/brain/install/roboworks_brain_interfaces/include/roboworks_brain_interfaces/roboworks_brain_interfaces/srv/detail
[1.036s] -- Up-to-date: /home/jasper/RoboWorks_Comp_Team/brain/install/roboworks_brain_interfaces/include/roboworks_brain_interfaces/roboworks_brain_interfaces/srv/detail/arm_brain__type_support.cpp
[1.036s] -- Up-to-date: /home/jasper/RoboWorks_Comp_Team/brain/install/roboworks_brain_interfaces/include/roboworks_brain_interfaces/roboworks_brain_interfaces/srv/detail/navigation__rosidl_typesupport_introspection_cpp.hpp
[1.036s] -- Up-to-date: /home/jasper/RoboWorks_Comp_Team/brain/install/roboworks_brain_interfaces/include/roboworks_brain_interfaces/roboworks_brain_interfaces/srv/detail/navigation__type_support.cpp
[1.036s] -- Up-to-date: /home/jasper/RoboWorks_Comp_Team/brain/install/roboworks_brain_interfaces/include/roboworks_brain_interfaces/roboworks_brain_interfaces/srv/detail/arm_brain__rosidl_typesupport_introspection_cpp.hpp
[1.036s] -- Up-to-date: /home/jasper/RoboWorks_Comp_Team/brain/install/roboworks_brain_interfaces/include/roboworks_brain_interfaces/roboworks_brain_interfaces/srv/detail/task_opt__type_support.cpp
[1.036s] -- Up-to-date: /home/jasper/RoboWorks_Comp_Team/brain/install/roboworks_brain_interfaces/include/roboworks_brain_interfaces/roboworks_brain_interfaces/srv/detail/task_opt__rosidl_typesupport_introspection_cpp.hpp
[1.036s] -- Up-to-date: /home/jasper/RoboWorks_Comp_Team/brain/install/roboworks_brain_interfaces/lib/libroboworks_brain_interfaces__rosidl_typesupport_introspection_cpp.so
[1.037s] -- Up-to-date: /home/jasper/RoboWorks_Comp_Team/brain/install/roboworks_brain_interfaces/lib/libroboworks_brain_interfaces__rosidl_typesupport_cpp.so
[1.037s] -- Up-to-date: /home/jasper/RoboWorks_Comp_Team/brain/install/roboworks_brain_interfaces/share/roboworks_brain_interfaces/environment/pythonpath.sh
[1.037s] -- Up-to-date: /home/jasper/RoboWorks_Comp_Team/brain/install/roboworks_brain_interfaces/share/roboworks_brain_interfaces/environment/pythonpath.dsv
[1.037s] -- Up-to-date: /home/jasper/RoboWorks_Comp_Team/brain/install/roboworks_brain_interfaces/local/lib/python3.10/dist-packages/roboworks_brain_interfaces-0.0.0-py3.10.egg-info
[1.037s] -- Installing: /home/jasper/RoboWorks_Comp_Team/brain/install/roboworks_brain_interfaces/local/lib/python3.10/dist-packages/roboworks_brain_interfaces-0.0.0-py3.10.egg-info/top_level.txt
[1.037s] -- Installing: /home/jasper/RoboWorks_Comp_Team/brain/install/roboworks_brain_interfaces/local/lib/python3.10/dist-packages/roboworks_brain_interfaces-0.0.0-py3.10.egg-info/dependency_links.txt
[1.037s] -- Installing: /home/jasper/RoboWorks_Comp_Team/brain/install/roboworks_brain_interfaces/local/lib/python3.10/dist-packages/roboworks_brain_interfaces-0.0.0-py3.10.egg-info/SOURCES.txt
[1.037s] -- Installing: /home/jasper/RoboWorks_Comp_Team/brain/install/roboworks_brain_interfaces/local/lib/python3.10/dist-packages/roboworks_brain_interfaces-0.0.0-py3.10.egg-info/PKG-INFO
[1.037s] -- Up-to-date: /home/jasper/RoboWorks_Comp_Team/brain/install/roboworks_brain_interfaces/local/lib/python3.10/dist-packages/roboworks_brain_interfaces
[1.037s] -- Up-to-date: /home/jasper/RoboWorks_Comp_Team/brain/install/roboworks_brain_interfaces/local/lib/python3.10/dist-packages/roboworks_brain_interfaces/roboworks_brain_interfaces_s__rosidl_typesupport_introspection_c.cpython-310-x86_64-linux-gnu.so
[1.037s] -- Up-to-date: /home/jasper/RoboWorks_Comp_Team/brain/install/roboworks_brain_interfaces/local/lib/python3.10/dist-packages/roboworks_brain_interfaces/roboworks_brain_interfaces_s__rosidl_typesupport_c.cpython-310-x86_64-linux-gnu.so
[1.037s] -- Up-to-date: /home/jasper/RoboWorks_Comp_Team/brain/install/roboworks_brain_interfaces/local/lib/python3.10/dist-packages/roboworks_brain_interfaces/_roboworks_brain_interfaces_s.ep.rosidl_typesupport_fastrtps_c.c
[1.037s] -- Up-to-date: /home/jasper/RoboWorks_Comp_Team/brain/install/roboworks_brain_interfaces/local/lib/python3.10/dist-packages/roboworks_brain_interfaces/__init__.py
[1.037s] -- Up-to-date: /home/jasper/RoboWorks_Comp_Team/brain/install/roboworks_brain_interfaces/local/lib/python3.10/dist-packages/roboworks_brain_interfaces/libroboworks_brain_interfaces__rosidl_generator_py.so
[1.037s] -- Up-to-date: /home/jasper/RoboWorks_Comp_Team/brain/install/roboworks_brain_interfaces/local/lib/python3.10/dist-packages/roboworks_brain_interfaces/roboworks_brain_interfaces_s__rosidl_typesupport_fastrtps_c.cpython-310-x86_64-linux-gnu.so
[1.037s] -- Up-to-date: /home/jasper/RoboWorks_Comp_Team/brain/install/roboworks_brain_interfaces/local/lib/python3.10/dist-packages/roboworks_brain_interfaces/_roboworks_brain_interfaces_s.ep.rosidl_typesupport_introspection_c.c
[1.038s] -- Up-to-date: /home/jasper/RoboWorks_Comp_Team/brain/install/roboworks_brain_interfaces/local/lib/python3.10/dist-packages/roboworks_brain_interfaces/srv
[1.038s] -- Up-to-date: /home/jasper/RoboWorks_Comp_Team/brain/install/roboworks_brain_interfaces/local/lib/python3.10/dist-packages/roboworks_brain_interfaces/srv/_navigation.py
[1.038s] -- Up-to-date: /home/jasper/RoboWorks_Comp_Team/brain/install/roboworks_brain_interfaces/local/lib/python3.10/dist-packages/roboworks_brain_interfaces/srv/__init__.py
[1.038s] -- Up-to-date: /home/jasper/RoboWorks_Comp_Team/brain/install/roboworks_brain_interfaces/local/lib/python3.10/dist-packages/roboworks_brain_interfaces/srv/_arm_brain.py
[1.038s] -- Up-to-date: /home/jasper/RoboWorks_Comp_Team/brain/install/roboworks_brain_interfaces/local/lib/python3.10/dist-packages/roboworks_brain_interfaces/srv/_arm_brain_s.c
[1.038s] -- Up-to-date: /home/jasper/RoboWorks_Comp_Team/brain/install/roboworks_brain_interfaces/local/lib/python3.10/dist-packages/roboworks_brain_interfaces/srv/_navigation_s.c
[1.038s] -- Up-to-date: /home/jasper/RoboWorks_Comp_Team/brain/install/roboworks_brain_interfaces/local/lib/python3.10/dist-packages/roboworks_brain_interfaces/srv/_task_opt.py
[1.038s] -- Up-to-date: /home/jasper/RoboWorks_Comp_Team/brain/install/roboworks_brain_interfaces/local/lib/python3.10/dist-packages/roboworks_brain_interfaces/srv/_task_opt_s.c
[1.038s] -- Up-to-date: /home/jasper/RoboWorks_Comp_Team/brain/install/roboworks_brain_interfaces/local/lib/python3.10/dist-packages/roboworks_brain_interfaces/_roboworks_brain_interfaces_s.ep.rosidl_typesupport_c.c
[1.073s] Listing '/home/jasper/RoboWorks_Comp_Team/brain/install/roboworks_brain_interfaces/local/lib/python3.10/dist-packages/roboworks_brain_interfaces'...
[1.073s] Listing '/home/jasper/RoboWorks_Comp_Team/brain/install/roboworks_brain_interfaces/local/lib/python3.10/dist-packages/roboworks_brain_interfaces/srv'...
[1.079s] -- Up-to-date: /home/jasper/RoboWorks_Comp_Team/brain/install/roboworks_brain_interfaces/local/lib/python3.10/dist-packages/roboworks_brain_interfaces/roboworks_brain_interfaces_s__rosidl_typesupport_fastrtps_c.cpython-310-x86_64-linux-gnu.so
[1.079s] -- Up-to-date: /home/jasper/RoboWorks_Comp_Team/brain/install/roboworks_brain_interfaces/local/lib/python3.10/dist-packages/roboworks_brain_interfaces/roboworks_brain_interfaces_s__rosidl_typesupport_introspection_c.cpython-310-x86_64-linux-gnu.so
[1.080s] -- Up-to-date: /home/jasper/RoboWorks_Comp_Team/brain/install/roboworks_brain_interfaces/local/lib/python3.10/dist-packages/roboworks_brain_interfaces/roboworks_brain_interfaces_s__rosidl_typesupport_c.cpython-310-x86_64-linux-gnu.so
[1.080s] -- Up-to-date: /home/jasper/RoboWorks_Comp_Team/brain/install/roboworks_brain_interfaces/lib/libroboworks_brain_interfaces__rosidl_generator_py.so
[1.080s] -- Up-to-date: /home/jasper/RoboWorks_Comp_Team/brain/install/roboworks_brain_interfaces/share/roboworks_brain_interfaces/srv/ArmBrain.idl
[1.081s] -- Up-to-date: /home/jasper/RoboWorks_Comp_Team/brain/install/roboworks_brain_interfaces/share/roboworks_brain_interfaces/srv/Navigation.idl
[1.081s] -- Up-to-date: /home/jasper/RoboWorks_Comp_Team/brain/install/roboworks_brain_interfaces/share/roboworks_brain_interfaces/srv/TaskOpt.idl
[1.081s] -- Up-to-date: /home/jasper/RoboWorks_Comp_Team/brain/install/roboworks_brain_interfaces/share/roboworks_brain_interfaces/srv/ArmBrain.srv
[1.081s] -- Up-to-date: /home/jasper/RoboWorks_Comp_Team/brain/install/roboworks_brain_interfaces/share/roboworks_brain_interfaces/srv/ArmBrain_Request.msg
[1.081s] -- Up-to-date: /home/jasper/RoboWorks_Comp_Team/brain/install/roboworks_brain_interfaces/share/roboworks_brain_interfaces/srv/ArmBrain_Response.msg
[1.082s] -- Up-to-date: /home/jasper/RoboWorks_Comp_Team/brain/install/roboworks_brain_interfaces/share/roboworks_brain_interfaces/srv/Navigation.srv
[1.082s] -- Up-to-date: /home/jasper/RoboWorks_Comp_Team/brain/install/roboworks_brain_interfaces/share/roboworks_brain_interfaces/srv/Navigation_Request.msg
[1.082s] -- Up-to-date: /home/jasper/RoboWorks_Comp_Team/brain/install/roboworks_brain_interfaces/share/roboworks_brain_interfaces/srv/Navigation_Response.msg
[1.082s] -- Up-to-date: /home/jasper/RoboWorks_Comp_Team/brain/install/roboworks_brain_interfaces/share/roboworks_brain_interfaces/srv/TaskOpt.srv
[1.082s] -- Up-to-date: /home/jasper/RoboWorks_Comp_Team/brain/install/roboworks_brain_interfaces/share/roboworks_brain_interfaces/srv/TaskOpt_Request.msg
[1.082s] -- Up-to-date: /home/jasper/RoboWorks_Comp_Team/brain/install/roboworks_brain_interfaces/share/roboworks_brain_interfaces/srv/TaskOpt_Response.msg
[1.083s] -- Up-to-date: /home/jasper/RoboWorks_Comp_Team/brain/install/roboworks_brain_interfaces/share/ament_index/resource_index/package_run_dependencies/roboworks_brain_interfaces
[1.083s] -- Up-to-date: /home/jasper/RoboWorks_Comp_Team/brain/install/roboworks_brain_interfaces/share/ament_index/resource_index/parent_prefix_path/roboworks_brain_interfaces
[1.083s] -- Up-to-date: /home/jasper/RoboWorks_Comp_Team/brain/install/roboworks_brain_interfaces/share/roboworks_brain_interfaces/environment/ament_prefix_path.sh
[1.083s] -- Up-to-date: /home/jasper/RoboWorks_Comp_Team/brain/install/roboworks_brain_interfaces/share/roboworks_brain_interfaces/environment/ament_prefix_path.dsv
[1.083s] -- Up-to-date: /home/jasper/RoboWorks_Comp_Team/brain/install/roboworks_brain_interfaces/share/roboworks_brain_interfaces/environment/path.sh
[1.083s] -- Up-to-date: /home/jasper/RoboWorks_Comp_Team/brain/install/roboworks_brain_interfaces/share/roboworks_brain_interfaces/environment/path.dsv
[1.084s] -- Up-to-date: /home/jasper/RoboWorks_Comp_Team/brain/install/roboworks_brain_interfaces/share/roboworks_brain_interfaces/local_setup.bash
[1.084s] -- Up-to-date: /home/jasper/RoboWorks_Comp_Team/brain/install/roboworks_brain_interfaces/share/roboworks_brain_interfaces/local_setup.sh
[1.084s] -- Up-to-date: /home/jasper/RoboWorks_Comp_Team/brain/install/roboworks_brain_interfaces/share/roboworks_brain_interfaces/local_setup.zsh
[1.084s] -- Up-to-date: /home/jasper/RoboWorks_Comp_Team/brain/install/roboworks_brain_interfaces/share/roboworks_brain_interfaces/local_setup.dsv
[1.084s] -- Installing: /home/jasper/RoboWorks_Comp_Team/brain/install/roboworks_brain_interfaces/share/roboworks_brain_interfaces/package.dsv
[1.085s] -- Up-to-date: /home/jasper/RoboWorks_Comp_Team/brain/install/roboworks_brain_interfaces/share/ament_index/resource_index/packages/roboworks_brain_interfaces
[1.085s] -- Up-to-date: /home/jasper/RoboWorks_Comp_Team/brain/install/roboworks_brain_interfaces/share/roboworks_brain_interfaces/cmake/export_roboworks_brain_interfaces__rosidl_generator_cExport.cmake
[1.085s] -- Up-to-date: /home/jasper/RoboWorks_Comp_Team/brain/install/roboworks_brain_interfaces/share/roboworks_brain_interfaces/cmake/export_roboworks_brain_interfaces__rosidl_generator_cExport-noconfig.cmake
[1.085s] -- Up-to-date: /home/jasper/RoboWorks_Comp_Team/brain/install/roboworks_brain_interfaces/share/roboworks_brain_interfaces/cmake/export_roboworks_brain_interfaces__rosidl_typesupport_fastrtps_cExport.cmake
[1.085s] -- Up-to-date: /home/jasper/RoboWorks_Comp_Team/brain/install/roboworks_brain_interfaces/share/roboworks_brain_interfaces/cmake/export_roboworks_brain_interfaces__rosidl_typesupport_fastrtps_cExport-noconfig.cmake
[1.085s] -- Up-to-date: /home/jasper/RoboWorks_Comp_Team/brain/install/roboworks_brain_interfaces/share/roboworks_brain_interfaces/cmake/roboworks_brain_interfaces__rosidl_typesupport_introspection_cExport.cmake
[1.086s] -- Up-to-date: /home/jasper/RoboWorks_Comp_Team/brain/install/roboworks_brain_interfaces/share/roboworks_brain_interfaces/cmake/roboworks_brain_interfaces__rosidl_typesupport_introspection_cExport-noconfig.cmake
[1.086s] -- Up-to-date: /home/jasper/RoboWorks_Comp_Team/brain/install/roboworks_brain_interfaces/share/roboworks_brain_interfaces/cmake/roboworks_brain_interfaces__rosidl_typesupport_cExport.cmake
[1.086s] -- Up-to-date: /home/jasper/RoboWorks_Comp_Team/brain/install/roboworks_brain_interfaces/share/roboworks_brain_interfaces/cmake/roboworks_brain_interfaces__rosidl_typesupport_cExport-noconfig.cmake
[1.086s] -- Up-to-date: /home/jasper/RoboWorks_Comp_Team/brain/install/roboworks_brain_interfaces/share/roboworks_brain_interfaces/cmake/export_roboworks_brain_interfaces__rosidl_generator_cppExport.cmake
[1.086s] -- Up-to-date: /home/jasper/RoboWorks_Comp_Team/brain/install/roboworks_brain_interfaces/share/roboworks_brain_interfaces/cmake/export_roboworks_brain_interfaces__rosidl_typesupport_fastrtps_cppExport.cmake
[1.086s] -- Up-to-date: /home/jasper/RoboWorks_Comp_Team/brain/install/roboworks_brain_interfaces/share/roboworks_brain_interfaces/cmake/export_roboworks_brain_interfaces__rosidl_typesupport_fastrtps_cppExport-noconfig.cmake
[1.086s] -- Up-to-date: /home/jasper/RoboWorks_Comp_Team/brain/install/roboworks_brain_interfaces/share/roboworks_brain_interfaces/cmake/roboworks_brain_interfaces__rosidl_typesupport_introspection_cppExport.cmake
[1.087s] -- Up-to-date: /home/jasper/RoboWorks_Comp_Team/brain/install/roboworks_brain_interfaces/share/roboworks_brain_interfaces/cmake/roboworks_brain_interfaces__rosidl_typesupport_introspection_cppExport-noconfig.cmake
[1.087s] -- Up-to-date: /home/jasper/RoboWorks_Comp_Team/brain/install/roboworks_brain_interfaces/share/roboworks_brain_interfaces/cmake/roboworks_brain_interfaces__rosidl_typesupport_cppExport.cmake
[1.087s] -- Up-to-date: /home/jasper/RoboWorks_Comp_Team/brain/install/roboworks_brain_interfaces/share/roboworks_brain_interfaces/cmake/roboworks_brain_interfaces__rosidl_typesupport_cppExport-noconfig.cmake
[1.087s] -- Up-to-date: /home/jasper/RoboWorks_Comp_Team/brain/install/roboworks_brain_interfaces/share/roboworks_brain_interfaces/cmake/export_roboworks_brain_interfaces__rosidl_generator_pyExport.cmake
[1.087s] -- Up-to-date: /home/jasper/RoboWorks_Comp_Team/brain/install/roboworks_brain_interfaces/share/roboworks_brain_interfaces/cmake/export_roboworks_brain_interfaces__rosidl_generator_pyExport-noconfig.cmake
[1.087s] -- Up-to-date: /home/jasper/RoboWorks_Comp_Team/brain/install/roboworks_brain_interfaces/share/roboworks_brain_interfaces/cmake/rosidl_cmake-extras.cmake
[1.087s] -- Up-to-date: /home/jasper/RoboWorks_Comp_Team/brain/install/roboworks_brain_interfaces/share/roboworks_brain_interfaces/cmake/ament_cmake_export_dependencies-extras.cmake
[1.088s] -- Up-to-date: /home/jasper/RoboWorks_Comp_Team/brain/install/roboworks_brain_interfaces/share/roboworks_brain_interfaces/cmake/ament_cmake_export_include_directories-extras.cmake
[1.088s] -- Up-to-date: /home/jasper/RoboWorks_Comp_Team/brain/install/roboworks_brain_interfaces/share/roboworks_brain_interfaces/cmake/ament_cmake_export_libraries-extras.cmake
[1.088s] -- Up-to-date: /home/jasper/RoboWorks_Comp_Team/brain/install/roboworks_brain_interfaces/share/roboworks_brain_interfaces/cmake/ament_cmake_export_targets-extras.cmake
[1.089s] -- Up-to-date: /home/jasper/RoboWorks_Comp_Team/brain/install/roboworks_brain_interfaces/share/roboworks_brain_interfaces/cmake/rosidl_cmake_export_typesupport_targets-extras.cmake
[1.089s] -- Up-to-date: /home/jasper/RoboWorks_Comp_Team/brain/install/roboworks_brain_interfaces/share/roboworks_brain_interfaces/cmake/rosidl_cmake_export_typesupport_libraries-extras.cmake
[1.090s] -- Up-to-date: /home/jasper/RoboWorks_Comp_Team/brain/install/roboworks_brain_interfaces/share/roboworks_brain_interfaces/cmake/roboworks_brain_interfacesConfig.cmake
[1.090s] -- Up-to-date: /home/jasper/RoboWorks_Comp_Team/brain/install/roboworks_brain_interfaces/share/roboworks_brain_interfaces/cmake/roboworks_brain_interfacesConfig-version.cmake
[1.090s] -- Up-to-date: /home/jasper/RoboWorks_Comp_Team/brain/install/roboworks_brain_interfaces/share/roboworks_brain_interfaces/package.xml
[1.090s] Invoked command in '/home/jasper/RoboWorks_Comp_Team/brain/build/roboworks_brain_interfaces' returned '0': CMAKE_PREFIX_PATH=${CMAKE_PREFIX_PATH}:/home/jasper/ws_moveit2/install/moveit_configs_utils:/home/jasper/ws_moveit2/install/launch_param_builder:/opt/ros/humble /usr/bin/cmake --install /home/jasper/RoboWorks_Comp_Team/brain/build/roboworks_brain_interfaces
