[0.114s] Invoking command in '/home/jasper/RoboWorks_Comp_Team/brain/build/roboworks_brain_interfaces': CMAKE_PREFIX_PATH=${CMAKE_PREFIX_PATH}:/home/jasper/ws_moveit2/install/moveit_configs_utils:/home/jasper/ws_moveit2/install/launch_param_builder:/opt/ros/humble /usr/bin/cmake --build /home/jasper/RoboWorks_Comp_Team/brain/build/roboworks_brain_interfaces -- -j8 -l8
[0.196s] [  2%] Built target roboworks_brain_interfaces__cpp
[0.196s] [ 12%] Built target roboworks_brain_interfaces__rosidl_generator_c
[0.211s] [ 12%] Built target ament_cmake_python_copy_roboworks_brain_interfaces
[0.246s] [ 25%] Built target roboworks_brain_interfaces__rosidl_typesupport_introspection_cpp
[0.247s] [ 34%] Built target roboworks_brain_interfaces__rosidl_typesupport_cpp
[0.248s] [ 44%] Built target roboworks_brain_interfaces__rosidl_typesupport_fastrtps_cpp
[0.259s] [ 55%] Built target roboworks_brain_interfaces__rosidl_typesupport_c
[0.262s] [ 65%] Built target roboworks_brain_interfaces__rosidl_typesupport_introspection_c
[0.264s] [ 76%] Built target roboworks_brain_interfaces__rosidl_typesupport_fastrtps_c
[0.299s] [ 76%] Built target roboworks_brain_interfaces
[0.335s] [ 78%] Built target roboworks_brain_interfaces__py
[0.373s] [ 87%] Built target roboworks_brain_interfaces__rosidl_generator_py
[0.411s] [100%] Built target roboworks_brain_interfaces__rosidl_typesupport_fastrtps_c__pyext
[0.412s] [100%] Built target roboworks_brain_interfaces__rosidl_typesupport_introspection_c__pyext
[0.412s] [100%] Built target roboworks_brain_interfaces__rosidl_typesupport_c__pyext
[0.527s] running egg_info
[0.528s] writing roboworks_brain_interfaces.egg-info/PKG-INFO
[0.528s] writing dependency_links to roboworks_brain_interfaces.egg-info/dependency_links.txt
[0.528s] writing top-level names to roboworks_brain_interfaces.egg-info/top_level.txt
[0.531s] reading manifest file 'roboworks_brain_interfaces.egg-info/SOURCES.txt'
[0.532s] writing manifest file 'roboworks_brain_interfaces.egg-info/SOURCES.txt'
[0.563s] [100%] Built target ament_cmake_python_build_roboworks_brain_interfaces_egg
[0.579s] Invoked command in '/home/jasper/RoboWorks_Comp_Team/brain/build/roboworks_brain_interfaces' returned '0': CMAKE_PREFIX_PATH=${CMAKE_PREFIX_PATH}:/home/jasper/ws_moveit2/install/moveit_configs_utils:/home/jasper/ws_moveit2/install/launch_param_builder:/opt/ros/humble /usr/bin/cmake --build /home/jasper/RoboWorks_Comp_Team/brain/build/roboworks_brain_interfaces -- -j8 -l8
[0.852s] Invoking command in '/home/jasper/RoboWorks_Comp_Team/brain/build/roboworks_brain_interfaces': CMAKE_PREFIX_PATH=${CMAKE_PREFIX_PATH}:/home/jasper/ws_moveit2/install/moveit_configs_utils:/home/jasper/ws_moveit2/install/launch_param_builder:/opt/ros/humble /usr/bin/cmake --install /home/jasper/RoboWorks_Comp_Team/brain/build/roboworks_brain_interfaces
[0.865s] -- Install configuration: ""
[0.865s] -- Installing: /home/jasper/RoboWorks_Comp_Team/brain/install/roboworks_brain_interfaces/share/ament_index/resource_index/rosidl_interfaces/roboworks_brain_interfaces
[0.865s] -- Up-to-date: /home/jasper/RoboWorks_Comp_Team/brain/install/roboworks_brain_interfaces/include/roboworks_brain_interfaces/roboworks_brain_interfaces
[0.866s] -- Up-to-date: /home/jasper/RoboWorks_Comp_Team/brain/install/roboworks_brain_interfaces/include/roboworks_brain_interfaces/roboworks_brain_interfaces/msg
[0.866s] -- Up-to-date: /home/jasper/RoboWorks_Comp_Team/brain/install/roboworks_brain_interfaces/include/roboworks_brain_interfaces/roboworks_brain_interfaces/msg/rosidl_generator_c__visibility_control.h
[0.866s] -- Up-to-date: /home/jasper/RoboWorks_Comp_Team/brain/install/roboworks_brain_interfaces/include/roboworks_brain_interfaces/roboworks_brain_interfaces/srv
[0.866s] -- Installing: /home/jasper/RoboWorks_Comp_Team/brain/install/roboworks_brain_interfaces/include/roboworks_brain_interfaces/roboworks_brain_interfaces/srv/navigation.h
[0.866s] -- Up-to-date: /home/jasper/RoboWorks_Comp_Team/brain/install/roboworks_brain_interfaces/include/roboworks_brain_interfaces/roboworks_brain_interfaces/srv/detail
[0.866s] -- Installing: /home/jasper/RoboWorks_Comp_Team/brain/install/roboworks_brain_interfaces/include/roboworks_brain_interfaces/roboworks_brain_interfaces/srv/detail/arm_brain__functions.h
[0.866s] -- Installing: /home/jasper/RoboWorks_Comp_Team/brain/install/roboworks_brain_interfaces/include/roboworks_brain_interfaces/roboworks_brain_interfaces/srv/detail/task_opt__functions.h
[0.866s] -- Installing: /home/jasper/RoboWorks_Comp_Team/brain/install/roboworks_brain_interfaces/include/roboworks_brain_interfaces/roboworks_brain_interfaces/srv/detail/navigation__functions.c
[0.866s] -- Installing: /home/jasper/RoboWorks_Comp_Team/brain/install/roboworks_brain_interfaces/include/roboworks_brain_interfaces/roboworks_brain_interfaces/srv/detail/arm_brain__struct.h
[0.867s] -- Installing: /home/jasper/RoboWorks_Comp_Team/brain/install/roboworks_brain_interfaces/include/roboworks_brain_interfaces/roboworks_brain_interfaces/srv/detail/arm_brain__type_support.h
[0.867s] -- Installing: /home/jasper/RoboWorks_Comp_Team/brain/install/roboworks_brain_interfaces/include/roboworks_brain_interfaces/roboworks_brain_interfaces/srv/detail/arm_brain__functions.c
[0.867s] -- Installing: /home/jasper/RoboWorks_Comp_Team/brain/install/roboworks_brain_interfaces/include/roboworks_brain_interfaces/roboworks_brain_interfaces/srv/detail/navigation__type_support.h
[0.867s] -- Installing: /home/jasper/RoboWorks_Comp_Team/brain/install/roboworks_brain_interfaces/include/roboworks_brain_interfaces/roboworks_brain_interfaces/srv/detail/navigation__struct.h
[0.867s] -- Installing: /home/jasper/RoboWorks_Comp_Team/brain/install/roboworks_brain_interfaces/include/roboworks_brain_interfaces/roboworks_brain_interfaces/srv/detail/task_opt__functions.c
[0.867s] -- Installing: /home/jasper/RoboWorks_Comp_Team/brain/install/roboworks_brain_interfaces/include/roboworks_brain_interfaces/roboworks_brain_interfaces/srv/detail/navigation__functions.h
[0.867s] -- Installing: /home/jasper/RoboWorks_Comp_Team/brain/install/roboworks_brain_interfaces/include/roboworks_brain_interfaces/roboworks_brain_interfaces/srv/detail/task_opt__struct.h
[0.868s] -- Installing: /home/jasper/RoboWorks_Comp_Team/brain/install/roboworks_brain_interfaces/include/roboworks_brain_interfaces/roboworks_brain_interfaces/srv/detail/task_opt__type_support.h
[0.868s] -- Installing: /home/jasper/RoboWorks_Comp_Team/brain/install/roboworks_brain_interfaces/include/roboworks_brain_interfaces/roboworks_brain_interfaces/srv/task_opt.h
[0.868s] -- Installing: /home/jasper/RoboWorks_Comp_Team/brain/install/roboworks_brain_interfaces/include/roboworks_brain_interfaces/roboworks_brain_interfaces/srv/arm_brain.h
[0.868s] -- Up-to-date: /home/jasper/RoboWorks_Comp_Team/brain/install/roboworks_brain_interfaces/share/roboworks_brain_interfaces/environment/library_path.sh
[0.868s] -- Installing: /home/jasper/RoboWorks_Comp_Team/brain/install/roboworks_brain_interfaces/share/roboworks_brain_interfaces/environment/library_path.dsv
[0.870s] -- Installing: /home/jasper/RoboWorks_Comp_Team/brain/install/roboworks_brain_interfaces/lib/libroboworks_brain_interfaces__rosidl_generator_c.so
[0.871s] -- Set runtime path of "/home/jasper/RoboWorks_Comp_Team/brain/install/roboworks_brain_interfaces/lib/libroboworks_brain_interfaces__rosidl_generator_c.so" to ""
[0.871s] -- Up-to-date: /home/jasper/RoboWorks_Comp_Team/brain/install/roboworks_brain_interfaces/include/roboworks_brain_interfaces/roboworks_brain_interfaces
[0.871s] -- Up-to-date: /home/jasper/RoboWorks_Comp_Team/brain/install/roboworks_brain_interfaces/include/roboworks_brain_interfaces/roboworks_brain_interfaces/msg
[0.871s] -- Up-to-date: /home/jasper/RoboWorks_Comp_Team/brain/install/roboworks_brain_interfaces/include/roboworks_brain_interfaces/roboworks_brain_interfaces/msg/rosidl_typesupport_fastrtps_c__visibility_control.h
[0.871s] -- Up-to-date: /home/jasper/RoboWorks_Comp_Team/brain/install/roboworks_brain_interfaces/include/roboworks_brain_interfaces/roboworks_brain_interfaces/srv
[0.872s] -- Up-to-date: /home/jasper/RoboWorks_Comp_Team/brain/install/roboworks_brain_interfaces/include/roboworks_brain_interfaces/roboworks_brain_interfaces/srv/detail
[0.872s] -- Installing: /home/jasper/RoboWorks_Comp_Team/brain/install/roboworks_brain_interfaces/include/roboworks_brain_interfaces/roboworks_brain_interfaces/srv/detail/arm_brain__rosidl_typesupport_fastrtps_c.h
[0.872s] -- Installing: /home/jasper/RoboWorks_Comp_Team/brain/install/roboworks_brain_interfaces/include/roboworks_brain_interfaces/roboworks_brain_interfaces/srv/detail/navigation__rosidl_typesupport_fastrtps_c.h
[0.872s] -- Installing: /home/jasper/RoboWorks_Comp_Team/brain/install/roboworks_brain_interfaces/include/roboworks_brain_interfaces/roboworks_brain_interfaces/srv/detail/task_opt__rosidl_typesupport_fastrtps_c.h
[0.872s] -- Installing: /home/jasper/RoboWorks_Comp_Team/brain/install/roboworks_brain_interfaces/lib/libroboworks_brain_interfaces__rosidl_typesupport_fastrtps_c.so
[0.873s] -- Set runtime path of "/home/jasper/RoboWorks_Comp_Team/brain/install/roboworks_brain_interfaces/lib/libroboworks_brain_interfaces__rosidl_typesupport_fastrtps_c.so" to ""
[0.873s] -- Up-to-date: /home/jasper/RoboWorks_Comp_Team/brain/install/roboworks_brain_interfaces/include/roboworks_brain_interfaces/roboworks_brain_interfaces
[0.873s] -- Up-to-date: /home/jasper/RoboWorks_Comp_Team/brain/install/roboworks_brain_interfaces/include/roboworks_brain_interfaces/roboworks_brain_interfaces/msg
[0.873s] -- Up-to-date: /home/jasper/RoboWorks_Comp_Team/brain/install/roboworks_brain_interfaces/include/roboworks_brain_interfaces/roboworks_brain_interfaces/msg/rosidl_typesupport_introspection_c__visibility_control.h
[0.873s] -- Up-to-date: /home/jasper/RoboWorks_Comp_Team/brain/install/roboworks_brain_interfaces/include/roboworks_brain_interfaces/roboworks_brain_interfaces/srv
[0.873s] -- Up-to-date: /home/jasper/RoboWorks_Comp_Team/brain/install/roboworks_brain_interfaces/include/roboworks_brain_interfaces/roboworks_brain_interfaces/srv/detail
[0.873s] -- Installing: /home/jasper/RoboWorks_Comp_Team/brain/install/roboworks_brain_interfaces/include/roboworks_brain_interfaces/roboworks_brain_interfaces/srv/detail/arm_brain__type_support.c
[0.874s] -- Installing: /home/jasper/RoboWorks_Comp_Team/brain/install/roboworks_brain_interfaces/include/roboworks_brain_interfaces/roboworks_brain_interfaces/srv/detail/task_opt__rosidl_typesupport_introspection_c.h
[0.874s] -- Installing: /home/jasper/RoboWorks_Comp_Team/brain/install/roboworks_brain_interfaces/include/roboworks_brain_interfaces/roboworks_brain_interfaces/srv/detail/arm_brain__rosidl_typesupport_introspection_c.h
[0.874s] -- Installing: /home/jasper/RoboWorks_Comp_Team/brain/install/roboworks_brain_interfaces/include/roboworks_brain_interfaces/roboworks_brain_interfaces/srv/detail/navigation__rosidl_typesupport_introspection_c.h
[0.874s] -- Installing: /home/jasper/RoboWorks_Comp_Team/brain/install/roboworks_brain_interfaces/include/roboworks_brain_interfaces/roboworks_brain_interfaces/srv/detail/task_opt__type_support.c
[0.874s] -- Installing: /home/jasper/RoboWorks_Comp_Team/brain/install/roboworks_brain_interfaces/include/roboworks_brain_interfaces/roboworks_brain_interfaces/srv/detail/navigation__type_support.c
[0.874s] -- Installing: /home/jasper/RoboWorks_Comp_Team/brain/install/roboworks_brain_interfaces/lib/libroboworks_brain_interfaces__rosidl_typesupport_introspection_c.so
[0.875s] -- Set runtime path of "/home/jasper/RoboWorks_Comp_Team/brain/install/roboworks_brain_interfaces/lib/libroboworks_brain_interfaces__rosidl_typesupport_introspection_c.so" to ""
[0.875s] -- Installing: /home/jasper/RoboWorks_Comp_Team/brain/install/roboworks_brain_interfaces/lib/libroboworks_brain_interfaces__rosidl_typesupport_c.so
[0.875s] -- Set runtime path of "/home/jasper/RoboWorks_Comp_Team/brain/install/roboworks_brain_interfaces/lib/libroboworks_brain_interfaces__rosidl_typesupport_c.so" to ""
[0.876s] -- Up-to-date: /home/jasper/RoboWorks_Comp_Team/brain/install/roboworks_brain_interfaces/include/roboworks_brain_interfaces/roboworks_brain_interfaces
[0.876s] -- Up-to-date: /home/jasper/RoboWorks_Comp_Team/brain/install/roboworks_brain_interfaces/include/roboworks_brain_interfaces/roboworks_brain_interfaces/srv
[0.876s] -- Installing: /home/jasper/RoboWorks_Comp_Team/brain/install/roboworks_brain_interfaces/include/roboworks_brain_interfaces/roboworks_brain_interfaces/srv/navigation.hpp
[0.876s] -- Installing: /home/jasper/RoboWorks_Comp_Team/brain/install/roboworks_brain_interfaces/include/roboworks_brain_interfaces/roboworks_brain_interfaces/srv/task_opt.hpp
[0.876s] -- Up-to-date: /home/jasper/RoboWorks_Comp_Team/brain/install/roboworks_brain_interfaces/include/roboworks_brain_interfaces/roboworks_brain_interfaces/srv/detail
[0.876s] -- Installing: /home/jasper/RoboWorks_Comp_Team/brain/install/roboworks_brain_interfaces/include/roboworks_brain_interfaces/roboworks_brain_interfaces/srv/detail/arm_brain__struct.hpp
[0.876s] -- Installing: /home/jasper/RoboWorks_Comp_Team/brain/install/roboworks_brain_interfaces/include/roboworks_brain_interfaces/roboworks_brain_interfaces/srv/detail/navigation__builder.hpp
[0.876s] -- Installing: /home/jasper/RoboWorks_Comp_Team/brain/install/roboworks_brain_interfaces/include/roboworks_brain_interfaces/roboworks_brain_interfaces/srv/detail/task_opt__struct.hpp
[0.877s] -- Installing: /home/jasper/RoboWorks_Comp_Team/brain/install/roboworks_brain_interfaces/include/roboworks_brain_interfaces/roboworks_brain_interfaces/srv/detail/navigation__struct.hpp
[0.877s] -- Installing: /home/jasper/RoboWorks_Comp_Team/brain/install/roboworks_brain_interfaces/include/roboworks_brain_interfaces/roboworks_brain_interfaces/srv/detail/arm_brain__builder.hpp
[0.877s] -- Installing: /home/jasper/RoboWorks_Comp_Team/brain/install/roboworks_brain_interfaces/include/roboworks_brain_interfaces/roboworks_brain_interfaces/srv/detail/task_opt__traits.hpp
[0.877s] -- Installing: /home/jasper/RoboWorks_Comp_Team/brain/install/roboworks_brain_interfaces/include/roboworks_brain_interfaces/roboworks_brain_interfaces/srv/detail/task_opt__builder.hpp
[0.877s] -- Installing: /home/jasper/RoboWorks_Comp_Team/brain/install/roboworks_brain_interfaces/include/roboworks_brain_interfaces/roboworks_brain_interfaces/srv/detail/navigation__traits.hpp
[0.877s] -- Installing: /home/jasper/RoboWorks_Comp_Team/brain/install/roboworks_brain_interfaces/include/roboworks_brain_interfaces/roboworks_brain_interfaces/srv/detail/arm_brain__traits.hpp
[0.877s] -- Installing: /home/jasper/RoboWorks_Comp_Team/brain/install/roboworks_brain_interfaces/include/roboworks_brain_interfaces/roboworks_brain_interfaces/srv/arm_brain.hpp
[0.878s] -- Up-to-date: /home/jasper/RoboWorks_Comp_Team/brain/install/roboworks_brain_interfaces/include/roboworks_brain_interfaces/roboworks_brain_interfaces
[0.878s] -- Up-to-date: /home/jasper/RoboWorks_Comp_Team/brain/install/roboworks_brain_interfaces/include/roboworks_brain_interfaces/roboworks_brain_interfaces/msg
[0.878s] -- Up-to-date: /home/jasper/RoboWorks_Comp_Team/brain/install/roboworks_brain_interfaces/include/roboworks_brain_interfaces/roboworks_brain_interfaces/msg/rosidl_typesupport_fastrtps_cpp__visibility_control.h
[0.878s] -- Up-to-date: /home/jasper/RoboWorks_Comp_Team/brain/install/roboworks_brain_interfaces/include/roboworks_brain_interfaces/roboworks_brain_interfaces/srv
[0.878s] -- Up-to-date: /home/jasper/RoboWorks_Comp_Team/brain/install/roboworks_brain_interfaces/include/roboworks_brain_interfaces/roboworks_brain_interfaces/srv/detail
[0.878s] -- Up-to-date: /home/jasper/RoboWorks_Comp_Team/brain/install/roboworks_brain_interfaces/include/roboworks_brain_interfaces/roboworks_brain_interfaces/srv/detail/dds_fastrtps
[0.878s] -- Installing: /home/jasper/RoboWorks_Comp_Team/brain/install/roboworks_brain_interfaces/include/roboworks_brain_interfaces/roboworks_brain_interfaces/srv/detail/navigation__rosidl_typesupport_fastrtps_cpp.hpp
[0.878s] -- Installing: /home/jasper/RoboWorks_Comp_Team/brain/install/roboworks_brain_interfaces/include/roboworks_brain_interfaces/roboworks_brain_interfaces/srv/detail/arm_brain__rosidl_typesupport_fastrtps_cpp.hpp
[0.878s] -- Installing: /home/jasper/RoboWorks_Comp_Team/brain/install/roboworks_brain_interfaces/include/roboworks_brain_interfaces/roboworks_brain_interfaces/srv/detail/task_opt__rosidl_typesupport_fastrtps_cpp.hpp
[0.879s] -- Installing: /home/jasper/RoboWorks_Comp_Team/brain/install/roboworks_brain_interfaces/lib/libroboworks_brain_interfaces__rosidl_typesupport_fastrtps_cpp.so
[0.879s] -- Set runtime path of "/home/jasper/RoboWorks_Comp_Team/brain/install/roboworks_brain_interfaces/lib/libroboworks_brain_interfaces__rosidl_typesupport_fastrtps_cpp.so" to ""
[0.879s] -- Up-to-date: /home/jasper/RoboWorks_Comp_Team/brain/install/roboworks_brain_interfaces/include/roboworks_brain_interfaces/roboworks_brain_interfaces
[0.879s] -- Up-to-date: /home/jasper/RoboWorks_Comp_Team/brain/install/roboworks_brain_interfaces/include/roboworks_brain_interfaces/roboworks_brain_interfaces/srv
[0.879s] -- Up-to-date: /home/jasper/RoboWorks_Comp_Team/brain/install/roboworks_brain_interfaces/include/roboworks_brain_interfaces/roboworks_brain_interfaces/srv/detail
[0.880s] -- Installing: /home/jasper/RoboWorks_Comp_Team/brain/install/roboworks_brain_interfaces/include/roboworks_brain_interfaces/roboworks_brain_interfaces/srv/detail/arm_brain__type_support.cpp
[0.880s] -- Installing: /home/jasper/RoboWorks_Comp_Team/brain/install/roboworks_brain_interfaces/include/roboworks_brain_interfaces/roboworks_brain_interfaces/srv/detail/navigation__rosidl_typesupport_introspection_cpp.hpp
[0.880s] -- Installing: /home/jasper/RoboWorks_Comp_Team/brain/install/roboworks_brain_interfaces/include/roboworks_brain_interfaces/roboworks_brain_interfaces/srv/detail/navigation__type_support.cpp
[0.880s] -- Installing: /home/jasper/RoboWorks_Comp_Team/brain/install/roboworks_brain_interfaces/include/roboworks_brain_interfaces/roboworks_brain_interfaces/srv/detail/arm_brain__rosidl_typesupport_introspection_cpp.hpp
[0.880s] -- Installing: /home/jasper/RoboWorks_Comp_Team/brain/install/roboworks_brain_interfaces/include/roboworks_brain_interfaces/roboworks_brain_interfaces/srv/detail/task_opt__type_support.cpp
[0.880s] -- Installing: /home/jasper/RoboWorks_Comp_Team/brain/install/roboworks_brain_interfaces/include/roboworks_brain_interfaces/roboworks_brain_interfaces/srv/detail/task_opt__rosidl_typesupport_introspection_cpp.hpp
[0.881s] -- Installing: /home/jasper/RoboWorks_Comp_Team/brain/install/roboworks_brain_interfaces/lib/libroboworks_brain_interfaces__rosidl_typesupport_introspection_cpp.so
[0.881s] -- Set runtime path of "/home/jasper/RoboWorks_Comp_Team/brain/install/roboworks_brain_interfaces/lib/libroboworks_brain_interfaces__rosidl_typesupport_introspection_cpp.so" to ""
[0.882s] -- Installing: /home/jasper/RoboWorks_Comp_Team/brain/install/roboworks_brain_interfaces/lib/libroboworks_brain_interfaces__rosidl_typesupport_cpp.so
[0.882s] -- Set runtime path of "/home/jasper/RoboWorks_Comp_Team/brain/install/roboworks_brain_interfaces/lib/libroboworks_brain_interfaces__rosidl_typesupport_cpp.so" to ""
[0.882s] -- Up-to-date: /home/jasper/RoboWorks_Comp_Team/brain/install/roboworks_brain_interfaces/share/roboworks_brain_interfaces/environment/pythonpath.sh
[0.882s] -- Installing: /home/jasper/RoboWorks_Comp_Team/brain/install/roboworks_brain_interfaces/share/roboworks_brain_interfaces/environment/pythonpath.dsv
[0.883s] -- Up-to-date: /home/jasper/RoboWorks_Comp_Team/brain/install/roboworks_brain_interfaces/local/lib/python3.10/dist-packages/roboworks_brain_interfaces-0.0.0-py3.10.egg-info
[0.883s] -- Installing: /home/jasper/RoboWorks_Comp_Team/brain/install/roboworks_brain_interfaces/local/lib/python3.10/dist-packages/roboworks_brain_interfaces-0.0.0-py3.10.egg-info/top_level.txt
[0.883s] -- Installing: /home/jasper/RoboWorks_Comp_Team/brain/install/roboworks_brain_interfaces/local/lib/python3.10/dist-packages/roboworks_brain_interfaces-0.0.0-py3.10.egg-info/dependency_links.txt
[0.883s] -- Installing: /home/jasper/RoboWorks_Comp_Team/brain/install/roboworks_brain_interfaces/local/lib/python3.10/dist-packages/roboworks_brain_interfaces-0.0.0-py3.10.egg-info/SOURCES.txt
[0.883s] -- Installing: /home/jasper/RoboWorks_Comp_Team/brain/install/roboworks_brain_interfaces/local/lib/python3.10/dist-packages/roboworks_brain_interfaces-0.0.0-py3.10.egg-info/PKG-INFO
[0.883s] -- Up-to-date: /home/jasper/RoboWorks_Comp_Team/brain/install/roboworks_brain_interfaces/local/lib/python3.10/dist-packages/roboworks_brain_interfaces
[0.883s] -- Installing: /home/jasper/RoboWorks_Comp_Team/brain/install/roboworks_brain_interfaces/local/lib/python3.10/dist-packages/roboworks_brain_interfaces/roboworks_brain_interfaces_s__rosidl_typesupport_introspection_c.cpython-310-x86_64-linux-gnu.so
[0.883s] -- Installing: /home/jasper/RoboWorks_Comp_Team/brain/install/roboworks_brain_interfaces/local/lib/python3.10/dist-packages/roboworks_brain_interfaces/roboworks_brain_interfaces_s__rosidl_typesupport_c.cpython-310-x86_64-linux-gnu.so
[0.884s] -- Installing: /home/jasper/RoboWorks_Comp_Team/brain/install/roboworks_brain_interfaces/local/lib/python3.10/dist-packages/roboworks_brain_interfaces/_roboworks_brain_interfaces_s.ep.rosidl_typesupport_fastrtps_c.c
[0.884s] -- Installing: /home/jasper/RoboWorks_Comp_Team/brain/install/roboworks_brain_interfaces/local/lib/python3.10/dist-packages/roboworks_brain_interfaces/__init__.py
[0.884s] -- Installing: /home/jasper/RoboWorks_Comp_Team/brain/install/roboworks_brain_interfaces/local/lib/python3.10/dist-packages/roboworks_brain_interfaces/libroboworks_brain_interfaces__rosidl_generator_py.so
[0.884s] -- Installing: /home/jasper/RoboWorks_Comp_Team/brain/install/roboworks_brain_interfaces/local/lib/python3.10/dist-packages/roboworks_brain_interfaces/roboworks_brain_interfaces_s__rosidl_typesupport_fastrtps_c.cpython-310-x86_64-linux-gnu.so
[0.884s] -- Installing: /home/jasper/RoboWorks_Comp_Team/brain/install/roboworks_brain_interfaces/local/lib/python3.10/dist-packages/roboworks_brain_interfaces/_roboworks_brain_interfaces_s.ep.rosidl_typesupport_introspection_c.c
[0.884s] -- Up-to-date: /home/jasper/RoboWorks_Comp_Team/brain/install/roboworks_brain_interfaces/local/lib/python3.10/dist-packages/roboworks_brain_interfaces/srv
[0.885s] -- Installing: /home/jasper/RoboWorks_Comp_Team/brain/install/roboworks_brain_interfaces/local/lib/python3.10/dist-packages/roboworks_brain_interfaces/srv/_navigation.py
[0.885s] -- Installing: /home/jasper/RoboWorks_Comp_Team/brain/install/roboworks_brain_interfaces/local/lib/python3.10/dist-packages/roboworks_brain_interfaces/srv/__init__.py
[0.885s] -- Installing: /home/jasper/RoboWorks_Comp_Team/brain/install/roboworks_brain_interfaces/local/lib/python3.10/dist-packages/roboworks_brain_interfaces/srv/_arm_brain.py
[0.885s] -- Installing: /home/jasper/RoboWorks_Comp_Team/brain/install/roboworks_brain_interfaces/local/lib/python3.10/dist-packages/roboworks_brain_interfaces/srv/_arm_brain_s.c
[0.885s] -- Installing: /home/jasper/RoboWorks_Comp_Team/brain/install/roboworks_brain_interfaces/local/lib/python3.10/dist-packages/roboworks_brain_interfaces/srv/_navigation_s.c
[0.885s] -- Installing: /home/jasper/RoboWorks_Comp_Team/brain/install/roboworks_brain_interfaces/local/lib/python3.10/dist-packages/roboworks_brain_interfaces/srv/_task_opt.py
[0.885s] -- Installing: /home/jasper/RoboWorks_Comp_Team/brain/install/roboworks_brain_interfaces/local/lib/python3.10/dist-packages/roboworks_brain_interfaces/srv/_task_opt_s.c
[0.885s] -- Installing: /home/jasper/RoboWorks_Comp_Team/brain/install/roboworks_brain_interfaces/local/lib/python3.10/dist-packages/roboworks_brain_interfaces/_roboworks_brain_interfaces_s.ep.rosidl_typesupport_c.c
[0.930s] Listing '/home/jasper/RoboWorks_Comp_Team/brain/install/roboworks_brain_interfaces/local/lib/python3.10/dist-packages/roboworks_brain_interfaces'...
[0.930s] Compiling '/home/jasper/RoboWorks_Comp_Team/brain/install/roboworks_brain_interfaces/local/lib/python3.10/dist-packages/roboworks_brain_interfaces/__init__.py'...
[0.930s] Listing '/home/jasper/RoboWorks_Comp_Team/brain/install/roboworks_brain_interfaces/local/lib/python3.10/dist-packages/roboworks_brain_interfaces/srv'...
[0.930s] Compiling '/home/jasper/RoboWorks_Comp_Team/brain/install/roboworks_brain_interfaces/local/lib/python3.10/dist-packages/roboworks_brain_interfaces/srv/__init__.py'...
[0.930s] Compiling '/home/jasper/RoboWorks_Comp_Team/brain/install/roboworks_brain_interfaces/local/lib/python3.10/dist-packages/roboworks_brain_interfaces/srv/_arm_brain.py'...
[0.930s] Compiling '/home/jasper/RoboWorks_Comp_Team/brain/install/roboworks_brain_interfaces/local/lib/python3.10/dist-packages/roboworks_brain_interfaces/srv/_navigation.py'...
[0.930s] Compiling '/home/jasper/RoboWorks_Comp_Team/brain/install/roboworks_brain_interfaces/local/lib/python3.10/dist-packages/roboworks_brain_interfaces/srv/_task_opt.py'...
[0.934s] -- Installing: /home/jasper/RoboWorks_Comp_Team/brain/install/roboworks_brain_interfaces/local/lib/python3.10/dist-packages/roboworks_brain_interfaces/roboworks_brain_interfaces_s__rosidl_typesupport_fastrtps_c.cpython-310-x86_64-linux-gnu.so
[0.935s] -- Set runtime path of "/home/jasper/RoboWorks_Comp_Team/brain/install/roboworks_brain_interfaces/local/lib/python3.10/dist-packages/roboworks_brain_interfaces/roboworks_brain_interfaces_s__rosidl_typesupport_fastrtps_c.cpython-310-x86_64-linux-gnu.so" to ""
[0.935s] -- Installing: /home/jasper/RoboWorks_Comp_Team/brain/install/roboworks_brain_interfaces/local/lib/python3.10/dist-packages/roboworks_brain_interfaces/roboworks_brain_interfaces_s__rosidl_typesupport_introspection_c.cpython-310-x86_64-linux-gnu.so
[0.936s] -- Set runtime path of "/home/jasper/RoboWorks_Comp_Team/brain/install/roboworks_brain_interfaces/local/lib/python3.10/dist-packages/roboworks_brain_interfaces/roboworks_brain_interfaces_s__rosidl_typesupport_introspection_c.cpython-310-x86_64-linux-gnu.so" to ""
[0.936s] -- Installing: /home/jasper/RoboWorks_Comp_Team/brain/install/roboworks_brain_interfaces/local/lib/python3.10/dist-packages/roboworks_brain_interfaces/roboworks_brain_interfaces_s__rosidl_typesupport_c.cpython-310-x86_64-linux-gnu.so
[0.936s] -- Set runtime path of "/home/jasper/RoboWorks_Comp_Team/brain/install/roboworks_brain_interfaces/local/lib/python3.10/dist-packages/roboworks_brain_interfaces/roboworks_brain_interfaces_s__rosidl_typesupport_c.cpython-310-x86_64-linux-gnu.so" to ""
[0.937s] -- Installing: /home/jasper/RoboWorks_Comp_Team/brain/install/roboworks_brain_interfaces/lib/libroboworks_brain_interfaces__rosidl_generator_py.so
[0.938s] -- Set runtime path of "/home/jasper/RoboWorks_Comp_Team/brain/install/roboworks_brain_interfaces/lib/libroboworks_brain_interfaces__rosidl_generator_py.so" to ""
[0.938s] -- Up-to-date: /home/jasper/RoboWorks_Comp_Team/brain/install/roboworks_brain_interfaces/share/roboworks_brain_interfaces/srv/ArmBrain.idl
[0.938s] -- Up-to-date: /home/jasper/RoboWorks_Comp_Team/brain/install/roboworks_brain_interfaces/share/roboworks_brain_interfaces/srv/Navigation.idl
[0.938s] -- Installing: /home/jasper/RoboWorks_Comp_Team/brain/install/roboworks_brain_interfaces/share/roboworks_brain_interfaces/srv/TaskOpt.idl
[0.938s] -- Up-to-date: /home/jasper/RoboWorks_Comp_Team/brain/install/roboworks_brain_interfaces/share/roboworks_brain_interfaces/srv/ArmBrain.srv
[0.939s] -- Up-to-date: /home/jasper/RoboWorks_Comp_Team/brain/install/roboworks_brain_interfaces/share/roboworks_brain_interfaces/srv/ArmBrain_Request.msg
[0.939s] -- Up-to-date: /home/jasper/RoboWorks_Comp_Team/brain/install/roboworks_brain_interfaces/share/roboworks_brain_interfaces/srv/ArmBrain_Response.msg
[0.939s] -- Up-to-date: /home/jasper/RoboWorks_Comp_Team/brain/install/roboworks_brain_interfaces/share/roboworks_brain_interfaces/srv/Navigation.srv
[0.939s] -- Up-to-date: /home/jasper/RoboWorks_Comp_Team/brain/install/roboworks_brain_interfaces/share/roboworks_brain_interfaces/srv/Navigation_Request.msg
[0.939s] -- Up-to-date: /home/jasper/RoboWorks_Comp_Team/brain/install/roboworks_brain_interfaces/share/roboworks_brain_interfaces/srv/Navigation_Response.msg
[0.939s] -- Installing: /home/jasper/RoboWorks_Comp_Team/brain/install/roboworks_brain_interfaces/share/roboworks_brain_interfaces/srv/TaskOpt.srv
[0.939s] -- Installing: /home/jasper/RoboWorks_Comp_Team/brain/install/roboworks_brain_interfaces/share/roboworks_brain_interfaces/srv/TaskOpt_Request.msg
[0.940s] -- Installing: /home/jasper/RoboWorks_Comp_Team/brain/install/roboworks_brain_interfaces/share/roboworks_brain_interfaces/srv/TaskOpt_Response.msg
[0.940s] -- Up-to-date: /home/jasper/RoboWorks_Comp_Team/brain/install/roboworks_brain_interfaces/share/ament_index/resource_index/package_run_dependencies/roboworks_brain_interfaces
[0.940s] -- Up-to-date: /home/jasper/RoboWorks_Comp_Team/brain/install/roboworks_brain_interfaces/share/ament_index/resource_index/parent_prefix_path/roboworks_brain_interfaces
[0.940s] -- Installing: /home/jasper/RoboWorks_Comp_Team/brain/install/roboworks_brain_interfaces/share/roboworks_brain_interfaces/environment/ament_prefix_path.sh
[0.940s] -- Installing: /home/jasper/RoboWorks_Comp_Team/brain/install/roboworks_brain_interfaces/share/roboworks_brain_interfaces/environment/ament_prefix_path.dsv
[0.940s] -- Installing: /home/jasper/RoboWorks_Comp_Team/brain/install/roboworks_brain_interfaces/share/roboworks_brain_interfaces/environment/path.sh
[0.941s] -- Installing: /home/jasper/RoboWorks_Comp_Team/brain/install/roboworks_brain_interfaces/share/roboworks_brain_interfaces/environment/path.dsv
[0.941s] -- Up-to-date: /home/jasper/RoboWorks_Comp_Team/brain/install/roboworks_brain_interfaces/share/roboworks_brain_interfaces/local_setup.bash
[0.941s] -- Up-to-date: /home/jasper/RoboWorks_Comp_Team/brain/install/roboworks_brain_interfaces/share/roboworks_brain_interfaces/local_setup.sh
[0.941s] -- Up-to-date: /home/jasper/RoboWorks_Comp_Team/brain/install/roboworks_brain_interfaces/share/roboworks_brain_interfaces/local_setup.zsh
[0.941s] -- Installing: /home/jasper/RoboWorks_Comp_Team/brain/install/roboworks_brain_interfaces/share/roboworks_brain_interfaces/local_setup.dsv
[0.941s] -- Installing: /home/jasper/RoboWorks_Comp_Team/brain/install/roboworks_brain_interfaces/share/roboworks_brain_interfaces/package.dsv
[0.941s] -- Up-to-date: /home/jasper/RoboWorks_Comp_Team/brain/install/roboworks_brain_interfaces/share/ament_index/resource_index/packages/roboworks_brain_interfaces
[0.942s] -- Old export file "/home/jasper/RoboWorks_Comp_Team/brain/install/roboworks_brain_interfaces/share/roboworks_brain_interfaces/cmake/export_roboworks_brain_interfaces__rosidl_generator_cExport.cmake" will be replaced.  Removing files [/home/jasper/RoboWorks_Comp_Team/brain/install/roboworks_brain_interfaces/share/roboworks_brain_interfaces/cmake/export_roboworks_brain_interfaces__rosidl_generator_cExport-noconfig.cmake].
[0.942s] -- Installing: /home/jasper/RoboWorks_Comp_Team/brain/install/roboworks_brain_interfaces/share/roboworks_brain_interfaces/cmake/export_roboworks_brain_interfaces__rosidl_generator_cExport.cmake
[0.942s] -- Installing: /home/jasper/RoboWorks_Comp_Team/brain/install/roboworks_brain_interfaces/share/roboworks_brain_interfaces/cmake/export_roboworks_brain_interfaces__rosidl_generator_cExport-noconfig.cmake
[0.942s] -- Old export file "/home/jasper/RoboWorks_Comp_Team/brain/install/roboworks_brain_interfaces/share/roboworks_brain_interfaces/cmake/export_roboworks_brain_interfaces__rosidl_typesupport_fastrtps_cExport.cmake" will be replaced.  Removing files [/home/jasper/RoboWorks_Comp_Team/brain/install/roboworks_brain_interfaces/share/roboworks_brain_interfaces/cmake/export_roboworks_brain_interfaces__rosidl_typesupport_fastrtps_cExport-noconfig.cmake].
[0.942s] -- Installing: /home/jasper/RoboWorks_Comp_Team/brain/install/roboworks_brain_interfaces/share/roboworks_brain_interfaces/cmake/export_roboworks_brain_interfaces__rosidl_typesupport_fastrtps_cExport.cmake
[0.942s] -- Installing: /home/jasper/RoboWorks_Comp_Team/brain/install/roboworks_brain_interfaces/share/roboworks_brain_interfaces/cmake/export_roboworks_brain_interfaces__rosidl_typesupport_fastrtps_cExport-noconfig.cmake
[0.942s] -- Old export file "/home/jasper/RoboWorks_Comp_Team/brain/install/roboworks_brain_interfaces/share/roboworks_brain_interfaces/cmake/roboworks_brain_interfaces__rosidl_typesupport_introspection_cExport.cmake" will be replaced.  Removing files [/home/jasper/RoboWorks_Comp_Team/brain/install/roboworks_brain_interfaces/share/roboworks_brain_interfaces/cmake/roboworks_brain_interfaces__rosidl_typesupport_introspection_cExport-noconfig.cmake].
[0.942s] -- Installing: /home/jasper/RoboWorks_Comp_Team/brain/install/roboworks_brain_interfaces/share/roboworks_brain_interfaces/cmake/roboworks_brain_interfaces__rosidl_typesupport_introspection_cExport.cmake
[0.943s] -- Installing: /home/jasper/RoboWorks_Comp_Team/brain/install/roboworks_brain_interfaces/share/roboworks_brain_interfaces/cmake/roboworks_brain_interfaces__rosidl_typesupport_introspection_cExport-noconfig.cmake
[0.943s] -- Old export file "/home/jasper/RoboWorks_Comp_Team/brain/install/roboworks_brain_interfaces/share/roboworks_brain_interfaces/cmake/roboworks_brain_interfaces__rosidl_typesupport_cExport.cmake" will be replaced.  Removing files [/home/jasper/RoboWorks_Comp_Team/brain/install/roboworks_brain_interfaces/share/roboworks_brain_interfaces/cmake/roboworks_brain_interfaces__rosidl_typesupport_cExport-noconfig.cmake].
[0.943s] -- Installing: /home/jasper/RoboWorks_Comp_Team/brain/install/roboworks_brain_interfaces/share/roboworks_brain_interfaces/cmake/roboworks_brain_interfaces__rosidl_typesupport_cExport.cmake
[0.943s] -- Installing: /home/jasper/RoboWorks_Comp_Team/brain/install/roboworks_brain_interfaces/share/roboworks_brain_interfaces/cmake/roboworks_brain_interfaces__rosidl_typesupport_cExport-noconfig.cmake
[0.943s] -- Installing: /home/jasper/RoboWorks_Comp_Team/brain/install/roboworks_brain_interfaces/share/roboworks_brain_interfaces/cmake/export_roboworks_brain_interfaces__rosidl_generator_cppExport.cmake
[0.943s] -- Old export file "/home/jasper/RoboWorks_Comp_Team/brain/install/roboworks_brain_interfaces/share/roboworks_brain_interfaces/cmake/export_roboworks_brain_interfaces__rosidl_typesupport_fastrtps_cppExport.cmake" will be replaced.  Removing files [/home/jasper/RoboWorks_Comp_Team/brain/install/roboworks_brain_interfaces/share/roboworks_brain_interfaces/cmake/export_roboworks_brain_interfaces__rosidl_typesupport_fastrtps_cppExport-noconfig.cmake].
[0.943s] -- Installing: /home/jasper/RoboWorks_Comp_Team/brain/install/roboworks_brain_interfaces/share/roboworks_brain_interfaces/cmake/export_roboworks_brain_interfaces__rosidl_typesupport_fastrtps_cppExport.cmake
[0.943s] -- Installing: /home/jasper/RoboWorks_Comp_Team/brain/install/roboworks_brain_interfaces/share/roboworks_brain_interfaces/cmake/export_roboworks_brain_interfaces__rosidl_typesupport_fastrtps_cppExport-noconfig.cmake
[0.944s] -- Old export file "/home/jasper/RoboWorks_Comp_Team/brain/install/roboworks_brain_interfaces/share/roboworks_brain_interfaces/cmake/roboworks_brain_interfaces__rosidl_typesupport_introspection_cppExport.cmake" will be replaced.  Removing files [/home/jasper/RoboWorks_Comp_Team/brain/install/roboworks_brain_interfaces/share/roboworks_brain_interfaces/cmake/roboworks_brain_interfaces__rosidl_typesupport_introspection_cppExport-noconfig.cmake].
[0.944s] -- Installing: /home/jasper/RoboWorks_Comp_Team/brain/install/roboworks_brain_interfaces/share/roboworks_brain_interfaces/cmake/roboworks_brain_interfaces__rosidl_typesupport_introspection_cppExport.cmake
[0.944s] -- Installing: /home/jasper/RoboWorks_Comp_Team/brain/install/roboworks_brain_interfaces/share/roboworks_brain_interfaces/cmake/roboworks_brain_interfaces__rosidl_typesupport_introspection_cppExport-noconfig.cmake
[0.944s] -- Old export file "/home/jasper/RoboWorks_Comp_Team/brain/install/roboworks_brain_interfaces/share/roboworks_brain_interfaces/cmake/roboworks_brain_interfaces__rosidl_typesupport_cppExport.cmake" will be replaced.  Removing files [/home/jasper/RoboWorks_Comp_Team/brain/install/roboworks_brain_interfaces/share/roboworks_brain_interfaces/cmake/roboworks_brain_interfaces__rosidl_typesupport_cppExport-noconfig.cmake].
[0.944s] -- Installing: /home/jasper/RoboWorks_Comp_Team/brain/install/roboworks_brain_interfaces/share/roboworks_brain_interfaces/cmake/roboworks_brain_interfaces__rosidl_typesupport_cppExport.cmake
[0.944s] -- Installing: /home/jasper/RoboWorks_Comp_Team/brain/install/roboworks_brain_interfaces/share/roboworks_brain_interfaces/cmake/roboworks_brain_interfaces__rosidl_typesupport_cppExport-noconfig.cmake
[0.945s] -- Old export file "/home/jasper/RoboWorks_Comp_Team/brain/install/roboworks_brain_interfaces/share/roboworks_brain_interfaces/cmake/export_roboworks_brain_interfaces__rosidl_generator_pyExport.cmake" will be replaced.  Removing files [/home/jasper/RoboWorks_Comp_Team/brain/install/roboworks_brain_interfaces/share/roboworks_brain_interfaces/cmake/export_roboworks_brain_interfaces__rosidl_generator_pyExport-noconfig.cmake].
[0.945s] -- Installing: /home/jasper/RoboWorks_Comp_Team/brain/install/roboworks_brain_interfaces/share/roboworks_brain_interfaces/cmake/export_roboworks_brain_interfaces__rosidl_generator_pyExport.cmake
[0.945s] -- Installing: /home/jasper/RoboWorks_Comp_Team/brain/install/roboworks_brain_interfaces/share/roboworks_brain_interfaces/cmake/export_roboworks_brain_interfaces__rosidl_generator_pyExport-noconfig.cmake
[0.945s] -- Installing: /home/jasper/RoboWorks_Comp_Team/brain/install/roboworks_brain_interfaces/share/roboworks_brain_interfaces/cmake/rosidl_cmake-extras.cmake
[0.945s] -- Installing: /home/jasper/RoboWorks_Comp_Team/brain/install/roboworks_brain_interfaces/share/roboworks_brain_interfaces/cmake/ament_cmake_export_dependencies-extras.cmake
[0.945s] -- Up-to-date: /home/jasper/RoboWorks_Comp_Team/brain/install/roboworks_brain_interfaces/share/roboworks_brain_interfaces/cmake/ament_cmake_export_include_directories-extras.cmake
[0.945s] -- Up-to-date: /home/jasper/RoboWorks_Comp_Team/brain/install/roboworks_brain_interfaces/share/roboworks_brain_interfaces/cmake/ament_cmake_export_libraries-extras.cmake
[0.945s] -- Up-to-date: /home/jasper/RoboWorks_Comp_Team/brain/install/roboworks_brain_interfaces/share/roboworks_brain_interfaces/cmake/ament_cmake_export_targets-extras.cmake
[0.946s] -- Up-to-date: /home/jasper/RoboWorks_Comp_Team/brain/install/roboworks_brain_interfaces/share/roboworks_brain_interfaces/cmake/rosidl_cmake_export_typesupport_targets-extras.cmake
[0.946s] -- Up-to-date: /home/jasper/RoboWorks_Comp_Team/brain/install/roboworks_brain_interfaces/share/roboworks_brain_interfaces/cmake/rosidl_cmake_export_typesupport_libraries-extras.cmake
[0.946s] -- Up-to-date: /home/jasper/RoboWorks_Comp_Team/brain/install/roboworks_brain_interfaces/share/roboworks_brain_interfaces/cmake/roboworks_brain_interfacesConfig.cmake
[0.946s] -- Up-to-date: /home/jasper/RoboWorks_Comp_Team/brain/install/roboworks_brain_interfaces/share/roboworks_brain_interfaces/cmake/roboworks_brain_interfacesConfig-version.cmake
[0.946s] -- Installing: /home/jasper/RoboWorks_Comp_Team/brain/install/roboworks_brain_interfaces/share/roboworks_brain_interfaces/package.xml
[0.948s] Invoked command in '/home/jasper/RoboWorks_Comp_Team/brain/build/roboworks_brain_interfaces' returned '0': CMAKE_PREFIX_PATH=${CMAKE_PREFIX_PATH}:/home/jasper/ws_moveit2/install/moveit_configs_utils:/home/jasper/ws_moveit2/install/launch_param_builder:/opt/ros/humble /usr/bin/cmake --install /home/jasper/RoboWorks_Comp_Team/brain/build/roboworks_brain_interfaces
