[1.940s] DEBUG:colcon:Command line arguments: ['/usr/bin/colcon', 'build']
[1.940s] DEBUG:colcon:Parsed command line arguments: Namespace(log_base=None, log_level=None, verb_name='build', build_base='build', install_base='install', merge_install=False, symlink_install=False, test_result_base=None, continue_on_error=False, executor='parallel', parallel_workers=8, event_handlers=None, ignore_user_meta=False, metas=['./colcon.meta'], base_paths=['.'], packages_ignore=None, packages_ignore_regex=None, paths=None, packages_up_to=None, packages_up_to_regex=None, packages_above=None, packages_above_and_dependencies=None, packages_above_depth=None, packages_select_by_dep=None, packages_skip_by_dep=None, packages_skip_up_to=None, packages_select_build_failed=False, packages_skip_build_finished=False, packages_select_test_failures=False, packages_skip_test_passed=False, packages_select=None, packages_skip=None, packages_select_regex=None, packages_skip_regex=None, packages_start=None, packages_end=None, allow_overriding=[], cmake_args=None, cmake_target=None, cmake_target_skip_unavailable=False, cmake_clean_cache=False, cmake_clean_first=False, cmake_force_configure=False, ament_cmake_args=None, catkin_cmake_args=None, catkin_skip_building_tests=False, mixin_files=None, mixin=None, verb_parser=<colcon_mixin.mixin.mixin_argument.MixinArgumentDecorator object at 0x7f32e759e140>, verb_extension=<colcon_core.verb.build.BuildVerb object at 0x7f32e759f190>, main=<bound method BuildVerb.main of <colcon_core.verb.build.BuildVerb object at 0x7f32e759f190>>, mixin_verb=('build',))
[2.014s] Level 1:colcon.colcon_core.package_discovery:discover_packages(colcon_meta) check parameters
[2.014s] Level 1:colcon.colcon_core.package_discovery:discover_packages(recursive) check parameters
[2.014s] Level 1:colcon.colcon_core.package_discovery:discover_packages(ignore) check parameters
[2.014s] Level 1:colcon.colcon_core.package_discovery:discover_packages(path) check parameters
[2.014s] Level 1:colcon.colcon_core.package_discovery:discover_packages(colcon_meta) discover
[2.014s] Level 1:colcon.colcon_core.package_discovery:discover_packages(recursive) discover
[2.014s] INFO:colcon.colcon_core.package_discovery:Crawling recursively for packages in '/home/jasper/RoboWorks_Comp_Team/brain'
[2.014s] Level 1:colcon.colcon_core.package_identification:_identify(.) by extensions ['ignore', 'ignore_ament_install']
[2.014s] Level 1:colcon.colcon_core.package_identification:_identify(.) by extension 'ignore'
[2.014s] Level 1:colcon.colcon_core.package_identification:_identify(.) by extension 'ignore_ament_install'
[2.014s] Level 1:colcon.colcon_core.package_identification:_identify(.) by extensions ['colcon_pkg']
[2.014s] Level 1:colcon.colcon_core.package_identification:_identify(.) by extension 'colcon_pkg'
[2.014s] Level 1:colcon.colcon_core.package_identification:_identify(.) by extensions ['colcon_meta']
[2.014s] Level 1:colcon.colcon_core.package_identification:_identify(.) by extension 'colcon_meta'
[2.014s] Level 1:colcon.colcon_core.package_identification:_identify(.) by extensions ['ros']
[2.014s] Level 1:colcon.colcon_core.package_identification:_identify(.) by extension 'ros'
[2.028s] Level 1:colcon.colcon_core.package_identification:_identify(.) by extensions ['cmake', 'python']
[2.028s] Level 1:colcon.colcon_core.package_identification:_identify(.) by extension 'cmake'
[2.028s] Level 1:colcon.colcon_core.package_identification:_identify(.) by extension 'python'
[2.028s] Level 1:colcon.colcon_core.package_identification:_identify(.) by extensions ['python_setup_py']
[2.028s] Level 1:colcon.colcon_core.package_identification:_identify(.) by extension 'python_setup_py'
[2.028s] Level 1:colcon.colcon_core.package_identification:_identify(build) by extensions ['ignore', 'ignore_ament_install']
[2.028s] Level 1:colcon.colcon_core.package_identification:_identify(build) by extension 'ignore'
[2.028s] Level 1:colcon.colcon_core.package_identification:_identify(build) ignored
[2.028s] Level 1:colcon.colcon_core.package_identification:_identify(install) by extensions ['ignore', 'ignore_ament_install']
[2.028s] Level 1:colcon.colcon_core.package_identification:_identify(install) by extension 'ignore'
[2.029s] Level 1:colcon.colcon_core.package_identification:_identify(install) ignored
[2.029s] Level 1:colcon.colcon_core.package_identification:_identify(log) by extensions ['ignore', 'ignore_ament_install']
[2.029s] Level 1:colcon.colcon_core.package_identification:_identify(log) by extension 'ignore'
[2.029s] Level 1:colcon.colcon_core.package_identification:_identify(log) ignored
[2.029s] Level 1:colcon.colcon_core.package_identification:_identify(src) by extensions ['ignore', 'ignore_ament_install']
[2.029s] Level 1:colcon.colcon_core.package_identification:_identify(src) by extension 'ignore'
[2.029s] Level 1:colcon.colcon_core.package_identification:_identify(src) by extension 'ignore_ament_install'
[2.029s] Level 1:colcon.colcon_core.package_identification:_identify(src) by extensions ['colcon_pkg']
[2.029s] Level 1:colcon.colcon_core.package_identification:_identify(src) by extension 'colcon_pkg'
[2.029s] Level 1:colcon.colcon_core.package_identification:_identify(src) by extensions ['colcon_meta']
[2.029s] Level 1:colcon.colcon_core.package_identification:_identify(src) by extension 'colcon_meta'
[2.029s] Level 1:colcon.colcon_core.package_identification:_identify(src) by extensions ['ros']
[2.029s] Level 1:colcon.colcon_core.package_identification:_identify(src) by extension 'ros'
[2.029s] Level 1:colcon.colcon_core.package_identification:_identify(src) by extensions ['cmake', 'python']
[2.029s] Level 1:colcon.colcon_core.package_identification:_identify(src) by extension 'cmake'
[2.029s] Level 1:colcon.colcon_core.package_identification:_identify(src) by extension 'python'
[2.030s] Level 1:colcon.colcon_core.package_identification:_identify(src) by extensions ['python_setup_py']
[2.030s] Level 1:colcon.colcon_core.package_identification:_identify(src) by extension 'python_setup_py'
[2.030s] Level 1:colcon.colcon_core.package_identification:_identify(src/roboworks_brain) by extensions ['ignore', 'ignore_ament_install']
[2.030s] Level 1:colcon.colcon_core.package_identification:_identify(src/roboworks_brain) by extension 'ignore'
[2.030s] Level 1:colcon.colcon_core.package_identification:_identify(src/roboworks_brain) by extension 'ignore_ament_install'
[2.030s] Level 1:colcon.colcon_core.package_identification:_identify(src/roboworks_brain) by extensions ['colcon_pkg']
[2.030s] Level 1:colcon.colcon_core.package_identification:_identify(src/roboworks_brain) by extension 'colcon_pkg'
[2.030s] Level 1:colcon.colcon_core.package_identification:_identify(src/roboworks_brain) by extensions ['colcon_meta']
[2.030s] Level 1:colcon.colcon_core.package_identification:_identify(src/roboworks_brain) by extension 'colcon_meta'
[2.030s] Level 1:colcon.colcon_core.package_identification:_identify(src/roboworks_brain) by extensions ['ros']
[2.030s] Level 1:colcon.colcon_core.package_identification:_identify(src/roboworks_brain) by extension 'ros'
[2.033s] DEBUG:colcon.colcon_core.package_identification:Package 'src/roboworks_brain' with type 'ros.ament_cmake' and name 'roboworks_brain'
[2.033s] Level 1:colcon.colcon_core.package_identification:_identify(src/roboworks_brain_interfaces) by extensions ['ignore', 'ignore_ament_install']
[2.033s] Level 1:colcon.colcon_core.package_identification:_identify(src/roboworks_brain_interfaces) by extension 'ignore'
[2.033s] Level 1:colcon.colcon_core.package_identification:_identify(src/roboworks_brain_interfaces) by extension 'ignore_ament_install'
[2.033s] Level 1:colcon.colcon_core.package_identification:_identify(src/roboworks_brain_interfaces) by extensions ['colcon_pkg']
[2.033s] Level 1:colcon.colcon_core.package_identification:_identify(src/roboworks_brain_interfaces) by extension 'colcon_pkg'
[2.034s] Level 1:colcon.colcon_core.package_identification:_identify(src/roboworks_brain_interfaces) by extensions ['colcon_meta']
[2.034s] Level 1:colcon.colcon_core.package_identification:_identify(src/roboworks_brain_interfaces) by extension 'colcon_meta'
[2.034s] Level 1:colcon.colcon_core.package_identification:_identify(src/roboworks_brain_interfaces) by extensions ['ros']
[2.034s] Level 1:colcon.colcon_core.package_identification:_identify(src/roboworks_brain_interfaces) by extension 'ros'
[2.035s] DEBUG:colcon.colcon_core.package_identification:Package 'src/roboworks_brain_interfaces' with type 'ros.ament_cmake' and name 'roboworks_brain_interfaces'
[2.035s] Level 1:colcon.colcon_core.package_discovery:discover_packages(recursive) using defaults
[2.035s] Level 1:colcon.colcon_core.package_discovery:discover_packages(ignore) discover
[2.035s] Level 1:colcon.colcon_core.package_discovery:discover_packages(ignore) using defaults
[2.035s] Level 1:colcon.colcon_core.package_discovery:discover_packages(path) discover
[2.035s] Level 1:colcon.colcon_core.package_discovery:discover_packages(path) using defaults
[2.169s] Level 1:colcon.colcon_core.package_discovery:discover_packages(prefix_path) check parameters
[2.169s] Level 1:colcon.colcon_core.package_discovery:discover_packages(prefix_path) discover
[2.220s] DEBUG:colcon.colcon_installed_package_information.package_discovery:Found 2 installed packages in /home/jasper/RoboWorks_Comp_Team/brain/install
[2.242s] DEBUG:colcon.colcon_installed_package_information.package_discovery:Found 3 installed packages in /home/jasper/RoboWorks_Comp_Team/taskOptimzer/install
[2.265s] DEBUG:colcon.colcon_installed_package_information.package_discovery:Found 55 installed packages in /home/jasper/ws_moveit2/install
[2.289s] DEBUG:colcon.colcon_installed_package_information.package_discovery:Found 436 installed packages in /opt/ros/humble
[2.292s] Level 1:colcon.colcon_core.package_discovery:discover_packages(prefix_path) using defaults
[2.446s] Level 5:colcon.colcon_core.verb:set package 'roboworks_brain' build argument 'cmake_args' from command line to 'None'
[2.446s] Level 5:colcon.colcon_core.verb:set package 'roboworks_brain' build argument 'cmake_target' from command line to 'None'
[2.446s] Level 5:colcon.colcon_core.verb:set package 'roboworks_brain' build argument 'cmake_target_skip_unavailable' from command line to 'False'
[2.446s] Level 5:colcon.colcon_core.verb:set package 'roboworks_brain' build argument 'cmake_clean_cache' from command line to 'False'
[2.446s] Level 5:colcon.colcon_core.verb:set package 'roboworks_brain' build argument 'cmake_clean_first' from command line to 'False'
[2.446s] Level 5:colcon.colcon_core.verb:set package 'roboworks_brain' build argument 'cmake_force_configure' from command line to 'False'
[2.446s] Level 5:colcon.colcon_core.verb:set package 'roboworks_brain' build argument 'ament_cmake_args' from command line to 'None'
[2.446s] Level 5:colcon.colcon_core.verb:set package 'roboworks_brain' build argument 'catkin_cmake_args' from command line to 'None'
[2.446s] Level 5:colcon.colcon_core.verb:set package 'roboworks_brain' build argument 'catkin_skip_building_tests' from command line to 'False'
[2.446s] DEBUG:colcon.colcon_core.verb:Building package 'roboworks_brain' with the following arguments: {'ament_cmake_args': None, 'build_base': '/home/jasper/RoboWorks_Comp_Team/brain/build/roboworks_brain', 'catkin_cmake_args': None, 'catkin_skip_building_tests': False, 'cmake_args': None, 'cmake_clean_cache': False, 'cmake_clean_first': False, 'cmake_force_configure': False, 'cmake_target': None, 'cmake_target_skip_unavailable': False, 'install_base': '/home/jasper/RoboWorks_Comp_Team/brain/install/roboworks_brain', 'merge_install': False, 'path': '/home/jasper/RoboWorks_Comp_Team/brain/src/roboworks_brain', 'symlink_install': False, 'test_result_base': None}
[2.468s] Level 5:colcon.colcon_core.verb:set package 'roboworks_brain_interfaces' build argument 'cmake_args' from command line to 'None'
[2.468s] Level 5:colcon.colcon_core.verb:set package 'roboworks_brain_interfaces' build argument 'cmake_target' from command line to 'None'
[2.468s] Level 5:colcon.colcon_core.verb:set package 'roboworks_brain_interfaces' build argument 'cmake_target_skip_unavailable' from command line to 'False'
[2.468s] Level 5:colcon.colcon_core.verb:set package 'roboworks_brain_interfaces' build argument 'cmake_clean_cache' from command line to 'False'
[2.468s] Level 5:colcon.colcon_core.verb:set package 'roboworks_brain_interfaces' build argument 'cmake_clean_first' from command line to 'False'
[2.468s] Level 5:colcon.colcon_core.verb:set package 'roboworks_brain_interfaces' build argument 'cmake_force_configure' from command line to 'False'
[2.468s] Level 5:colcon.colcon_core.verb:set package 'roboworks_brain_interfaces' build argument 'ament_cmake_args' from command line to 'None'
[2.468s] Level 5:colcon.colcon_core.verb:set package 'roboworks_brain_interfaces' build argument 'catkin_cmake_args' from command line to 'None'
[2.468s] Level 5:colcon.colcon_core.verb:set package 'roboworks_brain_interfaces' build argument 'catkin_skip_building_tests' from command line to 'False'
[2.468s] DEBUG:colcon.colcon_core.verb:Building package 'roboworks_brain_interfaces' with the following arguments: {'ament_cmake_args': None, 'build_base': '/home/jasper/RoboWorks_Comp_Team/brain/build/roboworks_brain_interfaces', 'catkin_cmake_args': None, 'catkin_skip_building_tests': False, 'cmake_args': None, 'cmake_clean_cache': False, 'cmake_clean_first': False, 'cmake_force_configure': False, 'cmake_target': None, 'cmake_target_skip_unavailable': False, 'install_base': '/home/jasper/RoboWorks_Comp_Team/brain/install/roboworks_brain_interfaces', 'merge_install': False, 'path': '/home/jasper/RoboWorks_Comp_Team/brain/src/roboworks_brain_interfaces', 'symlink_install': False, 'test_result_base': None}
[2.490s] INFO:colcon.colcon_core.executor:Executing jobs using 'parallel' executor
[2.513s] DEBUG:colcon.colcon_parallel_executor.executor.parallel:run_until_complete
[2.513s] INFO:colcon.colcon_ros.task.ament_cmake.build:Building ROS package in '/home/jasper/RoboWorks_Comp_Team/brain/src/roboworks_brain' with build type 'ament_cmake'
[2.513s] INFO:colcon.colcon_cmake.task.cmake.build:Building CMake package in '/home/jasper/RoboWorks_Comp_Team/brain/src/roboworks_brain'
[2.537s] INFO:colcon.colcon_core.plugin_system:Skipping extension 'colcon_core.shell.bat': Not used on non-Windows systems
[2.538s] INFO:colcon.colcon_core.shell:Skip shell extension 'powershell' for command environment: Not usable outside of PowerShell
[2.538s] DEBUG:colcon.colcon_core.shell:Skip shell extension 'dsv' for command environment
[2.657s] INFO:colcon.colcon_ros.task.ament_cmake.build:Building ROS package in '/home/jasper/RoboWorks_Comp_Team/brain/src/roboworks_brain_interfaces' with build type 'ament_cmake'
[2.657s] INFO:colcon.colcon_cmake.task.cmake.build:Building CMake package in '/home/jasper/RoboWorks_Comp_Team/brain/src/roboworks_brain_interfaces'
[2.679s] INFO:colcon.colcon_core.shell:Skip shell extension 'powershell' for command environment: Not usable outside of PowerShell
[2.679s] DEBUG:colcon.colcon_core.shell:Skip shell extension 'dsv' for command environment
[2.803s] DEBUG:colcon.colcon_core.event_handler.log_command:Invoking command in '/home/jasper/RoboWorks_Comp_Team/brain/build/roboworks_brain': CMAKE_PREFIX_PATH=${CMAKE_PREFIX_PATH}:/home/jasper/RoboWorks_Comp_Team/brain/install/roboworks_brain_interfaces:/home/jasper/ws_moveit2/install/moveit_configs_utils:/home/jasper/ws_moveit2/install/launch_param_builder:/opt/ros/humble /usr/bin/cmake --build /home/jasper/RoboWorks_Comp_Team/brain/build/roboworks_brain -- -j8 -l8
[2.809s] DEBUG:colcon.colcon_core.event_handler.log_command:Invoking command in '/home/jasper/RoboWorks_Comp_Team/brain/build/roboworks_brain_interfaces': CMAKE_PREFIX_PATH=${CMAKE_PREFIX_PATH}:/home/jasper/RoboWorks_Comp_Team/brain/install/roboworks_brain_interfaces:/home/jasper/ws_moveit2/install/moveit_configs_utils:/home/jasper/ws_moveit2/install/launch_param_builder:/opt/ros/humble /usr/bin/cmake --build /home/jasper/RoboWorks_Comp_Team/brain/build/roboworks_brain_interfaces -- -j8 -l8
[3.462s] DEBUG:colcon.colcon_core.event_handler.log_command:Invoked command in '/home/jasper/RoboWorks_Comp_Team/brain/build/roboworks_brain_interfaces' returned '0': CMAKE_PREFIX_PATH=${CMAKE_PREFIX_PATH}:/home/jasper/RoboWorks_Comp_Team/brain/install/roboworks_brain_interfaces:/home/jasper/ws_moveit2/install/moveit_configs_utils:/home/jasper/ws_moveit2/install/launch_param_builder:/opt/ros/humble /usr/bin/cmake --build /home/jasper/RoboWorks_Comp_Team/brain/build/roboworks_brain_interfaces -- -j8 -l8
[3.721s] DEBUG:colcon.colcon_core.event_handler.log_command:Invoking command in '/home/jasper/RoboWorks_Comp_Team/brain/build/roboworks_brain_interfaces': CMAKE_PREFIX_PATH=${CMAKE_PREFIX_PATH}:/home/jasper/RoboWorks_Comp_Team/brain/install/roboworks_brain_interfaces:/home/jasper/ws_moveit2/install/moveit_configs_utils:/home/jasper/ws_moveit2/install/launch_param_builder:/opt/ros/humble /usr/bin/cmake --install /home/jasper/RoboWorks_Comp_Team/brain/build/roboworks_brain_interfaces
[3.816s] Level 1:colcon.colcon_core.environment:create_environment_scripts_only(roboworks_brain_interfaces)
[3.821s] DEBUG:colcon.colcon_core.event_handler.log_command:Invoked command in '/home/jasper/RoboWorks_Comp_Team/brain/build/roboworks_brain_interfaces' returned '0': CMAKE_PREFIX_PATH=${CMAKE_PREFIX_PATH}:/home/jasper/RoboWorks_Comp_Team/brain/install/roboworks_brain_interfaces:/home/jasper/ws_moveit2/install/moveit_configs_utils:/home/jasper/ws_moveit2/install/launch_param_builder:/opt/ros/humble /usr/bin/cmake --install /home/jasper/RoboWorks_Comp_Team/brain/build/roboworks_brain_interfaces
[3.846s] Level 1:colcon.colcon_core.environment:checking '/home/jasper/RoboWorks_Comp_Team/brain/install/roboworks_brain_interfaces' for CMake module files
[3.846s] Level 1:colcon.colcon_core.environment:checking '/home/jasper/RoboWorks_Comp_Team/brain/install/roboworks_brain_interfaces' for CMake config files
[3.847s] Level 1:colcon.colcon_core.shell:create_environment_hook('roboworks_brain_interfaces', 'cmake_prefix_path')
[3.872s] INFO:colcon.colcon_core.shell:Creating environment hook '/home/jasper/RoboWorks_Comp_Team/brain/install/roboworks_brain_interfaces/share/roboworks_brain_interfaces/hook/cmake_prefix_path.ps1'
[3.873s] INFO:colcon.colcon_core.shell:Creating environment descriptor '/home/jasper/RoboWorks_Comp_Team/brain/install/roboworks_brain_interfaces/share/roboworks_brain_interfaces/hook/cmake_prefix_path.dsv'
[3.873s] INFO:colcon.colcon_core.shell:Creating environment hook '/home/jasper/RoboWorks_Comp_Team/brain/install/roboworks_brain_interfaces/share/roboworks_brain_interfaces/hook/cmake_prefix_path.sh'
[3.874s] Level 1:colcon.colcon_core.environment:checking '/home/jasper/RoboWorks_Comp_Team/brain/install/roboworks_brain_interfaces/lib'
[3.874s] Level 1:colcon.colcon_core.shell:create_environment_hook('roboworks_brain_interfaces', 'ld_library_path_lib')
[3.898s] INFO:colcon.colcon_core.shell:Creating environment hook '/home/jasper/RoboWorks_Comp_Team/brain/install/roboworks_brain_interfaces/share/roboworks_brain_interfaces/hook/ld_library_path_lib.ps1'
[3.899s] INFO:colcon.colcon_core.shell:Creating environment descriptor '/home/jasper/RoboWorks_Comp_Team/brain/install/roboworks_brain_interfaces/share/roboworks_brain_interfaces/hook/ld_library_path_lib.dsv'
[3.899s] INFO:colcon.colcon_core.shell:Creating environment hook '/home/jasper/RoboWorks_Comp_Team/brain/install/roboworks_brain_interfaces/share/roboworks_brain_interfaces/hook/ld_library_path_lib.sh'
[3.900s] Level 1:colcon.colcon_core.environment:checking '/home/jasper/RoboWorks_Comp_Team/brain/install/roboworks_brain_interfaces/bin'
[3.900s] Level 1:colcon.colcon_core.environment:checking '/home/jasper/RoboWorks_Comp_Team/brain/install/roboworks_brain_interfaces/lib/pkgconfig/roboworks_brain_interfaces.pc'
[3.900s] Level 1:colcon.colcon_core.environment:checking '/home/jasper/RoboWorks_Comp_Team/brain/install/roboworks_brain_interfaces/lib/python3.10/site-packages'
[3.900s] Level 1:colcon.colcon_core.environment:checking '/home/jasper/RoboWorks_Comp_Team/brain/install/roboworks_brain_interfaces/bin'
[3.927s] INFO:colcon.colcon_core.shell:Creating package script '/home/jasper/RoboWorks_Comp_Team/brain/install/roboworks_brain_interfaces/share/roboworks_brain_interfaces/package.ps1'
[3.928s] INFO:colcon.colcon_core.shell:Creating package descriptor '/home/jasper/RoboWorks_Comp_Team/brain/install/roboworks_brain_interfaces/share/roboworks_brain_interfaces/package.dsv'
[3.928s] INFO:colcon.colcon_core.shell:Creating package script '/home/jasper/RoboWorks_Comp_Team/brain/install/roboworks_brain_interfaces/share/roboworks_brain_interfaces/package.sh'
[3.929s] INFO:colcon.colcon_core.shell:Creating package script '/home/jasper/RoboWorks_Comp_Team/brain/install/roboworks_brain_interfaces/share/roboworks_brain_interfaces/package.bash'
[3.930s] INFO:colcon.colcon_core.shell:Creating package script '/home/jasper/RoboWorks_Comp_Team/brain/install/roboworks_brain_interfaces/share/roboworks_brain_interfaces/package.zsh'
[3.931s] Level 1:colcon.colcon_core.environment:create_file_with_runtime_dependencies(/home/jasper/RoboWorks_Comp_Team/brain/install/roboworks_brain_interfaces/share/colcon-core/packages/roboworks_brain_interfaces)
[4.186s] Level 1:colcon.colcon_core.environment:create_environment_scripts_only(roboworks_brain_interfaces)
[4.208s] Level 1:colcon.colcon_core.environment:checking '/home/jasper/RoboWorks_Comp_Team/brain/install/roboworks_brain_interfaces' for CMake module files
[4.209s] Level 1:colcon.colcon_core.environment:checking '/home/jasper/RoboWorks_Comp_Team/brain/install/roboworks_brain_interfaces' for CMake config files
[4.209s] Level 1:colcon.colcon_core.shell:create_environment_hook('roboworks_brain_interfaces', 'cmake_prefix_path')
[4.231s] INFO:colcon.colcon_core.shell:Creating environment hook '/home/jasper/RoboWorks_Comp_Team/brain/install/roboworks_brain_interfaces/share/roboworks_brain_interfaces/hook/cmake_prefix_path.ps1'
[4.232s] INFO:colcon.colcon_core.shell:Creating environment descriptor '/home/jasper/RoboWorks_Comp_Team/brain/install/roboworks_brain_interfaces/share/roboworks_brain_interfaces/hook/cmake_prefix_path.dsv'
[4.232s] INFO:colcon.colcon_core.shell:Creating environment hook '/home/jasper/RoboWorks_Comp_Team/brain/install/roboworks_brain_interfaces/share/roboworks_brain_interfaces/hook/cmake_prefix_path.sh'
[4.233s] Level 1:colcon.colcon_core.environment:checking '/home/jasper/RoboWorks_Comp_Team/brain/install/roboworks_brain_interfaces/lib'
[4.233s] Level 1:colcon.colcon_core.shell:create_environment_hook('roboworks_brain_interfaces', 'ld_library_path_lib')
[4.256s] INFO:colcon.colcon_core.shell:Creating environment hook '/home/jasper/RoboWorks_Comp_Team/brain/install/roboworks_brain_interfaces/share/roboworks_brain_interfaces/hook/ld_library_path_lib.ps1'
[4.257s] INFO:colcon.colcon_core.shell:Creating environment descriptor '/home/jasper/RoboWorks_Comp_Team/brain/install/roboworks_brain_interfaces/share/roboworks_brain_interfaces/hook/ld_library_path_lib.dsv'
[4.257s] INFO:colcon.colcon_core.shell:Creating environment hook '/home/jasper/RoboWorks_Comp_Team/brain/install/roboworks_brain_interfaces/share/roboworks_brain_interfaces/hook/ld_library_path_lib.sh'
[4.258s] Level 1:colcon.colcon_core.environment:checking '/home/jasper/RoboWorks_Comp_Team/brain/install/roboworks_brain_interfaces/bin'
[4.258s] Level 1:colcon.colcon_core.environment:checking '/home/jasper/RoboWorks_Comp_Team/brain/install/roboworks_brain_interfaces/lib/pkgconfig/roboworks_brain_interfaces.pc'
[4.258s] Level 1:colcon.colcon_core.environment:checking '/home/jasper/RoboWorks_Comp_Team/brain/install/roboworks_brain_interfaces/lib/python3.10/site-packages'
[4.258s] Level 1:colcon.colcon_core.environment:checking '/home/jasper/RoboWorks_Comp_Team/brain/install/roboworks_brain_interfaces/bin'
[4.292s] INFO:colcon.colcon_core.shell:Creating package script '/home/jasper/RoboWorks_Comp_Team/brain/install/roboworks_brain_interfaces/share/roboworks_brain_interfaces/package.ps1'
[4.293s] INFO:colcon.colcon_core.shell:Creating package descriptor '/home/jasper/RoboWorks_Comp_Team/brain/install/roboworks_brain_interfaces/share/roboworks_brain_interfaces/package.dsv'
[4.293s] INFO:colcon.colcon_core.shell:Creating package script '/home/jasper/RoboWorks_Comp_Team/brain/install/roboworks_brain_interfaces/share/roboworks_brain_interfaces/package.sh'
[4.294s] INFO:colcon.colcon_core.shell:Creating package script '/home/jasper/RoboWorks_Comp_Team/brain/install/roboworks_brain_interfaces/share/roboworks_brain_interfaces/package.bash'
[4.294s] INFO:colcon.colcon_core.shell:Creating package script '/home/jasper/RoboWorks_Comp_Team/brain/install/roboworks_brain_interfaces/share/roboworks_brain_interfaces/package.zsh'
[4.295s] Level 1:colcon.colcon_core.environment:create_file_with_runtime_dependencies(/home/jasper/RoboWorks_Comp_Team/brain/install/roboworks_brain_interfaces/share/colcon-core/packages/roboworks_brain_interfaces)
[8.788s] DEBUG:colcon.colcon_core.event_handler.log_command:Invoked command in '/home/jasper/RoboWorks_Comp_Team/brain/build/roboworks_brain' returned '2': CMAKE_PREFIX_PATH=${CMAKE_PREFIX_PATH}:/home/jasper/RoboWorks_Comp_Team/brain/install/roboworks_brain_interfaces:/home/jasper/ws_moveit2/install/moveit_configs_utils:/home/jasper/ws_moveit2/install/launch_param_builder:/opt/ros/humble /usr/bin/cmake --build /home/jasper/RoboWorks_Comp_Team/brain/build/roboworks_brain -- -j8 -l8
[8.861s] Level 1:colcon.colcon_core.environment:create_environment_scripts_only(roboworks_brain)
[8.881s] Level 1:colcon.colcon_core.environment:checking '/home/jasper/RoboWorks_Comp_Team/brain/install/roboworks_brain' for CMake module files
[8.882s] Level 1:colcon.colcon_core.environment:checking '/home/jasper/RoboWorks_Comp_Team/brain/install/roboworks_brain' for CMake config files
[8.882s] Level 1:colcon.colcon_core.environment:checking '/home/jasper/RoboWorks_Comp_Team/brain/install/roboworks_brain/bin'
[8.882s] Level 1:colcon.colcon_core.environment:checking '/home/jasper/RoboWorks_Comp_Team/brain/install/roboworks_brain/lib/pkgconfig/roboworks_brain.pc'
[8.883s] Level 1:colcon.colcon_core.environment:checking '/home/jasper/RoboWorks_Comp_Team/brain/install/roboworks_brain/lib/python3.10/site-packages'
[8.883s] Level 1:colcon.colcon_core.environment:checking '/home/jasper/RoboWorks_Comp_Team/brain/install/roboworks_brain/bin'
[8.903s] INFO:colcon.colcon_core.shell:Creating package script '/home/jasper/RoboWorks_Comp_Team/brain/install/roboworks_brain/share/roboworks_brain/package.ps1'
[8.904s] INFO:colcon.colcon_core.shell:Creating package descriptor '/home/jasper/RoboWorks_Comp_Team/brain/install/roboworks_brain/share/roboworks_brain/package.dsv'
[8.904s] INFO:colcon.colcon_core.shell:Creating package script '/home/jasper/RoboWorks_Comp_Team/brain/install/roboworks_brain/share/roboworks_brain/package.sh'
[8.905s] INFO:colcon.colcon_core.shell:Creating package script '/home/jasper/RoboWorks_Comp_Team/brain/install/roboworks_brain/share/roboworks_brain/package.bash'
[8.905s] INFO:colcon.colcon_core.shell:Creating package script '/home/jasper/RoboWorks_Comp_Team/brain/install/roboworks_brain/share/roboworks_brain/package.zsh'
[8.905s] Level 1:colcon.colcon_core.environment:create_file_with_runtime_dependencies(/home/jasper/RoboWorks_Comp_Team/brain/install/roboworks_brain/share/colcon-core/packages/roboworks_brain)
[8.916s] DEBUG:colcon.colcon_parallel_executor.executor.parallel:closing loop
[8.916s] DEBUG:colcon.colcon_parallel_executor.executor.parallel:loop closed
[8.916s] DEBUG:colcon.colcon_parallel_executor.executor.parallel:run_until_complete finished with '2'
[8.916s] DEBUG:colcon.colcon_core.event_reactor:joining thread
[8.958s] INFO:colcon.colcon_core.plugin_system:Skipping extension 'colcon_notification.desktop_notification.terminal_notifier': Not used on non-Darwin systems
[8.958s] INFO:colcon.colcon_core.plugin_system:Skipping extension 'colcon_notification.desktop_notification.win32': Not used on non-Windows systems
[8.958s] INFO:colcon.colcon_notification.desktop_notification:Sending desktop notification using 'notify2'
[8.970s] DEBUG:colcon.colcon_core.event_reactor:joined thread
[8.994s] INFO:colcon.colcon_core.shell:Creating prefix script '/home/jasper/RoboWorks_Comp_Team/brain/install/local_setup.ps1'
[8.995s] INFO:colcon.colcon_core.shell:Creating prefix util module '/home/jasper/RoboWorks_Comp_Team/brain/install/_local_setup_util_ps1.py'
[8.996s] INFO:colcon.colcon_core.shell:Creating prefix chain script '/home/jasper/RoboWorks_Comp_Team/brain/install/setup.ps1'
[9.022s] INFO:colcon.colcon_core.shell:Creating prefix script '/home/jasper/RoboWorks_Comp_Team/brain/install/local_setup.sh'
[9.023s] INFO:colcon.colcon_core.shell:Creating prefix util module '/home/jasper/RoboWorks_Comp_Team/brain/install/_local_setup_util_sh.py'
[9.023s] INFO:colcon.colcon_core.shell:Creating prefix chain script '/home/jasper/RoboWorks_Comp_Team/brain/install/setup.sh'
[9.048s] INFO:colcon.colcon_core.shell:Creating prefix script '/home/jasper/RoboWorks_Comp_Team/brain/install/local_setup.bash'
[9.049s] INFO:colcon.colcon_core.shell:Creating prefix chain script '/home/jasper/RoboWorks_Comp_Team/brain/install/setup.bash'
[9.075s] INFO:colcon.colcon_core.shell:Creating prefix script '/home/jasper/RoboWorks_Comp_Team/brain/install/local_setup.zsh'
[9.075s] INFO:colcon.colcon_core.shell:Creating prefix chain script '/home/jasper/RoboWorks_Comp_Team/brain/install/setup.zsh'
