[0.092s] Invoking command in '/home/jasper/RoboWorks_Comp_Team/taskOptimzer/build/atworkCommand_interfaces': CMAKE_PREFIX_PATH=${CMAKE_PREFIX_PATH}:/home/jasper/ws_moveit2/install/moveit_configs_utils:/home/jasper/ws_moveit2/install/launch_param_builder:/opt/ros/humble /usr/bin/cmake /home/jasper/RoboWorks_Comp_Team/taskOptimzer/src/atworkCommand_interfaces -DCMAKE_INSTALL_PREFIX=/home/jasper/RoboWorks_Comp_Team/taskOptimzer/install/atworkCommand_interfaces
[0.164s] -- The C compiler identification is GNU 11.4.0
[0.227s] -- The CXX compiler identification is GNU 11.4.0
[0.237s] -- Detecting C compiler ABI info
[0.330s] -- Detecting C compiler ABI info - done
[0.338s] -- Check for working C compiler: /usr/bin/cc - skipped
[0.338s] -- Detecting C compile features
[0.339s] -- Detecting C compile features - done
[0.342s] -- Detecting CXX compiler ABI info
[0.447s] -- Detecting CXX compiler ABI info - done
[0.455s] -- Check for working CXX compiler: /usr/bin/c++ - skipped
[0.455s] -- Detecting CXX compile features
[0.456s] -- Detecting CXX compile features - done
[0.496s] -- Found ament_cmake: 1.3.6 (/opt/ros/humble/share/ament_cmake/cmake)
[0.702s] -- Found Python3: /usr/bin/python3.10 (found version "3.10.12") found components: Interpreter 
[0.887s] -- Found geometry_msgs: 4.2.3 (/opt/ros/humble/share/geometry_msgs/cmake)
[1.032s] -- Found rosidl_generator_c: 3.1.5 (/opt/ros/humble/share/rosidl_generator_c/cmake)
[1.053s] -- Found rosidl_adapter: 3.1.5 (/opt/ros/humble/share/rosidl_adapter/cmake)
[1.078s] -- Found rosidl_generator_cpp: 3.1.5 (/opt/ros/humble/share/rosidl_generator_cpp/cmake)
[1.121s] -- Using all available rosidl_typesupport_c: rosidl_typesupport_fastrtps_c;rosidl_typesupport_introspection_c
[1.169s] -- Using all available rosidl_typesupport_cpp: rosidl_typesupport_fastrtps_cpp;rosidl_typesupport_introspection_cpp
[1.336s] -- Found rosidl_default_generators: 1.2.0 (/opt/ros/humble/share/rosidl_default_generators/cmake)
[1.527s] [31mCMake Error at /opt/ros/humble/share/rosidl_adapter/cmake/rosidl_adapt_interfaces.cmake:59 (message):
[1.527s]   execute_process(/usr/bin/python3.10 -m rosidl_adapter --package-name
[1.527s]   atworkCommand_interfaces --arguments-file
[1.527s]   /home/jasper/RoboWorks_Comp_Team/taskOptimzer/build/atworkCommand_interfaces/rosidl_adapter__arguments__atworkCommand_interfaces.json
[1.527s]   --output-dir
[1.527s]   /home/jasper/RoboWorks_Comp_Team/taskOptimzer/build/atworkCommand_interfaces/rosidl_adapter/atworkCommand_interfaces
[1.527s]   --output-file
[1.527s]   /home/jasper/RoboWorks_Comp_Team/taskOptimzer/build/atworkCommand_interfaces/rosidl_adapter/atworkCommand_interfaces.idls)
[1.527s]   returned error code 1:
[1.527s] 
[1.528s]   Traceback (most recent call last):
[1.528s] 
[1.528s]     File "/usr/lib/python3.10/runpy.py", line 196, in _run_module_as_main
[1.528s]       return _run_code(code, main_globals, None,
[1.528s]     File "/usr/lib/python3.10/runpy.py", line 86, in _run_code
[1.528s]       exec(code, run_globals)
[1.528s]     File "/opt/ros/humble/local/lib/python3.10/dist-packages/rosidl_adapter/__main__.py", line 19, in <module>
[1.528s]       sys.exit(main())
[1.528s]     File "/opt/ros/humble/local/lib/python3.10/dist-packages/rosidl_adapter/main.py", line 53, in main
[1.528s]       abs_idl_file = convert_to_idl(
[1.528s]     File "/opt/ros/humble/local/lib/python3.10/dist-packages/rosidl_adapter/__init__.py", line 19, in convert_to_idl
[1.528s]       return convert_msg_to_idl(
[1.528s]     File "/opt/ros/humble/local/lib/python3.10/dist-packages/rosidl_adapter/msg/__init__.py", line 28, in convert_msg_to_idl
[1.528s]       msg = parse_message_string(package_name, input_file.stem, content)
[1.528s]     File "/opt/ros/humble/local/lib/python3.10/dist-packages/rosidl_adapter/parser.py", line 535, in parse_message_string
[1.528s]       constants.append(Constant(type_string, name, value))
[1.528s]     File "/opt/ros/humble/local/lib/python3.10/dist-packages/rosidl_adapter/parser.py", line 320, in __init__
[1.529s]       raise NameError(
[1.529s] 
[1.529s]   NameError: 'Axis2' is an invalid constant name.  It should have the pattern
[1.529s]   '^[A-Z]([A-Z0-9_]?[A-Z0-9]+)*$'
[1.529s] 
[1.529s] Call Stack (most recent call first):
[1.529s]   /opt/ros/humble/share/rosidl_cmake/cmake/rosidl_generate_interfaces.cmake:130 (rosidl_adapt_interfaces)
[1.529s]   CMakeLists.txt:15 (rosidl_generate_interfaces)
[1.529s] 
[1.529s] [0m
[1.529s] -- Configuring incomplete, errors occurred!
[1.529s] See also "/home/jasper/RoboWorks_Comp_Team/taskOptimzer/build/atworkCommand_interfaces/CMakeFiles/CMakeOutput.log".
[1.535s] Invoked command in '/home/jasper/RoboWorks_Comp_Team/taskOptimzer/build/atworkCommand_interfaces' returned '1': CMAKE_PREFIX_PATH=${CMAKE_PREFIX_PATH}:/home/jasper/ws_moveit2/install/moveit_configs_utils:/home/jasper/ws_moveit2/install/launch_param_builder:/opt/ros/humble /usr/bin/cmake /home/jasper/RoboWorks_Comp_Team/taskOptimzer/src/atworkCommand_interfaces -DCMAKE_INSTALL_PREFIX=/home/jasper/RoboWorks_Comp_Team/taskOptimzer/install/atworkCommand_interfaces
