[1.569s] DEBUG:colcon:Command line arguments: ['/usr/bin/colcon', 'build']
[1.569s] DEBUG:colcon:Parsed command line arguments: Namespace(log_base=None, log_level=None, verb_name='build', build_base='build', install_base='install', merge_install=False, symlink_install=False, test_result_base=None, continue_on_error=False, executor='parallel', parallel_workers=8, event_handlers=None, ignore_user_meta=False, metas=['./colcon.meta'], base_paths=['.'], packages_ignore=None, packages_ignore_regex=None, paths=None, packages_up_to=None, packages_up_to_regex=None, packages_above=None, packages_above_and_dependencies=None, packages_above_depth=None, packages_select_by_dep=None, packages_skip_by_dep=None, packages_skip_up_to=None, packages_select_build_failed=False, packages_skip_build_finished=False, packages_select_test_failures=False, packages_skip_test_passed=False, packages_select=None, packages_skip=None, packages_select_regex=None, packages_skip_regex=None, packages_start=None, packages_end=None, allow_overriding=[], cmake_args=None, cmake_target=None, cmake_target_skip_unavailable=False, cmake_clean_cache=False, cmake_clean_first=False, cmake_force_configure=False, ament_cmake_args=None, catkin_cmake_args=None, catkin_skip_building_tests=False, mixin_files=None, mixin=None, verb_parser=<colcon_mixin.mixin.mixin_argument.MixinArgumentDecorator object at 0x7f4de3a35960>, verb_extension=<colcon_core.verb.build.BuildVerb object at 0x7f4de3a4f9d0>, main=<bound method BuildVerb.main of <colcon_core.verb.build.BuildVerb object at 0x7f4de3a4f9d0>>, mixin_verb=('build',))
[1.630s] Level 1:colcon.colcon_core.package_discovery:discover_packages(colcon_meta) check parameters
[1.630s] Level 1:colcon.colcon_core.package_discovery:discover_packages(recursive) check parameters
[1.630s] Level 1:colcon.colcon_core.package_discovery:discover_packages(ignore) check parameters
[1.630s] Level 1:colcon.colcon_core.package_discovery:discover_packages(path) check parameters
[1.630s] Level 1:colcon.colcon_core.package_discovery:discover_packages(colcon_meta) discover
[1.630s] Level 1:colcon.colcon_core.package_discovery:discover_packages(recursive) discover
[1.630s] INFO:colcon.colcon_core.package_discovery:Crawling recursively for packages in '/home/jasper/Roboworks/Robocup2024/image_point_cloud_package'
[1.630s] Level 1:colcon.colcon_core.package_identification:_identify(.) by extensions ['ignore', 'ignore_ament_install']
[1.630s] Level 1:colcon.colcon_core.package_identification:_identify(.) by extension 'ignore'
[1.630s] Level 1:colcon.colcon_core.package_identification:_identify(.) by extension 'ignore_ament_install'
[1.630s] Level 1:colcon.colcon_core.package_identification:_identify(.) by extensions ['colcon_pkg']
[1.630s] Level 1:colcon.colcon_core.package_identification:_identify(.) by extension 'colcon_pkg'
[1.630s] Level 1:colcon.colcon_core.package_identification:_identify(.) by extensions ['colcon_meta']
[1.630s] Level 1:colcon.colcon_core.package_identification:_identify(.) by extension 'colcon_meta'
[1.630s] Level 1:colcon.colcon_core.package_identification:_identify(.) by extensions ['ros']
[1.631s] Level 1:colcon.colcon_core.package_identification:_identify(.) by extension 'ros'
[1.646s] DEBUG:colcon.colcon_core.package_identification:Package '.' with type 'ros.ament_python' and name 'image_point_cloud_package'
[1.646s] Level 1:colcon.colcon_core.package_discovery:discover_packages(recursive) using defaults
[1.646s] Level 1:colcon.colcon_core.package_discovery:discover_packages(ignore) discover
[1.646s] Level 1:colcon.colcon_core.package_discovery:discover_packages(ignore) using defaults
[1.646s] Level 1:colcon.colcon_core.package_discovery:discover_packages(path) discover
[1.646s] Level 1:colcon.colcon_core.package_discovery:discover_packages(path) using defaults
[1.755s] Level 1:colcon.colcon_core.package_discovery:discover_packages(prefix_path) check parameters
[1.755s] Level 1:colcon.colcon_core.package_discovery:discover_packages(prefix_path) discover
[1.794s] DEBUG:colcon.colcon_installed_package_information.package_discovery:Found 55 installed packages in /home/jasper/ws_moveit2/install
[1.814s] DEBUG:colcon.colcon_installed_package_information.package_discovery:Found 350 installed packages in /opt/ros/humble
[1.816s] Level 1:colcon.colcon_core.package_discovery:discover_packages(prefix_path) using defaults
[1.931s] Level 5:colcon.colcon_core.verb:set package 'image_point_cloud_package' build argument 'cmake_args' from command line to 'None'
[1.932s] Level 5:colcon.colcon_core.verb:set package 'image_point_cloud_package' build argument 'cmake_target' from command line to 'None'
[1.932s] Level 5:colcon.colcon_core.verb:set package 'image_point_cloud_package' build argument 'cmake_target_skip_unavailable' from command line to 'False'
[1.932s] Level 5:colcon.colcon_core.verb:set package 'image_point_cloud_package' build argument 'cmake_clean_cache' from command line to 'False'
[1.932s] Level 5:colcon.colcon_core.verb:set package 'image_point_cloud_package' build argument 'cmake_clean_first' from command line to 'False'
[1.932s] Level 5:colcon.colcon_core.verb:set package 'image_point_cloud_package' build argument 'cmake_force_configure' from command line to 'False'
[1.932s] Level 5:colcon.colcon_core.verb:set package 'image_point_cloud_package' build argument 'ament_cmake_args' from command line to 'None'
[1.932s] Level 5:colcon.colcon_core.verb:set package 'image_point_cloud_package' build argument 'catkin_cmake_args' from command line to 'None'
[1.932s] Level 5:colcon.colcon_core.verb:set package 'image_point_cloud_package' build argument 'catkin_skip_building_tests' from command line to 'False'
[1.932s] DEBUG:colcon.colcon_core.verb:Building package 'image_point_cloud_package' with the following arguments: {'ament_cmake_args': None, 'build_base': '/home/jasper/Roboworks/Robocup2024/image_point_cloud_package/build/image_point_cloud_package', 'catkin_cmake_args': None, 'catkin_skip_building_tests': False, 'cmake_args': None, 'cmake_clean_cache': False, 'cmake_clean_first': False, 'cmake_force_configure': False, 'cmake_target': None, 'cmake_target_skip_unavailable': False, 'install_base': '/home/jasper/Roboworks/Robocup2024/image_point_cloud_package/install/image_point_cloud_package', 'merge_install': False, 'path': '/home/jasper/Roboworks/Robocup2024/image_point_cloud_package', 'symlink_install': False, 'test_result_base': None}
[1.949s] INFO:colcon.colcon_core.executor:Executing jobs using 'parallel' executor
[1.968s] DEBUG:colcon.colcon_parallel_executor.executor.parallel:run_until_complete
[1.968s] INFO:colcon.colcon_ros.task.ament_python.build:Building ROS package in '/home/jasper/Roboworks/Robocup2024/image_point_cloud_package' with build type 'ament_python'
[1.968s] Level 1:colcon.colcon_core.shell:create_environment_hook('image_point_cloud_package', 'ament_prefix_path')
[1.988s] INFO:colcon.colcon_core.plugin_system:Skipping extension 'colcon_core.shell.bat': Not used on non-Windows systems
[1.988s] INFO:colcon.colcon_core.shell:Creating environment hook '/home/jasper/Roboworks/Robocup2024/image_point_cloud_package/install/image_point_cloud_package/share/image_point_cloud_package/hook/ament_prefix_path.ps1'
[1.989s] INFO:colcon.colcon_core.shell:Creating environment descriptor '/home/jasper/Roboworks/Robocup2024/image_point_cloud_package/install/image_point_cloud_package/share/image_point_cloud_package/hook/ament_prefix_path.dsv'
[1.989s] INFO:colcon.colcon_core.shell:Creating environment hook '/home/jasper/Roboworks/Robocup2024/image_point_cloud_package/install/image_point_cloud_package/share/image_point_cloud_package/hook/ament_prefix_path.sh'
[2.008s] INFO:colcon.colcon_core.shell:Skip shell extension 'powershell' for command environment: Not usable outside of PowerShell
[2.008s] DEBUG:colcon.colcon_core.shell:Skip shell extension 'dsv' for command environment
[2.354s] INFO:colcon.colcon_core.task.python.build:Building Python package in '/home/jasper/Roboworks/Robocup2024/image_point_cloud_package'
[2.377s] INFO:colcon.colcon_core.shell:Skip shell extension 'powershell' for command environment: Not usable outside of PowerShell
[2.378s] DEBUG:colcon.colcon_core.shell:Skip shell extension 'dsv' for command environment
[2.826s] DEBUG:colcon.colcon_core.event_handler.log_command:Invoking command in '/home/jasper/Roboworks/Robocup2024/image_point_cloud_package': PYTHONPATH=/home/jasper/Roboworks/Robocup2024/image_point_cloud_package/build/image_point_cloud_package/prefix_override:/home/jasper/Roboworks/Robocup2024/image_point_cloud_package/install/image_point_cloud_package/lib/python3.10/site-packages:${PYTHONPATH} /usr/bin/python3 setup.py egg_info --egg-base build/image_point_cloud_package build --build-base /home/jasper/Roboworks/Robocup2024/image_point_cloud_package/build/image_point_cloud_package/build install --record /home/jasper/Roboworks/Robocup2024/image_point_cloud_package/build/image_point_cloud_package/install.log --single-version-externally-managed
[3.156s] DEBUG:colcon.colcon_core.event_handler.log_command:Invoked command in '/home/jasper/Roboworks/Robocup2024/image_point_cloud_package' returned '0': PYTHONPATH=/home/jasper/Roboworks/Robocup2024/image_point_cloud_package/build/image_point_cloud_package/prefix_override:/home/jasper/Roboworks/Robocup2024/image_point_cloud_package/install/image_point_cloud_package/lib/python3.10/site-packages:${PYTHONPATH} /usr/bin/python3 setup.py egg_info --egg-base build/image_point_cloud_package build --build-base /home/jasper/Roboworks/Robocup2024/image_point_cloud_package/build/image_point_cloud_package/build install --record /home/jasper/Roboworks/Robocup2024/image_point_cloud_package/build/image_point_cloud_package/install.log --single-version-externally-managed
[3.178s] Level 1:colcon.colcon_core.environment:checking '/home/jasper/Roboworks/Robocup2024/image_point_cloud_package/install/image_point_cloud_package' for CMake module files
[3.178s] Level 1:colcon.colcon_core.environment:checking '/home/jasper/Roboworks/Robocup2024/image_point_cloud_package/install/image_point_cloud_package' for CMake config files
[3.179s] Level 1:colcon.colcon_core.environment:checking '/home/jasper/Roboworks/Robocup2024/image_point_cloud_package/install/image_point_cloud_package/lib'
[3.179s] Level 1:colcon.colcon_core.environment:checking '/home/jasper/Roboworks/Robocup2024/image_point_cloud_package/install/image_point_cloud_package/bin'
[3.179s] Level 1:colcon.colcon_core.environment:checking '/home/jasper/Roboworks/Robocup2024/image_point_cloud_package/install/image_point_cloud_package/lib/pkgconfig/image_point_cloud_package.pc'
[3.179s] Level 1:colcon.colcon_core.environment:checking '/home/jasper/Roboworks/Robocup2024/image_point_cloud_package/install/image_point_cloud_package/lib/python3.10/site-packages'
[3.179s] Level 1:colcon.colcon_core.shell:create_environment_hook('image_point_cloud_package', 'pythonpath')
[3.198s] INFO:colcon.colcon_core.shell:Creating environment hook '/home/jasper/Roboworks/Robocup2024/image_point_cloud_package/install/image_point_cloud_package/share/image_point_cloud_package/hook/pythonpath.ps1'
[3.198s] INFO:colcon.colcon_core.shell:Creating environment descriptor '/home/jasper/Roboworks/Robocup2024/image_point_cloud_package/install/image_point_cloud_package/share/image_point_cloud_package/hook/pythonpath.dsv'
[3.199s] INFO:colcon.colcon_core.shell:Creating environment hook '/home/jasper/Roboworks/Robocup2024/image_point_cloud_package/install/image_point_cloud_package/share/image_point_cloud_package/hook/pythonpath.sh'
[3.199s] Level 1:colcon.colcon_core.environment:checking '/home/jasper/Roboworks/Robocup2024/image_point_cloud_package/install/image_point_cloud_package/bin'
[3.199s] Level 1:colcon.colcon_core.environment:create_environment_scripts_only(image_point_cloud_package)
[3.218s] INFO:colcon.colcon_core.shell:Creating package script '/home/jasper/Roboworks/Robocup2024/image_point_cloud_package/install/image_point_cloud_package/share/image_point_cloud_package/package.ps1'
[3.219s] INFO:colcon.colcon_core.shell:Creating package descriptor '/home/jasper/Roboworks/Robocup2024/image_point_cloud_package/install/image_point_cloud_package/share/image_point_cloud_package/package.dsv'
[3.220s] INFO:colcon.colcon_core.shell:Creating package script '/home/jasper/Roboworks/Robocup2024/image_point_cloud_package/install/image_point_cloud_package/share/image_point_cloud_package/package.sh'
[3.220s] INFO:colcon.colcon_core.shell:Creating package script '/home/jasper/Roboworks/Robocup2024/image_point_cloud_package/install/image_point_cloud_package/share/image_point_cloud_package/package.bash'
[3.221s] INFO:colcon.colcon_core.shell:Creating package script '/home/jasper/Roboworks/Robocup2024/image_point_cloud_package/install/image_point_cloud_package/share/image_point_cloud_package/package.zsh'
[3.222s] Level 1:colcon.colcon_core.environment:create_file_with_runtime_dependencies(/home/jasper/Roboworks/Robocup2024/image_point_cloud_package/install/image_point_cloud_package/share/colcon-core/packages/image_point_cloud_package)
[3.222s] DEBUG:colcon.colcon_parallel_executor.executor.parallel:closing loop
[3.222s] DEBUG:colcon.colcon_parallel_executor.executor.parallel:loop closed
[3.223s] DEBUG:colcon.colcon_parallel_executor.executor.parallel:run_until_complete finished with '0'
[3.223s] DEBUG:colcon.colcon_core.event_reactor:joining thread
[3.247s] INFO:colcon.colcon_core.plugin_system:Skipping extension 'colcon_notification.desktop_notification.terminal_notifier': Not used on non-Darwin systems
[3.247s] INFO:colcon.colcon_core.plugin_system:Skipping extension 'colcon_notification.desktop_notification.win32': Not used on non-Windows systems
[3.247s] INFO:colcon.colcon_notification.desktop_notification:Sending desktop notification using 'notify2'
[3.257s] DEBUG:colcon.colcon_core.event_reactor:joined thread
[3.280s] INFO:colcon.colcon_core.shell:Creating prefix script '/home/jasper/Roboworks/Robocup2024/image_point_cloud_package/install/local_setup.ps1'
[3.281s] INFO:colcon.colcon_core.shell:Creating prefix util module '/home/jasper/Roboworks/Robocup2024/image_point_cloud_package/install/_local_setup_util_ps1.py'
[3.282s] INFO:colcon.colcon_core.shell:Creating prefix chain script '/home/jasper/Roboworks/Robocup2024/image_point_cloud_package/install/setup.ps1'
[3.305s] INFO:colcon.colcon_core.shell:Creating prefix script '/home/jasper/Roboworks/Robocup2024/image_point_cloud_package/install/local_setup.sh'
[3.305s] INFO:colcon.colcon_core.shell:Creating prefix util module '/home/jasper/Roboworks/Robocup2024/image_point_cloud_package/install/_local_setup_util_sh.py'
[3.306s] INFO:colcon.colcon_core.shell:Creating prefix chain script '/home/jasper/Roboworks/Robocup2024/image_point_cloud_package/install/setup.sh'
[3.329s] INFO:colcon.colcon_core.shell:Creating prefix script '/home/jasper/Roboworks/Robocup2024/image_point_cloud_package/install/local_setup.bash'
[3.329s] INFO:colcon.colcon_core.shell:Creating prefix chain script '/home/jasper/Roboworks/Robocup2024/image_point_cloud_package/install/setup.bash'
[3.351s] INFO:colcon.colcon_core.shell:Creating prefix script '/home/jasper/Roboworks/Robocup2024/image_point_cloud_package/install/local_setup.zsh'
[3.352s] INFO:colcon.colcon_core.shell:Creating prefix chain script '/home/jasper/Roboworks/Robocup2024/image_point_cloud_package/install/setup.zsh'
