[1.551s] DEBUG:colcon:Command line arguments: ['/usr/bin/colcon', 'build']
[1.551s] DEBUG:colcon:Parsed command line arguments: Namespace(log_base=None, log_level=None, verb_name='build', build_base='build', install_base='install', merge_install=False, symlink_install=False, test_result_base=None, continue_on_error=False, executor='parallel', parallel_workers=8, event_handlers=None, ignore_user_meta=False, metas=['./colcon.meta'], base_paths=['.'], packages_ignore=None, packages_ignore_regex=None, paths=None, packages_up_to=None, packages_up_to_regex=None, packages_above=None, packages_above_and_dependencies=None, packages_above_depth=None, packages_select_by_dep=None, packages_skip_by_dep=None, packages_skip_up_to=None, packages_select_build_failed=False, packages_skip_build_finished=False, packages_select_test_failures=False, packages_skip_test_passed=False, packages_select=None, packages_skip=None, packages_select_regex=None, packages_skip_regex=None, packages_start=None, packages_end=None, allow_overriding=[], cmake_args=None, cmake_target=None, cmake_target_skip_unavailable=False, cmake_clean_cache=False, cmake_clean_first=False, cmake_force_configure=False, ament_cmake_args=None, catkin_cmake_args=None, catkin_skip_building_tests=False, mixin_files=None, mixin=None, verb_parser=<colcon_mixin.mixin.mixin_argument.MixinArgumentDecorator object at 0x7f9dd5d98be0>, verb_extension=<colcon_core.verb.build.BuildVerb object at 0x7f9dd5d9b520>, main=<bound method BuildVerb.main of <colcon_core.verb.build.BuildVerb object at 0x7f9dd5d9b520>>, mixin_verb=('build',))
[1.610s] Level 1:colcon.colcon_core.package_discovery:discover_packages(colcon_meta) check parameters
[1.610s] Level 1:colcon.colcon_core.package_discovery:discover_packages(recursive) check parameters
[1.610s] Level 1:colcon.colcon_core.package_discovery:discover_packages(ignore) check parameters
[1.611s] Level 1:colcon.colcon_core.package_discovery:discover_packages(path) check parameters
[1.611s] Level 1:colcon.colcon_core.package_discovery:discover_packages(colcon_meta) discover
[1.611s] Level 1:colcon.colcon_core.package_discovery:discover_packages(recursive) discover
[1.611s] INFO:colcon.colcon_core.package_discovery:Crawling recursively for packages in '/home/jasper/RoboWorks_Comp_Team/brain'
[1.611s] Level 1:colcon.colcon_core.package_identification:_identify(.) by extensions ['ignore', 'ignore_ament_install']
[1.611s] Level 1:colcon.colcon_core.package_identification:_identify(.) by extension 'ignore'
[1.611s] Level 1:colcon.colcon_core.package_identification:_identify(.) by extension 'ignore_ament_install'
[1.611s] Level 1:colcon.colcon_core.package_identification:_identify(.) by extensions ['colcon_pkg']
[1.611s] Level 1:colcon.colcon_core.package_identification:_identify(.) by extension 'colcon_pkg'
[1.611s] Level 1:colcon.colcon_core.package_identification:_identify(.) by extensions ['colcon_meta']
[1.611s] Level 1:colcon.colcon_core.package_identification:_identify(.) by extension 'colcon_meta'
[1.611s] Level 1:colcon.colcon_core.package_identification:_identify(.) by extensions ['ros']
[1.611s] Level 1:colcon.colcon_core.package_identification:_identify(.) by extension 'ros'
[1.621s] Level 1:colcon.colcon_core.package_identification:_identify(.) by extensions ['cmake', 'python']
[1.622s] Level 1:colcon.colcon_core.package_identification:_identify(.) by extension 'cmake'
[1.622s] Level 1:colcon.colcon_core.package_identification:_identify(.) by extension 'python'
[1.622s] Level 1:colcon.colcon_core.package_identification:_identify(.) by extensions ['python_setup_py']
[1.622s] Level 1:colcon.colcon_core.package_identification:_identify(.) by extension 'python_setup_py'
[1.622s] Level 1:colcon.colcon_core.package_identification:_identify(build) by extensions ['ignore', 'ignore_ament_install']
[1.622s] Level 1:colcon.colcon_core.package_identification:_identify(build) by extension 'ignore'
[1.622s] Level 1:colcon.colcon_core.package_identification:_identify(build) ignored
[1.622s] Level 1:colcon.colcon_core.package_identification:_identify(install) by extensions ['ignore', 'ignore_ament_install']
[1.622s] Level 1:colcon.colcon_core.package_identification:_identify(install) by extension 'ignore'
[1.622s] Level 1:colcon.colcon_core.package_identification:_identify(install) ignored
[1.622s] Level 1:colcon.colcon_core.package_identification:_identify(log) by extensions ['ignore', 'ignore_ament_install']
[1.622s] Level 1:colcon.colcon_core.package_identification:_identify(log) by extension 'ignore'
[1.622s] Level 1:colcon.colcon_core.package_identification:_identify(log) ignored
[1.623s] Level 1:colcon.colcon_core.package_identification:_identify(src) by extensions ['ignore', 'ignore_ament_install']
[1.623s] Level 1:colcon.colcon_core.package_identification:_identify(src) by extension 'ignore'
[1.623s] Level 1:colcon.colcon_core.package_identification:_identify(src) by extension 'ignore_ament_install'
[1.623s] Level 1:colcon.colcon_core.package_identification:_identify(src) by extensions ['colcon_pkg']
[1.623s] Level 1:colcon.colcon_core.package_identification:_identify(src) by extension 'colcon_pkg'
[1.623s] Level 1:colcon.colcon_core.package_identification:_identify(src) by extensions ['colcon_meta']
[1.623s] Level 1:colcon.colcon_core.package_identification:_identify(src) by extension 'colcon_meta'
[1.623s] Level 1:colcon.colcon_core.package_identification:_identify(src) by extensions ['ros']
[1.623s] Level 1:colcon.colcon_core.package_identification:_identify(src) by extension 'ros'
[1.623s] Level 1:colcon.colcon_core.package_identification:_identify(src) by extensions ['cmake', 'python']
[1.623s] Level 1:colcon.colcon_core.package_identification:_identify(src) by extension 'cmake'
[1.623s] Level 1:colcon.colcon_core.package_identification:_identify(src) by extension 'python'
[1.623s] Level 1:colcon.colcon_core.package_identification:_identify(src) by extensions ['python_setup_py']
[1.623s] Level 1:colcon.colcon_core.package_identification:_identify(src) by extension 'python_setup_py'
[1.623s] Level 1:colcon.colcon_core.package_identification:_identify(src/roboworks_brain) by extensions ['ignore', 'ignore_ament_install']
[1.623s] Level 1:colcon.colcon_core.package_identification:_identify(src/roboworks_brain) by extension 'ignore'
[1.623s] Level 1:colcon.colcon_core.package_identification:_identify(src/roboworks_brain) by extension 'ignore_ament_install'
[1.623s] Level 1:colcon.colcon_core.package_identification:_identify(src/roboworks_brain) by extensions ['colcon_pkg']
[1.623s] Level 1:colcon.colcon_core.package_identification:_identify(src/roboworks_brain) by extension 'colcon_pkg'
[1.623s] Level 1:colcon.colcon_core.package_identification:_identify(src/roboworks_brain) by extensions ['colcon_meta']
[1.623s] Level 1:colcon.colcon_core.package_identification:_identify(src/roboworks_brain) by extension 'colcon_meta'
[1.624s] Level 1:colcon.colcon_core.package_identification:_identify(src/roboworks_brain) by extensions ['ros']
[1.624s] Level 1:colcon.colcon_core.package_identification:_identify(src/roboworks_brain) by extension 'ros'
[1.626s] DEBUG:colcon.colcon_core.package_identification:Package 'src/roboworks_brain' with type 'ros.ament_cmake' and name 'roboworks_brain'
[1.626s] Level 1:colcon.colcon_core.package_discovery:discover_packages(recursive) using defaults
[1.626s] Level 1:colcon.colcon_core.package_discovery:discover_packages(ignore) discover
[1.626s] Level 1:colcon.colcon_core.package_discovery:discover_packages(ignore) using defaults
[1.626s] Level 1:colcon.colcon_core.package_discovery:discover_packages(path) discover
[1.626s] Level 1:colcon.colcon_core.package_discovery:discover_packages(path) using defaults
[1.734s] Level 1:colcon.colcon_core.package_discovery:discover_packages(prefix_path) check parameters
[1.734s] Level 1:colcon.colcon_core.package_discovery:discover_packages(prefix_path) discover
[1.775s] DEBUG:colcon.colcon_installed_package_information.package_discovery:Found 1 installed packages in /home/jasper/RoboWorks_Comp_Team/brain/install
[1.794s] DEBUG:colcon.colcon_installed_package_information.package_discovery:Found 55 installed packages in /home/jasper/ws_moveit2/install
[1.814s] DEBUG:colcon.colcon_installed_package_information.package_discovery:Found 432 installed packages in /opt/ros/humble
[1.816s] Level 1:colcon.colcon_core.package_discovery:discover_packages(prefix_path) using defaults
[1.940s] Level 5:colcon.colcon_core.verb:set package 'roboworks_brain' build argument 'cmake_args' from command line to 'None'
[1.940s] Level 5:colcon.colcon_core.verb:set package 'roboworks_brain' build argument 'cmake_target' from command line to 'None'
[1.940s] Level 5:colcon.colcon_core.verb:set package 'roboworks_brain' build argument 'cmake_target_skip_unavailable' from command line to 'False'
[1.940s] Level 5:colcon.colcon_core.verb:set package 'roboworks_brain' build argument 'cmake_clean_cache' from command line to 'False'
[1.940s] Level 5:colcon.colcon_core.verb:set package 'roboworks_brain' build argument 'cmake_clean_first' from command line to 'False'
[1.940s] Level 5:colcon.colcon_core.verb:set package 'roboworks_brain' build argument 'cmake_force_configure' from command line to 'False'
[1.940s] Level 5:colcon.colcon_core.verb:set package 'roboworks_brain' build argument 'ament_cmake_args' from command line to 'None'
[1.940s] Level 5:colcon.colcon_core.verb:set package 'roboworks_brain' build argument 'catkin_cmake_args' from command line to 'None'
[1.940s] Level 5:colcon.colcon_core.verb:set package 'roboworks_brain' build argument 'catkin_skip_building_tests' from command line to 'False'
[1.940s] DEBUG:colcon.colcon_core.verb:Building package 'roboworks_brain' with the following arguments: {'ament_cmake_args': None, 'build_base': '/home/jasper/RoboWorks_Comp_Team/brain/build/roboworks_brain', 'catkin_cmake_args': None, 'catkin_skip_building_tests': False, 'cmake_args': None, 'cmake_clean_cache': False, 'cmake_clean_first': False, 'cmake_force_configure': False, 'cmake_target': None, 'cmake_target_skip_unavailable': False, 'install_base': '/home/jasper/RoboWorks_Comp_Team/brain/install/roboworks_brain', 'merge_install': False, 'path': '/home/jasper/RoboWorks_Comp_Team/brain/src/roboworks_brain', 'symlink_install': False, 'test_result_base': None}
[1.959s] INFO:colcon.colcon_core.executor:Executing jobs using 'parallel' executor
[1.977s] DEBUG:colcon.colcon_parallel_executor.executor.parallel:run_until_complete
[1.977s] INFO:colcon.colcon_ros.task.ament_cmake.build:Building ROS package in '/home/jasper/RoboWorks_Comp_Team/brain/src/roboworks_brain' with build type 'ament_cmake'
[1.978s] INFO:colcon.colcon_cmake.task.cmake.build:Building CMake package in '/home/jasper/RoboWorks_Comp_Team/brain/src/roboworks_brain'
[1.999s] INFO:colcon.colcon_core.plugin_system:Skipping extension 'colcon_core.shell.bat': Not used on non-Windows systems
[1.999s] INFO:colcon.colcon_core.shell:Skip shell extension 'powershell' for command environment: Not usable outside of PowerShell
[1.999s] DEBUG:colcon.colcon_core.shell:Skip shell extension 'dsv' for command environment
[2.089s] DEBUG:colcon.colcon_core.event_handler.log_command:Invoking command in '/home/jasper/RoboWorks_Comp_Team/brain/build/roboworks_brain': CMAKE_PREFIX_PATH=${CMAKE_PREFIX_PATH}:/home/jasper/ws_moveit2/install/moveit_configs_utils:/home/jasper/ws_moveit2/install/launch_param_builder:/opt/ros/humble /usr/bin/cmake --build /home/jasper/RoboWorks_Comp_Team/brain/build/roboworks_brain -- -j8 -l8
[10.524s] DEBUG:colcon.colcon_core.event_handler.log_command:Invoked command in '/home/jasper/RoboWorks_Comp_Team/brain/build/roboworks_brain' returned '0': CMAKE_PREFIX_PATH=${CMAKE_PREFIX_PATH}:/home/jasper/ws_moveit2/install/moveit_configs_utils:/home/jasper/ws_moveit2/install/launch_param_builder:/opt/ros/humble /usr/bin/cmake --build /home/jasper/RoboWorks_Comp_Team/brain/build/roboworks_brain -- -j8 -l8
[10.589s] DEBUG:colcon.colcon_core.event_handler.log_command:Invoking command in '/home/jasper/RoboWorks_Comp_Team/brain/build/roboworks_brain': CMAKE_PREFIX_PATH=${CMAKE_PREFIX_PATH}:/home/jasper/ws_moveit2/install/moveit_configs_utils:/home/jasper/ws_moveit2/install/launch_param_builder:/opt/ros/humble /usr/bin/cmake --install /home/jasper/RoboWorks_Comp_Team/brain/build/roboworks_brain
[10.607s] Level 1:colcon.colcon_core.environment:create_environment_scripts_only(roboworks_brain)
[10.608s] DEBUG:colcon.colcon_core.event_handler.log_command:Invoked command in '/home/jasper/RoboWorks_Comp_Team/brain/build/roboworks_brain' returned '0': CMAKE_PREFIX_PATH=${CMAKE_PREFIX_PATH}:/home/jasper/ws_moveit2/install/moveit_configs_utils:/home/jasper/ws_moveit2/install/launch_param_builder:/opt/ros/humble /usr/bin/cmake --install /home/jasper/RoboWorks_Comp_Team/brain/build/roboworks_brain
[10.631s] Level 1:colcon.colcon_core.environment:checking '/home/jasper/RoboWorks_Comp_Team/brain/install/roboworks_brain' for CMake module files
[10.631s] Level 1:colcon.colcon_core.environment:checking '/home/jasper/RoboWorks_Comp_Team/brain/install/roboworks_brain' for CMake config files
[10.631s] Level 1:colcon.colcon_core.shell:create_environment_hook('roboworks_brain', 'cmake_prefix_path')
[10.650s] INFO:colcon.colcon_core.shell:Creating environment hook '/home/jasper/RoboWorks_Comp_Team/brain/install/roboworks_brain/share/roboworks_brain/hook/cmake_prefix_path.ps1'
[10.651s] INFO:colcon.colcon_core.shell:Creating environment descriptor '/home/jasper/RoboWorks_Comp_Team/brain/install/roboworks_brain/share/roboworks_brain/hook/cmake_prefix_path.dsv'
[10.651s] INFO:colcon.colcon_core.shell:Creating environment hook '/home/jasper/RoboWorks_Comp_Team/brain/install/roboworks_brain/share/roboworks_brain/hook/cmake_prefix_path.sh'
[10.652s] Level 1:colcon.colcon_core.environment:checking '/home/jasper/RoboWorks_Comp_Team/brain/install/roboworks_brain/lib'
[10.652s] Level 1:colcon.colcon_core.environment:checking '/home/jasper/RoboWorks_Comp_Team/brain/install/roboworks_brain/bin'
[10.652s] Level 1:colcon.colcon_core.environment:checking '/home/jasper/RoboWorks_Comp_Team/brain/install/roboworks_brain/lib/pkgconfig/roboworks_brain.pc'
[10.653s] Level 1:colcon.colcon_core.environment:checking '/home/jasper/RoboWorks_Comp_Team/brain/install/roboworks_brain/lib/python3.10/site-packages'
[10.653s] Level 1:colcon.colcon_core.environment:checking '/home/jasper/RoboWorks_Comp_Team/brain/install/roboworks_brain/bin'
[10.671s] INFO:colcon.colcon_core.shell:Creating package script '/home/jasper/RoboWorks_Comp_Team/brain/install/roboworks_brain/share/roboworks_brain/package.ps1'
[10.672s] INFO:colcon.colcon_core.shell:Creating package descriptor '/home/jasper/RoboWorks_Comp_Team/brain/install/roboworks_brain/share/roboworks_brain/package.dsv'
[10.673s] INFO:colcon.colcon_core.shell:Creating package script '/home/jasper/RoboWorks_Comp_Team/brain/install/roboworks_brain/share/roboworks_brain/package.sh'
[10.673s] INFO:colcon.colcon_core.shell:Creating package script '/home/jasper/RoboWorks_Comp_Team/brain/install/roboworks_brain/share/roboworks_brain/package.bash'
[10.674s] INFO:colcon.colcon_core.shell:Creating package script '/home/jasper/RoboWorks_Comp_Team/brain/install/roboworks_brain/share/roboworks_brain/package.zsh'
[10.674s] Level 1:colcon.colcon_core.environment:create_file_with_runtime_dependencies(/home/jasper/RoboWorks_Comp_Team/brain/install/roboworks_brain/share/colcon-core/packages/roboworks_brain)
[10.743s] Level 1:colcon.colcon_core.environment:create_environment_scripts_only(roboworks_brain)
[10.762s] Level 1:colcon.colcon_core.environment:checking '/home/jasper/RoboWorks_Comp_Team/brain/install/roboworks_brain' for CMake module files
[10.762s] Level 1:colcon.colcon_core.environment:checking '/home/jasper/RoboWorks_Comp_Team/brain/install/roboworks_brain' for CMake config files
[10.762s] Level 1:colcon.colcon_core.shell:create_environment_hook('roboworks_brain', 'cmake_prefix_path')
[10.781s] INFO:colcon.colcon_core.shell:Creating environment hook '/home/jasper/RoboWorks_Comp_Team/brain/install/roboworks_brain/share/roboworks_brain/hook/cmake_prefix_path.ps1'
[10.781s] INFO:colcon.colcon_core.shell:Creating environment descriptor '/home/jasper/RoboWorks_Comp_Team/brain/install/roboworks_brain/share/roboworks_brain/hook/cmake_prefix_path.dsv'
[10.782s] INFO:colcon.colcon_core.shell:Creating environment hook '/home/jasper/RoboWorks_Comp_Team/brain/install/roboworks_brain/share/roboworks_brain/hook/cmake_prefix_path.sh'
[10.782s] Level 1:colcon.colcon_core.environment:checking '/home/jasper/RoboWorks_Comp_Team/brain/install/roboworks_brain/lib'
[10.782s] Level 1:colcon.colcon_core.environment:checking '/home/jasper/RoboWorks_Comp_Team/brain/install/roboworks_brain/bin'
[10.782s] Level 1:colcon.colcon_core.environment:checking '/home/jasper/RoboWorks_Comp_Team/brain/install/roboworks_brain/lib/pkgconfig/roboworks_brain.pc'
[10.782s] Level 1:colcon.colcon_core.environment:checking '/home/jasper/RoboWorks_Comp_Team/brain/install/roboworks_brain/lib/python3.10/site-packages'
[10.782s] Level 1:colcon.colcon_core.environment:checking '/home/jasper/RoboWorks_Comp_Team/brain/install/roboworks_brain/bin'
[10.801s] INFO:colcon.colcon_core.shell:Creating package script '/home/jasper/RoboWorks_Comp_Team/brain/install/roboworks_brain/share/roboworks_brain/package.ps1'
[10.801s] INFO:colcon.colcon_core.shell:Creating package descriptor '/home/jasper/RoboWorks_Comp_Team/brain/install/roboworks_brain/share/roboworks_brain/package.dsv'
[10.802s] INFO:colcon.colcon_core.shell:Creating package script '/home/jasper/RoboWorks_Comp_Team/brain/install/roboworks_brain/share/roboworks_brain/package.sh'
[10.802s] INFO:colcon.colcon_core.shell:Creating package script '/home/jasper/RoboWorks_Comp_Team/brain/install/roboworks_brain/share/roboworks_brain/package.bash'
[10.802s] INFO:colcon.colcon_core.shell:Creating package script '/home/jasper/RoboWorks_Comp_Team/brain/install/roboworks_brain/share/roboworks_brain/package.zsh'
[10.803s] Level 1:colcon.colcon_core.environment:create_file_with_runtime_dependencies(/home/jasper/RoboWorks_Comp_Team/brain/install/roboworks_brain/share/colcon-core/packages/roboworks_brain)
[10.803s] DEBUG:colcon.colcon_parallel_executor.executor.parallel:closing loop
[10.803s] DEBUG:colcon.colcon_parallel_executor.executor.parallel:loop closed
[10.803s] DEBUG:colcon.colcon_parallel_executor.executor.parallel:run_until_complete finished with '0'
[10.804s] DEBUG:colcon.colcon_core.event_reactor:joining thread
[10.829s] INFO:colcon.colcon_core.plugin_system:Skipping extension 'colcon_notification.desktop_notification.terminal_notifier': Not used on non-Darwin systems
[10.829s] INFO:colcon.colcon_core.plugin_system:Skipping extension 'colcon_notification.desktop_notification.win32': Not used on non-Windows systems
[10.829s] INFO:colcon.colcon_notification.desktop_notification:Sending desktop notification using 'notify2'
[10.841s] DEBUG:colcon.colcon_core.event_reactor:joined thread
[10.862s] INFO:colcon.colcon_core.shell:Creating prefix script '/home/jasper/RoboWorks_Comp_Team/brain/install/local_setup.ps1'
[10.863s] INFO:colcon.colcon_core.shell:Creating prefix util module '/home/jasper/RoboWorks_Comp_Team/brain/install/_local_setup_util_ps1.py'
[10.864s] INFO:colcon.colcon_core.shell:Creating prefix chain script '/home/jasper/RoboWorks_Comp_Team/brain/install/setup.ps1'
[10.886s] INFO:colcon.colcon_core.shell:Creating prefix script '/home/jasper/RoboWorks_Comp_Team/brain/install/local_setup.sh'
[10.887s] INFO:colcon.colcon_core.shell:Creating prefix util module '/home/jasper/RoboWorks_Comp_Team/brain/install/_local_setup_util_sh.py'
[10.887s] INFO:colcon.colcon_core.shell:Creating prefix chain script '/home/jasper/RoboWorks_Comp_Team/brain/install/setup.sh'
[10.909s] INFO:colcon.colcon_core.shell:Creating prefix script '/home/jasper/RoboWorks_Comp_Team/brain/install/local_setup.bash'
[10.910s] INFO:colcon.colcon_core.shell:Creating prefix chain script '/home/jasper/RoboWorks_Comp_Team/brain/install/setup.bash'
[10.932s] INFO:colcon.colcon_core.shell:Creating prefix script '/home/jasper/RoboWorks_Comp_Team/brain/install/local_setup.zsh'
[10.933s] INFO:colcon.colcon_core.shell:Creating prefix chain script '/home/jasper/RoboWorks_Comp_Team/brain/install/setup.zsh'
