[1.586s] DEBUG:colcon:Command line arguments: ['/usr/bin/colcon', 'build', '--packages-select', 'roboworks_brain_interfaces']
[1.586s] DEBUG:colcon:Parsed command line arguments: Namespace(log_base=None, log_level=None, verb_name='build', build_base='build', install_base='install', merge_install=False, symlink_install=False, test_result_base=None, continue_on_error=False, executor='parallel', parallel_workers=8, event_handlers=None, ignore_user_meta=False, metas=['./colcon.meta'], base_paths=['.'], packages_ignore=None, packages_ignore_regex=None, paths=None, packages_up_to=None, packages_up_to_regex=None, packages_above=None, packages_above_and_dependencies=None, packages_above_depth=None, packages_select_by_dep=None, packages_skip_by_dep=None, packages_skip_up_to=None, packages_select_build_failed=False, packages_skip_build_finished=False, packages_select_test_failures=False, packages_skip_test_passed=False, packages_select=['roboworks_brain_interfaces'], packages_skip=None, packages_select_regex=None, packages_skip_regex=None, packages_start=None, packages_end=None, allow_overriding=[], cmake_args=None, cmake_target=None, cmake_target_skip_unavailable=False, cmake_clean_cache=False, cmake_clean_first=False, cmake_force_configure=False, ament_cmake_args=None, catkin_cmake_args=None, catkin_skip_building_tests=False, mixin_files=None, mixin=None, verb_parser=<colcon_mixin.mixin.mixin_argument.MixinArgumentDecorator object at 0x7fabbc08f370>, verb_extension=<colcon_core.verb.build.BuildVerb object at 0x7fabbc08fac0>, main=<bound method BuildVerb.main of <colcon_core.verb.build.BuildVerb object at 0x7fabbc08fac0>>, mixin_verb=('build',))
[1.647s] Level 1:colcon.colcon_core.package_discovery:discover_packages(colcon_meta) check parameters
[1.647s] Level 1:colcon.colcon_core.package_discovery:discover_packages(recursive) check parameters
[1.647s] Level 1:colcon.colcon_core.package_discovery:discover_packages(ignore) check parameters
[1.647s] Level 1:colcon.colcon_core.package_discovery:discover_packages(path) check parameters
[1.647s] Level 1:colcon.colcon_core.package_discovery:discover_packages(colcon_meta) discover
[1.647s] Level 1:colcon.colcon_core.package_discovery:discover_packages(recursive) discover
[1.647s] INFO:colcon.colcon_core.package_discovery:Crawling recursively for packages in '/home/jasper/RoboWorks_Comp_Team/brain'
[1.647s] Level 1:colcon.colcon_core.package_identification:_identify(.) by extensions ['ignore', 'ignore_ament_install']
[1.647s] Level 1:colcon.colcon_core.package_identification:_identify(.) by extension 'ignore'
[1.647s] Level 1:colcon.colcon_core.package_identification:_identify(.) by extension 'ignore_ament_install'
[1.647s] Level 1:colcon.colcon_core.package_identification:_identify(.) by extensions ['colcon_pkg']
[1.647s] Level 1:colcon.colcon_core.package_identification:_identify(.) by extension 'colcon_pkg'
[1.647s] Level 1:colcon.colcon_core.package_identification:_identify(.) by extensions ['colcon_meta']
[1.647s] Level 1:colcon.colcon_core.package_identification:_identify(.) by extension 'colcon_meta'
[1.647s] Level 1:colcon.colcon_core.package_identification:_identify(.) by extensions ['ros']
[1.647s] Level 1:colcon.colcon_core.package_identification:_identify(.) by extension 'ros'
[1.658s] Level 1:colcon.colcon_core.package_identification:_identify(.) by extensions ['cmake', 'python']
[1.658s] Level 1:colcon.colcon_core.package_identification:_identify(.) by extension 'cmake'
[1.658s] Level 1:colcon.colcon_core.package_identification:_identify(.) by extension 'python'
[1.658s] Level 1:colcon.colcon_core.package_identification:_identify(.) by extensions ['python_setup_py']
[1.658s] Level 1:colcon.colcon_core.package_identification:_identify(.) by extension 'python_setup_py'
[1.658s] Level 1:colcon.colcon_core.package_identification:_identify(build) by extensions ['ignore', 'ignore_ament_install']
[1.658s] Level 1:colcon.colcon_core.package_identification:_identify(build) by extension 'ignore'
[1.658s] Level 1:colcon.colcon_core.package_identification:_identify(build) ignored
[1.658s] Level 1:colcon.colcon_core.package_identification:_identify(install) by extensions ['ignore', 'ignore_ament_install']
[1.658s] Level 1:colcon.colcon_core.package_identification:_identify(install) by extension 'ignore'
[1.658s] Level 1:colcon.colcon_core.package_identification:_identify(install) ignored
[1.659s] Level 1:colcon.colcon_core.package_identification:_identify(log) by extensions ['ignore', 'ignore_ament_install']
[1.659s] Level 1:colcon.colcon_core.package_identification:_identify(log) by extension 'ignore'
[1.659s] Level 1:colcon.colcon_core.package_identification:_identify(log) ignored
[1.659s] Level 1:colcon.colcon_core.package_identification:_identify(src) by extensions ['ignore', 'ignore_ament_install']
[1.659s] Level 1:colcon.colcon_core.package_identification:_identify(src) by extension 'ignore'
[1.659s] Level 1:colcon.colcon_core.package_identification:_identify(src) by extension 'ignore_ament_install'
[1.659s] Level 1:colcon.colcon_core.package_identification:_identify(src) by extensions ['colcon_pkg']
[1.659s] Level 1:colcon.colcon_core.package_identification:_identify(src) by extension 'colcon_pkg'
[1.659s] Level 1:colcon.colcon_core.package_identification:_identify(src) by extensions ['colcon_meta']
[1.659s] Level 1:colcon.colcon_core.package_identification:_identify(src) by extension 'colcon_meta'
[1.659s] Level 1:colcon.colcon_core.package_identification:_identify(src) by extensions ['ros']
[1.659s] Level 1:colcon.colcon_core.package_identification:_identify(src) by extension 'ros'
[1.659s] Level 1:colcon.colcon_core.package_identification:_identify(src) by extensions ['cmake', 'python']
[1.659s] Level 1:colcon.colcon_core.package_identification:_identify(src) by extension 'cmake'
[1.659s] Level 1:colcon.colcon_core.package_identification:_identify(src) by extension 'python'
[1.659s] Level 1:colcon.colcon_core.package_identification:_identify(src) by extensions ['python_setup_py']
[1.659s] Level 1:colcon.colcon_core.package_identification:_identify(src) by extension 'python_setup_py'
[1.660s] Level 1:colcon.colcon_core.package_identification:_identify(src/roboworks_brain) by extensions ['ignore', 'ignore_ament_install']
[1.660s] Level 1:colcon.colcon_core.package_identification:_identify(src/roboworks_brain) by extension 'ignore'
[1.660s] Level 1:colcon.colcon_core.package_identification:_identify(src/roboworks_brain) by extension 'ignore_ament_install'
[1.660s] Level 1:colcon.colcon_core.package_identification:_identify(src/roboworks_brain) by extensions ['colcon_pkg']
[1.660s] Level 1:colcon.colcon_core.package_identification:_identify(src/roboworks_brain) by extension 'colcon_pkg'
[1.660s] Level 1:colcon.colcon_core.package_identification:_identify(src/roboworks_brain) by extensions ['colcon_meta']
[1.660s] Level 1:colcon.colcon_core.package_identification:_identify(src/roboworks_brain) by extension 'colcon_meta'
[1.660s] Level 1:colcon.colcon_core.package_identification:_identify(src/roboworks_brain) by extensions ['ros']
[1.660s] Level 1:colcon.colcon_core.package_identification:_identify(src/roboworks_brain) by extension 'ros'
[1.662s] DEBUG:colcon.colcon_core.package_identification:Package 'src/roboworks_brain' with type 'ros.ament_cmake' and name 'roboworks_brain'
[1.662s] Level 1:colcon.colcon_core.package_identification:_identify(src/roboworks_brain_interfaces) by extensions ['ignore', 'ignore_ament_install']
[1.662s] Level 1:colcon.colcon_core.package_identification:_identify(src/roboworks_brain_interfaces) by extension 'ignore'
[1.662s] Level 1:colcon.colcon_core.package_identification:_identify(src/roboworks_brain_interfaces) by extension 'ignore_ament_install'
[1.663s] Level 1:colcon.colcon_core.package_identification:_identify(src/roboworks_brain_interfaces) by extensions ['colcon_pkg']
[1.663s] Level 1:colcon.colcon_core.package_identification:_identify(src/roboworks_brain_interfaces) by extension 'colcon_pkg'
[1.663s] Level 1:colcon.colcon_core.package_identification:_identify(src/roboworks_brain_interfaces) by extensions ['colcon_meta']
[1.663s] Level 1:colcon.colcon_core.package_identification:_identify(src/roboworks_brain_interfaces) by extension 'colcon_meta'
[1.663s] Level 1:colcon.colcon_core.package_identification:_identify(src/roboworks_brain_interfaces) by extensions ['ros']
[1.663s] Level 1:colcon.colcon_core.package_identification:_identify(src/roboworks_brain_interfaces) by extension 'ros'
[1.663s] DEBUG:colcon.colcon_core.package_identification:Package 'src/roboworks_brain_interfaces' with type 'ros.ament_cmake' and name 'roboworks_brain_interfaces'
[1.663s] Level 1:colcon.colcon_core.package_discovery:discover_packages(recursive) using defaults
[1.663s] Level 1:colcon.colcon_core.package_discovery:discover_packages(ignore) discover
[1.663s] Level 1:colcon.colcon_core.package_discovery:discover_packages(ignore) using defaults
[1.663s] Level 1:colcon.colcon_core.package_discovery:discover_packages(path) discover
[1.663s] Level 1:colcon.colcon_core.package_discovery:discover_packages(path) using defaults
[1.736s] INFO:colcon.colcon_core.package_selection:Skipping not selected package 'roboworks_brain' in 'src/roboworks_brain'
[1.775s] Level 1:colcon.colcon_core.package_discovery:discover_packages(prefix_path) check parameters
[1.775s] Level 1:colcon.colcon_core.package_discovery:discover_packages(prefix_path) discover
[1.815s] DEBUG:colcon.colcon_installed_package_information.package_discovery:Found 2 installed packages in /home/jasper/RoboWorks_Comp_Team/brain/install
[1.835s] DEBUG:colcon.colcon_installed_package_information.package_discovery:Found 55 installed packages in /home/jasper/ws_moveit2/install
[1.855s] DEBUG:colcon.colcon_installed_package_information.package_discovery:Found 432 installed packages in /opt/ros/humble
[1.857s] Level 1:colcon.colcon_core.package_discovery:discover_packages(prefix_path) using defaults
[1.982s] Level 5:colcon.colcon_core.verb:set package 'roboworks_brain_interfaces' build argument 'cmake_args' from command line to 'None'
[1.982s] Level 5:colcon.colcon_core.verb:set package 'roboworks_brain_interfaces' build argument 'cmake_target' from command line to 'None'
[1.982s] Level 5:colcon.colcon_core.verb:set package 'roboworks_brain_interfaces' build argument 'cmake_target_skip_unavailable' from command line to 'False'
[1.982s] Level 5:colcon.colcon_core.verb:set package 'roboworks_brain_interfaces' build argument 'cmake_clean_cache' from command line to 'False'
[1.982s] Level 5:colcon.colcon_core.verb:set package 'roboworks_brain_interfaces' build argument 'cmake_clean_first' from command line to 'False'
[1.982s] Level 5:colcon.colcon_core.verb:set package 'roboworks_brain_interfaces' build argument 'cmake_force_configure' from command line to 'False'
[1.982s] Level 5:colcon.colcon_core.verb:set package 'roboworks_brain_interfaces' build argument 'ament_cmake_args' from command line to 'None'
[1.982s] Level 5:colcon.colcon_core.verb:set package 'roboworks_brain_interfaces' build argument 'catkin_cmake_args' from command line to 'None'
[1.982s] Level 5:colcon.colcon_core.verb:set package 'roboworks_brain_interfaces' build argument 'catkin_skip_building_tests' from command line to 'False'
[1.982s] DEBUG:colcon.colcon_core.verb:Building package 'roboworks_brain_interfaces' with the following arguments: {'ament_cmake_args': None, 'build_base': '/home/jasper/RoboWorks_Comp_Team/brain/build/roboworks_brain_interfaces', 'catkin_cmake_args': None, 'catkin_skip_building_tests': False, 'cmake_args': None, 'cmake_clean_cache': False, 'cmake_clean_first': False, 'cmake_force_configure': False, 'cmake_target': None, 'cmake_target_skip_unavailable': False, 'install_base': '/home/jasper/RoboWorks_Comp_Team/brain/install/roboworks_brain_interfaces', 'merge_install': False, 'path': '/home/jasper/RoboWorks_Comp_Team/brain/src/roboworks_brain_interfaces', 'symlink_install': False, 'test_result_base': None}
[2.000s] INFO:colcon.colcon_core.executor:Executing jobs using 'parallel' executor
[2.019s] DEBUG:colcon.colcon_parallel_executor.executor.parallel:run_until_complete
[2.019s] INFO:colcon.colcon_ros.task.ament_cmake.build:Building ROS package in '/home/jasper/RoboWorks_Comp_Team/brain/src/roboworks_brain_interfaces' with build type 'ament_cmake'
[2.020s] INFO:colcon.colcon_cmake.task.cmake.build:Building CMake package in '/home/jasper/RoboWorks_Comp_Team/brain/src/roboworks_brain_interfaces'
[2.041s] INFO:colcon.colcon_core.plugin_system:Skipping extension 'colcon_core.shell.bat': Not used on non-Windows systems
[2.041s] INFO:colcon.colcon_core.shell:Skip shell extension 'powershell' for command environment: Not usable outside of PowerShell
[2.041s] DEBUG:colcon.colcon_core.shell:Skip shell extension 'dsv' for command environment
[2.131s] DEBUG:colcon.colcon_core.event_handler.log_command:Invoking command in '/home/jasper/RoboWorks_Comp_Team/brain/build/roboworks_brain_interfaces': CMAKE_PREFIX_PATH=${CMAKE_PREFIX_PATH}:/home/jasper/ws_moveit2/install/moveit_configs_utils:/home/jasper/ws_moveit2/install/launch_param_builder:/opt/ros/humble /usr/bin/cmake --build /home/jasper/RoboWorks_Comp_Team/brain/build/roboworks_brain_interfaces -- -j8 -l8
[7.042s] DEBUG:colcon.colcon_core.event_handler.log_command:Invoked command in '/home/jasper/RoboWorks_Comp_Team/brain/build/roboworks_brain_interfaces' returned '0': CMAKE_PREFIX_PATH=${CMAKE_PREFIX_PATH}:/home/jasper/ws_moveit2/install/moveit_configs_utils:/home/jasper/ws_moveit2/install/launch_param_builder:/opt/ros/humble /usr/bin/cmake --build /home/jasper/RoboWorks_Comp_Team/brain/build/roboworks_brain_interfaces -- -j8 -l8
[7.253s] DEBUG:colcon.colcon_core.event_handler.log_command:Invoking command in '/home/jasper/RoboWorks_Comp_Team/brain/build/roboworks_brain_interfaces': CMAKE_PREFIX_PATH=${CMAKE_PREFIX_PATH}:/home/jasper/ws_moveit2/install/moveit_configs_utils:/home/jasper/ws_moveit2/install/launch_param_builder:/opt/ros/humble /usr/bin/cmake --install /home/jasper/RoboWorks_Comp_Team/brain/build/roboworks_brain_interfaces
[7.339s] Level 1:colcon.colcon_core.environment:create_environment_scripts_only(roboworks_brain_interfaces)
[7.340s] DEBUG:colcon.colcon_core.event_handler.log_command:Invoked command in '/home/jasper/RoboWorks_Comp_Team/brain/build/roboworks_brain_interfaces' returned '0': CMAKE_PREFIX_PATH=${CMAKE_PREFIX_PATH}:/home/jasper/ws_moveit2/install/moveit_configs_utils:/home/jasper/ws_moveit2/install/launch_param_builder:/opt/ros/humble /usr/bin/cmake --install /home/jasper/RoboWorks_Comp_Team/brain/build/roboworks_brain_interfaces
[7.361s] Level 1:colcon.colcon_core.environment:checking '/home/jasper/RoboWorks_Comp_Team/brain/install/roboworks_brain_interfaces' for CMake module files
[7.362s] Level 1:colcon.colcon_core.environment:checking '/home/jasper/RoboWorks_Comp_Team/brain/install/roboworks_brain_interfaces' for CMake config files
[7.362s] Level 1:colcon.colcon_core.shell:create_environment_hook('roboworks_brain_interfaces', 'cmake_prefix_path')
[7.381s] INFO:colcon.colcon_core.shell:Creating environment hook '/home/jasper/RoboWorks_Comp_Team/brain/install/roboworks_brain_interfaces/share/roboworks_brain_interfaces/hook/cmake_prefix_path.ps1'
[7.382s] INFO:colcon.colcon_core.shell:Creating environment descriptor '/home/jasper/RoboWorks_Comp_Team/brain/install/roboworks_brain_interfaces/share/roboworks_brain_interfaces/hook/cmake_prefix_path.dsv'
[7.382s] INFO:colcon.colcon_core.shell:Creating environment hook '/home/jasper/RoboWorks_Comp_Team/brain/install/roboworks_brain_interfaces/share/roboworks_brain_interfaces/hook/cmake_prefix_path.sh'
[7.383s] Level 1:colcon.colcon_core.environment:checking '/home/jasper/RoboWorks_Comp_Team/brain/install/roboworks_brain_interfaces/lib'
[7.383s] Level 1:colcon.colcon_core.shell:create_environment_hook('roboworks_brain_interfaces', 'ld_library_path_lib')
[7.402s] INFO:colcon.colcon_core.shell:Creating environment hook '/home/jasper/RoboWorks_Comp_Team/brain/install/roboworks_brain_interfaces/share/roboworks_brain_interfaces/hook/ld_library_path_lib.ps1'
[7.402s] INFO:colcon.colcon_core.shell:Creating environment descriptor '/home/jasper/RoboWorks_Comp_Team/brain/install/roboworks_brain_interfaces/share/roboworks_brain_interfaces/hook/ld_library_path_lib.dsv'
[7.402s] INFO:colcon.colcon_core.shell:Creating environment hook '/home/jasper/RoboWorks_Comp_Team/brain/install/roboworks_brain_interfaces/share/roboworks_brain_interfaces/hook/ld_library_path_lib.sh'
[7.403s] Level 1:colcon.colcon_core.environment:checking '/home/jasper/RoboWorks_Comp_Team/brain/install/roboworks_brain_interfaces/bin'
[7.403s] Level 1:colcon.colcon_core.environment:checking '/home/jasper/RoboWorks_Comp_Team/brain/install/roboworks_brain_interfaces/lib/pkgconfig/roboworks_brain_interfaces.pc'
[7.403s] Level 1:colcon.colcon_core.environment:checking '/home/jasper/RoboWorks_Comp_Team/brain/install/roboworks_brain_interfaces/lib/python3.10/site-packages'
[7.403s] Level 1:colcon.colcon_core.environment:checking '/home/jasper/RoboWorks_Comp_Team/brain/install/roboworks_brain_interfaces/bin'
[7.421s] INFO:colcon.colcon_core.shell:Creating package script '/home/jasper/RoboWorks_Comp_Team/brain/install/roboworks_brain_interfaces/share/roboworks_brain_interfaces/package.ps1'
[7.422s] INFO:colcon.colcon_core.shell:Creating package descriptor '/home/jasper/RoboWorks_Comp_Team/brain/install/roboworks_brain_interfaces/share/roboworks_brain_interfaces/package.dsv'
[7.423s] INFO:colcon.colcon_core.shell:Creating package script '/home/jasper/RoboWorks_Comp_Team/brain/install/roboworks_brain_interfaces/share/roboworks_brain_interfaces/package.sh'
[7.423s] INFO:colcon.colcon_core.shell:Creating package script '/home/jasper/RoboWorks_Comp_Team/brain/install/roboworks_brain_interfaces/share/roboworks_brain_interfaces/package.bash'
[7.424s] INFO:colcon.colcon_core.shell:Creating package script '/home/jasper/RoboWorks_Comp_Team/brain/install/roboworks_brain_interfaces/share/roboworks_brain_interfaces/package.zsh'
[7.425s] Level 1:colcon.colcon_core.environment:create_file_with_runtime_dependencies(/home/jasper/RoboWorks_Comp_Team/brain/install/roboworks_brain_interfaces/share/colcon-core/packages/roboworks_brain_interfaces)
[7.656s] Level 1:colcon.colcon_core.environment:create_environment_scripts_only(roboworks_brain_interfaces)
[7.675s] Level 1:colcon.colcon_core.environment:checking '/home/jasper/RoboWorks_Comp_Team/brain/install/roboworks_brain_interfaces' for CMake module files
[7.675s] Level 1:colcon.colcon_core.environment:checking '/home/jasper/RoboWorks_Comp_Team/brain/install/roboworks_brain_interfaces' for CMake config files
[7.676s] Level 1:colcon.colcon_core.shell:create_environment_hook('roboworks_brain_interfaces', 'cmake_prefix_path')
[7.694s] INFO:colcon.colcon_core.shell:Creating environment hook '/home/jasper/RoboWorks_Comp_Team/brain/install/roboworks_brain_interfaces/share/roboworks_brain_interfaces/hook/cmake_prefix_path.ps1'
[7.695s] INFO:colcon.colcon_core.shell:Creating environment descriptor '/home/jasper/RoboWorks_Comp_Team/brain/install/roboworks_brain_interfaces/share/roboworks_brain_interfaces/hook/cmake_prefix_path.dsv'
[7.695s] INFO:colcon.colcon_core.shell:Creating environment hook '/home/jasper/RoboWorks_Comp_Team/brain/install/roboworks_brain_interfaces/share/roboworks_brain_interfaces/hook/cmake_prefix_path.sh'
[7.695s] Level 1:colcon.colcon_core.environment:checking '/home/jasper/RoboWorks_Comp_Team/brain/install/roboworks_brain_interfaces/lib'
[7.695s] Level 1:colcon.colcon_core.shell:create_environment_hook('roboworks_brain_interfaces', 'ld_library_path_lib')
[7.714s] INFO:colcon.colcon_core.shell:Creating environment hook '/home/jasper/RoboWorks_Comp_Team/brain/install/roboworks_brain_interfaces/share/roboworks_brain_interfaces/hook/ld_library_path_lib.ps1'
[7.714s] INFO:colcon.colcon_core.shell:Creating environment descriptor '/home/jasper/RoboWorks_Comp_Team/brain/install/roboworks_brain_interfaces/share/roboworks_brain_interfaces/hook/ld_library_path_lib.dsv'
[7.714s] INFO:colcon.colcon_core.shell:Creating environment hook '/home/jasper/RoboWorks_Comp_Team/brain/install/roboworks_brain_interfaces/share/roboworks_brain_interfaces/hook/ld_library_path_lib.sh'
[7.715s] Level 1:colcon.colcon_core.environment:checking '/home/jasper/RoboWorks_Comp_Team/brain/install/roboworks_brain_interfaces/bin'
[7.715s] Level 1:colcon.colcon_core.environment:checking '/home/jasper/RoboWorks_Comp_Team/brain/install/roboworks_brain_interfaces/lib/pkgconfig/roboworks_brain_interfaces.pc'
[7.715s] Level 1:colcon.colcon_core.environment:checking '/home/jasper/RoboWorks_Comp_Team/brain/install/roboworks_brain_interfaces/lib/python3.10/site-packages'
[7.715s] Level 1:colcon.colcon_core.environment:checking '/home/jasper/RoboWorks_Comp_Team/brain/install/roboworks_brain_interfaces/bin'
[7.734s] INFO:colcon.colcon_core.shell:Creating package script '/home/jasper/RoboWorks_Comp_Team/brain/install/roboworks_brain_interfaces/share/roboworks_brain_interfaces/package.ps1'
[7.734s] INFO:colcon.colcon_core.shell:Creating package descriptor '/home/jasper/RoboWorks_Comp_Team/brain/install/roboworks_brain_interfaces/share/roboworks_brain_interfaces/package.dsv'
[7.735s] INFO:colcon.colcon_core.shell:Creating package script '/home/jasper/RoboWorks_Comp_Team/brain/install/roboworks_brain_interfaces/share/roboworks_brain_interfaces/package.sh'
[7.735s] INFO:colcon.colcon_core.shell:Creating package script '/home/jasper/RoboWorks_Comp_Team/brain/install/roboworks_brain_interfaces/share/roboworks_brain_interfaces/package.bash'
[7.736s] INFO:colcon.colcon_core.shell:Creating package script '/home/jasper/RoboWorks_Comp_Team/brain/install/roboworks_brain_interfaces/share/roboworks_brain_interfaces/package.zsh'
[7.736s] Level 1:colcon.colcon_core.environment:create_file_with_runtime_dependencies(/home/jasper/RoboWorks_Comp_Team/brain/install/roboworks_brain_interfaces/share/colcon-core/packages/roboworks_brain_interfaces)
[7.736s] DEBUG:colcon.colcon_parallel_executor.executor.parallel:closing loop
[7.736s] DEBUG:colcon.colcon_parallel_executor.executor.parallel:loop closed
[7.736s] DEBUG:colcon.colcon_parallel_executor.executor.parallel:run_until_complete finished with '0'
[7.737s] DEBUG:colcon.colcon_core.event_reactor:joining thread
[7.762s] INFO:colcon.colcon_core.plugin_system:Skipping extension 'colcon_notification.desktop_notification.terminal_notifier': Not used on non-Darwin systems
[7.762s] INFO:colcon.colcon_core.plugin_system:Skipping extension 'colcon_notification.desktop_notification.win32': Not used on non-Windows systems
[7.762s] INFO:colcon.colcon_notification.desktop_notification:Sending desktop notification using 'notify2'
[7.775s] DEBUG:colcon.colcon_core.event_reactor:joined thread
[7.806s] INFO:colcon.colcon_core.shell:Creating prefix script '/home/jasper/RoboWorks_Comp_Team/brain/install/local_setup.ps1'
[7.807s] INFO:colcon.colcon_core.shell:Creating prefix util module '/home/jasper/RoboWorks_Comp_Team/brain/install/_local_setup_util_ps1.py'
[7.808s] INFO:colcon.colcon_core.shell:Creating prefix chain script '/home/jasper/RoboWorks_Comp_Team/brain/install/setup.ps1'
[7.832s] INFO:colcon.colcon_core.shell:Creating prefix script '/home/jasper/RoboWorks_Comp_Team/brain/install/local_setup.sh'
[7.833s] INFO:colcon.colcon_core.shell:Creating prefix util module '/home/jasper/RoboWorks_Comp_Team/brain/install/_local_setup_util_sh.py'
[7.833s] INFO:colcon.colcon_core.shell:Creating prefix chain script '/home/jasper/RoboWorks_Comp_Team/brain/install/setup.sh'
[7.857s] INFO:colcon.colcon_core.shell:Creating prefix script '/home/jasper/RoboWorks_Comp_Team/brain/install/local_setup.bash'
[7.858s] INFO:colcon.colcon_core.shell:Creating prefix chain script '/home/jasper/RoboWorks_Comp_Team/brain/install/setup.bash'
[7.882s] INFO:colcon.colcon_core.shell:Creating prefix script '/home/jasper/RoboWorks_Comp_Team/brain/install/local_setup.zsh'
[7.883s] INFO:colcon.colcon_core.shell:Creating prefix chain script '/home/jasper/RoboWorks_Comp_Team/brain/install/setup.zsh'
