[0.110s] Invoking command in '/home/jasper/RoboWorks_Comp_Team/brain/build/roboworks_brain': CMAKE_PREFIX_PATH=${CMAKE_PREFIX_PATH}:/home/jasper/ws_moveit2/install/moveit_configs_utils:/home/jasper/ws_moveit2/install/launch_param_builder:/opt/ros/humble /usr/bin/cmake --build /home/jasper/RoboWorks_Comp_Team/brain/build/roboworks_brain -- -j8 -l8
[0.172s] [35m[1mConsolidate compiler generated dependencies of target brain_node[0m
[0.197s] [ 50%] [32mBuilding CXX object CMakeFiles/brain_node.dir/src/brain_node.cpp.o[0m
[2.459s] [01m[K/home/jasper/RoboWorks_Comp_Team/brain/src/roboworks_brain/src/brain_node.cpp:[m[K In function ‘[01m[Kint main(int, char**)[m[K’:
[2.459s] [01m[K/home/jasper/RoboWorks_Comp_Team/brain/src/roboworks_brain/src/brain_node.cpp:53:15:[m[K [01;31m[Kerror: [m[Ktoo few arguments to function ‘[01m[Kvoid rclcpp::init(int, const char* const*, const rclcpp::InitOptions&, rclcpp::SignalHandlerOptions)[m[K’
[2.459s]    53 |   [01;31m[Krclcpp::init()[m[K
[2.459s]       |   [01;31m[K~~~~~~~~~~~~^~[m[K
[2.459s] In file included from [01m[K/opt/ros/humble/include/rclcpp/rclcpp/logging.hpp:25[m[K,
[2.459s]                  from [01m[K/opt/ros/humble/include/rclcpp/rclcpp/client.hpp:40[m[K,
[2.459s]                  from [01m[K/opt/ros/humble/include/rclcpp/rclcpp/callback_group.hpp:24[m[K,
[2.459s]                  from [01m[K/opt/ros/humble/include/rclcpp/rclcpp/any_executable.hpp:20[m[K,
[2.460s]                  from [01m[K/opt/ros/humble/include/rclcpp/rclcpp/memory_strategy.hpp:25[m[K,
[2.460s]                  from [01m[K/opt/ros/humble/include/rclcpp/rclcpp/memory_strategies.hpp:18[m[K,
[2.460s]                  from [01m[K/opt/ros/humble/include/rclcpp/rclcpp/executor_options.hpp:20[m[K,
[2.460s]                  from [01m[K/opt/ros/humble/include/rclcpp/rclcpp/executor.hpp:37[m[K,
[2.460s]                  from [01m[K/opt/ros/humble/include/rclcpp/rclcpp/executors/multi_threaded_executor.hpp:25[m[K,
[2.460s]                  from [01m[K/opt/ros/humble/include/rclcpp/rclcpp/executors.hpp:21[m[K,
[2.460s]                  from [01m[K/opt/ros/humble/include/rclcpp/rclcpp/rclcpp.hpp:155[m[K,
[2.460s]                  from [01m[K/home/jasper/RoboWorks_Comp_Team/brain/src/roboworks_brain/src/brain_node.cpp:1[m[K:
[2.460s] [01m[K/opt/ros/humble/include/rclcpp/rclcpp/utilities.hpp:75:1:[m[K [01;36m[Knote: [m[Kdeclared here
[2.461s]    75 | [01;36m[Kinit[m[K(
[2.461s]       | [01;36m[K^~~~[m[K
[2.464s] [01m[K/home/jasper/RoboWorks_Comp_Team/brain/src/roboworks_brain/src/brain_node.cpp:57:3:[m[K [01;31m[Kerror: [m[K‘[01m[KAT_sub[m[K’ was not declared in this scope
[2.464s]    57 |   [01;31m[KAT_sub[m[K = atwork_node->create_subscription<std_msgs::msg::String>("topic", 10, AT_callback);
[2.464s]       |   [01;31m[K^~~~~~[m[K
[5.024s] gmake[2]: *** [CMakeFiles/brain_node.dir/build.make:76: CMakeFiles/brain_node.dir/src/brain_node.cpp.o] Error 1
[5.024s] gmake[1]: *** [CMakeFiles/Makefile2:137: CMakeFiles/brain_node.dir/all] Error 2
[5.025s] gmake: *** [Makefile:146: all] Error 2
[5.027s] Invoked command in '/home/jasper/RoboWorks_Comp_Team/brain/build/roboworks_brain' returned '2': CMAKE_PREFIX_PATH=${CMAKE_PREFIX_PATH}:/home/jasper/ws_moveit2/install/moveit_configs_utils:/home/jasper/ws_moveit2/install/launch_param_builder:/opt/ros/humble /usr/bin/cmake --build /home/jasper/RoboWorks_Comp_Team/brain/build/roboworks_brain -- -j8 -l8
