[01m[K/home/jasper/RoboWorks_Comp_Team/brain/src/roboworks_brain/src/brain_node.cpp:140:20:[m[K [01;31m[Kerror: [m[K‘[01m[Kexample_interfaces[m[K’ was not declared in this scope; did you mean ‘[01m[Krcl_interfaces[m[K’?
  140 |     rclcpp::Client<[01;31m[Kexample_interfaces[m[K::srv::AddTwoInts>::SharedPtr taskOp_client;
      |                    [01;31m[K^~~~~~~~~~~~~~~~~~[m[K
      |                    [32m[Krcl_interfaces[m[K
[01m[K/home/jasper/RoboWorks_Comp_Team/brain/src/roboworks_brain/src/brain_node.cpp:140:55:[m[K [01;31m[Kerror: [m[Ktemplate argument 1 is invalid
  140 |     rclcpp::Client<example_interfaces::srv::AddTwoInts[01;31m[K>[m[K::SharedPtr taskOp_client;
      |                                                       [01;31m[K^[m[K
[01m[K/home/jasper/RoboWorks_Comp_Team/brain/src/roboworks_brain/src/brain_node.cpp:140:58:[m[K [01;31m[Kerror: [m[Kexpected ‘[01m[K;[m[K’ at end of member declaration
  140 |     rclcpp::Client<example_interfaces::srv::AddTwoInts>::[01;31m[KSharedPtr[m[K taskOp_client;
      |                                                          [01;31m[K^~~~~~~~~[m[K
      |                                                                   [32m[K;[m[K
[01m[K/home/jasper/RoboWorks_Comp_Team/brain/src/roboworks_brain/src/brain_node.cpp:140:68:[m[K [01;31m[Kerror: [m[K‘[01m[KtaskOp_client[m[K’ does not name a type
  140 | cpp::Client<example_interfaces::srv::AddTwoInts>::SharedPtr [01;31m[KtaskOp_client[m[K;
      |                                                             [01;31m[K^~~~~~~~~~~~~[m[K

[01m[K/home/jasper/RoboWorks_Comp_Team/brain/src/roboworks_brain/src/brain_node.cpp:145:20:[m[K [01;31m[Kerror: [m[K‘[01m[Kexample_interfaces[m[K’ was not declared in this scope; did you mean ‘[01m[Krcl_interfaces[m[K’?
  145 |     rclcpp::Client<[01;31m[Kexample_interfaces[m[K::srv::AddTwoInts>::SharedPtr armPickPlace_client;
      |                    [01;31m[K^~~~~~~~~~~~~~~~~~[m[K
      |                    [32m[Krcl_interfaces[m[K
[01m[K/home/jasper/RoboWorks_Comp_Team/brain/src/roboworks_brain/src/brain_node.cpp:145:55:[m[K [01;31m[Kerror: [m[Ktemplate argument 1 is invalid
  145 |     rclcpp::Client<example_interfaces::srv::AddTwoInts[01;31m[K>[m[K::SharedPtr armPickPlace_client;
      |                                                       [01;31m[K^[m[K
[01m[K/home/jasper/RoboWorks_Comp_Team/brain/src/roboworks_brain/src/brain_node.cpp:145:58:[m[K [01;31m[Kerror: [m[Kexpected ‘[01m[K;[m[K’ at end of member declaration
  145 |     rclcpp::Client<example_interfaces::srv::AddTwoInts>::[01;31m[KSharedPtr[m[K armPickPlace_client;
      |                                                          [01;31m[K^~~~~~~~~[m[K
      |                                                                   [32m[K;[m[K
[01m[K/home/jasper/RoboWorks_Comp_Team/brain/src/roboworks_brain/src/brain_node.cpp:145:58:[m[K [01;31m[Kerror: [m[Kredeclaration of ‘[01m[Kint brainNode::SharedPtr[m[K’
[01m[K/home/jasper/RoboWorks_Comp_Team/brain/src/roboworks_brain/src/brain_node.cpp:140:58:[m[K [01;36m[Knote: [m[Kprevious declaration ‘[01m[Kint brainNode::SharedPtr[m[K’
  140 |     rclcpp::Client<example_interfaces::srv::AddTwoInts>::[01;36m[KSharedPtr[m[K taskOp_client;
      |                                                          [01;36m[K^~~~~~~~~[m[K
[01m[K/home/jasper/RoboWorks_Comp_Team/brain/src/roboworks_brain/src/brain_node.cpp:145:68:[m[K [01;31m[Kerror: [m[K‘[01m[KarmPickPlace_client[m[K’ does not name a type
  145 | cpp::Client<example_interfaces::srv::AddTwoInts>::SharedPtr [01;31m[KarmPickPlace_client[m[K;
      |                                                             [01;31m[K^~~~~~~~~~~~~~~~~~~[m[K

[01m[K/home/jasper/RoboWorks_Comp_Team/brain/src/roboworks_brain/src/brain_node.cpp:150:20:[m[K [01;31m[Kerror: [m[K‘[01m[Kexample_interfaces[m[K’ was not declared in this scope; did you mean ‘[01m[Krcl_interfaces[m[K’?
  150 |     rclcpp::Client<[01;31m[Kexample_interfaces[m[K::srv::AddTwoInts>::SharedPtr navTo_client;
      |                    [01;31m[K^~~~~~~~~~~~~~~~~~[m[K
      |                    [32m[Krcl_interfaces[m[K
[01m[K/home/jasper/RoboWorks_Comp_Team/brain/src/roboworks_brain/src/brain_node.cpp:150:55:[m[K [01;31m[Kerror: [m[Ktemplate argument 1 is invalid
  150 |     rclcpp::Client<example_interfaces::srv::AddTwoInts[01;31m[K>[m[K::SharedPtr navTo_client;
      |                                                       [01;31m[K^[m[K
[01m[K/home/jasper/RoboWorks_Comp_Team/brain/src/roboworks_brain/src/brain_node.cpp:150:58:[m[K [01;31m[Kerror: [m[Kexpected ‘[01m[K;[m[K’ at end of member declaration
  150 |     rclcpp::Client<example_interfaces::srv::AddTwoInts>::[01;31m[KSharedPtr[m[K navTo_client;
      |                                                          [01;31m[K^~~~~~~~~[m[K
      |                                                                   [32m[K;[m[K
[01m[K/home/jasper/RoboWorks_Comp_Team/brain/src/roboworks_brain/src/brain_node.cpp:150:58:[m[K [01;31m[Kerror: [m[Kredeclaration of ‘[01m[Kint brainNode::SharedPtr[m[K’
[01m[K/home/jasper/RoboWorks_Comp_Team/brain/src/roboworks_brain/src/brain_node.cpp:140:58:[m[K [01;36m[Knote: [m[Kprevious declaration ‘[01m[Kint brainNode::SharedPtr[m[K’
  140 |     rclcpp::Client<example_interfaces::srv::AddTwoInts>::[01;36m[KSharedPtr[m[K taskOp_client;
      |                                                          [01;36m[K^~~~~~~~~[m[K
[01m[K/home/jasper/RoboWorks_Comp_Team/brain/src/roboworks_brain/src/brain_node.cpp:150:68:[m[K [01;31m[Kerror: [m[K‘[01m[KnavTo_client[m[K’ does not name a type
  150 | cpp::Client<example_interfaces::srv::AddTwoInts>::SharedPtr [01;31m[KnavTo_client[m[K;
      |                                                             [01;31m[K^~~~~~~~~~~~[m[K

[01m[K/home/jasper/RoboWorks_Comp_Team/brain/src/roboworks_brain/src/brain_node.cpp:[m[K In constructor ‘[01m[KbrainNode::brainNode()[m[K’:
[01m[K/home/jasper/RoboWorks_Comp_Team/brain/src/roboworks_brain/src/brain_node.cpp:21:7:[m[K [01;31m[Kerror: [m[K‘[01m[KtaskOp_client[m[K’ was not declared in this scope
   21 |       [01;31m[KtaskOp_client[m[K = this->create_client<example_interfaces::srv::AddTwoInts>("get_opt_list");
      |       [01;31m[K^~~~~~~~~~~~~[m[K
[01m[K/home/jasper/RoboWorks_Comp_Team/brain/src/roboworks_brain/src/brain_node.cpp:21:43:[m[K [01;31m[Kerror: [m[K‘[01m[Kexample_interfaces[m[K’ was not declared in this scope; did you mean ‘[01m[Krcl_interfaces[m[K’?
   21 |       taskOp_client = this->create_client<[01;31m[Kexample_interfaces[m[K::srv::AddTwoInts>("get_opt_list");
      |                                           [01;31m[K^~~~~~~~~~~~~~~~~~[m[K
      |                                           [32m[Krcl_interfaces[m[K
[01m[K/home/jasper/RoboWorks_Comp_Team/brain/src/roboworks_brain/src/brain_node.cpp:21:29:[m[K [01;31m[Kerror: [m[Kparse error in template argument list
   21 |       taskOp_client = this->[01;31m[Kcreate_client<example_interfaces::srv::AddTwoInts>[m[K("get_opt_list");
      |                             [01;31m[K^~~~~~~~~~~~~~~~~~~~~~~~~~~~~~~~~~~~~~~~~~~~~~~~~~[m[K
[01m[K/home/jasper/RoboWorks_Comp_Team/brain/src/roboworks_brain/src/brain_node.cpp:21:79:[m[K [01;31m[Kerror: [m[Kno matching function for call to ‘[01m[KbrainNode::create_client<<expression error> >(const char [13])[m[K’
   21 | t = [01;31m[Kthis->create_client<example_interfaces::srv::AddTwoInts>("get_opt_list")[m[K;
      |     [01;31m[K~~~~~~~~~~~~~~~~~~~~~~~~~~~~~~~~~~~~~~~~~~~~~~~~~~~~~~~~^~~~~~~~~~~~~~~~[m[K

In file included from [01m[K/opt/ros/humble/include/rclcpp/rclcpp/executors/single_threaded_executor.hpp:28[m[K,
                 from [01m[K/opt/ros/humble/include/rclcpp/rclcpp/executors.hpp:22[m[K,
                 from [01m[K/opt/ros/humble/include/rclcpp/rclcpp/rclcpp.hpp:155[m[K,
                 from [01m[K/home/jasper/RoboWorks_Comp_Team/brain/src/roboworks_brain/src/brain_node.cpp:1[m[K:
[01m[K/opt/ros/humble/include/rclcpp/rclcpp/node.hpp:252:3:[m[K [01;36m[Knote: [m[Kcandidate: ‘[01m[Ktemplate<class ServiceT> typename rclcpp::Client<ServiceT>::SharedPtr rclcpp::Node::create_client(const string&, const rmw_qos_profile_t&, rclcpp::CallbackGroup::SharedPtr)[m[K’
  252 |   [01;36m[Kcreate_client[m[K(
      |   [01;36m[K^~~~~~~~~~~~~[m[K
[01m[K/opt/ros/humble/include/rclcpp/rclcpp/node.hpp:252:3:[m[K [01;36m[Knote: [m[K  template argument deduction/substitution failed:
[01m[K/home/jasper/RoboWorks_Comp_Team/brain/src/roboworks_brain/src/brain_node.cpp:21:79:[m[K [01;31m[Kerror: [m[Ktemplate argument 1 is invalid
   21 | t = [01;31m[Kthis->create_client<example_interfaces::srv::AddTwoInts>("get_opt_list")[m[K;
      |     [01;31m[K~~~~~~~~~~~~~~~~~~~~~~~~~~~~~~~~~~~~~~~~~~~~~~~~~~~~~~~~^~~~~~~~~~~~~~~~[m[K

[01m[K/home/jasper/RoboWorks_Comp_Team/brain/src/roboworks_brain/src/brain_node.cpp:22:7:[m[K [01;31m[Kerror: [m[K‘[01m[KarmPickPlace_client[m[K’ was not declared in this scope; did you mean ‘[01m[Krmw_create_client[m[K’?
   22 |       [01;31m[KarmPickPlace_client[m[K = this->create_client<example_interfaces::srv::AddTwoInts>("pick_place");
      |       [01;31m[K^~~~~~~~~~~~~~~~~~~[m[K
      |       [32m[Krmw_create_client[m[K
[01m[K/home/jasper/RoboWorks_Comp_Team/brain/src/roboworks_brain/src/brain_node.cpp:22:35:[m[K [01;31m[Kerror: [m[Kparse error in template argument list
   22 |       armPickPlace_client = this->[01;31m[Kcreate_client<example_interfaces::srv::AddTwoInts>[m[K("pick_place");
      |                                   [01;31m[K^~~~~~~~~~~~~~~~~~~~~~~~~~~~~~~~~~~~~~~~~~~~~~~~~~[m[K
[01m[K/home/jasper/RoboWorks_Comp_Team/brain/src/roboworks_brain/src/brain_node.cpp:22:85:[m[K [01;31m[Kerror: [m[Kno matching function for call to ‘[01m[KbrainNode::create_client<example_interfaces>(const char [11])[m[K’
   22 | t = [01;31m[Kthis->create_client<example_interfaces::srv::AddTwoInts>("pick_place")[m[K;
      |     [01;31m[K~~~~~~~~~~~~~~~~~~~~~~~~~~~~~~~~~~~~~~~~~~~~~~~~~~~~~~~~^~~~~~~~~~~~~~[m[K

In file included from [01m[K/opt/ros/humble/include/rclcpp/rclcpp/executors/single_threaded_executor.hpp:28[m[K,
                 from [01m[K/opt/ros/humble/include/rclcpp/rclcpp/executors.hpp:22[m[K,
                 from [01m[K/opt/ros/humble/include/rclcpp/rclcpp/rclcpp.hpp:155[m[K,
                 from [01m[K/home/jasper/RoboWorks_Comp_Team/brain/src/roboworks_brain/src/brain_node.cpp:1[m[K:
[01m[K/opt/ros/humble/include/rclcpp/rclcpp/node.hpp:252:3:[m[K [01;36m[Knote: [m[Kcandidate: ‘[01m[Ktemplate<class ServiceT> typename rclcpp::Client<ServiceT>::SharedPtr rclcpp::Node::create_client(const string&, const rmw_qos_profile_t&, rclcpp::CallbackGroup::SharedPtr)[m[K’
  252 |   [01;36m[Kcreate_client[m[K(
      |   [01;36m[K^~~~~~~~~~~~~[m[K
[01m[K/opt/ros/humble/include/rclcpp/rclcpp/node.hpp:252:3:[m[K [01;36m[Knote: [m[K  template argument deduction/substitution failed:
[01m[K/home/jasper/RoboWorks_Comp_Team/brain/src/roboworks_brain/src/brain_node.cpp:23:7:[m[K [01;31m[Kerror: [m[K‘[01m[KnavTo_client[m[K’ was not declared in this scope
   23 |       [01;31m[KnavTo_client[m[K = this->create_client<example_interfaces::srv::AddTwoInts>("go_to_position");
      |       [01;31m[K^~~~~~~~~~~~[m[K
[01m[K/home/jasper/RoboWorks_Comp_Team/brain/src/roboworks_brain/src/brain_node.cpp:23:28:[m[K [01;31m[Kerror: [m[Kparse error in template argument list
   23 |       navTo_client = this->[01;31m[Kcreate_client<example_interfaces::srv::AddTwoInts>[m[K("go_to_position");
      |                            [01;31m[K^~~~~~~~~~~~~~~~~~~~~~~~~~~~~~~~~~~~~~~~~~~~~~~~~~[m[K
[01m[K/home/jasper/RoboWorks_Comp_Team/brain/src/roboworks_brain/src/brain_node.cpp:23:78:[m[K [01;31m[Kerror: [m[Kno matching function for call to ‘[01m[KbrainNode::create_client<example_interfaces>(const char [15])[m[K’
   23 | t = [01;31m[Kthis->create_client<example_interfaces::srv::AddTwoInts>("go_to_position")[m[K;
      |     [01;31m[K~~~~~~~~~~~~~~~~~~~~~~~~~~~~~~~~~~~~~~~~~~~~~~~~~~~~~~~~^~~~~~~~~~~~~~~~~~[m[K

In file included from [01m[K/opt/ros/humble/include/rclcpp/rclcpp/executors/single_threaded_executor.hpp:28[m[K,
                 from [01m[K/opt/ros/humble/include/rclcpp/rclcpp/executors.hpp:22[m[K,
                 from [01m[K/opt/ros/humble/include/rclcpp/rclcpp/rclcpp.hpp:155[m[K,
                 from [01m[K/home/jasper/RoboWorks_Comp_Team/brain/src/roboworks_brain/src/brain_node.cpp:1[m[K:
[01m[K/opt/ros/humble/include/rclcpp/rclcpp/node.hpp:252:3:[m[K [01;36m[Knote: [m[Kcandidate: ‘[01m[Ktemplate<class ServiceT> typename rclcpp::Client<ServiceT>::SharedPtr rclcpp::Node::create_client(const string&, const rmw_qos_profile_t&, rclcpp::CallbackGroup::SharedPtr)[m[K’
  252 |   [01;36m[Kcreate_client[m[K(
      |   [01;36m[K^~~~~~~~~~~~~[m[K
[01m[K/opt/ros/humble/include/rclcpp/rclcpp/node.hpp:252:3:[m[K [01;36m[Knote: [m[K  template argument deduction/substitution failed:
gmake[2]: *** [CMakeFiles/brain_node.dir/build.make:76: CMakeFiles/brain_node.dir/src/brain_node.cpp.o] Error 1
gmake[1]: *** [CMakeFiles/Makefile2:137: CMakeFiles/brain_node.dir/all] Error 2
gmake: *** [Makefile:146: all] Error 2
