[1.587s] DEBUG:colcon:Command line arguments: ['/usr/bin/colcon', 'build', '--packages-select', 'atwork_interfaces']
[1.587s] DEBUG:colcon:Parsed command line arguments: Namespace(log_base=None, log_level=None, verb_name='build', build_base='build', install_base='install', merge_install=False, symlink_install=False, test_result_base=None, continue_on_error=False, executor='parallel', parallel_workers=8, event_handlers=None, ignore_user_meta=False, metas=['./colcon.meta'], base_paths=['.'], packages_ignore=None, packages_ignore_regex=None, paths=None, packages_up_to=None, packages_up_to_regex=None, packages_above=None, packages_above_and_dependencies=None, packages_above_depth=None, packages_select_by_dep=None, packages_skip_by_dep=None, packages_skip_up_to=None, packages_select_build_failed=False, packages_skip_build_finished=False, packages_select_test_failures=False, packages_skip_test_passed=False, packages_select=['atwork_interfaces'], packages_skip=None, packages_select_regex=None, packages_skip_regex=None, packages_start=None, packages_end=None, allow_overriding=[], cmake_args=None, cmake_target=None, cmake_target_skip_unavailable=False, cmake_clean_cache=False, cmake_clean_first=False, cmake_force_configure=False, ament_cmake_args=None, catkin_cmake_args=None, catkin_skip_building_tests=False, mixin_files=None, mixin=None, verb_parser=<colcon_mixin.mixin.mixin_argument.MixinArgumentDecorator object at 0x7f17cbfab6d0>, verb_extension=<colcon_core.verb.build.BuildVerb object at 0x7f17cbfaba30>, main=<bound method BuildVerb.main of <colcon_core.verb.build.BuildVerb object at 0x7f17cbfaba30>>, mixin_verb=('build',))
[1.648s] Level 1:colcon.colcon_core.package_discovery:discover_packages(colcon_meta) check parameters
[1.648s] Level 1:colcon.colcon_core.package_discovery:discover_packages(recursive) check parameters
[1.648s] Level 1:colcon.colcon_core.package_discovery:discover_packages(ignore) check parameters
[1.648s] Level 1:colcon.colcon_core.package_discovery:discover_packages(path) check parameters
[1.648s] Level 1:colcon.colcon_core.package_discovery:discover_packages(colcon_meta) discover
[1.648s] Level 1:colcon.colcon_core.package_discovery:discover_packages(recursive) discover
[1.648s] INFO:colcon.colcon_core.package_discovery:Crawling recursively for packages in '/home/jasper/RoboWorks_Comp_Team/taskOptimzer'
[1.648s] Level 1:colcon.colcon_core.package_identification:_identify(.) by extensions ['ignore', 'ignore_ament_install']
[1.648s] Level 1:colcon.colcon_core.package_identification:_identify(.) by extension 'ignore'
[1.648s] Level 1:colcon.colcon_core.package_identification:_identify(.) by extension 'ignore_ament_install'
[1.649s] Level 1:colcon.colcon_core.package_identification:_identify(.) by extensions ['colcon_pkg']
[1.649s] Level 1:colcon.colcon_core.package_identification:_identify(.) by extension 'colcon_pkg'
[1.649s] Level 1:colcon.colcon_core.package_identification:_identify(.) by extensions ['colcon_meta']
[1.649s] Level 1:colcon.colcon_core.package_identification:_identify(.) by extension 'colcon_meta'
[1.649s] Level 1:colcon.colcon_core.package_identification:_identify(.) by extensions ['ros']
[1.649s] Level 1:colcon.colcon_core.package_identification:_identify(.) by extension 'ros'
[1.659s] Level 1:colcon.colcon_core.package_identification:_identify(.) by extensions ['cmake', 'python']
[1.659s] Level 1:colcon.colcon_core.package_identification:_identify(.) by extension 'cmake'
[1.659s] Level 1:colcon.colcon_core.package_identification:_identify(.) by extension 'python'
[1.659s] Level 1:colcon.colcon_core.package_identification:_identify(.) by extensions ['python_setup_py']
[1.659s] Level 1:colcon.colcon_core.package_identification:_identify(.) by extension 'python_setup_py'
[1.660s] Level 1:colcon.colcon_core.package_identification:_identify(build) by extensions ['ignore', 'ignore_ament_install']
[1.660s] Level 1:colcon.colcon_core.package_identification:_identify(build) by extension 'ignore'
[1.660s] Level 1:colcon.colcon_core.package_identification:_identify(build) ignored
[1.660s] Level 1:colcon.colcon_core.package_identification:_identify(install) by extensions ['ignore', 'ignore_ament_install']
[1.660s] Level 1:colcon.colcon_core.package_identification:_identify(install) by extension 'ignore'
[1.660s] Level 1:colcon.colcon_core.package_identification:_identify(install) ignored
[1.660s] Level 1:colcon.colcon_core.package_identification:_identify(log) by extensions ['ignore', 'ignore_ament_install']
[1.660s] Level 1:colcon.colcon_core.package_identification:_identify(log) by extension 'ignore'
[1.660s] Level 1:colcon.colcon_core.package_identification:_identify(log) ignored
[1.660s] Level 1:colcon.colcon_core.package_identification:_identify(src) by extensions ['ignore', 'ignore_ament_install']
[1.660s] Level 1:colcon.colcon_core.package_identification:_identify(src) by extension 'ignore'
[1.660s] Level 1:colcon.colcon_core.package_identification:_identify(src) by extension 'ignore_ament_install'
[1.660s] Level 1:colcon.colcon_core.package_identification:_identify(src) by extensions ['colcon_pkg']
[1.661s] Level 1:colcon.colcon_core.package_identification:_identify(src) by extension 'colcon_pkg'
[1.661s] Level 1:colcon.colcon_core.package_identification:_identify(src) by extensions ['colcon_meta']
[1.661s] Level 1:colcon.colcon_core.package_identification:_identify(src) by extension 'colcon_meta'
[1.661s] Level 1:colcon.colcon_core.package_identification:_identify(src) by extensions ['ros']
[1.661s] Level 1:colcon.colcon_core.package_identification:_identify(src) by extension 'ros'
[1.661s] Level 1:colcon.colcon_core.package_identification:_identify(src) by extensions ['cmake', 'python']
[1.661s] Level 1:colcon.colcon_core.package_identification:_identify(src) by extension 'cmake'
[1.661s] Level 1:colcon.colcon_core.package_identification:_identify(src) by extension 'python'
[1.661s] Level 1:colcon.colcon_core.package_identification:_identify(src) by extensions ['python_setup_py']
[1.661s] Level 1:colcon.colcon_core.package_identification:_identify(src) by extension 'python_setup_py'
[1.661s] Level 1:colcon.colcon_core.package_identification:_identify(src/atwork_interfaces) by extensions ['ignore', 'ignore_ament_install']
[1.661s] Level 1:colcon.colcon_core.package_identification:_identify(src/atwork_interfaces) by extension 'ignore'
[1.661s] Level 1:colcon.colcon_core.package_identification:_identify(src/atwork_interfaces) by extension 'ignore_ament_install'
[1.661s] Level 1:colcon.colcon_core.package_identification:_identify(src/atwork_interfaces) by extensions ['colcon_pkg']
[1.661s] Level 1:colcon.colcon_core.package_identification:_identify(src/atwork_interfaces) by extension 'colcon_pkg'
[1.661s] Level 1:colcon.colcon_core.package_identification:_identify(src/atwork_interfaces) by extensions ['colcon_meta']
[1.661s] Level 1:colcon.colcon_core.package_identification:_identify(src/atwork_interfaces) by extension 'colcon_meta'
[1.661s] Level 1:colcon.colcon_core.package_identification:_identify(src/atwork_interfaces) by extensions ['ros']
[1.661s] Level 1:colcon.colcon_core.package_identification:_identify(src/atwork_interfaces) by extension 'ros'
[1.664s] DEBUG:colcon.colcon_core.package_identification:Package 'src/atwork_interfaces' with type 'ros.ament_cmake' and name 'atwork_interfaces'
[1.664s] Level 1:colcon.colcon_core.package_identification:_identify(src/roboworks_taskOpt) by extensions ['ignore', 'ignore_ament_install']
[1.664s] Level 1:colcon.colcon_core.package_identification:_identify(src/roboworks_taskOpt) by extension 'ignore'
[1.664s] Level 1:colcon.colcon_core.package_identification:_identify(src/roboworks_taskOpt) by extension 'ignore_ament_install'
[1.664s] Level 1:colcon.colcon_core.package_identification:_identify(src/roboworks_taskOpt) by extensions ['colcon_pkg']
[1.664s] Level 1:colcon.colcon_core.package_identification:_identify(src/roboworks_taskOpt) by extension 'colcon_pkg'
[1.664s] Level 1:colcon.colcon_core.package_identification:_identify(src/roboworks_taskOpt) by extensions ['colcon_meta']
[1.664s] Level 1:colcon.colcon_core.package_identification:_identify(src/roboworks_taskOpt) by extension 'colcon_meta'
[1.664s] Level 1:colcon.colcon_core.package_identification:_identify(src/roboworks_taskOpt) by extensions ['ros']
[1.664s] Level 1:colcon.colcon_core.package_identification:_identify(src/roboworks_taskOpt) by extension 'ros'
[1.665s] DEBUG:colcon.colcon_core.package_identification:Package 'src/roboworks_taskOpt' with type 'ros.ament_cmake' and name 'roboworks_taskOpt'
[1.665s] Level 1:colcon.colcon_core.package_discovery:discover_packages(recursive) using defaults
[1.665s] Level 1:colcon.colcon_core.package_discovery:discover_packages(ignore) discover
[1.665s] Level 1:colcon.colcon_core.package_discovery:discover_packages(ignore) using defaults
[1.665s] Level 1:colcon.colcon_core.package_discovery:discover_packages(path) discover
[1.665s] Level 1:colcon.colcon_core.package_discovery:discover_packages(path) using defaults
[1.743s] INFO:colcon.colcon_core.package_selection:Skipping not selected package 'roboworks_taskOpt' in 'src/roboworks_taskOpt'
[1.781s] Level 1:colcon.colcon_core.package_discovery:discover_packages(prefix_path) check parameters
[1.781s] Level 1:colcon.colcon_core.package_discovery:discover_packages(prefix_path) discover
[1.822s] DEBUG:colcon.colcon_installed_package_information.package_discovery:Found 3 installed packages in /home/jasper/RoboWorks_Comp_Team/taskOptimzer/install
[1.842s] DEBUG:colcon.colcon_installed_package_information.package_discovery:Found 55 installed packages in /home/jasper/ws_moveit2/install
[1.862s] DEBUG:colcon.colcon_installed_package_information.package_discovery:Found 436 installed packages in /opt/ros/humble
[1.865s] Level 1:colcon.colcon_core.package_discovery:discover_packages(prefix_path) using defaults
[1.993s] Level 5:colcon.colcon_core.verb:set package 'atwork_interfaces' build argument 'cmake_args' from command line to 'None'
[1.993s] Level 5:colcon.colcon_core.verb:set package 'atwork_interfaces' build argument 'cmake_target' from command line to 'None'
[1.993s] Level 5:colcon.colcon_core.verb:set package 'atwork_interfaces' build argument 'cmake_target_skip_unavailable' from command line to 'False'
[1.994s] Level 5:colcon.colcon_core.verb:set package 'atwork_interfaces' build argument 'cmake_clean_cache' from command line to 'False'
[1.994s] Level 5:colcon.colcon_core.verb:set package 'atwork_interfaces' build argument 'cmake_clean_first' from command line to 'False'
[1.994s] Level 5:colcon.colcon_core.verb:set package 'atwork_interfaces' build argument 'cmake_force_configure' from command line to 'False'
[1.994s] Level 5:colcon.colcon_core.verb:set package 'atwork_interfaces' build argument 'ament_cmake_args' from command line to 'None'
[1.994s] Level 5:colcon.colcon_core.verb:set package 'atwork_interfaces' build argument 'catkin_cmake_args' from command line to 'None'
[1.994s] Level 5:colcon.colcon_core.verb:set package 'atwork_interfaces' build argument 'catkin_skip_building_tests' from command line to 'False'
[1.994s] DEBUG:colcon.colcon_core.verb:Building package 'atwork_interfaces' with the following arguments: {'ament_cmake_args': None, 'build_base': '/home/jasper/RoboWorks_Comp_Team/taskOptimzer/build/atwork_interfaces', 'catkin_cmake_args': None, 'catkin_skip_building_tests': False, 'cmake_args': None, 'cmake_clean_cache': False, 'cmake_clean_first': False, 'cmake_force_configure': False, 'cmake_target': None, 'cmake_target_skip_unavailable': False, 'install_base': '/home/jasper/RoboWorks_Comp_Team/taskOptimzer/install/atwork_interfaces', 'merge_install': False, 'path': '/home/jasper/RoboWorks_Comp_Team/taskOptimzer/src/atwork_interfaces', 'symlink_install': False, 'test_result_base': None}
[2.012s] INFO:colcon.colcon_core.executor:Executing jobs using 'parallel' executor
[2.031s] DEBUG:colcon.colcon_parallel_executor.executor.parallel:run_until_complete
[2.032s] INFO:colcon.colcon_ros.task.ament_cmake.build:Building ROS package in '/home/jasper/RoboWorks_Comp_Team/taskOptimzer/src/atwork_interfaces' with build type 'ament_cmake'
[2.032s] INFO:colcon.colcon_cmake.task.cmake.build:Building CMake package in '/home/jasper/RoboWorks_Comp_Team/taskOptimzer/src/atwork_interfaces'
[2.053s] INFO:colcon.colcon_core.plugin_system:Skipping extension 'colcon_core.shell.bat': Not used on non-Windows systems
[2.053s] INFO:colcon.colcon_core.shell:Skip shell extension 'powershell' for command environment: Not usable outside of PowerShell
[2.053s] DEBUG:colcon.colcon_core.shell:Skip shell extension 'dsv' for command environment
[2.145s] DEBUG:colcon.colcon_core.event_handler.log_command:Invoking command in '/home/jasper/RoboWorks_Comp_Team/taskOptimzer/build/atwork_interfaces': CMAKE_PREFIX_PATH=${CMAKE_PREFIX_PATH}:/home/jasper/ws_moveit2/install/moveit_configs_utils:/home/jasper/ws_moveit2/install/launch_param_builder:/opt/ros/humble /usr/bin/cmake --build /home/jasper/RoboWorks_Comp_Team/taskOptimzer/build/atwork_interfaces -- -j8 -l8
[11.645s] DEBUG:colcon.colcon_core.event_handler.log_command:Invoked command in '/home/jasper/RoboWorks_Comp_Team/taskOptimzer/build/atwork_interfaces' returned '0': CMAKE_PREFIX_PATH=${CMAKE_PREFIX_PATH}:/home/jasper/ws_moveit2/install/moveit_configs_utils:/home/jasper/ws_moveit2/install/launch_param_builder:/opt/ros/humble /usr/bin/cmake --build /home/jasper/RoboWorks_Comp_Team/taskOptimzer/build/atwork_interfaces -- -j8 -l8
[12.051s] DEBUG:colcon.colcon_core.event_handler.log_command:Invoking command in '/home/jasper/RoboWorks_Comp_Team/taskOptimzer/build/atwork_interfaces': CMAKE_PREFIX_PATH=${CMAKE_PREFIX_PATH}:/home/jasper/ws_moveit2/install/moveit_configs_utils:/home/jasper/ws_moveit2/install/launch_param_builder:/opt/ros/humble /usr/bin/cmake --install /home/jasper/RoboWorks_Comp_Team/taskOptimzer/build/atwork_interfaces
[12.153s] Level 1:colcon.colcon_core.environment:create_environment_scripts_only(atwork_interfaces)
[12.154s] DEBUG:colcon.colcon_core.event_handler.log_command:Invoked command in '/home/jasper/RoboWorks_Comp_Team/taskOptimzer/build/atwork_interfaces' returned '0': CMAKE_PREFIX_PATH=${CMAKE_PREFIX_PATH}:/home/jasper/ws_moveit2/install/moveit_configs_utils:/home/jasper/ws_moveit2/install/launch_param_builder:/opt/ros/humble /usr/bin/cmake --install /home/jasper/RoboWorks_Comp_Team/taskOptimzer/build/atwork_interfaces
[12.176s] Level 1:colcon.colcon_core.environment:checking '/home/jasper/RoboWorks_Comp_Team/taskOptimzer/install/atwork_interfaces' for CMake module files
[12.176s] Level 1:colcon.colcon_core.environment:checking '/home/jasper/RoboWorks_Comp_Team/taskOptimzer/install/atwork_interfaces' for CMake config files
[12.177s] Level 1:colcon.colcon_core.shell:create_environment_hook('atwork_interfaces', 'cmake_prefix_path')
[12.195s] INFO:colcon.colcon_core.shell:Creating environment hook '/home/jasper/RoboWorks_Comp_Team/taskOptimzer/install/atwork_interfaces/share/atwork_interfaces/hook/cmake_prefix_path.ps1'
[12.195s] INFO:colcon.colcon_core.shell:Creating environment descriptor '/home/jasper/RoboWorks_Comp_Team/taskOptimzer/install/atwork_interfaces/share/atwork_interfaces/hook/cmake_prefix_path.dsv'
[12.196s] INFO:colcon.colcon_core.shell:Creating environment hook '/home/jasper/RoboWorks_Comp_Team/taskOptimzer/install/atwork_interfaces/share/atwork_interfaces/hook/cmake_prefix_path.sh'
[12.197s] Level 1:colcon.colcon_core.environment:checking '/home/jasper/RoboWorks_Comp_Team/taskOptimzer/install/atwork_interfaces/lib'
[12.197s] Level 1:colcon.colcon_core.shell:create_environment_hook('atwork_interfaces', 'ld_library_path_lib')
[12.218s] INFO:colcon.colcon_core.shell:Creating environment hook '/home/jasper/RoboWorks_Comp_Team/taskOptimzer/install/atwork_interfaces/share/atwork_interfaces/hook/ld_library_path_lib.ps1'
[12.218s] INFO:colcon.colcon_core.shell:Creating environment descriptor '/home/jasper/RoboWorks_Comp_Team/taskOptimzer/install/atwork_interfaces/share/atwork_interfaces/hook/ld_library_path_lib.dsv'
[12.218s] INFO:colcon.colcon_core.shell:Creating environment hook '/home/jasper/RoboWorks_Comp_Team/taskOptimzer/install/atwork_interfaces/share/atwork_interfaces/hook/ld_library_path_lib.sh'
[12.219s] Level 1:colcon.colcon_core.environment:checking '/home/jasper/RoboWorks_Comp_Team/taskOptimzer/install/atwork_interfaces/bin'
[12.219s] Level 1:colcon.colcon_core.environment:checking '/home/jasper/RoboWorks_Comp_Team/taskOptimzer/install/atwork_interfaces/lib/pkgconfig/atwork_interfaces.pc'
[12.219s] Level 1:colcon.colcon_core.environment:checking '/home/jasper/RoboWorks_Comp_Team/taskOptimzer/install/atwork_interfaces/lib/python3.10/site-packages'
[12.220s] Level 1:colcon.colcon_core.environment:checking '/home/jasper/RoboWorks_Comp_Team/taskOptimzer/install/atwork_interfaces/bin'
[12.239s] INFO:colcon.colcon_core.shell:Creating package script '/home/jasper/RoboWorks_Comp_Team/taskOptimzer/install/atwork_interfaces/share/atwork_interfaces/package.ps1'
[12.240s] INFO:colcon.colcon_core.shell:Creating package descriptor '/home/jasper/RoboWorks_Comp_Team/taskOptimzer/install/atwork_interfaces/share/atwork_interfaces/package.dsv'
[12.240s] INFO:colcon.colcon_core.shell:Creating package script '/home/jasper/RoboWorks_Comp_Team/taskOptimzer/install/atwork_interfaces/share/atwork_interfaces/package.sh'
[12.241s] INFO:colcon.colcon_core.shell:Creating package script '/home/jasper/RoboWorks_Comp_Team/taskOptimzer/install/atwork_interfaces/share/atwork_interfaces/package.bash'
[12.242s] INFO:colcon.colcon_core.shell:Creating package script '/home/jasper/RoboWorks_Comp_Team/taskOptimzer/install/atwork_interfaces/share/atwork_interfaces/package.zsh'
[12.242s] Level 1:colcon.colcon_core.environment:create_file_with_runtime_dependencies(/home/jasper/RoboWorks_Comp_Team/taskOptimzer/install/atwork_interfaces/share/colcon-core/packages/atwork_interfaces)
[12.646s] Level 1:colcon.colcon_core.environment:create_environment_scripts_only(atwork_interfaces)
[12.666s] Level 1:colcon.colcon_core.environment:checking '/home/jasper/RoboWorks_Comp_Team/taskOptimzer/install/atwork_interfaces' for CMake module files
[12.667s] Level 1:colcon.colcon_core.environment:checking '/home/jasper/RoboWorks_Comp_Team/taskOptimzer/install/atwork_interfaces' for CMake config files
[12.667s] Level 1:colcon.colcon_core.shell:create_environment_hook('atwork_interfaces', 'cmake_prefix_path')
[12.686s] INFO:colcon.colcon_core.shell:Creating environment hook '/home/jasper/RoboWorks_Comp_Team/taskOptimzer/install/atwork_interfaces/share/atwork_interfaces/hook/cmake_prefix_path.ps1'
[12.686s] INFO:colcon.colcon_core.shell:Creating environment descriptor '/home/jasper/RoboWorks_Comp_Team/taskOptimzer/install/atwork_interfaces/share/atwork_interfaces/hook/cmake_prefix_path.dsv'
[12.687s] INFO:colcon.colcon_core.shell:Creating environment hook '/home/jasper/RoboWorks_Comp_Team/taskOptimzer/install/atwork_interfaces/share/atwork_interfaces/hook/cmake_prefix_path.sh'
[12.687s] Level 1:colcon.colcon_core.environment:checking '/home/jasper/RoboWorks_Comp_Team/taskOptimzer/install/atwork_interfaces/lib'
[12.687s] Level 1:colcon.colcon_core.shell:create_environment_hook('atwork_interfaces', 'ld_library_path_lib')
[12.706s] INFO:colcon.colcon_core.shell:Creating environment hook '/home/jasper/RoboWorks_Comp_Team/taskOptimzer/install/atwork_interfaces/share/atwork_interfaces/hook/ld_library_path_lib.ps1'
[12.706s] INFO:colcon.colcon_core.shell:Creating environment descriptor '/home/jasper/RoboWorks_Comp_Team/taskOptimzer/install/atwork_interfaces/share/atwork_interfaces/hook/ld_library_path_lib.dsv'
[12.706s] INFO:colcon.colcon_core.shell:Creating environment hook '/home/jasper/RoboWorks_Comp_Team/taskOptimzer/install/atwork_interfaces/share/atwork_interfaces/hook/ld_library_path_lib.sh'
[12.707s] Level 1:colcon.colcon_core.environment:checking '/home/jasper/RoboWorks_Comp_Team/taskOptimzer/install/atwork_interfaces/bin'
[12.707s] Level 1:colcon.colcon_core.environment:checking '/home/jasper/RoboWorks_Comp_Team/taskOptimzer/install/atwork_interfaces/lib/pkgconfig/atwork_interfaces.pc'
[12.707s] Level 1:colcon.colcon_core.environment:checking '/home/jasper/RoboWorks_Comp_Team/taskOptimzer/install/atwork_interfaces/lib/python3.10/site-packages'
[12.707s] Level 1:colcon.colcon_core.environment:checking '/home/jasper/RoboWorks_Comp_Team/taskOptimzer/install/atwork_interfaces/bin'
[12.726s] INFO:colcon.colcon_core.shell:Creating package script '/home/jasper/RoboWorks_Comp_Team/taskOptimzer/install/atwork_interfaces/share/atwork_interfaces/package.ps1'
[12.727s] INFO:colcon.colcon_core.shell:Creating package descriptor '/home/jasper/RoboWorks_Comp_Team/taskOptimzer/install/atwork_interfaces/share/atwork_interfaces/package.dsv'
[12.727s] INFO:colcon.colcon_core.shell:Creating package script '/home/jasper/RoboWorks_Comp_Team/taskOptimzer/install/atwork_interfaces/share/atwork_interfaces/package.sh'
[12.728s] INFO:colcon.colcon_core.shell:Creating package script '/home/jasper/RoboWorks_Comp_Team/taskOptimzer/install/atwork_interfaces/share/atwork_interfaces/package.bash'
[12.728s] INFO:colcon.colcon_core.shell:Creating package script '/home/jasper/RoboWorks_Comp_Team/taskOptimzer/install/atwork_interfaces/share/atwork_interfaces/package.zsh'
[12.728s] Level 1:colcon.colcon_core.environment:create_file_with_runtime_dependencies(/home/jasper/RoboWorks_Comp_Team/taskOptimzer/install/atwork_interfaces/share/colcon-core/packages/atwork_interfaces)
[12.729s] DEBUG:colcon.colcon_parallel_executor.executor.parallel:closing loop
[12.729s] DEBUG:colcon.colcon_parallel_executor.executor.parallel:loop closed
[12.729s] DEBUG:colcon.colcon_parallel_executor.executor.parallel:run_until_complete finished with '0'
[12.729s] DEBUG:colcon.colcon_core.event_reactor:joining thread
[12.754s] INFO:colcon.colcon_core.plugin_system:Skipping extension 'colcon_notification.desktop_notification.terminal_notifier': Not used on non-Darwin systems
[12.754s] INFO:colcon.colcon_core.plugin_system:Skipping extension 'colcon_notification.desktop_notification.win32': Not used on non-Windows systems
[12.754s] INFO:colcon.colcon_notification.desktop_notification:Sending desktop notification using 'notify2'
[12.765s] DEBUG:colcon.colcon_core.event_reactor:joined thread
[12.785s] INFO:colcon.colcon_core.shell:Creating prefix script '/home/jasper/RoboWorks_Comp_Team/taskOptimzer/install/local_setup.ps1'
[12.786s] INFO:colcon.colcon_core.shell:Creating prefix util module '/home/jasper/RoboWorks_Comp_Team/taskOptimzer/install/_local_setup_util_ps1.py'
[12.787s] INFO:colcon.colcon_core.shell:Creating prefix chain script '/home/jasper/RoboWorks_Comp_Team/taskOptimzer/install/setup.ps1'
[12.809s] INFO:colcon.colcon_core.shell:Creating prefix script '/home/jasper/RoboWorks_Comp_Team/taskOptimzer/install/local_setup.sh'
[12.810s] INFO:colcon.colcon_core.shell:Creating prefix util module '/home/jasper/RoboWorks_Comp_Team/taskOptimzer/install/_local_setup_util_sh.py'
[12.810s] INFO:colcon.colcon_core.shell:Creating prefix chain script '/home/jasper/RoboWorks_Comp_Team/taskOptimzer/install/setup.sh'
[12.833s] INFO:colcon.colcon_core.shell:Creating prefix script '/home/jasper/RoboWorks_Comp_Team/taskOptimzer/install/local_setup.bash'
[12.833s] INFO:colcon.colcon_core.shell:Creating prefix chain script '/home/jasper/RoboWorks_Comp_Team/taskOptimzer/install/setup.bash'
[12.856s] INFO:colcon.colcon_core.shell:Creating prefix script '/home/jasper/RoboWorks_Comp_Team/taskOptimzer/install/local_setup.zsh'
[12.856s] INFO:colcon.colcon_core.shell:Creating prefix chain script '/home/jasper/RoboWorks_Comp_Team/taskOptimzer/install/setup.zsh'
