[0.111s] Invoking command in '/home/jasper/RoboWorks_Comp_Team/brain/build/roboworks_brain': CMAKE_PREFIX_PATH=${CMAKE_PREFIX_PATH}:/home/jasper/ws_moveit2/install/moveit_configs_utils:/home/jasper/ws_moveit2/install/launch_param_builder:/opt/ros/humble /usr/bin/cmake --build /home/jasper/RoboWorks_Comp_Team/brain/build/roboworks_brain -- -j8 -l8
[0.173s] [35m[1mConsolidate compiler generated dependencies of target brain_node[0m
[0.197s] [ 50%] [32mBuilding CXX object CMakeFiles/brain_node.dir/src/brain_node.cpp.o[0m
[8.334s] [100%] [32m[1mLinking CXX executable brain_node[0m
[8.736s] [100%] Built target brain_node
[8.752s] Invoked command in '/home/jasper/RoboWorks_Comp_Team/brain/build/roboworks_brain' returned '0': CMAKE_PREFIX_PATH=${CMAKE_PREFIX_PATH}:/home/jasper/ws_moveit2/install/moveit_configs_utils:/home/jasper/ws_moveit2/install/launch_param_builder:/opt/ros/humble /usr/bin/cmake --build /home/jasper/RoboWorks_Comp_Team/brain/build/roboworks_brain -- -j8 -l8
[8.817s] Invoking command in '/home/jasper/RoboWorks_Comp_Team/brain/build/roboworks_brain': CMAKE_PREFIX_PATH=${CMAKE_PREFIX_PATH}:/home/jasper/ws_moveit2/install/moveit_configs_utils:/home/jasper/ws_moveit2/install/launch_param_builder:/opt/ros/humble /usr/bin/cmake --install /home/jasper/RoboWorks_Comp_Team/brain/build/roboworks_brain
[8.829s] -- Install configuration: ""
[8.830s] -- Installing: /home/jasper/RoboWorks_Comp_Team/brain/install/roboworks_brain/lib/roboworks_brain/brain_node
[8.834s] -- Set runtime path of "/home/jasper/RoboWorks_Comp_Team/brain/install/roboworks_brain/lib/roboworks_brain/brain_node" to ""
[8.834s] -- Up-to-date: /home/jasper/RoboWorks_Comp_Team/brain/install/roboworks_brain/share/ament_index/resource_index/package_run_dependencies/roboworks_brain
[8.834s] -- Up-to-date: /home/jasper/RoboWorks_Comp_Team/brain/install/roboworks_brain/share/ament_index/resource_index/parent_prefix_path/roboworks_brain
[8.835s] -- Up-to-date: /home/jasper/RoboWorks_Comp_Team/brain/install/roboworks_brain/share/roboworks_brain/environment/ament_prefix_path.sh
[8.835s] -- Up-to-date: /home/jasper/RoboWorks_Comp_Team/brain/install/roboworks_brain/share/roboworks_brain/environment/ament_prefix_path.dsv
[8.835s] -- Up-to-date: /home/jasper/RoboWorks_Comp_Team/brain/install/roboworks_brain/share/roboworks_brain/environment/path.sh
[8.835s] -- Up-to-date: /home/jasper/RoboWorks_Comp_Team/brain/install/roboworks_brain/share/roboworks_brain/environment/path.dsv
[8.835s] -- Up-to-date: /home/jasper/RoboWorks_Comp_Team/brain/install/roboworks_brain/share/roboworks_brain/local_setup.bash
[8.835s] -- Up-to-date: /home/jasper/RoboWorks_Comp_Team/brain/install/roboworks_brain/share/roboworks_brain/local_setup.sh
[8.835s] -- Up-to-date: /home/jasper/RoboWorks_Comp_Team/brain/install/roboworks_brain/share/roboworks_brain/local_setup.zsh
[8.835s] -- Up-to-date: /home/jasper/RoboWorks_Comp_Team/brain/install/roboworks_brain/share/roboworks_brain/local_setup.dsv
[8.835s] -- Installing: /home/jasper/RoboWorks_Comp_Team/brain/install/roboworks_brain/share/roboworks_brain/package.dsv
[8.835s] -- Up-to-date: /home/jasper/RoboWorks_Comp_Team/brain/install/roboworks_brain/share/ament_index/resource_index/packages/roboworks_brain
[8.835s] -- Up-to-date: /home/jasper/RoboWorks_Comp_Team/brain/install/roboworks_brain/share/roboworks_brain/cmake/roboworks_brainConfig.cmake
[8.836s] -- Up-to-date: /home/jasper/RoboWorks_Comp_Team/brain/install/roboworks_brain/share/roboworks_brain/cmake/roboworks_brainConfig-version.cmake
[8.836s] -- Up-to-date: /home/jasper/RoboWorks_Comp_Team/brain/install/roboworks_brain/share/roboworks_brain/package.xml
[8.837s] Invoked command in '/home/jasper/RoboWorks_Comp_Team/brain/build/roboworks_brain' returned '0': CMAKE_PREFIX_PATH=${CMAKE_PREFIX_PATH}:/home/jasper/ws_moveit2/install/moveit_configs_utils:/home/jasper/ws_moveit2/install/launch_param_builder:/opt/ros/humble /usr/bin/cmake --install /home/jasper/RoboWorks_Comp_Team/brain/build/roboworks_brain
