[  2%] [34m[1mGenerating C code for ROS interfaces[0m
[  5%] [34m[1mGenerating C++ code for ROS interfaces[0m
[  5%] Built target ament_cmake_python_copy_roboworks_brain_interfaces
running egg_info
creating roboworks_brain_interfaces.egg-info
writing roboworks_brain_interfaces.egg-info/PKG-INFO
writing dependency_links to roboworks_brain_interfaces.egg-info/dependency_links.txt
writing top-level names to roboworks_brain_interfaces.egg-info/top_level.txt
writing manifest file 'roboworks_brain_interfaces.egg-info/SOURCES.txt'
reading manifest file 'roboworks_brain_interfaces.egg-info/SOURCES.txt'
writing manifest file 'roboworks_brain_interfaces.egg-info/SOURCES.txt'
[  5%] Built target ament_cmake_python_build_roboworks_brain_interfaces_egg
[  5%] Built target roboworks_brain_interfaces__cpp
[  7%] [32mBuilding C object CMakeFiles/roboworks_brain_interfaces__rosidl_generator_c.dir/rosidl_generator_c/roboworks_brain_interfaces/srv/detail/navigation__functions.c.o[0m
[ 10%] [32mBuilding C object CMakeFiles/roboworks_brain_interfaces__rosidl_generator_c.dir/rosidl_generator_c/roboworks_brain_interfaces/srv/detail/arm_brain__functions.c.o[0m
[ 12%] [34m[1mGenerating C++ type support dispatch for ROS interfaces[0m
[ 15%] [34m[1mGenerating C++ type support for eProsima Fast-RTPS[0m
[ 17%] [34m[1mGenerating C++ introspection for ROS interfaces[0m
[ 20%] [32m[1mLinking C shared library libroboworks_brain_interfaces__rosidl_generator_c.so[0m
[ 20%] Built target roboworks_brain_interfaces__rosidl_generator_c
[ 23%] [34m[1mGenerating C type support for eProsima Fast-RTPS[0m
[ 25%] [34m[1mGenerating C type support dispatch for ROS interfaces[0m
[ 28%] [34m[1mGenerating C introspection for ROS interfaces[0m
[ 30%] [32mBuilding CXX object CMakeFiles/roboworks_brain_interfaces__rosidl_typesupport_introspection_cpp.dir/rosidl_typesupport_introspection_cpp/roboworks_brain_interfaces/srv/detail/arm_brain__type_support.cpp.o[0m
[ 33%] [32mBuilding CXX object CMakeFiles/roboworks_brain_interfaces__rosidl_typesupport_introspection_cpp.dir/rosidl_typesupport_introspection_cpp/roboworks_brain_interfaces/srv/detail/navigation__type_support.cpp.o[0m
[ 38%] [32mBuilding CXX object CMakeFiles/roboworks_brain_interfaces__rosidl_typesupport_cpp.dir/rosidl_typesupport_cpp/roboworks_brain_interfaces/srv/navigation__type_support.cpp.o[0m
[ 38%] [32mBuilding CXX object CMakeFiles/roboworks_brain_interfaces__rosidl_typesupport_cpp.dir/rosidl_typesupport_cpp/roboworks_brain_interfaces/srv/arm_brain__type_support.cpp.o[0m
[ 41%] [32mBuilding CXX object CMakeFiles/roboworks_brain_interfaces__rosidl_typesupport_fastrtps_cpp.dir/rosidl_typesupport_fastrtps_cpp/roboworks_brain_interfaces/srv/detail/dds_fastrtps/arm_brain__type_support.cpp.o[0m
[ 43%] [32mBuilding CXX object CMakeFiles/roboworks_brain_interfaces__rosidl_typesupport_c.dir/rosidl_typesupport_c/roboworks_brain_interfaces/srv/arm_brain__type_support.cpp.o[0m
[ 46%] [32mBuilding CXX object CMakeFiles/roboworks_brain_interfaces__rosidl_typesupport_c.dir/rosidl_typesupport_c/roboworks_brain_interfaces/srv/navigation__type_support.cpp.o[0m
[ 48%] [32mBuilding CXX object CMakeFiles/roboworks_brain_interfaces__rosidl_typesupport_fastrtps_cpp.dir/rosidl_typesupport_fastrtps_cpp/roboworks_brain_interfaces/srv/detail/dds_fastrtps/navigation__type_support.cpp.o[0m
[ 51%] [32m[1mLinking CXX shared library libroboworks_brain_interfaces__rosidl_typesupport_cpp.so[0m
[ 53%] [32m[1mLinking CXX shared library libroboworks_brain_interfaces__rosidl_typesupport_c.so[0m
[ 56%] [32mBuilding C object CMakeFiles/roboworks_brain_interfaces__rosidl_typesupport_introspection_c.dir/rosidl_typesupport_introspection_c/roboworks_brain_interfaces/srv/detail/arm_brain__type_support.c.o[0m
[ 58%] [32mBuilding CXX object CMakeFiles/roboworks_brain_interfaces__rosidl_typesupport_fastrtps_c.dir/rosidl_typesupport_fastrtps_c/roboworks_brain_interfaces/srv/detail/arm_brain__type_support_c.cpp.o[0m
[ 58%] Built target roboworks_brain_interfaces__rosidl_typesupport_cpp
[ 61%] [32mBuilding CXX object CMakeFiles/roboworks_brain_interfaces__rosidl_typesupport_fastrtps_c.dir/rosidl_typesupport_fastrtps_c/roboworks_brain_interfaces/srv/detail/navigation__type_support_c.cpp.o[0m
[ 64%] [32mBuilding C object CMakeFiles/roboworks_brain_interfaces__rosidl_typesupport_introspection_c.dir/rosidl_typesupport_introspection_c/roboworks_brain_interfaces/srv/detail/navigation__type_support.c.o[0m
[ 64%] Built target roboworks_brain_interfaces__rosidl_typesupport_c
[ 66%] [32m[1mLinking C shared library libroboworks_brain_interfaces__rosidl_typesupport_introspection_c.so[0m
[ 69%] [32m[1mLinking CXX shared library libroboworks_brain_interfaces__rosidl_typesupport_introspection_cpp.so[0m
[ 69%] Built target roboworks_brain_interfaces__rosidl_typesupport_introspection_c
[ 69%] Built target roboworks_brain_interfaces__rosidl_typesupport_introspection_cpp
[ 71%] [32m[1mLinking CXX shared library libroboworks_brain_interfaces__rosidl_typesupport_fastrtps_cpp.so[0m
[ 74%] [32m[1mLinking CXX shared library libroboworks_brain_interfaces__rosidl_typesupport_fastrtps_c.so[0m
[ 74%] Built target roboworks_brain_interfaces__rosidl_typesupport_fastrtps_cpp
[ 74%] Built target roboworks_brain_interfaces__rosidl_typesupport_fastrtps_c
[ 74%] Built target roboworks_brain_interfaces
[ 76%] [34m[1mGenerating Python code for ROS interfaces[0m
[ 76%] Built target roboworks_brain_interfaces__py
[ 79%] [32mBuilding C object CMakeFiles/roboworks_brain_interfaces__rosidl_generator_py.dir/rosidl_generator_py/roboworks_brain_interfaces/srv/_arm_brain_s.c.o[0m
[ 82%] [32mBuilding C object CMakeFiles/roboworks_brain_interfaces__rosidl_generator_py.dir/rosidl_generator_py/roboworks_brain_interfaces/srv/_navigation_s.c.o[0m
[ 84%] [32m[1mLinking C shared library rosidl_generator_py/roboworks_brain_interfaces/libroboworks_brain_interfaces__rosidl_generator_py.so[0m
[ 84%] Built target roboworks_brain_interfaces__rosidl_generator_py
[ 92%] [32mBuilding C object CMakeFiles/roboworks_brain_interfaces__rosidl_typesupport_fastrtps_c__pyext.dir/rosidl_generator_py/roboworks_brain_interfaces/_roboworks_brain_interfaces_s.ep.rosidl_typesupport_fastrtps_c.c.o[0m
[ 92%] [32mBuilding C object CMakeFiles/roboworks_brain_interfaces__rosidl_typesupport_c__pyext.dir/rosidl_generator_py/roboworks_brain_interfaces/_roboworks_brain_interfaces_s.ep.rosidl_typesupport_c.c.o[0m
[ 92%] [32mBuilding C object CMakeFiles/roboworks_brain_interfaces__rosidl_typesupport_introspection_c__pyext.dir/rosidl_generator_py/roboworks_brain_interfaces/_roboworks_brain_interfaces_s.ep.rosidl_typesupport_introspection_c.c.o[0m
[100%] [32m[1mLinking C shared library rosidl_generator_py/roboworks_brain_interfaces/roboworks_brain_interfaces_s__rosidl_typesupport_introspection_c.cpython-310-x86_64-linux-gnu.so[0m
[100%] [32m[1mLinking C shared library rosidl_generator_py/roboworks_brain_interfaces/roboworks_brain_interfaces_s__rosidl_typesupport_c.cpython-310-x86_64-linux-gnu.so[0m
[100%] [32m[1mLinking C shared library rosidl_generator_py/roboworks_brain_interfaces/roboworks_brain_interfaces_s__rosidl_typesupport_fastrtps_c.cpython-310-x86_64-linux-gnu.so[0m
[100%] Built target roboworks_brain_interfaces__rosidl_typesupport_fastrtps_c__pyext
[100%] Built target roboworks_brain_interfaces__rosidl_typesupport_introspection_c__pyext
[100%] Built target roboworks_brain_interfaces__rosidl_typesupport_c__pyext
