[0.112s] Invoking command in '/home/jasper/RoboWorks_Comp_Team/brain/build/roboworks_brain_interfaces': CMAKE_PREFIX_PATH=${CMAKE_PREFIX_PATH}:/home/jasper/ws_moveit2/install/moveit_configs_utils:/home/jasper/ws_moveit2/install/launch_param_builder:/opt/ros/humble /usr/bin/cmake --build /home/jasper/RoboWorks_Comp_Team/brain/build/roboworks_brain_interfaces -- -j8 -l8
[0.177s] [  2%] [34m[1mGenerating C code for ROS interfaces[0m
[0.196s] [  5%] [34m[1mGenerating C++ code for ROS interfaces[0m
[0.210s] [  5%] Built target ament_cmake_python_copy_roboworks_brain_interfaces
[0.534s] running egg_info
[0.535s] creating roboworks_brain_interfaces.egg-info
[0.535s] writing roboworks_brain_interfaces.egg-info/PKG-INFO
[0.536s] writing dependency_links to roboworks_brain_interfaces.egg-info/dependency_links.txt
[0.536s] writing top-level names to roboworks_brain_interfaces.egg-info/top_level.txt
[0.536s] writing manifest file 'roboworks_brain_interfaces.egg-info/SOURCES.txt'
[0.538s] reading manifest file 'roboworks_brain_interfaces.egg-info/SOURCES.txt'
[0.540s] writing manifest file 'roboworks_brain_interfaces.egg-info/SOURCES.txt'
[0.576s] [  5%] Built target ament_cmake_python_build_roboworks_brain_interfaces_egg
[0.701s] [  5%] Built target roboworks_brain_interfaces__cpp
[0.712s] [  7%] [32mBuilding C object CMakeFiles/roboworks_brain_interfaces__rosidl_generator_c.dir/rosidl_generator_c/roboworks_brain_interfaces/srv/detail/navigation__functions.c.o[0m
[0.715s] [ 10%] [32mBuilding C object CMakeFiles/roboworks_brain_interfaces__rosidl_generator_c.dir/rosidl_generator_c/roboworks_brain_interfaces/srv/detail/arm_brain__functions.c.o[0m
[0.725s] [ 12%] [34m[1mGenerating C++ type support dispatch for ROS interfaces[0m
[0.726s] [ 15%] [34m[1mGenerating C++ type support for eProsima Fast-RTPS[0m
[0.728s] [ 17%] [34m[1mGenerating C++ introspection for ROS interfaces[0m
[0.834s] [ 20%] [32m[1mLinking C shared library libroboworks_brain_interfaces__rosidl_generator_c.so[0m
[0.920s] [ 20%] Built target roboworks_brain_interfaces__rosidl_generator_c
[0.945s] [ 23%] [34m[1mGenerating C type support for eProsima Fast-RTPS[0m
[0.947s] [ 25%] [34m[1mGenerating C type support dispatch for ROS interfaces[0m
[0.947s] [ 28%] [34m[1mGenerating C introspection for ROS interfaces[0m
[1.254s] [ 30%] [32mBuilding CXX object CMakeFiles/roboworks_brain_interfaces__rosidl_typesupport_introspection_cpp.dir/rosidl_typesupport_introspection_cpp/roboworks_brain_interfaces/srv/detail/arm_brain__type_support.cpp.o[0m
[1.255s] [ 33%] [32mBuilding CXX object CMakeFiles/roboworks_brain_interfaces__rosidl_typesupport_introspection_cpp.dir/rosidl_typesupport_introspection_cpp/roboworks_brain_interfaces/srv/detail/navigation__type_support.cpp.o[0m
[1.263s] [ 38%] [32mBuilding CXX object CMakeFiles/roboworks_brain_interfaces__rosidl_typesupport_cpp.dir/rosidl_typesupport_cpp/roboworks_brain_interfaces/srv/navigation__type_support.cpp.o[0m
[1.263s] [ 38%] [32mBuilding CXX object CMakeFiles/roboworks_brain_interfaces__rosidl_typesupport_cpp.dir/rosidl_typesupport_cpp/roboworks_brain_interfaces/srv/arm_brain__type_support.cpp.o[0m
[1.552s] [ 41%] [32mBuilding CXX object CMakeFiles/roboworks_brain_interfaces__rosidl_typesupport_fastrtps_cpp.dir/rosidl_typesupport_fastrtps_cpp/roboworks_brain_interfaces/srv/detail/dds_fastrtps/arm_brain__type_support.cpp.o[0m
[1.686s] [ 43%] [32mBuilding CXX object CMakeFiles/roboworks_brain_interfaces__rosidl_typesupport_c.dir/rosidl_typesupport_c/roboworks_brain_interfaces/srv/arm_brain__type_support.cpp.o[0m
[1.759s] [ 46%] [32mBuilding CXX object CMakeFiles/roboworks_brain_interfaces__rosidl_typesupport_c.dir/rosidl_typesupport_c/roboworks_brain_interfaces/srv/navigation__type_support.cpp.o[0m
[1.783s] [ 48%] [32mBuilding CXX object CMakeFiles/roboworks_brain_interfaces__rosidl_typesupport_fastrtps_cpp.dir/rosidl_typesupport_fastrtps_cpp/roboworks_brain_interfaces/srv/detail/dds_fastrtps/navigation__type_support.cpp.o[0m
[1.793s] [ 51%] [32m[1mLinking CXX shared library libroboworks_brain_interfaces__rosidl_typesupport_cpp.so[0m
[1.855s] [ 53%] [32m[1mLinking CXX shared library libroboworks_brain_interfaces__rosidl_typesupport_c.so[0m
[1.855s] [ 56%] [32mBuilding C object CMakeFiles/roboworks_brain_interfaces__rosidl_typesupport_introspection_c.dir/rosidl_typesupport_introspection_c/roboworks_brain_interfaces/srv/detail/arm_brain__type_support.c.o[0m
[1.886s] [ 58%] [32mBuilding CXX object CMakeFiles/roboworks_brain_interfaces__rosidl_typesupport_fastrtps_c.dir/rosidl_typesupport_fastrtps_c/roboworks_brain_interfaces/srv/detail/arm_brain__type_support_c.cpp.o[0m
[1.894s] [ 58%] Built target roboworks_brain_interfaces__rosidl_typesupport_cpp
[1.919s] [ 61%] [32mBuilding CXX object CMakeFiles/roboworks_brain_interfaces__rosidl_typesupport_fastrtps_c.dir/rosidl_typesupport_fastrtps_c/roboworks_brain_interfaces/srv/detail/navigation__type_support_c.cpp.o[0m
[1.944s] [ 64%] [32mBuilding C object CMakeFiles/roboworks_brain_interfaces__rosidl_typesupport_introspection_c.dir/rosidl_typesupport_introspection_c/roboworks_brain_interfaces/srv/detail/navigation__type_support.c.o[0m
[1.952s] [ 64%] Built target roboworks_brain_interfaces__rosidl_typesupport_c
[2.010s] [ 66%] [32m[1mLinking C shared library libroboworks_brain_interfaces__rosidl_typesupport_introspection_c.so[0m
[2.029s] [ 69%] [32m[1mLinking CXX shared library libroboworks_brain_interfaces__rosidl_typesupport_introspection_cpp.so[0m
[2.077s] [ 69%] Built target roboworks_brain_interfaces__rosidl_typesupport_introspection_c
[2.165s] [ 69%] Built target roboworks_brain_interfaces__rosidl_typesupport_introspection_cpp
[2.371s] [ 71%] [32m[1mLinking CXX shared library libroboworks_brain_interfaces__rosidl_typesupport_fastrtps_cpp.so[0m
[2.394s] [ 74%] [32m[1mLinking CXX shared library libroboworks_brain_interfaces__rosidl_typesupport_fastrtps_c.so[0m
[2.474s] [ 74%] Built target roboworks_brain_interfaces__rosidl_typesupport_fastrtps_cpp
[2.496s] [ 74%] Built target roboworks_brain_interfaces__rosidl_typesupport_fastrtps_c
[2.529s] [ 74%] Built target roboworks_brain_interfaces
[2.563s] [ 76%] [34m[1mGenerating Python code for ROS interfaces[0m
[3.238s] [ 76%] Built target roboworks_brain_interfaces__py
[3.272s] [ 79%] [32mBuilding C object CMakeFiles/roboworks_brain_interfaces__rosidl_generator_py.dir/rosidl_generator_py/roboworks_brain_interfaces/srv/_arm_brain_s.c.o[0m
[3.272s] [ 82%] [32mBuilding C object CMakeFiles/roboworks_brain_interfaces__rosidl_generator_py.dir/rosidl_generator_py/roboworks_brain_interfaces/srv/_navigation_s.c.o[0m
[3.395s] [ 84%] [32m[1mLinking C shared library rosidl_generator_py/roboworks_brain_interfaces/libroboworks_brain_interfaces__rosidl_generator_py.so[0m
[3.453s] [ 84%] Built target roboworks_brain_interfaces__rosidl_generator_py
[3.489s] [ 92%] [32mBuilding C object CMakeFiles/roboworks_brain_interfaces__rosidl_typesupport_fastrtps_c__pyext.dir/rosidl_generator_py/roboworks_brain_interfaces/_roboworks_brain_interfaces_s.ep.rosidl_typesupport_fastrtps_c.c.o[0m
[3.489s] [ 92%] [32mBuilding C object CMakeFiles/roboworks_brain_interfaces__rosidl_typesupport_c__pyext.dir/rosidl_generator_py/roboworks_brain_interfaces/_roboworks_brain_interfaces_s.ep.rosidl_typesupport_c.c.o[0m
[3.489s] [ 92%] [32mBuilding C object CMakeFiles/roboworks_brain_interfaces__rosidl_typesupport_introspection_c__pyext.dir/rosidl_generator_py/roboworks_brain_interfaces/_roboworks_brain_interfaces_s.ep.rosidl_typesupport_introspection_c.c.o[0m
[3.634s] [100%] [32m[1mLinking C shared library rosidl_generator_py/roboworks_brain_interfaces/roboworks_brain_interfaces_s__rosidl_typesupport_introspection_c.cpython-310-x86_64-linux-gnu.so[0m
[3.634s] [100%] [32m[1mLinking C shared library rosidl_generator_py/roboworks_brain_interfaces/roboworks_brain_interfaces_s__rosidl_typesupport_c.cpython-310-x86_64-linux-gnu.so[0m
[3.634s] [100%] [32m[1mLinking C shared library rosidl_generator_py/roboworks_brain_interfaces/roboworks_brain_interfaces_s__rosidl_typesupport_fastrtps_c.cpython-310-x86_64-linux-gnu.so[0m
[3.705s] [100%] Built target roboworks_brain_interfaces__rosidl_typesupport_fastrtps_c__pyext
[3.705s] [100%] Built target roboworks_brain_interfaces__rosidl_typesupport_introspection_c__pyext
[3.705s] [100%] Built target roboworks_brain_interfaces__rosidl_typesupport_c__pyext
