[0.125s] Invoking command in '/home/jasper/RoboWorks_Comp_Team/brain/build/roboworks_brain_interfaces': CMAKE_PREFIX_PATH=${CMAKE_PREFIX_PATH}:/home/jasper/ws_moveit2/install/moveit_configs_utils:/home/jasper/ws_moveit2/install/launch_param_builder:/opt/ros/humble /usr/bin/cmake --build /home/jasper/RoboWorks_Comp_Team/brain/build/roboworks_brain_interfaces -- -j8 -l8
[0.191s] [35m[1mConsolidate compiler generated dependencies of target roboworks_brain_interfaces__rosidl_generator_c[0m
[0.218s] [ 10%] Built target roboworks_brain_interfaces__rosidl_generator_c
[0.223s] [ 12%] Built target roboworks_brain_interfaces__cpp
[0.239s] [ 12%] Built target ament_cmake_python_copy_roboworks_brain_interfaces
[0.245s] [35m[1mConsolidate compiler generated dependencies of target roboworks_brain_interfaces__rosidl_typesupport_introspection_c[0m
[0.246s] [35m[1mConsolidate compiler generated dependencies of target roboworks_brain_interfaces__rosidl_typesupport_fastrtps_c[0m
[0.246s] [35m[1mConsolidate compiler generated dependencies of target roboworks_brain_interfaces__rosidl_typesupport_c[0m
[0.252s] [35m[1mConsolidate compiler generated dependencies of target roboworks_brain_interfaces__rosidl_typesupport_cpp[0m
[0.252s] [35m[1mConsolidate compiler generated dependencies of target roboworks_brain_interfaces__rosidl_typesupport_fastrtps_cpp[0m
[0.268s] [35m[1mConsolidate compiler generated dependencies of target roboworks_brain_interfaces__rosidl_typesupport_introspection_cpp[0m
[0.276s] [ 25%] Built target roboworks_brain_interfaces__rosidl_typesupport_introspection_c
[0.276s] [ 33%] Built target roboworks_brain_interfaces__rosidl_typesupport_c
[0.291s] [ 43%] Built target roboworks_brain_interfaces__rosidl_typesupport_fastrtps_c
[0.293s] [ 53%] Built target roboworks_brain_interfaces__rosidl_typesupport_fastrtps_cpp
[0.295s] [ 64%] Built target roboworks_brain_interfaces__rosidl_typesupport_cpp
[0.304s] [ 74%] Built target roboworks_brain_interfaces__rosidl_typesupport_introspection_cpp
[0.342s] [ 74%] Built target roboworks_brain_interfaces
[0.379s] [ 76%] Built target roboworks_brain_interfaces__py
[0.398s] [35m[1mConsolidate compiler generated dependencies of target roboworks_brain_interfaces__rosidl_generator_py[0m
[0.422s] [ 84%] Built target roboworks_brain_interfaces__rosidl_generator_py
[0.443s] [35m[1mConsolidate compiler generated dependencies of target roboworks_brain_interfaces__rosidl_typesupport_introspection_c__pyext[0m
[0.447s] [35m[1mConsolidate compiler generated dependencies of target roboworks_brain_interfaces__rosidl_typesupport_fastrtps_c__pyext[0m
[0.449s] [35m[1mConsolidate compiler generated dependencies of target roboworks_brain_interfaces__rosidl_typesupport_c__pyext[0m
[0.473s] [ 92%] Built target roboworks_brain_interfaces__rosidl_typesupport_introspection_c__pyext
[0.474s] [ 94%] Built target roboworks_brain_interfaces__rosidl_typesupport_fastrtps_c__pyext
[0.482s] [100%] Built target roboworks_brain_interfaces__rosidl_typesupport_c__pyext
[0.658s] running egg_info
[0.659s] writing roboworks_brain_interfaces.egg-info/PKG-INFO
[0.659s] writing dependency_links to roboworks_brain_interfaces.egg-info/dependency_links.txt
[0.660s] writing top-level names to roboworks_brain_interfaces.egg-info/top_level.txt
[0.662s] reading manifest file 'roboworks_brain_interfaces.egg-info/SOURCES.txt'
[0.664s] writing manifest file 'roboworks_brain_interfaces.egg-info/SOURCES.txt'
[0.698s] [100%] Built target ament_cmake_python_build_roboworks_brain_interfaces_egg
[0.715s] Invoked command in '/home/jasper/RoboWorks_Comp_Team/brain/build/roboworks_brain_interfaces' returned '0': CMAKE_PREFIX_PATH=${CMAKE_PREFIX_PATH}:/home/jasper/ws_moveit2/install/moveit_configs_utils:/home/jasper/ws_moveit2/install/launch_param_builder:/opt/ros/humble /usr/bin/cmake --build /home/jasper/RoboWorks_Comp_Team/brain/build/roboworks_brain_interfaces -- -j8 -l8
[0.943s] Invoking command in '/home/jasper/RoboWorks_Comp_Team/brain/build/roboworks_brain_interfaces': CMAKE_PREFIX_PATH=${CMAKE_PREFIX_PATH}:/home/jasper/ws_moveit2/install/moveit_configs_utils:/home/jasper/ws_moveit2/install/launch_param_builder:/opt/ros/humble /usr/bin/cmake --install /home/jasper/RoboWorks_Comp_Team/brain/build/roboworks_brain_interfaces
[0.957s] -- Install configuration: ""
[0.957s] -- Installing: /home/jasper/RoboWorks_Comp_Team/brain/install/roboworks_brain_interfaces/share/ament_index/resource_index/rosidl_interfaces/roboworks_brain_interfaces
[0.957s] -- Installing: /home/jasper/RoboWorks_Comp_Team/brain/install/roboworks_brain_interfaces/include/roboworks_brain_interfaces/roboworks_brain_interfaces
[0.957s] -- Installing: /home/jasper/RoboWorks_Comp_Team/brain/install/roboworks_brain_interfaces/include/roboworks_brain_interfaces/roboworks_brain_interfaces/msg
[0.957s] -- Installing: /home/jasper/RoboWorks_Comp_Team/brain/install/roboworks_brain_interfaces/include/roboworks_brain_interfaces/roboworks_brain_interfaces/msg/rosidl_generator_c__visibility_control.h
[0.957s] -- Installing: /home/jasper/RoboWorks_Comp_Team/brain/install/roboworks_brain_interfaces/include/roboworks_brain_interfaces/roboworks_brain_interfaces/srv
[0.957s] -- Installing: /home/jasper/RoboWorks_Comp_Team/brain/install/roboworks_brain_interfaces/include/roboworks_brain_interfaces/roboworks_brain_interfaces/srv/navigation.h
[0.958s] -- Installing: /home/jasper/RoboWorks_Comp_Team/brain/install/roboworks_brain_interfaces/include/roboworks_brain_interfaces/roboworks_brain_interfaces/srv/detail
[0.958s] -- Installing: /home/jasper/RoboWorks_Comp_Team/brain/install/roboworks_brain_interfaces/include/roboworks_brain_interfaces/roboworks_brain_interfaces/srv/detail/arm_brain__functions.h
[0.958s] -- Installing: /home/jasper/RoboWorks_Comp_Team/brain/install/roboworks_brain_interfaces/include/roboworks_brain_interfaces/roboworks_brain_interfaces/srv/detail/navigation__functions.c
[0.958s] -- Installing: /home/jasper/RoboWorks_Comp_Team/brain/install/roboworks_brain_interfaces/include/roboworks_brain_interfaces/roboworks_brain_interfaces/srv/detail/arm_brain__struct.h
[0.958s] -- Installing: /home/jasper/RoboWorks_Comp_Team/brain/install/roboworks_brain_interfaces/include/roboworks_brain_interfaces/roboworks_brain_interfaces/srv/detail/arm_brain__type_support.h
[0.958s] -- Installing: /home/jasper/RoboWorks_Comp_Team/brain/install/roboworks_brain_interfaces/include/roboworks_brain_interfaces/roboworks_brain_interfaces/srv/detail/arm_brain__functions.c
[0.958s] -- Installing: /home/jasper/RoboWorks_Comp_Team/brain/install/roboworks_brain_interfaces/include/roboworks_brain_interfaces/roboworks_brain_interfaces/srv/detail/navigation__type_support.h
[0.959s] -- Installing: /home/jasper/RoboWorks_Comp_Team/brain/install/roboworks_brain_interfaces/include/roboworks_brain_interfaces/roboworks_brain_interfaces/srv/detail/navigation__struct.h
[0.959s] -- Installing: /home/jasper/RoboWorks_Comp_Team/brain/install/roboworks_brain_interfaces/include/roboworks_brain_interfaces/roboworks_brain_interfaces/srv/detail/navigation__functions.h
[0.959s] -- Installing: /home/jasper/RoboWorks_Comp_Team/brain/install/roboworks_brain_interfaces/include/roboworks_brain_interfaces/roboworks_brain_interfaces/srv/arm_brain.h
[0.959s] -- Installing: /home/jasper/RoboWorks_Comp_Team/brain/install/roboworks_brain_interfaces/share/roboworks_brain_interfaces/environment/library_path.sh
[0.959s] -- Installing: /home/jasper/RoboWorks_Comp_Team/brain/install/roboworks_brain_interfaces/share/roboworks_brain_interfaces/environment/library_path.dsv
[0.959s] -- Installing: /home/jasper/RoboWorks_Comp_Team/brain/install/roboworks_brain_interfaces/lib/libroboworks_brain_interfaces__rosidl_generator_c.so
[0.959s] -- Set runtime path of "/home/jasper/RoboWorks_Comp_Team/brain/install/roboworks_brain_interfaces/lib/libroboworks_brain_interfaces__rosidl_generator_c.so" to ""
[0.960s] -- Up-to-date: /home/jasper/RoboWorks_Comp_Team/brain/install/roboworks_brain_interfaces/include/roboworks_brain_interfaces/roboworks_brain_interfaces
[0.960s] -- Up-to-date: /home/jasper/RoboWorks_Comp_Team/brain/install/roboworks_brain_interfaces/include/roboworks_brain_interfaces/roboworks_brain_interfaces/msg
[0.960s] -- Installing: /home/jasper/RoboWorks_Comp_Team/brain/install/roboworks_brain_interfaces/include/roboworks_brain_interfaces/roboworks_brain_interfaces/msg/rosidl_typesupport_fastrtps_c__visibility_control.h
[0.960s] -- Up-to-date: /home/jasper/RoboWorks_Comp_Team/brain/install/roboworks_brain_interfaces/include/roboworks_brain_interfaces/roboworks_brain_interfaces/srv
[0.960s] -- Up-to-date: /home/jasper/RoboWorks_Comp_Team/brain/install/roboworks_brain_interfaces/include/roboworks_brain_interfaces/roboworks_brain_interfaces/srv/detail
[0.960s] -- Installing: /home/jasper/RoboWorks_Comp_Team/brain/install/roboworks_brain_interfaces/include/roboworks_brain_interfaces/roboworks_brain_interfaces/srv/detail/arm_brain__rosidl_typesupport_fastrtps_c.h
[0.960s] -- Installing: /home/jasper/RoboWorks_Comp_Team/brain/install/roboworks_brain_interfaces/include/roboworks_brain_interfaces/roboworks_brain_interfaces/srv/detail/navigation__rosidl_typesupport_fastrtps_c.h
[0.961s] -- Installing: /home/jasper/RoboWorks_Comp_Team/brain/install/roboworks_brain_interfaces/lib/libroboworks_brain_interfaces__rosidl_typesupport_fastrtps_c.so
[0.961s] -- Set runtime path of "/home/jasper/RoboWorks_Comp_Team/brain/install/roboworks_brain_interfaces/lib/libroboworks_brain_interfaces__rosidl_typesupport_fastrtps_c.so" to ""
[0.961s] -- Up-to-date: /home/jasper/RoboWorks_Comp_Team/brain/install/roboworks_brain_interfaces/include/roboworks_brain_interfaces/roboworks_brain_interfaces
[0.961s] -- Up-to-date: /home/jasper/RoboWorks_Comp_Team/brain/install/roboworks_brain_interfaces/include/roboworks_brain_interfaces/roboworks_brain_interfaces/msg
[0.962s] -- Installing: /home/jasper/RoboWorks_Comp_Team/brain/install/roboworks_brain_interfaces/include/roboworks_brain_interfaces/roboworks_brain_interfaces/msg/rosidl_typesupport_introspection_c__visibility_control.h
[0.962s] -- Up-to-date: /home/jasper/RoboWorks_Comp_Team/brain/install/roboworks_brain_interfaces/include/roboworks_brain_interfaces/roboworks_brain_interfaces/srv
[0.962s] -- Up-to-date: /home/jasper/RoboWorks_Comp_Team/brain/install/roboworks_brain_interfaces/include/roboworks_brain_interfaces/roboworks_brain_interfaces/srv/detail
[0.962s] -- Installing: /home/jasper/RoboWorks_Comp_Team/brain/install/roboworks_brain_interfaces/include/roboworks_brain_interfaces/roboworks_brain_interfaces/srv/detail/arm_brain__type_support.c
[0.962s] -- Installing: /home/jasper/RoboWorks_Comp_Team/brain/install/roboworks_brain_interfaces/include/roboworks_brain_interfaces/roboworks_brain_interfaces/srv/detail/arm_brain__rosidl_typesupport_introspection_c.h
[0.962s] -- Installing: /home/jasper/RoboWorks_Comp_Team/brain/install/roboworks_brain_interfaces/include/roboworks_brain_interfaces/roboworks_brain_interfaces/srv/detail/navigation__rosidl_typesupport_introspection_c.h
[0.963s] -- Installing: /home/jasper/RoboWorks_Comp_Team/brain/install/roboworks_brain_interfaces/include/roboworks_brain_interfaces/roboworks_brain_interfaces/srv/detail/navigation__type_support.c
[0.963s] -- Installing: /home/jasper/RoboWorks_Comp_Team/brain/install/roboworks_brain_interfaces/lib/libroboworks_brain_interfaces__rosidl_typesupport_introspection_c.so
[0.964s] -- Set runtime path of "/home/jasper/RoboWorks_Comp_Team/brain/install/roboworks_brain_interfaces/lib/libroboworks_brain_interfaces__rosidl_typesupport_introspection_c.so" to ""
[0.964s] -- Installing: /home/jasper/RoboWorks_Comp_Team/brain/install/roboworks_brain_interfaces/lib/libroboworks_brain_interfaces__rosidl_typesupport_c.so
[0.964s] -- Set runtime path of "/home/jasper/RoboWorks_Comp_Team/brain/install/roboworks_brain_interfaces/lib/libroboworks_brain_interfaces__rosidl_typesupport_c.so" to ""
[0.964s] -- Up-to-date: /home/jasper/RoboWorks_Comp_Team/brain/install/roboworks_brain_interfaces/include/roboworks_brain_interfaces/roboworks_brain_interfaces
[0.965s] -- Up-to-date: /home/jasper/RoboWorks_Comp_Team/brain/install/roboworks_brain_interfaces/include/roboworks_brain_interfaces/roboworks_brain_interfaces/srv
[0.965s] -- Installing: /home/jasper/RoboWorks_Comp_Team/brain/install/roboworks_brain_interfaces/include/roboworks_brain_interfaces/roboworks_brain_interfaces/srv/navigation.hpp
[0.965s] -- Up-to-date: /home/jasper/RoboWorks_Comp_Team/brain/install/roboworks_brain_interfaces/include/roboworks_brain_interfaces/roboworks_brain_interfaces/srv/detail
[0.965s] -- Installing: /home/jasper/RoboWorks_Comp_Team/brain/install/roboworks_brain_interfaces/include/roboworks_brain_interfaces/roboworks_brain_interfaces/srv/detail/arm_brain__struct.hpp
[0.966s] -- Installing: /home/jasper/RoboWorks_Comp_Team/brain/install/roboworks_brain_interfaces/include/roboworks_brain_interfaces/roboworks_brain_interfaces/srv/detail/navigation__builder.hpp
[0.966s] -- Installing: /home/jasper/RoboWorks_Comp_Team/brain/install/roboworks_brain_interfaces/include/roboworks_brain_interfaces/roboworks_brain_interfaces/srv/detail/navigation__struct.hpp
[0.966s] -- Installing: /home/jasper/RoboWorks_Comp_Team/brain/install/roboworks_brain_interfaces/include/roboworks_brain_interfaces/roboworks_brain_interfaces/srv/detail/arm_brain__builder.hpp
[0.966s] -- Installing: /home/jasper/RoboWorks_Comp_Team/brain/install/roboworks_brain_interfaces/include/roboworks_brain_interfaces/roboworks_brain_interfaces/srv/detail/navigation__traits.hpp
[0.967s] -- Installing: /home/jasper/RoboWorks_Comp_Team/brain/install/roboworks_brain_interfaces/include/roboworks_brain_interfaces/roboworks_brain_interfaces/srv/detail/arm_brain__traits.hpp
[0.967s] -- Installing: /home/jasper/RoboWorks_Comp_Team/brain/install/roboworks_brain_interfaces/include/roboworks_brain_interfaces/roboworks_brain_interfaces/srv/arm_brain.hpp
[0.967s] -- Up-to-date: /home/jasper/RoboWorks_Comp_Team/brain/install/roboworks_brain_interfaces/include/roboworks_brain_interfaces/roboworks_brain_interfaces
[0.967s] -- Up-to-date: /home/jasper/RoboWorks_Comp_Team/brain/install/roboworks_brain_interfaces/include/roboworks_brain_interfaces/roboworks_brain_interfaces/msg
[0.967s] -- Installing: /home/jasper/RoboWorks_Comp_Team/brain/install/roboworks_brain_interfaces/include/roboworks_brain_interfaces/roboworks_brain_interfaces/msg/rosidl_typesupport_fastrtps_cpp__visibility_control.h
[0.968s] -- Up-to-date: /home/jasper/RoboWorks_Comp_Team/brain/install/roboworks_brain_interfaces/include/roboworks_brain_interfaces/roboworks_brain_interfaces/srv
[0.968s] -- Up-to-date: /home/jasper/RoboWorks_Comp_Team/brain/install/roboworks_brain_interfaces/include/roboworks_brain_interfaces/roboworks_brain_interfaces/srv/detail
[0.968s] -- Installing: /home/jasper/RoboWorks_Comp_Team/brain/install/roboworks_brain_interfaces/include/roboworks_brain_interfaces/roboworks_brain_interfaces/srv/detail/dds_fastrtps
[0.968s] -- Installing: /home/jasper/RoboWorks_Comp_Team/brain/install/roboworks_brain_interfaces/include/roboworks_brain_interfaces/roboworks_brain_interfaces/srv/detail/navigation__rosidl_typesupport_fastrtps_cpp.hpp
[0.969s] -- Installing: /home/jasper/RoboWorks_Comp_Team/brain/install/roboworks_brain_interfaces/include/roboworks_brain_interfaces/roboworks_brain_interfaces/srv/detail/arm_brain__rosidl_typesupport_fastrtps_cpp.hpp
[0.969s] -- Installing: /home/jasper/RoboWorks_Comp_Team/brain/install/roboworks_brain_interfaces/lib/libroboworks_brain_interfaces__rosidl_typesupport_fastrtps_cpp.so
[0.969s] -- Set runtime path of "/home/jasper/RoboWorks_Comp_Team/brain/install/roboworks_brain_interfaces/lib/libroboworks_brain_interfaces__rosidl_typesupport_fastrtps_cpp.so" to ""
[0.969s] -- Up-to-date: /home/jasper/RoboWorks_Comp_Team/brain/install/roboworks_brain_interfaces/include/roboworks_brain_interfaces/roboworks_brain_interfaces
[0.969s] -- Up-to-date: /home/jasper/RoboWorks_Comp_Team/brain/install/roboworks_brain_interfaces/include/roboworks_brain_interfaces/roboworks_brain_interfaces/srv
[0.970s] -- Up-to-date: /home/jasper/RoboWorks_Comp_Team/brain/install/roboworks_brain_interfaces/include/roboworks_brain_interfaces/roboworks_brain_interfaces/srv/detail
[0.970s] -- Installing: /home/jasper/RoboWorks_Comp_Team/brain/install/roboworks_brain_interfaces/include/roboworks_brain_interfaces/roboworks_brain_interfaces/srv/detail/arm_brain__type_support.cpp
[0.970s] -- Installing: /home/jasper/RoboWorks_Comp_Team/brain/install/roboworks_brain_interfaces/include/roboworks_brain_interfaces/roboworks_brain_interfaces/srv/detail/navigation__rosidl_typesupport_introspection_cpp.hpp
[0.970s] -- Installing: /home/jasper/RoboWorks_Comp_Team/brain/install/roboworks_brain_interfaces/include/roboworks_brain_interfaces/roboworks_brain_interfaces/srv/detail/navigation__type_support.cpp
[0.970s] -- Installing: /home/jasper/RoboWorks_Comp_Team/brain/install/roboworks_brain_interfaces/include/roboworks_brain_interfaces/roboworks_brain_interfaces/srv/detail/arm_brain__rosidl_typesupport_introspection_cpp.hpp
[0.971s] -- Installing: /home/jasper/RoboWorks_Comp_Team/brain/install/roboworks_brain_interfaces/lib/libroboworks_brain_interfaces__rosidl_typesupport_introspection_cpp.so
[0.971s] -- Set runtime path of "/home/jasper/RoboWorks_Comp_Team/brain/install/roboworks_brain_interfaces/lib/libroboworks_brain_interfaces__rosidl_typesupport_introspection_cpp.so" to ""
[0.971s] -- Installing: /home/jasper/RoboWorks_Comp_Team/brain/install/roboworks_brain_interfaces/lib/libroboworks_brain_interfaces__rosidl_typesupport_cpp.so
[0.971s] -- Set runtime path of "/home/jasper/RoboWorks_Comp_Team/brain/install/roboworks_brain_interfaces/lib/libroboworks_brain_interfaces__rosidl_typesupport_cpp.so" to ""
[0.971s] -- Installing: /home/jasper/RoboWorks_Comp_Team/brain/install/roboworks_brain_interfaces/share/roboworks_brain_interfaces/environment/pythonpath.sh
[0.972s] -- Installing: /home/jasper/RoboWorks_Comp_Team/brain/install/roboworks_brain_interfaces/share/roboworks_brain_interfaces/environment/pythonpath.dsv
[0.972s] -- Installing: /home/jasper/RoboWorks_Comp_Team/brain/install/roboworks_brain_interfaces/local/lib/python3.10/dist-packages/roboworks_brain_interfaces-0.0.0-py3.10.egg-info
[0.972s] -- Installing: /home/jasper/RoboWorks_Comp_Team/brain/install/roboworks_brain_interfaces/local/lib/python3.10/dist-packages/roboworks_brain_interfaces-0.0.0-py3.10.egg-info/top_level.txt
[0.972s] -- Installing: /home/jasper/RoboWorks_Comp_Team/brain/install/roboworks_brain_interfaces/local/lib/python3.10/dist-packages/roboworks_brain_interfaces-0.0.0-py3.10.egg-info/dependency_links.txt
[0.972s] -- Installing: /home/jasper/RoboWorks_Comp_Team/brain/install/roboworks_brain_interfaces/local/lib/python3.10/dist-packages/roboworks_brain_interfaces-0.0.0-py3.10.egg-info/SOURCES.txt
[0.972s] -- Installing: /home/jasper/RoboWorks_Comp_Team/brain/install/roboworks_brain_interfaces/local/lib/python3.10/dist-packages/roboworks_brain_interfaces-0.0.0-py3.10.egg-info/PKG-INFO
[0.973s] -- Installing: /home/jasper/RoboWorks_Comp_Team/brain/install/roboworks_brain_interfaces/local/lib/python3.10/dist-packages/roboworks_brain_interfaces
[0.973s] -- Installing: /home/jasper/RoboWorks_Comp_Team/brain/install/roboworks_brain_interfaces/local/lib/python3.10/dist-packages/roboworks_brain_interfaces/roboworks_brain_interfaces_s__rosidl_typesupport_introspection_c.cpython-310-x86_64-linux-gnu.so
[0.973s] -- Installing: /home/jasper/RoboWorks_Comp_Team/brain/install/roboworks_brain_interfaces/local/lib/python3.10/dist-packages/roboworks_brain_interfaces/roboworks_brain_interfaces_s__rosidl_typesupport_c.cpython-310-x86_64-linux-gnu.so
[0.973s] -- Installing: /home/jasper/RoboWorks_Comp_Team/brain/install/roboworks_brain_interfaces/local/lib/python3.10/dist-packages/roboworks_brain_interfaces/_roboworks_brain_interfaces_s.ep.rosidl_typesupport_fastrtps_c.c
[0.973s] -- Installing: /home/jasper/RoboWorks_Comp_Team/brain/install/roboworks_brain_interfaces/local/lib/python3.10/dist-packages/roboworks_brain_interfaces/__init__.py
[0.974s] -- Installing: /home/jasper/RoboWorks_Comp_Team/brain/install/roboworks_brain_interfaces/local/lib/python3.10/dist-packages/roboworks_brain_interfaces/libroboworks_brain_interfaces__rosidl_generator_py.so
[0.974s] -- Installing: /home/jasper/RoboWorks_Comp_Team/brain/install/roboworks_brain_interfaces/local/lib/python3.10/dist-packages/roboworks_brain_interfaces/roboworks_brain_interfaces_s__rosidl_typesupport_fastrtps_c.cpython-310-x86_64-linux-gnu.so
[0.974s] -- Installing: /home/jasper/RoboWorks_Comp_Team/brain/install/roboworks_brain_interfaces/local/lib/python3.10/dist-packages/roboworks_brain_interfaces/_roboworks_brain_interfaces_s.ep.rosidl_typesupport_introspection_c.c
[0.974s] -- Installing: /home/jasper/RoboWorks_Comp_Team/brain/install/roboworks_brain_interfaces/local/lib/python3.10/dist-packages/roboworks_brain_interfaces/srv
[0.974s] -- Installing: /home/jasper/RoboWorks_Comp_Team/brain/install/roboworks_brain_interfaces/local/lib/python3.10/dist-packages/roboworks_brain_interfaces/srv/_navigation.py
[0.975s] -- Installing: /home/jasper/RoboWorks_Comp_Team/brain/install/roboworks_brain_interfaces/local/lib/python3.10/dist-packages/roboworks_brain_interfaces/srv/__init__.py
[0.975s] -- Installing: /home/jasper/RoboWorks_Comp_Team/brain/install/roboworks_brain_interfaces/local/lib/python3.10/dist-packages/roboworks_brain_interfaces/srv/_arm_brain.py
[0.975s] -- Installing: /home/jasper/RoboWorks_Comp_Team/brain/install/roboworks_brain_interfaces/local/lib/python3.10/dist-packages/roboworks_brain_interfaces/srv/_arm_brain_s.c
[0.975s] -- Installing: /home/jasper/RoboWorks_Comp_Team/brain/install/roboworks_brain_interfaces/local/lib/python3.10/dist-packages/roboworks_brain_interfaces/srv/_navigation_s.c
[0.975s] -- Installing: /home/jasper/RoboWorks_Comp_Team/brain/install/roboworks_brain_interfaces/local/lib/python3.10/dist-packages/roboworks_brain_interfaces/_roboworks_brain_interfaces_s.ep.rosidl_typesupport_c.c
[1.011s] Listing '/home/jasper/RoboWorks_Comp_Team/brain/install/roboworks_brain_interfaces/local/lib/python3.10/dist-packages/roboworks_brain_interfaces'...
[1.011s] Compiling '/home/jasper/RoboWorks_Comp_Team/brain/install/roboworks_brain_interfaces/local/lib/python3.10/dist-packages/roboworks_brain_interfaces/__init__.py'...
[1.012s] Listing '/home/jasper/RoboWorks_Comp_Team/brain/install/roboworks_brain_interfaces/local/lib/python3.10/dist-packages/roboworks_brain_interfaces/srv'...
[1.012s] Compiling '/home/jasper/RoboWorks_Comp_Team/brain/install/roboworks_brain_interfaces/local/lib/python3.10/dist-packages/roboworks_brain_interfaces/srv/__init__.py'...
[1.012s] Compiling '/home/jasper/RoboWorks_Comp_Team/brain/install/roboworks_brain_interfaces/local/lib/python3.10/dist-packages/roboworks_brain_interfaces/srv/_arm_brain.py'...
[1.012s] Compiling '/home/jasper/RoboWorks_Comp_Team/brain/install/roboworks_brain_interfaces/local/lib/python3.10/dist-packages/roboworks_brain_interfaces/srv/_navigation.py'...
[1.017s] -- Installing: /home/jasper/RoboWorks_Comp_Team/brain/install/roboworks_brain_interfaces/local/lib/python3.10/dist-packages/roboworks_brain_interfaces/roboworks_brain_interfaces_s__rosidl_typesupport_fastrtps_c.cpython-310-x86_64-linux-gnu.so
[1.019s] -- Set runtime path of "/home/jasper/RoboWorks_Comp_Team/brain/install/roboworks_brain_interfaces/local/lib/python3.10/dist-packages/roboworks_brain_interfaces/roboworks_brain_interfaces_s__rosidl_typesupport_fastrtps_c.cpython-310-x86_64-linux-gnu.so" to ""
[1.019s] -- Installing: /home/jasper/RoboWorks_Comp_Team/brain/install/roboworks_brain_interfaces/local/lib/python3.10/dist-packages/roboworks_brain_interfaces/roboworks_brain_interfaces_s__rosidl_typesupport_introspection_c.cpython-310-x86_64-linux-gnu.so
[1.019s] -- Set runtime path of "/home/jasper/RoboWorks_Comp_Team/brain/install/roboworks_brain_interfaces/local/lib/python3.10/dist-packages/roboworks_brain_interfaces/roboworks_brain_interfaces_s__rosidl_typesupport_introspection_c.cpython-310-x86_64-linux-gnu.so" to ""
[1.020s] -- Installing: /home/jasper/RoboWorks_Comp_Team/brain/install/roboworks_brain_interfaces/local/lib/python3.10/dist-packages/roboworks_brain_interfaces/roboworks_brain_interfaces_s__rosidl_typesupport_c.cpython-310-x86_64-linux-gnu.so
[1.020s] -- Set runtime path of "/home/jasper/RoboWorks_Comp_Team/brain/install/roboworks_brain_interfaces/local/lib/python3.10/dist-packages/roboworks_brain_interfaces/roboworks_brain_interfaces_s__rosidl_typesupport_c.cpython-310-x86_64-linux-gnu.so" to ""
[1.021s] -- Installing: /home/jasper/RoboWorks_Comp_Team/brain/install/roboworks_brain_interfaces/lib/libroboworks_brain_interfaces__rosidl_generator_py.so
[1.021s] -- Set runtime path of "/home/jasper/RoboWorks_Comp_Team/brain/install/roboworks_brain_interfaces/lib/libroboworks_brain_interfaces__rosidl_generator_py.so" to ""
[1.022s] -- Installing: /home/jasper/RoboWorks_Comp_Team/brain/install/roboworks_brain_interfaces/share/roboworks_brain_interfaces/srv/ArmBrain.idl
[1.023s] -- Installing: /home/jasper/RoboWorks_Comp_Team/brain/install/roboworks_brain_interfaces/share/roboworks_brain_interfaces/srv/Navigation.idl
[1.023s] -- Installing: /home/jasper/RoboWorks_Comp_Team/brain/install/roboworks_brain_interfaces/share/roboworks_brain_interfaces/srv/ArmBrain.srv
[1.024s] -- Installing: /home/jasper/RoboWorks_Comp_Team/brain/install/roboworks_brain_interfaces/share/roboworks_brain_interfaces/srv/ArmBrain_Request.msg
[1.024s] -- Installing: /home/jasper/RoboWorks_Comp_Team/brain/install/roboworks_brain_interfaces/share/roboworks_brain_interfaces/srv/ArmBrain_Response.msg
[1.024s] -- Installing: /home/jasper/RoboWorks_Comp_Team/brain/install/roboworks_brain_interfaces/share/roboworks_brain_interfaces/srv/Navigation.srv
[1.025s] -- Installing: /home/jasper/RoboWorks_Comp_Team/brain/install/roboworks_brain_interfaces/share/roboworks_brain_interfaces/srv/Navigation_Request.msg
[1.025s] -- Installing: /home/jasper/RoboWorks_Comp_Team/brain/install/roboworks_brain_interfaces/share/roboworks_brain_interfaces/srv/Navigation_Response.msg
[1.025s] -- Installing: /home/jasper/RoboWorks_Comp_Team/brain/install/roboworks_brain_interfaces/share/ament_index/resource_index/package_run_dependencies/roboworks_brain_interfaces
[1.025s] -- Installing: /home/jasper/RoboWorks_Comp_Team/brain/install/roboworks_brain_interfaces/share/ament_index/resource_index/parent_prefix_path/roboworks_brain_interfaces
[1.025s] -- Installing: /home/jasper/RoboWorks_Comp_Team/brain/install/roboworks_brain_interfaces/share/roboworks_brain_interfaces/environment/ament_prefix_path.sh
[1.025s] -- Installing: /home/jasper/RoboWorks_Comp_Team/brain/install/roboworks_brain_interfaces/share/roboworks_brain_interfaces/environment/ament_prefix_path.dsv
[1.026s] -- Installing: /home/jasper/RoboWorks_Comp_Team/brain/install/roboworks_brain_interfaces/share/roboworks_brain_interfaces/environment/path.sh
[1.026s] -- Installing: /home/jasper/RoboWorks_Comp_Team/brain/install/roboworks_brain_interfaces/share/roboworks_brain_interfaces/environment/path.dsv
[1.026s] -- Installing: /home/jasper/RoboWorks_Comp_Team/brain/install/roboworks_brain_interfaces/share/roboworks_brain_interfaces/local_setup.bash
[1.026s] -- Installing: /home/jasper/RoboWorks_Comp_Team/brain/install/roboworks_brain_interfaces/share/roboworks_brain_interfaces/local_setup.sh
[1.026s] -- Installing: /home/jasper/RoboWorks_Comp_Team/brain/install/roboworks_brain_interfaces/share/roboworks_brain_interfaces/local_setup.zsh
[1.026s] -- Installing: /home/jasper/RoboWorks_Comp_Team/brain/install/roboworks_brain_interfaces/share/roboworks_brain_interfaces/local_setup.dsv
[1.026s] -- Installing: /home/jasper/RoboWorks_Comp_Team/brain/install/roboworks_brain_interfaces/share/roboworks_brain_interfaces/package.dsv
[1.026s] -- Installing: /home/jasper/RoboWorks_Comp_Team/brain/install/roboworks_brain_interfaces/share/ament_index/resource_index/packages/roboworks_brain_interfaces
[1.026s] -- Installing: /home/jasper/RoboWorks_Comp_Team/brain/install/roboworks_brain_interfaces/share/roboworks_brain_interfaces/cmake/export_roboworks_brain_interfaces__rosidl_generator_cExport.cmake
[1.027s] -- Installing: /home/jasper/RoboWorks_Comp_Team/brain/install/roboworks_brain_interfaces/share/roboworks_brain_interfaces/cmake/export_roboworks_brain_interfaces__rosidl_generator_cExport-noconfig.cmake
[1.027s] -- Installing: /home/jasper/RoboWorks_Comp_Team/brain/install/roboworks_brain_interfaces/share/roboworks_brain_interfaces/cmake/export_roboworks_brain_interfaces__rosidl_typesupport_fastrtps_cExport.cmake
[1.027s] -- Installing: /home/jasper/RoboWorks_Comp_Team/brain/install/roboworks_brain_interfaces/share/roboworks_brain_interfaces/cmake/export_roboworks_brain_interfaces__rosidl_typesupport_fastrtps_cExport-noconfig.cmake
[1.027s] -- Installing: /home/jasper/RoboWorks_Comp_Team/brain/install/roboworks_brain_interfaces/share/roboworks_brain_interfaces/cmake/roboworks_brain_interfaces__rosidl_typesupport_introspection_cExport.cmake
[1.027s] -- Installing: /home/jasper/RoboWorks_Comp_Team/brain/install/roboworks_brain_interfaces/share/roboworks_brain_interfaces/cmake/roboworks_brain_interfaces__rosidl_typesupport_introspection_cExport-noconfig.cmake
[1.027s] -- Installing: /home/jasper/RoboWorks_Comp_Team/brain/install/roboworks_brain_interfaces/share/roboworks_brain_interfaces/cmake/roboworks_brain_interfaces__rosidl_typesupport_cExport.cmake
[1.027s] -- Installing: /home/jasper/RoboWorks_Comp_Team/brain/install/roboworks_brain_interfaces/share/roboworks_brain_interfaces/cmake/roboworks_brain_interfaces__rosidl_typesupport_cExport-noconfig.cmake
[1.027s] -- Installing: /home/jasper/RoboWorks_Comp_Team/brain/install/roboworks_brain_interfaces/share/roboworks_brain_interfaces/cmake/export_roboworks_brain_interfaces__rosidl_generator_cppExport.cmake
[1.028s] -- Installing: /home/jasper/RoboWorks_Comp_Team/brain/install/roboworks_brain_interfaces/share/roboworks_brain_interfaces/cmake/export_roboworks_brain_interfaces__rosidl_typesupport_fastrtps_cppExport.cmake
[1.028s] -- Installing: /home/jasper/RoboWorks_Comp_Team/brain/install/roboworks_brain_interfaces/share/roboworks_brain_interfaces/cmake/export_roboworks_brain_interfaces__rosidl_typesupport_fastrtps_cppExport-noconfig.cmake
[1.028s] -- Installing: /home/jasper/RoboWorks_Comp_Team/brain/install/roboworks_brain_interfaces/share/roboworks_brain_interfaces/cmake/roboworks_brain_interfaces__rosidl_typesupport_introspection_cppExport.cmake
[1.028s] -- Installing: /home/jasper/RoboWorks_Comp_Team/brain/install/roboworks_brain_interfaces/share/roboworks_brain_interfaces/cmake/roboworks_brain_interfaces__rosidl_typesupport_introspection_cppExport-noconfig.cmake
[1.029s] -- Installing: /home/jasper/RoboWorks_Comp_Team/brain/install/roboworks_brain_interfaces/share/roboworks_brain_interfaces/cmake/roboworks_brain_interfaces__rosidl_typesupport_cppExport.cmake
[1.029s] -- Installing: /home/jasper/RoboWorks_Comp_Team/brain/install/roboworks_brain_interfaces/share/roboworks_brain_interfaces/cmake/roboworks_brain_interfaces__rosidl_typesupport_cppExport-noconfig.cmake
[1.029s] -- Installing: /home/jasper/RoboWorks_Comp_Team/brain/install/roboworks_brain_interfaces/share/roboworks_brain_interfaces/cmake/export_roboworks_brain_interfaces__rosidl_generator_pyExport.cmake
[1.029s] -- Installing: /home/jasper/RoboWorks_Comp_Team/brain/install/roboworks_brain_interfaces/share/roboworks_brain_interfaces/cmake/export_roboworks_brain_interfaces__rosidl_generator_pyExport-noconfig.cmake
[1.029s] -- Installing: /home/jasper/RoboWorks_Comp_Team/brain/install/roboworks_brain_interfaces/share/roboworks_brain_interfaces/cmake/rosidl_cmake-extras.cmake
[1.029s] -- Installing: /home/jasper/RoboWorks_Comp_Team/brain/install/roboworks_brain_interfaces/share/roboworks_brain_interfaces/cmake/ament_cmake_export_dependencies-extras.cmake
[1.029s] -- Installing: /home/jasper/RoboWorks_Comp_Team/brain/install/roboworks_brain_interfaces/share/roboworks_brain_interfaces/cmake/ament_cmake_export_include_directories-extras.cmake
[1.029s] -- Installing: /home/jasper/RoboWorks_Comp_Team/brain/install/roboworks_brain_interfaces/share/roboworks_brain_interfaces/cmake/ament_cmake_export_libraries-extras.cmake
[1.030s] -- Installing: /home/jasper/RoboWorks_Comp_Team/brain/install/roboworks_brain_interfaces/share/roboworks_brain_interfaces/cmake/ament_cmake_export_targets-extras.cmake
[1.030s] -- Installing: /home/jasper/RoboWorks_Comp_Team/brain/install/roboworks_brain_interfaces/share/roboworks_brain_interfaces/cmake/rosidl_cmake_export_typesupport_targets-extras.cmake
[1.030s] -- Installing: /home/jasper/RoboWorks_Comp_Team/brain/install/roboworks_brain_interfaces/share/roboworks_brain_interfaces/cmake/rosidl_cmake_export_typesupport_libraries-extras.cmake
[1.030s] -- Installing: /home/jasper/RoboWorks_Comp_Team/brain/install/roboworks_brain_interfaces/share/roboworks_brain_interfaces/cmake/roboworks_brain_interfacesConfig.cmake
[1.030s] -- Installing: /home/jasper/RoboWorks_Comp_Team/brain/install/roboworks_brain_interfaces/share/roboworks_brain_interfaces/cmake/roboworks_brain_interfacesConfig-version.cmake
[1.030s] -- Installing: /home/jasper/RoboWorks_Comp_Team/brain/install/roboworks_brain_interfaces/share/roboworks_brain_interfaces/package.xml
