[0.091s] Invoking command in '/home/jasper/RoboWorks_Comp_Team/taskOptimzer/build/atworkCommand_interfaces': CMAKE_PREFIX_PATH=${CMAKE_PREFIX_PATH}:/home/jasper/ws_moveit2/install/moveit_configs_utils:/home/jasper/ws_moveit2/install/launch_param_builder:/opt/ros/humble /usr/bin/cmake /home/jasper/RoboWorks_Comp_Team/taskOptimzer/src/atworkCommand_interfaces -DCMAKE_INSTALL_PREFIX=/home/jasper/RoboWorks_Comp_Team/taskOptimzer/install/atworkCommand_interfaces
[0.107s] -- Found ament_cmake: 1.3.6 (/opt/ros/humble/share/ament_cmake/cmake)
[0.254s] -- Found geometry_msgs: 4.2.3 (/opt/ros/humble/share/geometry_msgs/cmake)
[0.281s] -- Found rosidl_generator_c: 3.1.5 (/opt/ros/humble/share/rosidl_generator_c/cmake)
[0.284s] -- Found rosidl_adapter: 3.1.5 (/opt/ros/humble/share/rosidl_adapter/cmake)
[0.290s] -- Found rosidl_generator_cpp: 3.1.5 (/opt/ros/humble/share/rosidl_generator_cpp/cmake)
[0.303s] -- Using all available rosidl_typesupport_c: rosidl_typesupport_fastrtps_c;rosidl_typesupport_introspection_c
[0.321s] -- Using all available rosidl_typesupport_cpp: rosidl_typesupport_fastrtps_cpp;rosidl_typesupport_introspection_cpp
[0.444s] -- Found rosidl_default_generators: 1.2.0 (/opt/ros/humble/share/rosidl_default_generators/cmake)
[0.622s] [31mCMake Error at /opt/ros/humble/share/rosidl_adapter/cmake/rosidl_adapt_interfaces.cmake:59 (message):
[0.622s]   execute_process(/usr/bin/python3.10 -m rosidl_adapter --package-name
[0.622s]   atworkCommand_interfaces --arguments-file
[0.622s]   /home/jasper/RoboWorks_Comp_Team/taskOptimzer/build/atworkCommand_interfaces/rosidl_adapter__arguments__atworkCommand_interfaces.json
[0.622s]   --output-dir
[0.623s]   /home/jasper/RoboWorks_Comp_Team/taskOptimzer/build/atworkCommand_interfaces/rosidl_adapter/atworkCommand_interfaces
[0.623s]   --output-file
[0.623s]   /home/jasper/RoboWorks_Comp_Team/taskOptimzer/build/atworkCommand_interfaces/rosidl_adapter/atworkCommand_interfaces.idls)
[0.623s]   returned error code 1:
[0.623s] 
[0.623s]   Traceback (most recent call last):
[0.623s] 
[0.623s]     File "/usr/lib/python3.10/runpy.py", line 196, in _run_module_as_main
[0.623s]       return _run_code(code, main_globals, None,
[0.623s]     File "/usr/lib/python3.10/runpy.py", line 86, in _run_code
[0.623s]       exec(code, run_globals)
[0.623s]     File "/opt/ros/humble/local/lib/python3.10/dist-packages/rosidl_adapter/__main__.py", line 19, in <module>
[0.623s]       sys.exit(main())
[0.623s]     File "/opt/ros/humble/local/lib/python3.10/dist-packages/rosidl_adapter/main.py", line 53, in main
[0.623s]       abs_idl_file = convert_to_idl(
[0.623s]     File "/opt/ros/humble/local/lib/python3.10/dist-packages/rosidl_adapter/__init__.py", line 19, in convert_to_idl
[0.623s]       return convert_msg_to_idl(
[0.623s]     File "/opt/ros/humble/local/lib/python3.10/dist-packages/rosidl_adapter/msg/__init__.py", line 28, in convert_msg_to_idl
[0.624s]       msg = parse_message_string(package_name, input_file.stem, content)
[0.624s]     File "/opt/ros/humble/local/lib/python3.10/dist-packages/rosidl_adapter/parser.py", line 535, in parse_message_string
[0.624s]       constants.append(Constant(type_string, name, value))
[0.624s]     File "/opt/ros/humble/local/lib/python3.10/dist-packages/rosidl_adapter/parser.py", line 320, in __init__
[0.624s]       raise NameError(
[0.624s] 
[0.624s]   NameError: 'Bearing2' is an invalid constant name.  It should have the
[0.624s]   pattern '^[A-Z]([A-Z0-9_]?[A-Z0-9]+)*$'
[0.624s] 
[0.624s] Call Stack (most recent call first):
[0.624s]   /opt/ros/humble/share/rosidl_cmake/cmake/rosidl_generate_interfaces.cmake:130 (rosidl_adapt_interfaces)
[0.624s]   CMakeLists.txt:15 (rosidl_generate_interfaces)
[0.624s] 
[0.624s] [0m
[0.624s] -- Configuring incomplete, errors occurred!
[0.624s] See also "/home/jasper/RoboWorks_Comp_Team/taskOptimzer/build/atworkCommand_interfaces/CMakeFiles/CMakeOutput.log".
[0.629s] Invoked command in '/home/jasper/RoboWorks_Comp_Team/taskOptimzer/build/atworkCommand_interfaces' returned '1': CMAKE_PREFIX_PATH=${CMAKE_PREFIX_PATH}:/home/jasper/ws_moveit2/install/moveit_configs_utils:/home/jasper/ws_moveit2/install/launch_param_builder:/opt/ros/humble /usr/bin/cmake /home/jasper/RoboWorks_Comp_Team/taskOptimzer/src/atworkCommand_interfaces -DCMAKE_INSTALL_PREFIX=/home/jasper/RoboWorks_Comp_Team/taskOptimzer/install/atworkCommand_interfaces
