[3.127s] DEBUG:colcon:Command line arguments: ['/usr/bin/colcon', 'list', '-p', '--base-paths', '/home/jasper/RoboWorks_Comp_Team/taskOptimzer']
[3.127s] DEBUG:colcon:Parsed command line arguments: Namespace(log_base=None, log_level=None, verb_name='list', build_base='build', ignore_user_meta=False, metas=['./colcon.meta'], base_paths=['/home/jasper/RoboWorks_Comp_Team/taskOptimzer'], packages_ignore=None, packages_ignore_regex=None, paths=None, packages_up_to=None, packages_up_to_regex=None, packages_above=None, packages_above_and_dependencies=None, packages_above_depth=None, packages_select_by_dep=None, packages_skip_by_dep=None, packages_skip_up_to=None, packages_select_build_failed=False, packages_skip_build_finished=False, packages_select_test_failures=False, packages_skip_test_passed=False, packages_select=None, packages_skip=None, packages_select_regex=None, packages_skip_regex=None, packages_start=None, packages_end=None, allow_overriding=[], topological_order=False, names_only=False, paths_only=True, topological_graph=False, topological_graph_dot=False, topological_graph_density=False, topological_graph_legend=False, topological_graph_dot_cluster=False, topological_graph_dot_include_skipped=False, mixin_files=None, mixin=None, verb_parser=<colcon_mixin.mixin.mixin_argument.MixinArgumentDecorator object at 0x7fed3cf6ea70>, verb_extension=<colcon_package_information.verb.list.ListVerb object at 0x7fed3cf6d300>, main=<bound method ListVerb.main of <colcon_package_information.verb.list.ListVerb object at 0x7fed3cf6d300>>, mixin_verb=('list',))
[3.245s] Level 1:colcon.colcon_core.package_discovery:discover_packages(colcon_meta) check parameters
[3.245s] Level 1:colcon.colcon_core.package_discovery:discover_packages(recursive) check parameters
[3.245s] Level 1:colcon.colcon_core.package_discovery:discover_packages(ignore) check parameters
[3.245s] Level 1:colcon.colcon_core.package_discovery:discover_packages(path) check parameters
[3.246s] Level 1:colcon.colcon_core.package_discovery:discover_packages(recursive) discover
[3.246s] INFO:colcon.colcon_core.package_discovery:Crawling recursively for packages in '/home/jasper/RoboWorks_Comp_Team/taskOptimzer'
[3.246s] Level 1:colcon.colcon_core.package_identification:_identify(/home/jasper/RoboWorks_Comp_Team/taskOptimzer) by extensions ['ignore', 'ignore_ament_install']
[3.246s] Level 1:colcon.colcon_core.package_identification:_identify(/home/jasper/RoboWorks_Comp_Team/taskOptimzer) by extension 'ignore'
[3.246s] Level 1:colcon.colcon_core.package_identification:_identify(/home/jasper/RoboWorks_Comp_Team/taskOptimzer) by extension 'ignore_ament_install'
[3.246s] Level 1:colcon.colcon_core.package_identification:_identify(/home/jasper/RoboWorks_Comp_Team/taskOptimzer) by extensions ['colcon_pkg']
[3.246s] Level 1:colcon.colcon_core.package_identification:_identify(/home/jasper/RoboWorks_Comp_Team/taskOptimzer) by extension 'colcon_pkg'
[3.247s] Level 1:colcon.colcon_core.package_identification:_identify(/home/jasper/RoboWorks_Comp_Team/taskOptimzer) by extensions ['colcon_meta']
[3.247s] Level 1:colcon.colcon_core.package_identification:_identify(/home/jasper/RoboWorks_Comp_Team/taskOptimzer) by extension 'colcon_meta'
[3.247s] Level 1:colcon.colcon_core.package_identification:_identify(/home/jasper/RoboWorks_Comp_Team/taskOptimzer) by extensions ['ros']
[3.247s] Level 1:colcon.colcon_core.package_identification:_identify(/home/jasper/RoboWorks_Comp_Team/taskOptimzer) by extension 'ros'
[3.269s] Level 1:colcon.colcon_core.package_identification:_identify(/home/jasper/RoboWorks_Comp_Team/taskOptimzer) by extensions ['cmake', 'python']
[3.269s] Level 1:colcon.colcon_core.package_identification:_identify(/home/jasper/RoboWorks_Comp_Team/taskOptimzer) by extension 'cmake'
[3.270s] Level 1:colcon.colcon_core.package_identification:_identify(/home/jasper/RoboWorks_Comp_Team/taskOptimzer) by extension 'python'
[3.270s] Level 1:colcon.colcon_core.package_identification:_identify(/home/jasper/RoboWorks_Comp_Team/taskOptimzer) by extensions ['python_setup_py']
[3.270s] Level 1:colcon.colcon_core.package_identification:_identify(/home/jasper/RoboWorks_Comp_Team/taskOptimzer) by extension 'python_setup_py'
[3.270s] Level 1:colcon.colcon_core.package_identification:_identify(/home/jasper/RoboWorks_Comp_Team/taskOptimzer/build) by extensions ['ignore', 'ignore_ament_install']
[3.270s] Level 1:colcon.colcon_core.package_identification:_identify(/home/jasper/RoboWorks_Comp_Team/taskOptimzer/build) by extension 'ignore'
[3.270s] Level 1:colcon.colcon_core.package_identification:_identify(/home/jasper/RoboWorks_Comp_Team/taskOptimzer/build) ignored
[3.271s] Level 1:colcon.colcon_core.package_identification:_identify(/home/jasper/RoboWorks_Comp_Team/taskOptimzer/install) by extensions ['ignore', 'ignore_ament_install']
[3.271s] Level 1:colcon.colcon_core.package_identification:_identify(/home/jasper/RoboWorks_Comp_Team/taskOptimzer/install) by extension 'ignore'
[3.271s] Level 1:colcon.colcon_core.package_identification:_identify(/home/jasper/RoboWorks_Comp_Team/taskOptimzer/install) ignored
[3.271s] Level 1:colcon.colcon_core.package_identification:_identify(/home/jasper/RoboWorks_Comp_Team/taskOptimzer/log) by extensions ['ignore', 'ignore_ament_install']
[3.271s] Level 1:colcon.colcon_core.package_identification:_identify(/home/jasper/RoboWorks_Comp_Team/taskOptimzer/log) by extension 'ignore'
[3.271s] Level 1:colcon.colcon_core.package_identification:_identify(/home/jasper/RoboWorks_Comp_Team/taskOptimzer/log) ignored
[3.272s] Level 1:colcon.colcon_core.package_identification:_identify(/home/jasper/RoboWorks_Comp_Team/taskOptimzer/src) by extensions ['ignore', 'ignore_ament_install']
[3.272s] Level 1:colcon.colcon_core.package_identification:_identify(/home/jasper/RoboWorks_Comp_Team/taskOptimzer/src) by extension 'ignore'
[3.272s] Level 1:colcon.colcon_core.package_identification:_identify(/home/jasper/RoboWorks_Comp_Team/taskOptimzer/src) by extension 'ignore_ament_install'
[3.272s] Level 1:colcon.colcon_core.package_identification:_identify(/home/jasper/RoboWorks_Comp_Team/taskOptimzer/src) by extensions ['colcon_pkg']
[3.272s] Level 1:colcon.colcon_core.package_identification:_identify(/home/jasper/RoboWorks_Comp_Team/taskOptimzer/src) by extension 'colcon_pkg'
[3.272s] Level 1:colcon.colcon_core.package_identification:_identify(/home/jasper/RoboWorks_Comp_Team/taskOptimzer/src) by extensions ['colcon_meta']
[3.272s] Level 1:colcon.colcon_core.package_identification:_identify(/home/jasper/RoboWorks_Comp_Team/taskOptimzer/src) by extension 'colcon_meta'
[3.272s] Level 1:colcon.colcon_core.package_identification:_identify(/home/jasper/RoboWorks_Comp_Team/taskOptimzer/src) by extensions ['ros']
[3.272s] Level 1:colcon.colcon_core.package_identification:_identify(/home/jasper/RoboWorks_Comp_Team/taskOptimzer/src) by extension 'ros'
[3.272s] Level 1:colcon.colcon_core.package_identification:_identify(/home/jasper/RoboWorks_Comp_Team/taskOptimzer/src) by extensions ['cmake', 'python']
[3.272s] Level 1:colcon.colcon_core.package_identification:_identify(/home/jasper/RoboWorks_Comp_Team/taskOptimzer/src) by extension 'cmake'
[3.273s] Level 1:colcon.colcon_core.package_identification:_identify(/home/jasper/RoboWorks_Comp_Team/taskOptimzer/src) by extension 'python'
[3.273s] Level 1:colcon.colcon_core.package_identification:_identify(/home/jasper/RoboWorks_Comp_Team/taskOptimzer/src) by extensions ['python_setup_py']
[3.273s] Level 1:colcon.colcon_core.package_identification:_identify(/home/jasper/RoboWorks_Comp_Team/taskOptimzer/src) by extension 'python_setup_py'
[3.273s] Level 1:colcon.colcon_core.package_identification:_identify(/home/jasper/RoboWorks_Comp_Team/taskOptimzer/src/atwork_interfaces) by extensions ['ignore', 'ignore_ament_install']
[3.273s] Level 1:colcon.colcon_core.package_identification:_identify(/home/jasper/RoboWorks_Comp_Team/taskOptimzer/src/atwork_interfaces) by extension 'ignore'
[3.273s] Level 1:colcon.colcon_core.package_identification:_identify(/home/jasper/RoboWorks_Comp_Team/taskOptimzer/src/atwork_interfaces) by extension 'ignore_ament_install'
[3.273s] Level 1:colcon.colcon_core.package_identification:_identify(/home/jasper/RoboWorks_Comp_Team/taskOptimzer/src/atwork_interfaces) by extensions ['colcon_pkg']
[3.273s] Level 1:colcon.colcon_core.package_identification:_identify(/home/jasper/RoboWorks_Comp_Team/taskOptimzer/src/atwork_interfaces) by extension 'colcon_pkg'
[3.273s] Level 1:colcon.colcon_core.package_identification:_identify(/home/jasper/RoboWorks_Comp_Team/taskOptimzer/src/atwork_interfaces) by extensions ['colcon_meta']
[3.274s] Level 1:colcon.colcon_core.package_identification:_identify(/home/jasper/RoboWorks_Comp_Team/taskOptimzer/src/atwork_interfaces) by extension 'colcon_meta'
[3.274s] Level 1:colcon.colcon_core.package_identification:_identify(/home/jasper/RoboWorks_Comp_Team/taskOptimzer/src/atwork_interfaces) by extensions ['ros']
[3.274s] Level 1:colcon.colcon_core.package_identification:_identify(/home/jasper/RoboWorks_Comp_Team/taskOptimzer/src/atwork_interfaces) by extension 'ros'
[3.279s] DEBUG:colcon.colcon_core.package_identification:Package '/home/jasper/RoboWorks_Comp_Team/taskOptimzer/src/atwork_interfaces' with type 'ros.ament_cmake' and name 'atwork_interfaces'
[3.279s] Level 1:colcon.colcon_core.package_identification:_identify(/home/jasper/RoboWorks_Comp_Team/taskOptimzer/src/roboworks_taskOpt) by extensions ['ignore', 'ignore_ament_install']
[3.279s] Level 1:colcon.colcon_core.package_identification:_identify(/home/jasper/RoboWorks_Comp_Team/taskOptimzer/src/roboworks_taskOpt) by extension 'ignore'
[3.279s] Level 1:colcon.colcon_core.package_identification:_identify(/home/jasper/RoboWorks_Comp_Team/taskOptimzer/src/roboworks_taskOpt) by extension 'ignore_ament_install'
[3.279s] Level 1:colcon.colcon_core.package_identification:_identify(/home/jasper/RoboWorks_Comp_Team/taskOptimzer/src/roboworks_taskOpt) by extensions ['colcon_pkg']
[3.279s] Level 1:colcon.colcon_core.package_identification:_identify(/home/jasper/RoboWorks_Comp_Team/taskOptimzer/src/roboworks_taskOpt) by extension 'colcon_pkg'
[3.279s] Level 1:colcon.colcon_core.package_identification:_identify(/home/jasper/RoboWorks_Comp_Team/taskOptimzer/src/roboworks_taskOpt) by extensions ['colcon_meta']
[3.280s] Level 1:colcon.colcon_core.package_identification:_identify(/home/jasper/RoboWorks_Comp_Team/taskOptimzer/src/roboworks_taskOpt) by extension 'colcon_meta'
[3.280s] Level 1:colcon.colcon_core.package_identification:_identify(/home/jasper/RoboWorks_Comp_Team/taskOptimzer/src/roboworks_taskOpt) by extensions ['ros']
[3.280s] Level 1:colcon.colcon_core.package_identification:_identify(/home/jasper/RoboWorks_Comp_Team/taskOptimzer/src/roboworks_taskOpt) by extension 'ros'
[3.281s] DEBUG:colcon.colcon_core.package_identification:Package '/home/jasper/RoboWorks_Comp_Team/taskOptimzer/src/roboworks_taskOpt' with type 'ros.ament_cmake' and name 'roboworks_taskOpt'
[3.281s] Level 1:colcon.colcon_core.package_discovery:discover_packages(recursive) using defaults
