[0.142s] Invoking command in '/home/jasper/RoboWorks_Comp_Team/brain/build/roboworks_brain_interfaces': CMAKE_PREFIX_PATH=${CMAKE_PREFIX_PATH}:/home/jasper/RoboWorks_Comp_Team/brain/install/roboworks_brain_interfaces:/home/jasper/ws_moveit2/install/moveit_configs_utils:/home/jasper/ws_moveit2/install/launch_param_builder:/opt/ros/humble /usr/bin/cmake --build /home/jasper/RoboWorks_Comp_Team/brain/build/roboworks_brain_interfaces -- -j8 -l8
[0.225s] [  2%] Built target roboworks_brain_interfaces__cpp
[0.229s] [ 12%] Built target roboworks_brain_interfaces__rosidl_generator_c
[0.248s] [ 12%] Built target ament_cmake_python_copy_roboworks_brain_interfaces
[0.285s] [ 23%] Built target roboworks_brain_interfaces__rosidl_typesupport_introspection_cpp
[0.285s] [ 43%] Built target roboworks_brain_interfaces__rosidl_typesupport_cpp
[0.286s] [ 43%] Built target roboworks_brain_interfaces__rosidl_typesupport_fastrtps_cpp
[0.287s] [ 53%] Built target roboworks_brain_interfaces__rosidl_typesupport_c
[0.287s] [ 64%] Built target roboworks_brain_interfaces__rosidl_typesupport_introspection_c
[0.290s] [ 74%] Built target roboworks_brain_interfaces__rosidl_typesupport_fastrtps_c
[0.328s] [ 74%] Built target roboworks_brain_interfaces
[0.366s] [ 76%] Built target roboworks_brain_interfaces__py
[0.406s] [ 84%] Built target roboworks_brain_interfaces__rosidl_generator_py
[0.446s] [ 89%] Built target roboworks_brain_interfaces__rosidl_typesupport_fastrtps_c__pyext
[0.457s] [ 94%] Built target roboworks_brain_interfaces__rosidl_typesupport_c__pyext
[0.464s] [100%] Built target roboworks_brain_interfaces__rosidl_typesupport_introspection_c__pyext
[0.582s] running egg_info
[0.582s] writing roboworks_brain_interfaces.egg-info/PKG-INFO
[0.582s] writing dependency_links to roboworks_brain_interfaces.egg-info/dependency_links.txt
[0.583s] writing top-level names to roboworks_brain_interfaces.egg-info/top_level.txt
[0.585s] reading manifest file 'roboworks_brain_interfaces.egg-info/SOURCES.txt'
[0.587s] writing manifest file 'roboworks_brain_interfaces.egg-info/SOURCES.txt'
[0.620s] [100%] Built target ament_cmake_python_build_roboworks_brain_interfaces_egg
[0.637s] Invoked command in '/home/jasper/RoboWorks_Comp_Team/brain/build/roboworks_brain_interfaces' returned '0': CMAKE_PREFIX_PATH=${CMAKE_PREFIX_PATH}:/home/jasper/RoboWorks_Comp_Team/brain/install/roboworks_brain_interfaces:/home/jasper/ws_moveit2/install/moveit_configs_utils:/home/jasper/ws_moveit2/install/launch_param_builder:/opt/ros/humble /usr/bin/cmake --build /home/jasper/RoboWorks_Comp_Team/brain/build/roboworks_brain_interfaces -- -j8 -l8
[0.862s] Invoking command in '/home/jasper/RoboWorks_Comp_Team/brain/build/roboworks_brain_interfaces': CMAKE_PREFIX_PATH=${CMAKE_PREFIX_PATH}:/home/jasper/RoboWorks_Comp_Team/brain/install/roboworks_brain_interfaces:/home/jasper/ws_moveit2/install/moveit_configs_utils:/home/jasper/ws_moveit2/install/launch_param_builder:/opt/ros/humble /usr/bin/cmake --install /home/jasper/RoboWorks_Comp_Team/brain/build/roboworks_brain_interfaces
[0.876s] -- Install configuration: ""
[0.876s] -- Up-to-date: /home/jasper/RoboWorks_Comp_Team/brain/install/roboworks_brain_interfaces/share/ament_index/resource_index/rosidl_interfaces/roboworks_brain_interfaces
[0.876s] -- Up-to-date: /home/jasper/RoboWorks_Comp_Team/brain/install/roboworks_brain_interfaces/include/roboworks_brain_interfaces/roboworks_brain_interfaces
[0.876s] -- Up-to-date: /home/jasper/RoboWorks_Comp_Team/brain/install/roboworks_brain_interfaces/include/roboworks_brain_interfaces/roboworks_brain_interfaces/msg
[0.877s] -- Up-to-date: /home/jasper/RoboWorks_Comp_Team/brain/install/roboworks_brain_interfaces/include/roboworks_brain_interfaces/roboworks_brain_interfaces/msg/rosidl_generator_c__visibility_control.h
[0.877s] -- Up-to-date: /home/jasper/RoboWorks_Comp_Team/brain/install/roboworks_brain_interfaces/include/roboworks_brain_interfaces/roboworks_brain_interfaces/srv
[0.877s] -- Up-to-date: /home/jasper/RoboWorks_Comp_Team/brain/install/roboworks_brain_interfaces/include/roboworks_brain_interfaces/roboworks_brain_interfaces/srv/navigation.h
[0.877s] -- Up-to-date: /home/jasper/RoboWorks_Comp_Team/brain/install/roboworks_brain_interfaces/include/roboworks_brain_interfaces/roboworks_brain_interfaces/srv/detail
[0.877s] -- Up-to-date: /home/jasper/RoboWorks_Comp_Team/brain/install/roboworks_brain_interfaces/include/roboworks_brain_interfaces/roboworks_brain_interfaces/srv/detail/arm_brain__functions.h
[0.877s] -- Up-to-date: /home/jasper/RoboWorks_Comp_Team/brain/install/roboworks_brain_interfaces/include/roboworks_brain_interfaces/roboworks_brain_interfaces/srv/detail/navigation__functions.c
[0.878s] -- Up-to-date: /home/jasper/RoboWorks_Comp_Team/brain/install/roboworks_brain_interfaces/include/roboworks_brain_interfaces/roboworks_brain_interfaces/srv/detail/arm_brain__struct.h
[0.878s] -- Up-to-date: /home/jasper/RoboWorks_Comp_Team/brain/install/roboworks_brain_interfaces/include/roboworks_brain_interfaces/roboworks_brain_interfaces/srv/detail/arm_brain__type_support.h
[0.878s] -- Up-to-date: /home/jasper/RoboWorks_Comp_Team/brain/install/roboworks_brain_interfaces/include/roboworks_brain_interfaces/roboworks_brain_interfaces/srv/detail/arm_brain__functions.c
[0.878s] -- Up-to-date: /home/jasper/RoboWorks_Comp_Team/brain/install/roboworks_brain_interfaces/include/roboworks_brain_interfaces/roboworks_brain_interfaces/srv/detail/navigation__type_support.h
[0.878s] -- Up-to-date: /home/jasper/RoboWorks_Comp_Team/brain/install/roboworks_brain_interfaces/include/roboworks_brain_interfaces/roboworks_brain_interfaces/srv/detail/navigation__struct.h
[0.878s] -- Up-to-date: /home/jasper/RoboWorks_Comp_Team/brain/install/roboworks_brain_interfaces/include/roboworks_brain_interfaces/roboworks_brain_interfaces/srv/detail/navigation__functions.h
[0.878s] -- Up-to-date: /home/jasper/RoboWorks_Comp_Team/brain/install/roboworks_brain_interfaces/include/roboworks_brain_interfaces/roboworks_brain_interfaces/srv/arm_brain.h
[0.879s] -- Up-to-date: /home/jasper/RoboWorks_Comp_Team/brain/install/roboworks_brain_interfaces/share/roboworks_brain_interfaces/environment/library_path.sh
[0.879s] -- Up-to-date: /home/jasper/RoboWorks_Comp_Team/brain/install/roboworks_brain_interfaces/share/roboworks_brain_interfaces/environment/library_path.dsv
[0.879s] -- Up-to-date: /home/jasper/RoboWorks_Comp_Team/brain/install/roboworks_brain_interfaces/lib/libroboworks_brain_interfaces__rosidl_generator_c.so
[0.879s] -- Up-to-date: /home/jasper/RoboWorks_Comp_Team/brain/install/roboworks_brain_interfaces/include/roboworks_brain_interfaces/roboworks_brain_interfaces
[0.879s] -- Up-to-date: /home/jasper/RoboWorks_Comp_Team/brain/install/roboworks_brain_interfaces/include/roboworks_brain_interfaces/roboworks_brain_interfaces/msg
[0.880s] -- Up-to-date: /home/jasper/RoboWorks_Comp_Team/brain/install/roboworks_brain_interfaces/include/roboworks_brain_interfaces/roboworks_brain_interfaces/msg/rosidl_typesupport_fastrtps_c__visibility_control.h
[0.880s] -- Up-to-date: /home/jasper/RoboWorks_Comp_Team/brain/install/roboworks_brain_interfaces/include/roboworks_brain_interfaces/roboworks_brain_interfaces/srv
[0.880s] -- Up-to-date: /home/jasper/RoboWorks_Comp_Team/brain/install/roboworks_brain_interfaces/include/roboworks_brain_interfaces/roboworks_brain_interfaces/srv/detail
[0.880s] -- Up-to-date: /home/jasper/RoboWorks_Comp_Team/brain/install/roboworks_brain_interfaces/include/roboworks_brain_interfaces/roboworks_brain_interfaces/srv/detail/arm_brain__rosidl_typesupport_fastrtps_c.h
[0.880s] -- Up-to-date: /home/jasper/RoboWorks_Comp_Team/brain/install/roboworks_brain_interfaces/include/roboworks_brain_interfaces/roboworks_brain_interfaces/srv/detail/navigation__rosidl_typesupport_fastrtps_c.h
[0.880s] -- Up-to-date: /home/jasper/RoboWorks_Comp_Team/brain/install/roboworks_brain_interfaces/lib/libroboworks_brain_interfaces__rosidl_typesupport_fastrtps_c.so
[0.881s] -- Up-to-date: /home/jasper/RoboWorks_Comp_Team/brain/install/roboworks_brain_interfaces/include/roboworks_brain_interfaces/roboworks_brain_interfaces
[0.881s] -- Up-to-date: /home/jasper/RoboWorks_Comp_Team/brain/install/roboworks_brain_interfaces/include/roboworks_brain_interfaces/roboworks_brain_interfaces/msg
[0.881s] -- Up-to-date: /home/jasper/RoboWorks_Comp_Team/brain/install/roboworks_brain_interfaces/include/roboworks_brain_interfaces/roboworks_brain_interfaces/msg/rosidl_typesupport_introspection_c__visibility_control.h
[0.881s] -- Up-to-date: /home/jasper/RoboWorks_Comp_Team/brain/install/roboworks_brain_interfaces/include/roboworks_brain_interfaces/roboworks_brain_interfaces/srv
[0.881s] -- Up-to-date: /home/jasper/RoboWorks_Comp_Team/brain/install/roboworks_brain_interfaces/include/roboworks_brain_interfaces/roboworks_brain_interfaces/srv/detail
[0.881s] -- Up-to-date: /home/jasper/RoboWorks_Comp_Team/brain/install/roboworks_brain_interfaces/include/roboworks_brain_interfaces/roboworks_brain_interfaces/srv/detail/arm_brain__type_support.c
[0.881s] -- Up-to-date: /home/jasper/RoboWorks_Comp_Team/brain/install/roboworks_brain_interfaces/include/roboworks_brain_interfaces/roboworks_brain_interfaces/srv/detail/arm_brain__rosidl_typesupport_introspection_c.h
[0.881s] -- Up-to-date: /home/jasper/RoboWorks_Comp_Team/brain/install/roboworks_brain_interfaces/include/roboworks_brain_interfaces/roboworks_brain_interfaces/srv/detail/navigation__rosidl_typesupport_introspection_c.h
[0.881s] -- Up-to-date: /home/jasper/RoboWorks_Comp_Team/brain/install/roboworks_brain_interfaces/include/roboworks_brain_interfaces/roboworks_brain_interfaces/srv/detail/navigation__type_support.c
[0.881s] -- Up-to-date: /home/jasper/RoboWorks_Comp_Team/brain/install/roboworks_brain_interfaces/lib/libroboworks_brain_interfaces__rosidl_typesupport_introspection_c.so
[0.881s] -- Up-to-date: /home/jasper/RoboWorks_Comp_Team/brain/install/roboworks_brain_interfaces/lib/libroboworks_brain_interfaces__rosidl_typesupport_c.so
[0.882s] -- Up-to-date: /home/jasper/RoboWorks_Comp_Team/brain/install/roboworks_brain_interfaces/include/roboworks_brain_interfaces/roboworks_brain_interfaces
[0.882s] -- Up-to-date: /home/jasper/RoboWorks_Comp_Team/brain/install/roboworks_brain_interfaces/include/roboworks_brain_interfaces/roboworks_brain_interfaces/srv
[0.882s] -- Up-to-date: /home/jasper/RoboWorks_Comp_Team/brain/install/roboworks_brain_interfaces/include/roboworks_brain_interfaces/roboworks_brain_interfaces/srv/navigation.hpp
[0.882s] -- Up-to-date: /home/jasper/RoboWorks_Comp_Team/brain/install/roboworks_brain_interfaces/include/roboworks_brain_interfaces/roboworks_brain_interfaces/srv/detail
[0.882s] -- Up-to-date: /home/jasper/RoboWorks_Comp_Team/brain/install/roboworks_brain_interfaces/include/roboworks_brain_interfaces/roboworks_brain_interfaces/srv/detail/arm_brain__struct.hpp
[0.882s] -- Up-to-date: /home/jasper/RoboWorks_Comp_Team/brain/install/roboworks_brain_interfaces/include/roboworks_brain_interfaces/roboworks_brain_interfaces/srv/detail/navigation__builder.hpp
[0.882s] -- Up-to-date: /home/jasper/RoboWorks_Comp_Team/brain/install/roboworks_brain_interfaces/include/roboworks_brain_interfaces/roboworks_brain_interfaces/srv/detail/navigation__struct.hpp
[0.882s] -- Up-to-date: /home/jasper/RoboWorks_Comp_Team/brain/install/roboworks_brain_interfaces/include/roboworks_brain_interfaces/roboworks_brain_interfaces/srv/detail/arm_brain__builder.hpp
[0.882s] -- Up-to-date: /home/jasper/RoboWorks_Comp_Team/brain/install/roboworks_brain_interfaces/include/roboworks_brain_interfaces/roboworks_brain_interfaces/srv/detail/navigation__traits.hpp
[0.882s] -- Up-to-date: /home/jasper/RoboWorks_Comp_Team/brain/install/roboworks_brain_interfaces/include/roboworks_brain_interfaces/roboworks_brain_interfaces/srv/detail/arm_brain__traits.hpp
[0.882s] -- Up-to-date: /home/jasper/RoboWorks_Comp_Team/brain/install/roboworks_brain_interfaces/include/roboworks_brain_interfaces/roboworks_brain_interfaces/srv/arm_brain.hpp
[0.882s] -- Up-to-date: /home/jasper/RoboWorks_Comp_Team/brain/install/roboworks_brain_interfaces/include/roboworks_brain_interfaces/roboworks_brain_interfaces
[0.882s] -- Up-to-date: /home/jasper/RoboWorks_Comp_Team/brain/install/roboworks_brain_interfaces/include/roboworks_brain_interfaces/roboworks_brain_interfaces/msg
[0.883s] -- Up-to-date: /home/jasper/RoboWorks_Comp_Team/brain/install/roboworks_brain_interfaces/include/roboworks_brain_interfaces/roboworks_brain_interfaces/msg/rosidl_typesupport_fastrtps_cpp__visibility_control.h
[0.883s] -- Up-to-date: /home/jasper/RoboWorks_Comp_Team/brain/install/roboworks_brain_interfaces/include/roboworks_brain_interfaces/roboworks_brain_interfaces/srv
[0.883s] -- Up-to-date: /home/jasper/RoboWorks_Comp_Team/brain/install/roboworks_brain_interfaces/include/roboworks_brain_interfaces/roboworks_brain_interfaces/srv/detail
[0.883s] -- Up-to-date: /home/jasper/RoboWorks_Comp_Team/brain/install/roboworks_brain_interfaces/include/roboworks_brain_interfaces/roboworks_brain_interfaces/srv/detail/dds_fastrtps
[0.883s] -- Up-to-date: /home/jasper/RoboWorks_Comp_Team/brain/install/roboworks_brain_interfaces/include/roboworks_brain_interfaces/roboworks_brain_interfaces/srv/detail/navigation__rosidl_typesupport_fastrtps_cpp.hpp
[0.883s] -- Up-to-date: /home/jasper/RoboWorks_Comp_Team/brain/install/roboworks_brain_interfaces/include/roboworks_brain_interfaces/roboworks_brain_interfaces/srv/detail/arm_brain__rosidl_typesupport_fastrtps_cpp.hpp
[0.883s] -- Up-to-date: /home/jasper/RoboWorks_Comp_Team/brain/install/roboworks_brain_interfaces/lib/libroboworks_brain_interfaces__rosidl_typesupport_fastrtps_cpp.so
[0.883s] -- Up-to-date: /home/jasper/RoboWorks_Comp_Team/brain/install/roboworks_brain_interfaces/include/roboworks_brain_interfaces/roboworks_brain_interfaces
[0.883s] -- Up-to-date: /home/jasper/RoboWorks_Comp_Team/brain/install/roboworks_brain_interfaces/include/roboworks_brain_interfaces/roboworks_brain_interfaces/srv
[0.883s] -- Up-to-date: /home/jasper/RoboWorks_Comp_Team/brain/install/roboworks_brain_interfaces/include/roboworks_brain_interfaces/roboworks_brain_interfaces/srv/detail
[0.883s] -- Up-to-date: /home/jasper/RoboWorks_Comp_Team/brain/install/roboworks_brain_interfaces/include/roboworks_brain_interfaces/roboworks_brain_interfaces/srv/detail/arm_brain__type_support.cpp
[0.883s] -- Up-to-date: /home/jasper/RoboWorks_Comp_Team/brain/install/roboworks_brain_interfaces/include/roboworks_brain_interfaces/roboworks_brain_interfaces/srv/detail/navigation__rosidl_typesupport_introspection_cpp.hpp
[0.883s] -- Up-to-date: /home/jasper/RoboWorks_Comp_Team/brain/install/roboworks_brain_interfaces/include/roboworks_brain_interfaces/roboworks_brain_interfaces/srv/detail/navigation__type_support.cpp
[0.884s] -- Up-to-date: /home/jasper/RoboWorks_Comp_Team/brain/install/roboworks_brain_interfaces/include/roboworks_brain_interfaces/roboworks_brain_interfaces/srv/detail/arm_brain__rosidl_typesupport_introspection_cpp.hpp
[0.884s] -- Up-to-date: /home/jasper/RoboWorks_Comp_Team/brain/install/roboworks_brain_interfaces/lib/libroboworks_brain_interfaces__rosidl_typesupport_introspection_cpp.so
[0.884s] -- Up-to-date: /home/jasper/RoboWorks_Comp_Team/brain/install/roboworks_brain_interfaces/lib/libroboworks_brain_interfaces__rosidl_typesupport_cpp.so
[0.884s] -- Up-to-date: /home/jasper/RoboWorks_Comp_Team/brain/install/roboworks_brain_interfaces/share/roboworks_brain_interfaces/environment/pythonpath.sh
[0.884s] -- Up-to-date: /home/jasper/RoboWorks_Comp_Team/brain/install/roboworks_brain_interfaces/share/roboworks_brain_interfaces/environment/pythonpath.dsv
[0.884s] -- Up-to-date: /home/jasper/RoboWorks_Comp_Team/brain/install/roboworks_brain_interfaces/local/lib/python3.10/dist-packages/roboworks_brain_interfaces-0.0.0-py3.10.egg-info
[0.884s] -- Installing: /home/jasper/RoboWorks_Comp_Team/brain/install/roboworks_brain_interfaces/local/lib/python3.10/dist-packages/roboworks_brain_interfaces-0.0.0-py3.10.egg-info/top_level.txt
[0.884s] -- Installing: /home/jasper/RoboWorks_Comp_Team/brain/install/roboworks_brain_interfaces/local/lib/python3.10/dist-packages/roboworks_brain_interfaces-0.0.0-py3.10.egg-info/dependency_links.txt
[0.884s] -- Installing: /home/jasper/RoboWorks_Comp_Team/brain/install/roboworks_brain_interfaces/local/lib/python3.10/dist-packages/roboworks_brain_interfaces-0.0.0-py3.10.egg-info/SOURCES.txt
[0.884s] -- Installing: /home/jasper/RoboWorks_Comp_Team/brain/install/roboworks_brain_interfaces/local/lib/python3.10/dist-packages/roboworks_brain_interfaces-0.0.0-py3.10.egg-info/PKG-INFO
[0.884s] -- Up-to-date: /home/jasper/RoboWorks_Comp_Team/brain/install/roboworks_brain_interfaces/local/lib/python3.10/dist-packages/roboworks_brain_interfaces
[0.884s] -- Up-to-date: /home/jasper/RoboWorks_Comp_Team/brain/install/roboworks_brain_interfaces/local/lib/python3.10/dist-packages/roboworks_brain_interfaces/roboworks_brain_interfaces_s__rosidl_typesupport_introspection_c.cpython-310-x86_64-linux-gnu.so
[0.884s] -- Up-to-date: /home/jasper/RoboWorks_Comp_Team/brain/install/roboworks_brain_interfaces/local/lib/python3.10/dist-packages/roboworks_brain_interfaces/roboworks_brain_interfaces_s__rosidl_typesupport_c.cpython-310-x86_64-linux-gnu.so
[0.884s] -- Up-to-date: /home/jasper/RoboWorks_Comp_Team/brain/install/roboworks_brain_interfaces/local/lib/python3.10/dist-packages/roboworks_brain_interfaces/_roboworks_brain_interfaces_s.ep.rosidl_typesupport_fastrtps_c.c
[0.884s] -- Up-to-date: /home/jasper/RoboWorks_Comp_Team/brain/install/roboworks_brain_interfaces/local/lib/python3.10/dist-packages/roboworks_brain_interfaces/__init__.py
[0.884s] -- Up-to-date: /home/jasper/RoboWorks_Comp_Team/brain/install/roboworks_brain_interfaces/local/lib/python3.10/dist-packages/roboworks_brain_interfaces/libroboworks_brain_interfaces__rosidl_generator_py.so
[0.884s] -- Up-to-date: /home/jasper/RoboWorks_Comp_Team/brain/install/roboworks_brain_interfaces/local/lib/python3.10/dist-packages/roboworks_brain_interfaces/roboworks_brain_interfaces_s__rosidl_typesupport_fastrtps_c.cpython-310-x86_64-linux-gnu.so
[0.885s] -- Up-to-date: /home/jasper/RoboWorks_Comp_Team/brain/install/roboworks_brain_interfaces/local/lib/python3.10/dist-packages/roboworks_brain_interfaces/_roboworks_brain_interfaces_s.ep.rosidl_typesupport_introspection_c.c
[0.885s] -- Up-to-date: /home/jasper/RoboWorks_Comp_Team/brain/install/roboworks_brain_interfaces/local/lib/python3.10/dist-packages/roboworks_brain_interfaces/srv
[0.885s] -- Up-to-date: /home/jasper/RoboWorks_Comp_Team/brain/install/roboworks_brain_interfaces/local/lib/python3.10/dist-packages/roboworks_brain_interfaces/srv/_navigation.py
[0.885s] -- Up-to-date: /home/jasper/RoboWorks_Comp_Team/brain/install/roboworks_brain_interfaces/local/lib/python3.10/dist-packages/roboworks_brain_interfaces/srv/__init__.py
[0.885s] -- Up-to-date: /home/jasper/RoboWorks_Comp_Team/brain/install/roboworks_brain_interfaces/local/lib/python3.10/dist-packages/roboworks_brain_interfaces/srv/_arm_brain.py
[0.885s] -- Up-to-date: /home/jasper/RoboWorks_Comp_Team/brain/install/roboworks_brain_interfaces/local/lib/python3.10/dist-packages/roboworks_brain_interfaces/srv/_arm_brain_s.c
[0.885s] -- Up-to-date: /home/jasper/RoboWorks_Comp_Team/brain/install/roboworks_brain_interfaces/local/lib/python3.10/dist-packages/roboworks_brain_interfaces/srv/_navigation_s.c
[0.885s] -- Up-to-date: /home/jasper/RoboWorks_Comp_Team/brain/install/roboworks_brain_interfaces/local/lib/python3.10/dist-packages/roboworks_brain_interfaces/_roboworks_brain_interfaces_s.ep.rosidl_typesupport_c.c
[0.920s] Listing '/home/jasper/RoboWorks_Comp_Team/brain/install/roboworks_brain_interfaces/local/lib/python3.10/dist-packages/roboworks_brain_interfaces'...
[0.921s] Listing '/home/jasper/RoboWorks_Comp_Team/brain/install/roboworks_brain_interfaces/local/lib/python3.10/dist-packages/roboworks_brain_interfaces/srv'...
[0.925s] -- Up-to-date: /home/jasper/RoboWorks_Comp_Team/brain/install/roboworks_brain_interfaces/local/lib/python3.10/dist-packages/roboworks_brain_interfaces/roboworks_brain_interfaces_s__rosidl_typesupport_fastrtps_c.cpython-310-x86_64-linux-gnu.so
[0.925s] -- Up-to-date: /home/jasper/RoboWorks_Comp_Team/brain/install/roboworks_brain_interfaces/local/lib/python3.10/dist-packages/roboworks_brain_interfaces/roboworks_brain_interfaces_s__rosidl_typesupport_introspection_c.cpython-310-x86_64-linux-gnu.so
[0.926s] -- Up-to-date: /home/jasper/RoboWorks_Comp_Team/brain/install/roboworks_brain_interfaces/local/lib/python3.10/dist-packages/roboworks_brain_interfaces/roboworks_brain_interfaces_s__rosidl_typesupport_c.cpython-310-x86_64-linux-gnu.so
[0.926s] -- Up-to-date: /home/jasper/RoboWorks_Comp_Team/brain/install/roboworks_brain_interfaces/lib/libroboworks_brain_interfaces__rosidl_generator_py.so
[0.926s] -- Up-to-date: /home/jasper/RoboWorks_Comp_Team/brain/install/roboworks_brain_interfaces/share/roboworks_brain_interfaces/srv/ArmBrain.idl
[0.927s] -- Up-to-date: /home/jasper/RoboWorks_Comp_Team/brain/install/roboworks_brain_interfaces/share/roboworks_brain_interfaces/srv/Navigation.idl
[0.927s] -- Up-to-date: /home/jasper/RoboWorks_Comp_Team/brain/install/roboworks_brain_interfaces/share/roboworks_brain_interfaces/srv/ArmBrain.srv
[0.927s] -- Up-to-date: /home/jasper/RoboWorks_Comp_Team/brain/install/roboworks_brain_interfaces/share/roboworks_brain_interfaces/srv/ArmBrain_Request.msg
[0.927s] -- Up-to-date: /home/jasper/RoboWorks_Comp_Team/brain/install/roboworks_brain_interfaces/share/roboworks_brain_interfaces/srv/ArmBrain_Response.msg
[0.927s] -- Up-to-date: /home/jasper/RoboWorks_Comp_Team/brain/install/roboworks_brain_interfaces/share/roboworks_brain_interfaces/srv/Navigation.srv
[0.928s] -- Up-to-date: /home/jasper/RoboWorks_Comp_Team/brain/install/roboworks_brain_interfaces/share/roboworks_brain_interfaces/srv/Navigation_Request.msg
[0.928s] -- Up-to-date: /home/jasper/RoboWorks_Comp_Team/brain/install/roboworks_brain_interfaces/share/roboworks_brain_interfaces/srv/Navigation_Response.msg
[0.928s] -- Up-to-date: /home/jasper/RoboWorks_Comp_Team/brain/install/roboworks_brain_interfaces/share/ament_index/resource_index/package_run_dependencies/roboworks_brain_interfaces
[0.928s] -- Up-to-date: /home/jasper/RoboWorks_Comp_Team/brain/install/roboworks_brain_interfaces/share/ament_index/resource_index/parent_prefix_path/roboworks_brain_interfaces
[0.928s] -- Up-to-date: /home/jasper/RoboWorks_Comp_Team/brain/install/roboworks_brain_interfaces/share/roboworks_brain_interfaces/environment/ament_prefix_path.sh
[0.928s] -- Up-to-date: /home/jasper/RoboWorks_Comp_Team/brain/install/roboworks_brain_interfaces/share/roboworks_brain_interfaces/environment/ament_prefix_path.dsv
[0.929s] -- Up-to-date: /home/jasper/RoboWorks_Comp_Team/brain/install/roboworks_brain_interfaces/share/roboworks_brain_interfaces/environment/path.sh
[0.929s] -- Up-to-date: /home/jasper/RoboWorks_Comp_Team/brain/install/roboworks_brain_interfaces/share/roboworks_brain_interfaces/environment/path.dsv
[0.929s] -- Up-to-date: /home/jasper/RoboWorks_Comp_Team/brain/install/roboworks_brain_interfaces/share/roboworks_brain_interfaces/local_setup.bash
[0.929s] -- Up-to-date: /home/jasper/RoboWorks_Comp_Team/brain/install/roboworks_brain_interfaces/share/roboworks_brain_interfaces/local_setup.sh
[0.929s] -- Up-to-date: /home/jasper/RoboWorks_Comp_Team/brain/install/roboworks_brain_interfaces/share/roboworks_brain_interfaces/local_setup.zsh
[0.929s] -- Up-to-date: /home/jasper/RoboWorks_Comp_Team/brain/install/roboworks_brain_interfaces/share/roboworks_brain_interfaces/local_setup.dsv
[0.930s] -- Installing: /home/jasper/RoboWorks_Comp_Team/brain/install/roboworks_brain_interfaces/share/roboworks_brain_interfaces/package.dsv
[0.930s] -- Up-to-date: /home/jasper/RoboWorks_Comp_Team/brain/install/roboworks_brain_interfaces/share/ament_index/resource_index/packages/roboworks_brain_interfaces
[0.930s] -- Up-to-date: /home/jasper/RoboWorks_Comp_Team/brain/install/roboworks_brain_interfaces/share/roboworks_brain_interfaces/cmake/export_roboworks_brain_interfaces__rosidl_generator_cExport.cmake
[0.930s] -- Up-to-date: /home/jasper/RoboWorks_Comp_Team/brain/install/roboworks_brain_interfaces/share/roboworks_brain_interfaces/cmake/export_roboworks_brain_interfaces__rosidl_generator_cExport-noconfig.cmake
[0.930s] -- Up-to-date: /home/jasper/RoboWorks_Comp_Team/brain/install/roboworks_brain_interfaces/share/roboworks_brain_interfaces/cmake/export_roboworks_brain_interfaces__rosidl_typesupport_fastrtps_cExport.cmake
[0.930s] -- Up-to-date: /home/jasper/RoboWorks_Comp_Team/brain/install/roboworks_brain_interfaces/share/roboworks_brain_interfaces/cmake/export_roboworks_brain_interfaces__rosidl_typesupport_fastrtps_cExport-noconfig.cmake
[0.930s] -- Up-to-date: /home/jasper/RoboWorks_Comp_Team/brain/install/roboworks_brain_interfaces/share/roboworks_brain_interfaces/cmake/roboworks_brain_interfaces__rosidl_typesupport_introspection_cExport.cmake
[0.930s] -- Up-to-date: /home/jasper/RoboWorks_Comp_Team/brain/install/roboworks_brain_interfaces/share/roboworks_brain_interfaces/cmake/roboworks_brain_interfaces__rosidl_typesupport_introspection_cExport-noconfig.cmake
[0.931s] -- Up-to-date: /home/jasper/RoboWorks_Comp_Team/brain/install/roboworks_brain_interfaces/share/roboworks_brain_interfaces/cmake/roboworks_brain_interfaces__rosidl_typesupport_cExport.cmake
[0.931s] -- Up-to-date: /home/jasper/RoboWorks_Comp_Team/brain/install/roboworks_brain_interfaces/share/roboworks_brain_interfaces/cmake/roboworks_brain_interfaces__rosidl_typesupport_cExport-noconfig.cmake
[0.931s] -- Up-to-date: /home/jasper/RoboWorks_Comp_Team/brain/install/roboworks_brain_interfaces/share/roboworks_brain_interfaces/cmake/export_roboworks_brain_interfaces__rosidl_generator_cppExport.cmake
[0.931s] -- Up-to-date: /home/jasper/RoboWorks_Comp_Team/brain/install/roboworks_brain_interfaces/share/roboworks_brain_interfaces/cmake/export_roboworks_brain_interfaces__rosidl_typesupport_fastrtps_cppExport.cmake
[0.931s] -- Up-to-date: /home/jasper/RoboWorks_Comp_Team/brain/install/roboworks_brain_interfaces/share/roboworks_brain_interfaces/cmake/export_roboworks_brain_interfaces__rosidl_typesupport_fastrtps_cppExport-noconfig.cmake
[0.932s] -- Up-to-date: /home/jasper/RoboWorks_Comp_Team/brain/install/roboworks_brain_interfaces/share/roboworks_brain_interfaces/cmake/roboworks_brain_interfaces__rosidl_typesupport_introspection_cppExport.cmake
[0.932s] -- Up-to-date: /home/jasper/RoboWorks_Comp_Team/brain/install/roboworks_brain_interfaces/share/roboworks_brain_interfaces/cmake/roboworks_brain_interfaces__rosidl_typesupport_introspection_cppExport-noconfig.cmake
[0.932s] -- Up-to-date: /home/jasper/RoboWorks_Comp_Team/brain/install/roboworks_brain_interfaces/share/roboworks_brain_interfaces/cmake/roboworks_brain_interfaces__rosidl_typesupport_cppExport.cmake
[0.933s] -- Up-to-date: /home/jasper/RoboWorks_Comp_Team/brain/install/roboworks_brain_interfaces/share/roboworks_brain_interfaces/cmake/roboworks_brain_interfaces__rosidl_typesupport_cppExport-noconfig.cmake
[0.933s] -- Up-to-date: /home/jasper/RoboWorks_Comp_Team/brain/install/roboworks_brain_interfaces/share/roboworks_brain_interfaces/cmake/export_roboworks_brain_interfaces__rosidl_generator_pyExport.cmake
[0.933s] -- Up-to-date: /home/jasper/RoboWorks_Comp_Team/brain/install/roboworks_brain_interfaces/share/roboworks_brain_interfaces/cmake/export_roboworks_brain_interfaces__rosidl_generator_pyExport-noconfig.cmake
[0.933s] -- Up-to-date: /home/jasper/RoboWorks_Comp_Team/brain/install/roboworks_brain_interfaces/share/roboworks_brain_interfaces/cmake/rosidl_cmake-extras.cmake
[0.934s] -- Up-to-date: /home/jasper/RoboWorks_Comp_Team/brain/install/roboworks_brain_interfaces/share/roboworks_brain_interfaces/cmake/ament_cmake_export_dependencies-extras.cmake
[0.934s] -- Up-to-date: /home/jasper/RoboWorks_Comp_Team/brain/install/roboworks_brain_interfaces/share/roboworks_brain_interfaces/cmake/ament_cmake_export_include_directories-extras.cmake
[0.934s] -- Up-to-date: /home/jasper/RoboWorks_Comp_Team/brain/install/roboworks_brain_interfaces/share/roboworks_brain_interfaces/cmake/ament_cmake_export_libraries-extras.cmake
[0.934s] -- Up-to-date: /home/jasper/RoboWorks_Comp_Team/brain/install/roboworks_brain_interfaces/share/roboworks_brain_interfaces/cmake/ament_cmake_export_targets-extras.cmake
[0.934s] -- Up-to-date: /home/jasper/RoboWorks_Comp_Team/brain/install/roboworks_brain_interfaces/share/roboworks_brain_interfaces/cmake/rosidl_cmake_export_typesupport_targets-extras.cmake
[0.935s] -- Up-to-date: /home/jasper/RoboWorks_Comp_Team/brain/install/roboworks_brain_interfaces/share/roboworks_brain_interfaces/cmake/rosidl_cmake_export_typesupport_libraries-extras.cmake
[0.935s] -- Up-to-date: /home/jasper/RoboWorks_Comp_Team/brain/install/roboworks_brain_interfaces/share/roboworks_brain_interfaces/cmake/roboworks_brain_interfacesConfig.cmake
[0.935s] -- Up-to-date: /home/jasper/RoboWorks_Comp_Team/brain/install/roboworks_brain_interfaces/share/roboworks_brain_interfaces/cmake/roboworks_brain_interfacesConfig-version.cmake
[0.935s] -- Up-to-date: /home/jasper/RoboWorks_Comp_Team/brain/install/roboworks_brain_interfaces/share/roboworks_brain_interfaces/package.xml
[0.936s] Invoked command in '/home/jasper/RoboWorks_Comp_Team/brain/build/roboworks_brain_interfaces' returned '0': CMAKE_PREFIX_PATH=${CMAKE_PREFIX_PATH}:/home/jasper/RoboWorks_Comp_Team/brain/install/roboworks_brain_interfaces:/home/jasper/ws_moveit2/install/moveit_configs_utils:/home/jasper/ws_moveit2/install/launch_param_builder:/opt/ros/humble /usr/bin/cmake --install /home/jasper/RoboWorks_Comp_Team/brain/build/roboworks_brain_interfaces
