[0.127s] Invoking command in '/home/jasper/RoboWorks_Comp_Team/brain/build/roboworks_brain_interfaces': CMAKE_PREFIX_PATH=${CMAKE_PREFIX_PATH}:/home/jasper/ws_moveit2/install/moveit_configs_utils:/home/jasper/ws_moveit2/install/launch_param_builder:/opt/ros/humble /usr/bin/cmake --build /home/jasper/RoboWorks_Comp_Team/brain/build/roboworks_brain_interfaces -- -j8 -l8
[0.163s] -- Found ament_cmake: 1.3.6 (/opt/ros/humble/share/ament_cmake/cmake)
[0.338s] -- Found rosidl_default_generators: 1.2.0 (/opt/ros/humble/share/rosidl_default_generators/cmake)
[0.354s] -- Using all available rosidl_typesupport_c: rosidl_typesupport_fastrtps_c;rosidl_typesupport_introspection_c
[0.357s] -- Found rosidl_adapter: 3.1.5 (/opt/ros/humble/share/rosidl_adapter/cmake)
[0.395s] -- Using all available rosidl_typesupport_cpp: rosidl_typesupport_fastrtps_cpp;rosidl_typesupport_introspection_cpp
[0.425s] -- Found geometry_msgs: 4.2.3 (/opt/ros/humble/share/geometry_msgs/cmake)
[0.561s] -- Found rclcpp: 16.0.7 (/opt/ros/humble/share/rclcpp/cmake)
[0.614s] -- Found rmw_implementation_cmake: 6.1.1 (/opt/ros/humble/share/rmw_implementation_cmake/cmake)
[0.618s] -- Found rmw_fastrtps_cpp: 6.2.5 (/opt/ros/humble/share/rmw_fastrtps_cpp/cmake)
[0.789s] -- Using RMW implementation 'rmw_fastrtps_cpp' as default
[1.135s] [31mCMake Error at /opt/ros/humble/share/rosidl_adapter/cmake/rosidl_adapt_interfaces.cmake:59 (message):
[1.135s]   execute_process(/usr/bin/python3.10 -m rosidl_adapter --package-name
[1.135s]   roboworks_brain_interfaces --arguments-file
[1.135s]   /home/jasper/RoboWorks_Comp_Team/brain/build/roboworks_brain_interfaces/rosidl_adapter__arguments__roboworks_brain_interfaces.json
[1.136s]   --output-dir
[1.136s]   /home/jasper/RoboWorks_Comp_Team/brain/build/roboworks_brain_interfaces/rosidl_adapter/roboworks_brain_interfaces
[1.136s]   --output-file
[1.136s]   /home/jasper/RoboWorks_Comp_Team/brain/build/roboworks_brain_interfaces/rosidl_adapter/roboworks_brain_interfaces.idls)
[1.136s]   returned error code 1:
[1.136s] 
[1.136s]   Error processing 'list<string> masterList instruction' of
[1.137s]   'roboworks_brain_interfaces/TaskOpt_Response': ''list<string>' is an
[1.137s]   invalid message name.  It should have the pattern '^[A-Z][A-Za-z0-9]*$''
[1.137s] 
[1.137s]   Traceback (most recent call last):
[1.137s] 
[1.137s]     File "/usr/lib/python3.10/runpy.py", line 196, in _run_module_as_main
[1.137s]       return _run_code(code, main_globals, None,
[1.137s]     File "/usr/lib/python3.10/runpy.py", line 86, in _run_code
[1.137s]       exec(code, run_globals)
[1.137s]     File "/opt/ros/humble/local/lib/python3.10/dist-packages/rosidl_adapter/__main__.py", line 19, in <module>
[1.138s]       sys.exit(main())
[1.138s]     File "/opt/ros/humble/local/lib/python3.10/dist-packages/rosidl_adapter/main.py", line 53, in main
[1.138s]       abs_idl_file = convert_to_idl(
[1.138s]     File "/opt/ros/humble/local/lib/python3.10/dist-packages/rosidl_adapter/__init__.py", line 24, in convert_to_idl
[1.138s]       return convert_srv_to_idl(
[1.138s]     File "/opt/ros/humble/local/lib/python3.10/dist-packages/rosidl_adapter/srv/__init__.py", line 28, in convert_srv_to_idl
[1.138s]       srv = parse_service_string(package_name, input_file.stem, content)
[1.138s]     File "/opt/ros/humble/local/lib/python3.10/dist-packages/rosidl_adapter/parser.py", line 863, in parse_service_string
[1.138s]       response_message = parse_message_string(
[1.138s]     File "/opt/ros/humble/local/lib/python3.10/dist-packages/rosidl_adapter/parser.py", line 520, in parse_message_string
[1.139s]       Type(type_string, context_package_name=pkg_name),
[1.139s]     File "/opt/ros/humble/local/lib/python3.10/dist-packages/rosidl_adapter/parser.py", line 277, in __init__
[1.139s]       super(Type, self).__init__(
[1.139s]     File "/opt/ros/humble/local/lib/python3.10/dist-packages/rosidl_adapter/parser.py", line 205, in __init__
[1.139s]       raise InvalidResourceName(
[1.139s] 
[1.139s]   rosidl_adapter.parser.InvalidResourceName: 'list<string>' is an invalid
[1.139s]   message name.  It should have the pattern '^[A-Z][A-Za-z0-9]*$'
[1.139s] 
[1.139s] Call Stack (most recent call first):
[1.140s]   /opt/ros/humble/share/rosidl_cmake/cmake/rosidl_generate_interfaces.cmake:130 (rosidl_adapt_interfaces)
[1.140s]   CMakeLists.txt:14 (rosidl_generate_interfaces)
[1.140s] 
[1.140s] [0m
[1.140s] -- Configuring incomplete, errors occurred!
[1.140s] See also "/home/jasper/RoboWorks_Comp_Team/brain/build/roboworks_brain_interfaces/CMakeFiles/CMakeOutput.log".
[1.145s] gmake: *** [Makefile:963: cmake_check_build_system] Error 1
[1.147s] Invoked command in '/home/jasper/RoboWorks_Comp_Team/brain/build/roboworks_brain_interfaces' returned '2': CMAKE_PREFIX_PATH=${CMAKE_PREFIX_PATH}:/home/jasper/ws_moveit2/install/moveit_configs_utils:/home/jasper/ws_moveit2/install/launch_param_builder:/opt/ros/humble /usr/bin/cmake --build /home/jasper/RoboWorks_Comp_Team/brain/build/roboworks_brain_interfaces -- -j8 -l8
