[1.589s] DEBUG:colcon:Command line arguments: ['/usr/bin/colcon', 'build']
[1.589s] DEBUG:colcon:Parsed command line arguments: Namespace(log_base=None, log_level=None, verb_name='build', build_base='build', install_base='install', merge_install=False, symlink_install=False, test_result_base=None, continue_on_error=False, executor='parallel', parallel_workers=8, event_handlers=None, ignore_user_meta=False, metas=['./colcon.meta'], base_paths=['.'], packages_ignore=None, packages_ignore_regex=None, paths=None, packages_up_to=None, packages_up_to_regex=None, packages_above=None, packages_above_and_dependencies=None, packages_above_depth=None, packages_select_by_dep=None, packages_skip_by_dep=None, packages_skip_up_to=None, packages_select_build_failed=False, packages_skip_build_finished=False, packages_select_test_failures=False, packages_skip_test_passed=False, packages_select=None, packages_skip=None, packages_select_regex=None, packages_skip_regex=None, packages_start=None, packages_end=None, allow_overriding=[], cmake_args=None, cmake_target=None, cmake_target_skip_unavailable=False, cmake_clean_cache=False, cmake_clean_first=False, cmake_force_configure=False, ament_cmake_args=None, catkin_cmake_args=None, catkin_skip_building_tests=False, mixin_files=None, mixin=None, verb_parser=<colcon_mixin.mixin.mixin_argument.MixinArgumentDecorator object at 0x7f4f1fdfcd90>, verb_extension=<colcon_core.verb.build.BuildVerb object at 0x7f4f1fdfebc0>, main=<bound method BuildVerb.main of <colcon_core.verb.build.BuildVerb object at 0x7f4f1fdfebc0>>, mixin_verb=('build',))
[1.650s] Level 1:colcon.colcon_core.package_discovery:discover_packages(colcon_meta) check parameters
[1.650s] Level 1:colcon.colcon_core.package_discovery:discover_packages(recursive) check parameters
[1.650s] Level 1:colcon.colcon_core.package_discovery:discover_packages(ignore) check parameters
[1.650s] Level 1:colcon.colcon_core.package_discovery:discover_packages(path) check parameters
[1.650s] Level 1:colcon.colcon_core.package_discovery:discover_packages(colcon_meta) discover
[1.650s] Level 1:colcon.colcon_core.package_discovery:discover_packages(recursive) discover
[1.650s] INFO:colcon.colcon_core.package_discovery:Crawling recursively for packages in '/home/jasper/RoboWorks_Comp_Team/brain'
[1.650s] Level 1:colcon.colcon_core.package_identification:_identify(.) by extensions ['ignore', 'ignore_ament_install']
[1.650s] Level 1:colcon.colcon_core.package_identification:_identify(.) by extension 'ignore'
[1.650s] Level 1:colcon.colcon_core.package_identification:_identify(.) by extension 'ignore_ament_install'
[1.650s] Level 1:colcon.colcon_core.package_identification:_identify(.) by extensions ['colcon_pkg']
[1.650s] Level 1:colcon.colcon_core.package_identification:_identify(.) by extension 'colcon_pkg'
[1.650s] Level 1:colcon.colcon_core.package_identification:_identify(.) by extensions ['colcon_meta']
[1.650s] Level 1:colcon.colcon_core.package_identification:_identify(.) by extension 'colcon_meta'
[1.650s] Level 1:colcon.colcon_core.package_identification:_identify(.) by extensions ['ros']
[1.650s] Level 1:colcon.colcon_core.package_identification:_identify(.) by extension 'ros'
[1.661s] Level 1:colcon.colcon_core.package_identification:_identify(.) by extensions ['cmake', 'python']
[1.661s] Level 1:colcon.colcon_core.package_identification:_identify(.) by extension 'cmake'
[1.661s] Level 1:colcon.colcon_core.package_identification:_identify(.) by extension 'python'
[1.661s] Level 1:colcon.colcon_core.package_identification:_identify(.) by extensions ['python_setup_py']
[1.661s] Level 1:colcon.colcon_core.package_identification:_identify(.) by extension 'python_setup_py'
[1.662s] Level 1:colcon.colcon_core.package_identification:_identify(build) by extensions ['ignore', 'ignore_ament_install']
[1.662s] Level 1:colcon.colcon_core.package_identification:_identify(build) by extension 'ignore'
[1.662s] Level 1:colcon.colcon_core.package_identification:_identify(build) ignored
[1.662s] Level 1:colcon.colcon_core.package_identification:_identify(install) by extensions ['ignore', 'ignore_ament_install']
[1.662s] Level 1:colcon.colcon_core.package_identification:_identify(install) by extension 'ignore'
[1.662s] Level 1:colcon.colcon_core.package_identification:_identify(install) ignored
[1.662s] Level 1:colcon.colcon_core.package_identification:_identify(log) by extensions ['ignore', 'ignore_ament_install']
[1.662s] Level 1:colcon.colcon_core.package_identification:_identify(log) by extension 'ignore'
[1.662s] Level 1:colcon.colcon_core.package_identification:_identify(log) ignored
[1.662s] Level 1:colcon.colcon_core.package_identification:_identify(src) by extensions ['ignore', 'ignore_ament_install']
[1.662s] Level 1:colcon.colcon_core.package_identification:_identify(src) by extension 'ignore'
[1.662s] Level 1:colcon.colcon_core.package_identification:_identify(src) by extension 'ignore_ament_install'
[1.662s] Level 1:colcon.colcon_core.package_identification:_identify(src) by extensions ['colcon_pkg']
[1.662s] Level 1:colcon.colcon_core.package_identification:_identify(src) by extension 'colcon_pkg'
[1.662s] Level 1:colcon.colcon_core.package_identification:_identify(src) by extensions ['colcon_meta']
[1.663s] Level 1:colcon.colcon_core.package_identification:_identify(src) by extension 'colcon_meta'
[1.663s] Level 1:colcon.colcon_core.package_identification:_identify(src) by extensions ['ros']
[1.663s] Level 1:colcon.colcon_core.package_identification:_identify(src) by extension 'ros'
[1.663s] Level 1:colcon.colcon_core.package_identification:_identify(src) by extensions ['cmake', 'python']
[1.663s] Level 1:colcon.colcon_core.package_identification:_identify(src) by extension 'cmake'
[1.663s] Level 1:colcon.colcon_core.package_identification:_identify(src) by extension 'python'
[1.663s] Level 1:colcon.colcon_core.package_identification:_identify(src) by extensions ['python_setup_py']
[1.663s] Level 1:colcon.colcon_core.package_identification:_identify(src) by extension 'python_setup_py'
[1.663s] Level 1:colcon.colcon_core.package_identification:_identify(src/roboworks_brain) by extensions ['ignore', 'ignore_ament_install']
[1.663s] Level 1:colcon.colcon_core.package_identification:_identify(src/roboworks_brain) by extension 'ignore'
[1.663s] Level 1:colcon.colcon_core.package_identification:_identify(src/roboworks_brain) by extension 'ignore_ament_install'
[1.663s] Level 1:colcon.colcon_core.package_identification:_identify(src/roboworks_brain) by extensions ['colcon_pkg']
[1.663s] Level 1:colcon.colcon_core.package_identification:_identify(src/roboworks_brain) by extension 'colcon_pkg'
[1.663s] Level 1:colcon.colcon_core.package_identification:_identify(src/roboworks_brain) by extensions ['colcon_meta']
[1.663s] Level 1:colcon.colcon_core.package_identification:_identify(src/roboworks_brain) by extension 'colcon_meta'
[1.663s] Level 1:colcon.colcon_core.package_identification:_identify(src/roboworks_brain) by extensions ['ros']
[1.663s] Level 1:colcon.colcon_core.package_identification:_identify(src/roboworks_brain) by extension 'ros'
[1.666s] DEBUG:colcon.colcon_core.package_identification:Package 'src/roboworks_brain' with type 'ros.ament_cmake' and name 'roboworks_brain'
[1.666s] Level 1:colcon.colcon_core.package_identification:_identify(src/roboworks_brain_interfaces) by extensions ['ignore', 'ignore_ament_install']
[1.666s] Level 1:colcon.colcon_core.package_identification:_identify(src/roboworks_brain_interfaces) by extension 'ignore'
[1.666s] Level 1:colcon.colcon_core.package_identification:_identify(src/roboworks_brain_interfaces) by extension 'ignore_ament_install'
[1.666s] Level 1:colcon.colcon_core.package_identification:_identify(src/roboworks_brain_interfaces) by extensions ['colcon_pkg']
[1.666s] Level 1:colcon.colcon_core.package_identification:_identify(src/roboworks_brain_interfaces) by extension 'colcon_pkg'
[1.666s] Level 1:colcon.colcon_core.package_identification:_identify(src/roboworks_brain_interfaces) by extensions ['colcon_meta']
[1.666s] Level 1:colcon.colcon_core.package_identification:_identify(src/roboworks_brain_interfaces) by extension 'colcon_meta'
[1.666s] Level 1:colcon.colcon_core.package_identification:_identify(src/roboworks_brain_interfaces) by extensions ['ros']
[1.666s] Level 1:colcon.colcon_core.package_identification:_identify(src/roboworks_brain_interfaces) by extension 'ros'
[1.667s] DEBUG:colcon.colcon_core.package_identification:Package 'src/roboworks_brain_interfaces' with type 'ros.ament_cmake' and name 'roboworks_brain_interfaces'
[1.667s] Level 1:colcon.colcon_core.package_discovery:discover_packages(recursive) using defaults
[1.667s] Level 1:colcon.colcon_core.package_discovery:discover_packages(ignore) discover
[1.667s] Level 1:colcon.colcon_core.package_discovery:discover_packages(ignore) using defaults
[1.667s] Level 1:colcon.colcon_core.package_discovery:discover_packages(path) discover
[1.667s] Level 1:colcon.colcon_core.package_discovery:discover_packages(path) using defaults
[1.781s] Level 1:colcon.colcon_core.package_discovery:discover_packages(prefix_path) check parameters
[1.781s] Level 1:colcon.colcon_core.package_discovery:discover_packages(prefix_path) discover
[1.822s] DEBUG:colcon.colcon_installed_package_information.package_discovery:Found 2 installed packages in /home/jasper/RoboWorks_Comp_Team/brain/install
[1.842s] DEBUG:colcon.colcon_installed_package_information.package_discovery:Found 55 installed packages in /home/jasper/ws_moveit2/install
[1.862s] DEBUG:colcon.colcon_installed_package_information.package_discovery:Found 436 installed packages in /opt/ros/humble
[1.865s] Level 1:colcon.colcon_core.package_discovery:discover_packages(prefix_path) using defaults
[1.994s] Level 5:colcon.colcon_core.verb:set package 'roboworks_brain' build argument 'cmake_args' from command line to 'None'
[1.994s] Level 5:colcon.colcon_core.verb:set package 'roboworks_brain' build argument 'cmake_target' from command line to 'None'
[1.994s] Level 5:colcon.colcon_core.verb:set package 'roboworks_brain' build argument 'cmake_target_skip_unavailable' from command line to 'False'
[1.994s] Level 5:colcon.colcon_core.verb:set package 'roboworks_brain' build argument 'cmake_clean_cache' from command line to 'False'
[1.994s] Level 5:colcon.colcon_core.verb:set package 'roboworks_brain' build argument 'cmake_clean_first' from command line to 'False'
[1.994s] Level 5:colcon.colcon_core.verb:set package 'roboworks_brain' build argument 'cmake_force_configure' from command line to 'False'
[1.994s] Level 5:colcon.colcon_core.verb:set package 'roboworks_brain' build argument 'ament_cmake_args' from command line to 'None'
[1.994s] Level 5:colcon.colcon_core.verb:set package 'roboworks_brain' build argument 'catkin_cmake_args' from command line to 'None'
[1.994s] Level 5:colcon.colcon_core.verb:set package 'roboworks_brain' build argument 'catkin_skip_building_tests' from command line to 'False'
[1.994s] DEBUG:colcon.colcon_core.verb:Building package 'roboworks_brain' with the following arguments: {'ament_cmake_args': None, 'build_base': '/home/jasper/RoboWorks_Comp_Team/brain/build/roboworks_brain', 'catkin_cmake_args': None, 'catkin_skip_building_tests': False, 'cmake_args': None, 'cmake_clean_cache': False, 'cmake_clean_first': False, 'cmake_force_configure': False, 'cmake_target': None, 'cmake_target_skip_unavailable': False, 'install_base': '/home/jasper/RoboWorks_Comp_Team/brain/install/roboworks_brain', 'merge_install': False, 'path': '/home/jasper/RoboWorks_Comp_Team/brain/src/roboworks_brain', 'symlink_install': False, 'test_result_base': None}
[2.012s] Level 5:colcon.colcon_core.verb:set package 'roboworks_brain_interfaces' build argument 'cmake_args' from command line to 'None'
[2.013s] Level 5:colcon.colcon_core.verb:set package 'roboworks_brain_interfaces' build argument 'cmake_target' from command line to 'None'
[2.013s] Level 5:colcon.colcon_core.verb:set package 'roboworks_brain_interfaces' build argument 'cmake_target_skip_unavailable' from command line to 'False'
[2.013s] Level 5:colcon.colcon_core.verb:set package 'roboworks_brain_interfaces' build argument 'cmake_clean_cache' from command line to 'False'
[2.013s] Level 5:colcon.colcon_core.verb:set package 'roboworks_brain_interfaces' build argument 'cmake_clean_first' from command line to 'False'
[2.013s] Level 5:colcon.colcon_core.verb:set package 'roboworks_brain_interfaces' build argument 'cmake_force_configure' from command line to 'False'
[2.013s] Level 5:colcon.colcon_core.verb:set package 'roboworks_brain_interfaces' build argument 'ament_cmake_args' from command line to 'None'
[2.013s] Level 5:colcon.colcon_core.verb:set package 'roboworks_brain_interfaces' build argument 'catkin_cmake_args' from command line to 'None'
[2.013s] Level 5:colcon.colcon_core.verb:set package 'roboworks_brain_interfaces' build argument 'catkin_skip_building_tests' from command line to 'False'
[2.013s] DEBUG:colcon.colcon_core.verb:Building package 'roboworks_brain_interfaces' with the following arguments: {'ament_cmake_args': None, 'build_base': '/home/jasper/RoboWorks_Comp_Team/brain/build/roboworks_brain_interfaces', 'catkin_cmake_args': None, 'catkin_skip_building_tests': False, 'cmake_args': None, 'cmake_clean_cache': False, 'cmake_clean_first': False, 'cmake_force_configure': False, 'cmake_target': None, 'cmake_target_skip_unavailable': False, 'install_base': '/home/jasper/RoboWorks_Comp_Team/brain/install/roboworks_brain_interfaces', 'merge_install': False, 'path': '/home/jasper/RoboWorks_Comp_Team/brain/src/roboworks_brain_interfaces', 'symlink_install': False, 'test_result_base': None}
[2.031s] INFO:colcon.colcon_core.executor:Executing jobs using 'parallel' executor
[2.051s] DEBUG:colcon.colcon_parallel_executor.executor.parallel:run_until_complete
[2.051s] INFO:colcon.colcon_ros.task.ament_cmake.build:Building ROS package in '/home/jasper/RoboWorks_Comp_Team/brain/src/roboworks_brain' with build type 'ament_cmake'
[2.051s] INFO:colcon.colcon_cmake.task.cmake.build:Building CMake package in '/home/jasper/RoboWorks_Comp_Team/brain/src/roboworks_brain'
[2.072s] INFO:colcon.colcon_core.plugin_system:Skipping extension 'colcon_core.shell.bat': Not used on non-Windows systems
[2.072s] INFO:colcon.colcon_core.shell:Skip shell extension 'powershell' for command environment: Not usable outside of PowerShell
[2.072s] DEBUG:colcon.colcon_core.shell:Skip shell extension 'dsv' for command environment
[2.154s] INFO:colcon.colcon_ros.task.ament_cmake.build:Building ROS package in '/home/jasper/RoboWorks_Comp_Team/brain/src/roboworks_brain_interfaces' with build type 'ament_cmake'
[2.154s] INFO:colcon.colcon_cmake.task.cmake.build:Building CMake package in '/home/jasper/RoboWorks_Comp_Team/brain/src/roboworks_brain_interfaces'
[2.174s] INFO:colcon.colcon_core.shell:Skip shell extension 'powershell' for command environment: Not usable outside of PowerShell
[2.174s] DEBUG:colcon.colcon_core.shell:Skip shell extension 'dsv' for command environment
[2.263s] DEBUG:colcon.colcon_core.event_handler.log_command:Invoking command in '/home/jasper/RoboWorks_Comp_Team/brain/build/roboworks_brain': CMAKE_PREFIX_PATH=${CMAKE_PREFIX_PATH}:/home/jasper/ws_moveit2/install/moveit_configs_utils:/home/jasper/ws_moveit2/install/launch_param_builder:/opt/ros/humble /usr/bin/cmake --build /home/jasper/RoboWorks_Comp_Team/brain/build/roboworks_brain -- -j8 -l8
[2.268s] DEBUG:colcon.colcon_core.event_handler.log_command:Invoking command in '/home/jasper/RoboWorks_Comp_Team/brain/build/roboworks_brain_interfaces': CMAKE_PREFIX_PATH=${CMAKE_PREFIX_PATH}:/home/jasper/ws_moveit2/install/moveit_configs_utils:/home/jasper/ws_moveit2/install/launch_param_builder:/opt/ros/humble /usr/bin/cmake --build /home/jasper/RoboWorks_Comp_Team/brain/build/roboworks_brain_interfaces -- -j8 -l8
[8.477s] DEBUG:colcon.colcon_core.event_handler.log_command:Invoked command in '/home/jasper/RoboWorks_Comp_Team/brain/build/roboworks_brain' returned '2': CMAKE_PREFIX_PATH=${CMAKE_PREFIX_PATH}:/home/jasper/ws_moveit2/install/moveit_configs_utils:/home/jasper/ws_moveit2/install/launch_param_builder:/opt/ros/humble /usr/bin/cmake --build /home/jasper/RoboWorks_Comp_Team/brain/build/roboworks_brain -- -j8 -l8
[8.558s] Level 1:colcon.colcon_core.environment:create_environment_scripts_only(roboworks_brain)
[8.581s] Level 1:colcon.colcon_core.environment:checking '/home/jasper/RoboWorks_Comp_Team/brain/install/roboworks_brain' for CMake module files
[8.582s] Level 1:colcon.colcon_core.environment:checking '/home/jasper/RoboWorks_Comp_Team/brain/install/roboworks_brain' for CMake config files
[8.582s] Level 1:colcon.colcon_core.shell:create_environment_hook('roboworks_brain', 'cmake_prefix_path')
[8.602s] INFO:colcon.colcon_core.shell:Creating environment hook '/home/jasper/RoboWorks_Comp_Team/brain/install/roboworks_brain/share/roboworks_brain/hook/cmake_prefix_path.ps1'
[8.603s] INFO:colcon.colcon_core.shell:Creating environment descriptor '/home/jasper/RoboWorks_Comp_Team/brain/install/roboworks_brain/share/roboworks_brain/hook/cmake_prefix_path.dsv'
[8.603s] INFO:colcon.colcon_core.shell:Creating environment hook '/home/jasper/RoboWorks_Comp_Team/brain/install/roboworks_brain/share/roboworks_brain/hook/cmake_prefix_path.sh'
[8.604s] Level 1:colcon.colcon_core.environment:checking '/home/jasper/RoboWorks_Comp_Team/brain/install/roboworks_brain/lib'
[8.604s] Level 1:colcon.colcon_core.environment:checking '/home/jasper/RoboWorks_Comp_Team/brain/install/roboworks_brain/bin'
[8.604s] Level 1:colcon.colcon_core.environment:checking '/home/jasper/RoboWorks_Comp_Team/brain/install/roboworks_brain/lib/pkgconfig/roboworks_brain.pc'
[8.604s] Level 1:colcon.colcon_core.environment:checking '/home/jasper/RoboWorks_Comp_Team/brain/install/roboworks_brain/lib/python3.10/site-packages'
[8.605s] Level 1:colcon.colcon_core.environment:checking '/home/jasper/RoboWorks_Comp_Team/brain/install/roboworks_brain/bin'
[8.625s] INFO:colcon.colcon_core.shell:Creating package script '/home/jasper/RoboWorks_Comp_Team/brain/install/roboworks_brain/share/roboworks_brain/package.ps1'
[8.626s] INFO:colcon.colcon_core.shell:Creating package descriptor '/home/jasper/RoboWorks_Comp_Team/brain/install/roboworks_brain/share/roboworks_brain/package.dsv'
[8.626s] INFO:colcon.colcon_core.shell:Creating package script '/home/jasper/RoboWorks_Comp_Team/brain/install/roboworks_brain/share/roboworks_brain/package.sh'
[8.627s] INFO:colcon.colcon_core.shell:Creating package script '/home/jasper/RoboWorks_Comp_Team/brain/install/roboworks_brain/share/roboworks_brain/package.bash'
[8.628s] INFO:colcon.colcon_core.shell:Creating package script '/home/jasper/RoboWorks_Comp_Team/brain/install/roboworks_brain/share/roboworks_brain/package.zsh'
[8.628s] Level 1:colcon.colcon_core.environment:create_file_with_runtime_dependencies(/home/jasper/RoboWorks_Comp_Team/brain/install/roboworks_brain/share/colcon-core/packages/roboworks_brain)
[9.377s] DEBUG:colcon.colcon_parallel_executor.executor.parallel:closing loop
[9.378s] DEBUG:colcon.colcon_parallel_executor.executor.parallel:loop closed
[9.378s] DEBUG:colcon.colcon_parallel_executor.executor.parallel:run_until_complete finished with '2'
[9.378s] DEBUG:colcon.colcon_core.event_reactor:joining thread
[9.441s] INFO:colcon.colcon_core.plugin_system:Skipping extension 'colcon_notification.desktop_notification.terminal_notifier': Not used on non-Darwin systems
[9.441s] INFO:colcon.colcon_core.plugin_system:Skipping extension 'colcon_notification.desktop_notification.win32': Not used on non-Windows systems
[9.442s] INFO:colcon.colcon_notification.desktop_notification:Sending desktop notification using 'notify2'
[9.452s] DEBUG:colcon.colcon_core.event_reactor:joined thread
[9.473s] INFO:colcon.colcon_core.shell:Creating prefix script '/home/jasper/RoboWorks_Comp_Team/brain/install/local_setup.ps1'
[9.474s] INFO:colcon.colcon_core.shell:Creating prefix util module '/home/jasper/RoboWorks_Comp_Team/brain/install/_local_setup_util_ps1.py'
[9.475s] INFO:colcon.colcon_core.shell:Creating prefix chain script '/home/jasper/RoboWorks_Comp_Team/brain/install/setup.ps1'
[9.499s] INFO:colcon.colcon_core.shell:Creating prefix script '/home/jasper/RoboWorks_Comp_Team/brain/install/local_setup.sh'
[9.500s] INFO:colcon.colcon_core.shell:Creating prefix util module '/home/jasper/RoboWorks_Comp_Team/brain/install/_local_setup_util_sh.py'
[9.500s] INFO:colcon.colcon_core.shell:Creating prefix chain script '/home/jasper/RoboWorks_Comp_Team/brain/install/setup.sh'
[9.524s] INFO:colcon.colcon_core.shell:Creating prefix script '/home/jasper/RoboWorks_Comp_Team/brain/install/local_setup.bash'
[9.524s] INFO:colcon.colcon_core.shell:Creating prefix chain script '/home/jasper/RoboWorks_Comp_Team/brain/install/setup.bash'
[9.548s] INFO:colcon.colcon_core.shell:Creating prefix script '/home/jasper/RoboWorks_Comp_Team/brain/install/local_setup.zsh'
[9.549s] INFO:colcon.colcon_core.shell:Creating prefix chain script '/home/jasper/RoboWorks_Comp_Team/brain/install/setup.zsh'
