[0.116s] Invoking command in '/home/jasper/RoboWorks_Comp_Team/brain/build/roboworks_brain_interfaces': CMAKE_PREFIX_PATH=${CMAKE_PREFIX_PATH}:/home/jasper/ws_moveit2/install/moveit_configs_utils:/home/jasper/ws_moveit2/install/launch_param_builder:/opt/ros/humble /usr/bin/cmake --build /home/jasper/RoboWorks_Comp_Team/brain/build/roboworks_brain_interfaces -- -j8 -l8
[0.204s] [  2%] Built target roboworks_brain_interfaces__cpp
[0.204s] [ 12%] Built target roboworks_brain_interfaces__rosidl_generator_c
[0.225s] [ 12%] Built target ament_cmake_python_copy_roboworks_brain_interfaces
[0.253s] [ 23%] Built target roboworks_brain_interfaces__rosidl_typesupport_cpp
[0.257s] [ 34%] Built target roboworks_brain_interfaces__rosidl_typesupport_fastrtps_cpp
[0.263s] [ 44%] Built target roboworks_brain_interfaces__rosidl_typesupport_introspection_cpp
[0.278s] [ 55%] Built target roboworks_brain_interfaces__rosidl_typesupport_fastrtps_c
[0.281s] [ 65%] Built target roboworks_brain_interfaces__rosidl_typesupport_c
[0.283s] [ 76%] Built target roboworks_brain_interfaces__rosidl_typesupport_introspection_c
[0.320s] [ 76%] Built target roboworks_brain_interfaces
[0.357s] [ 78%] Built target roboworks_brain_interfaces__py
[0.396s] [ 87%] Built target roboworks_brain_interfaces__rosidl_generator_py
[0.436s] [ 91%] Built target roboworks_brain_interfaces__rosidl_typesupport_c__pyext
[0.438s] [ 95%] Built target roboworks_brain_interfaces__rosidl_typesupport_introspection_c__pyext
[0.447s] [100%] Built target roboworks_brain_interfaces__rosidl_typesupport_fastrtps_c__pyext
[0.564s] running egg_info
[0.565s] writing roboworks_brain_interfaces.egg-info/PKG-INFO
[0.565s] writing dependency_links to roboworks_brain_interfaces.egg-info/dependency_links.txt
[0.566s] writing top-level names to roboworks_brain_interfaces.egg-info/top_level.txt
[0.569s] reading manifest file 'roboworks_brain_interfaces.egg-info/SOURCES.txt'
[0.571s] writing manifest file 'roboworks_brain_interfaces.egg-info/SOURCES.txt'
[0.604s] [100%] Built target ament_cmake_python_build_roboworks_brain_interfaces_egg
