[0.265s] Invoking command in '/home/jasper/rtab_robocup/build/pointcloud_to_laserscan': CMAKE_PREFIX_PATH=${CMAKE_PREFIX_PATH}:/home/jasper/ws_moveit2/install/moveit_configs_utils:/home/jasper/ws_moveit2/install/launch_param_builder:/opt/ros/humble /usr/bin/cmake /home/jasper/rtab_robocup/src/pointcloud_to_laserscan -DCMAKE_INSTALL_PREFIX=/home/jasper/rtab_robocup/install/pointcloud_to_laserscan
[0.348s] -- The C compiler identification is GNU 11.4.0
[0.418s] -- The CXX compiler identification is GNU 11.4.0
[0.428s] -- Detecting C compiler ABI info
[0.532s] -- Detecting C compiler ABI info - done
[0.547s] -- Check for working C compiler: /usr/bin/cc - skipped
[0.547s] -- Detecting C compile features
[0.547s] -- Detecting C compile features - done
[0.551s] -- Detecting CXX compiler ABI info
[0.670s] -- Detecting CXX compiler ABI info - done
[0.686s] -- Check for working CXX compiler: /usr/bin/c++ - skipped
[0.687s] -- Detecting CXX compile features
[0.687s] -- Detecting CXX compile features - done
[0.697s] -- Found ament_cmake_auto: 1.3.5 (/opt/ros/humble/share/ament_cmake_auto/cmake)
[0.945s] -- Found Python3: /usr/bin/python3.10 (found version "3.10.12") found components: Interpreter 
[1.381s] -- Found rosidl_generator_c: 3.1.5 (/opt/ros/humble/share/rosidl_generator_c/cmake)
[1.402s] -- Found rosidl_adapter: 3.1.5 (/opt/ros/humble/share/rosidl_adapter/cmake)
[1.427s] -- Found rosidl_generator_cpp: 3.1.5 (/opt/ros/humble/share/rosidl_generator_cpp/cmake)
[1.477s] -- Using all available rosidl_typesupport_c: rosidl_typesupport_fastrtps_c;rosidl_typesupport_introspection_c
[1.522s] -- Using all available rosidl_typesupport_cpp: rosidl_typesupport_fastrtps_cpp;rosidl_typesupport_introspection_cpp
[1.681s] -- Found rmw_implementation_cmake: 6.1.1 (/opt/ros/humble/share/rmw_implementation_cmake/cmake)
[1.692s] -- Found rmw_fastrtps_cpp: 6.2.4 (/opt/ros/humble/share/rmw_fastrtps_cpp/cmake)
[1.891s] -- Found OpenSSL: /usr/lib/x86_64-linux-gnu/libcrypto.so (found version "3.0.2")  
[1.932s] -- Found FastRTPS: /opt/ros/humble/include  
[2.006s] -- Using RMW implementation 'rmw_fastrtps_cpp' as default
[2.037s] -- Looking for pthread.h
[2.138s] -- Looking for pthread.h - found
[2.139s] -- Performing Test CMAKE_HAVE_LIBC_PTHREAD
[2.242s] -- Performing Test CMAKE_HAVE_LIBC_PTHREAD - Success
[2.243s] -- Found Threads: TRUE  
[3.316s] -- Found ament_lint_auto: 0.12.8 (/opt/ros/humble/share/ament_lint_auto/cmake)
[3.385s] -- Added test 'cppcheck' to perform static code analysis on C / C++ code
[3.386s] -- Configured cppcheck include dirs: /home/jasper/rtab_robocup/src/pointcloud_to_laserscan/include
[3.386s] -- Configured cppcheck exclude dirs and/or files: 
[3.391s] -- Added test 'cpplint' to check C / C++ code against the Google style
[3.391s] -- Configured cpplint exclude dirs and/or files: 
[3.393s] -- Added test 'flake8' to check Python code syntax and style conventions
[3.396s] -- Added test 'lint_cmake' to check CMake code style
[3.398s] -- Added test 'pep257' to check Python code against some of the docstring style conventions in PEP 257
[3.403s] -- Added test 'uncrustify' to check C / C++ code style
[3.403s] -- Configured uncrustify additional arguments: 
[3.405s] -- Added test 'xmllint' to check XML markup files
[3.410s] -- Configuring done
[3.450s] -- Generating done
[3.452s] -- Build files have been written to: /home/jasper/rtab_robocup/build/pointcloud_to_laserscan
[3.463s] Invoked command in '/home/jasper/rtab_robocup/build/pointcloud_to_laserscan' returned '0': CMAKE_PREFIX_PATH=${CMAKE_PREFIX_PATH}:/home/jasper/ws_moveit2/install/moveit_configs_utils:/home/jasper/ws_moveit2/install/launch_param_builder:/opt/ros/humble /usr/bin/cmake /home/jasper/rtab_robocup/src/pointcloud_to_laserscan -DCMAKE_INSTALL_PREFIX=/home/jasper/rtab_robocup/install/pointcloud_to_laserscan
[3.466s] Invoking command in '/home/jasper/rtab_robocup/build/pointcloud_to_laserscan': CMAKE_PREFIX_PATH=${CMAKE_PREFIX_PATH}:/home/jasper/ws_moveit2/install/moveit_configs_utils:/home/jasper/ws_moveit2/install/launch_param_builder:/opt/ros/humble /usr/bin/cmake --build /home/jasper/rtab_robocup/build/pointcloud_to_laserscan -- -j8 -l8
[3.548s] [ 20%] [32mBuilding CXX object CMakeFiles/laserscan_to_pointcloud_node.dir/rclcpp_components/node_main_laserscan_to_pointcloud_node.cpp.o[0m
[3.548s] [ 20%] [32mBuilding CXX object CMakeFiles/laserscan_to_pointcloud.dir/src/laserscan_to_pointcloud_node.cpp.o[0m
[3.548s] [ 30%] [32mBuilding CXX object CMakeFiles/pointcloud_to_laserscan_node.dir/rclcpp_components/node_main_pointcloud_to_laserscan_node.cpp.o[0m
[7.029s] [ 40%] [32m[1mLinking CXX executable pointcloud_to_laserscan_node[0m
[7.038s] [ 50%] [32m[1mLinking CXX executable laserscan_to_pointcloud_node[0m
[7.222s] [ 50%] Built target pointcloud_to_laserscan_node
[7.223s] [ 50%] Built target laserscan_to_pointcloud_node
[15.602s] [ 60%] [32m[1mLinking CXX shared library liblaserscan_to_pointcloud.so[0m
[16.184s] [ 60%] Built target laserscan_to_pointcloud
[16.220s] [ 70%] [32mBuilding CXX object CMakeFiles/pointcloud_to_laserscan.dir/src/pointcloud_to_laserscan_node.cpp.o[0m
[27.165s] [ 80%] [32m[1mLinking CXX shared library libpointcloud_to_laserscan.so[0m
[27.764s] [ 80%] Built target pointcloud_to_laserscan
[27.798s] [ 90%] [32mBuilding CXX object CMakeFiles/dummy_pointcloud_publisher.dir/src/dummy_pointcloud_publisher.cpp.o[0m
[31.991s] [100%] [32m[1mLinking CXX executable dummy_pointcloud_publisher[0m
[32.254s] [100%] Built target dummy_pointcloud_publisher
[32.270s] Invoked command in '/home/jasper/rtab_robocup/build/pointcloud_to_laserscan' returned '0': CMAKE_PREFIX_PATH=${CMAKE_PREFIX_PATH}:/home/jasper/ws_moveit2/install/moveit_configs_utils:/home/jasper/ws_moveit2/install/launch_param_builder:/opt/ros/humble /usr/bin/cmake --build /home/jasper/rtab_robocup/build/pointcloud_to_laserscan -- -j8 -l8
[32.356s] Invoking command in '/home/jasper/rtab_robocup/build/pointcloud_to_laserscan': CMAKE_PREFIX_PATH=${CMAKE_PREFIX_PATH}:/home/jasper/ws_moveit2/install/moveit_configs_utils:/home/jasper/ws_moveit2/install/launch_param_builder:/opt/ros/humble /usr/bin/cmake --install /home/jasper/rtab_robocup/build/pointcloud_to_laserscan
[32.368s] -- Install configuration: ""
[32.368s] -- Installing: /home/jasper/rtab_robocup/install/pointcloud_to_laserscan/lib/pointcloud_to_laserscan/laserscan_to_pointcloud_node
[32.369s] -- Set runtime path of "/home/jasper/rtab_robocup/install/pointcloud_to_laserscan/lib/pointcloud_to_laserscan/laserscan_to_pointcloud_node" to ""
[32.369s] -- Installing: /home/jasper/rtab_robocup/install/pointcloud_to_laserscan/lib/pointcloud_to_laserscan/pointcloud_to_laserscan_node
[32.370s] -- Set runtime path of "/home/jasper/rtab_robocup/install/pointcloud_to_laserscan/lib/pointcloud_to_laserscan/pointcloud_to_laserscan_node" to ""
[32.370s] -- Installing: /home/jasper/rtab_robocup/install/pointcloud_to_laserscan/include
[32.370s] -- Installing: /home/jasper/rtab_robocup/install/pointcloud_to_laserscan/include/pointcloud_to_laserscan
[32.370s] -- Installing: /home/jasper/rtab_robocup/install/pointcloud_to_laserscan/include/pointcloud_to_laserscan/laserscan_to_pointcloud_node.hpp
[32.370s] -- Installing: /home/jasper/rtab_robocup/install/pointcloud_to_laserscan/include/pointcloud_to_laserscan/pointcloud_to_laserscan_node.hpp
[32.370s] -- Installing: /home/jasper/rtab_robocup/install/pointcloud_to_laserscan/include/pointcloud_to_laserscan/visibility_control.h
[32.371s] -- Installing: /home/jasper/rtab_robocup/install/pointcloud_to_laserscan/share/pointcloud_to_laserscan/environment/library_path.sh
[32.371s] -- Installing: /home/jasper/rtab_robocup/install/pointcloud_to_laserscan/share/pointcloud_to_laserscan/environment/library_path.dsv
[32.371s] -- Installing: /home/jasper/rtab_robocup/install/pointcloud_to_laserscan/lib/liblaserscan_to_pointcloud.so
[32.380s] -- Set runtime path of "/home/jasper/rtab_robocup/install/pointcloud_to_laserscan/lib/liblaserscan_to_pointcloud.so" to ""
[32.380s] -- Installing: /home/jasper/rtab_robocup/install/pointcloud_to_laserscan/lib/libpointcloud_to_laserscan.so
[32.388s] -- Set runtime path of "/home/jasper/rtab_robocup/install/pointcloud_to_laserscan/lib/libpointcloud_to_laserscan.so" to ""
[32.388s] -- Installing: /home/jasper/rtab_robocup/install/pointcloud_to_laserscan/lib/pointcloud_to_laserscan/dummy_pointcloud_publisher
[32.390s] -- Set runtime path of "/home/jasper/rtab_robocup/install/pointcloud_to_laserscan/lib/pointcloud_to_laserscan/dummy_pointcloud_publisher" to ""
[32.390s] -- Installing: /home/jasper/rtab_robocup/install/pointcloud_to_laserscan/share/pointcloud_to_laserscan/launch
[32.390s] -- Installing: /home/jasper/rtab_robocup/install/pointcloud_to_laserscan/share/pointcloud_to_laserscan/launch/L1_point_to_scan.py
[32.390s] -- Installing: /home/jasper/rtab_robocup/install/pointcloud_to_laserscan/share/pointcloud_to_laserscan/launch/sample_laserscan_to_pointcloud_launch.py
[32.390s] -- Installing: /home/jasper/rtab_robocup/install/pointcloud_to_laserscan/share/pointcloud_to_laserscan/launch/sample_pointcloud_to_laserscan_launch.py
[32.391s] -- Installing: /home/jasper/rtab_robocup/install/pointcloud_to_laserscan/share/ament_index/resource_index/package_run_dependencies/pointcloud_to_laserscan
[32.391s] -- Installing: /home/jasper/rtab_robocup/install/pointcloud_to_laserscan/share/ament_index/resource_index/parent_prefix_path/pointcloud_to_laserscan
[32.391s] -- Installing: /home/jasper/rtab_robocup/install/pointcloud_to_laserscan/share/pointcloud_to_laserscan/environment/ament_prefix_path.sh
[32.391s] -- Installing: /home/jasper/rtab_robocup/install/pointcloud_to_laserscan/share/pointcloud_to_laserscan/environment/ament_prefix_path.dsv
[32.391s] -- Installing: /home/jasper/rtab_robocup/install/pointcloud_to_laserscan/share/pointcloud_to_laserscan/environment/path.sh
[32.392s] -- Installing: /home/jasper/rtab_robocup/install/pointcloud_to_laserscan/share/pointcloud_to_laserscan/environment/path.dsv
[32.392s] -- Installing: /home/jasper/rtab_robocup/install/pointcloud_to_laserscan/share/pointcloud_to_laserscan/local_setup.bash
[32.392s] -- Installing: /home/jasper/rtab_robocup/install/pointcloud_to_laserscan/share/pointcloud_to_laserscan/local_setup.sh
[32.392s] -- Installing: /home/jasper/rtab_robocup/install/pointcloud_to_laserscan/share/pointcloud_to_laserscan/local_setup.zsh
[32.392s] -- Installing: /home/jasper/rtab_robocup/install/pointcloud_to_laserscan/share/pointcloud_to_laserscan/local_setup.dsv
[32.393s] -- Installing: /home/jasper/rtab_robocup/install/pointcloud_to_laserscan/share/pointcloud_to_laserscan/package.dsv
[32.393s] -- Installing: /home/jasper/rtab_robocup/install/pointcloud_to_laserscan/share/ament_index/resource_index/packages/pointcloud_to_laserscan
[32.393s] -- Installing: /home/jasper/rtab_robocup/install/pointcloud_to_laserscan/share/ament_index/resource_index/rclcpp_components/pointcloud_to_laserscan
[32.394s] -- Installing: /home/jasper/rtab_robocup/install/pointcloud_to_laserscan/share/pointcloud_to_laserscan/cmake/ament_cmake_export_dependencies-extras.cmake
[32.394s] -- Installing: /home/jasper/rtab_robocup/install/pointcloud_to_laserscan/share/pointcloud_to_laserscan/cmake/ament_cmake_export_include_directories-extras.cmake
[32.394s] -- Installing: /home/jasper/rtab_robocup/install/pointcloud_to_laserscan/share/pointcloud_to_laserscan/cmake/ament_cmake_export_libraries-extras.cmake
[32.394s] -- Installing: /home/jasper/rtab_robocup/install/pointcloud_to_laserscan/share/pointcloud_to_laserscan/cmake/pointcloud_to_laserscanConfig.cmake
[32.395s] -- Installing: /home/jasper/rtab_robocup/install/pointcloud_to_laserscan/share/pointcloud_to_laserscan/cmake/pointcloud_to_laserscanConfig-version.cmake
[32.395s] -- Installing: /home/jasper/rtab_robocup/install/pointcloud_to_laserscan/share/pointcloud_to_laserscan/package.xml
[32.397s] Invoked command in '/home/jasper/rtab_robocup/build/pointcloud_to_laserscan' returned '0': CMAKE_PREFIX_PATH=${CMAKE_PREFIX_PATH}:/home/jasper/ws_moveit2/install/moveit_configs_utils:/home/jasper/ws_moveit2/install/launch_param_builder:/opt/ros/humble /usr/bin/cmake --install /home/jasper/rtab_robocup/build/pointcloud_to_laserscan
