[0.113s] Invoking command in '/home/jasper/RoboWorks_Comp_Team/taskOptimzer/build/atwork_interfaces': CMAKE_PREFIX_PATH=${CMAKE_PREFIX_PATH}:/home/jasper/ws_moveit2/install/moveit_configs_utils:/home/jasper/ws_moveit2/install/launch_param_builder:/opt/ros/humble /usr/bin/cmake /home/jasper/RoboWorks_Comp_Team/taskOptimzer/src/atwork_interfaces -DCMAKE_INSTALL_PREFIX=/home/jasper/RoboWorks_Comp_Team/taskOptimzer/install/atwork_interfaces
[0.129s] -- Found ament_cmake: 1.3.6 (/opt/ros/humble/share/ament_cmake/cmake)
[0.275s] -- Found geometry_msgs: 4.2.3 (/opt/ros/humble/share/geometry_msgs/cmake)
[0.302s] -- Found rosidl_generator_c: 3.1.5 (/opt/ros/humble/share/rosidl_generator_c/cmake)
[0.305s] -- Found rosidl_adapter: 3.1.5 (/opt/ros/humble/share/rosidl_adapter/cmake)
[0.311s] -- Found rosidl_generator_cpp: 3.1.5 (/opt/ros/humble/share/rosidl_generator_cpp/cmake)
[0.324s] -- Using all available rosidl_typesupport_c: rosidl_typesupport_fastrtps_c;rosidl_typesupport_introspection_c
[0.343s] -- Using all available rosidl_typesupport_cpp: rosidl_typesupport_fastrtps_cpp;rosidl_typesupport_introspection_cpp
[0.466s] -- Found nav_msgs: 4.2.3 (/opt/ros/humble/share/nav_msgs/cmake)
[0.553s] -- Found rosidl_default_generators: 1.2.0 (/opt/ros/humble/share/rosidl_default_generators/cmake)
[0.694s] [31mCMake Error at /opt/ros/humble/share/rosidl_adapter/cmake/rosidl_adapt_interfaces.cmake:59 (message):
[0.694s]   execute_process(/usr/bin/python3.10 -m rosidl_adapter --package-name
[0.694s]   atwork_interfaces --arguments-file
[0.694s]   /home/jasper/RoboWorks_Comp_Team/taskOptimzer/build/atwork_interfaces/rosidl_adapter__arguments__atwork_interfaces.json
[0.695s]   --output-dir
[0.695s]   /home/jasper/RoboWorks_Comp_Team/taskOptimzer/build/atwork_interfaces/rosidl_adapter/atwork_interfaces
[0.695s]   --output-file
[0.695s]   /home/jasper/RoboWorks_Comp_Team/taskOptimzer/build/atwork_interfaces/rosidl_adapter/atwork_interfaces.idls)
[0.695s]   returned error code 1:
[0.695s] 
[0.695s]   KeyError processing template 'struct.idl.em': 'time'
[0.695s] 
[0.695s] Call Stack (most recent call first):
[0.695s]   /opt/ros/humble/share/rosidl_cmake/cmake/rosidl_generate_interfaces.cmake:130 (rosidl_adapt_interfaces)
[0.695s]   CMakeLists.txt:17 (rosidl_generate_interfaces)
[0.695s] 
[0.695s] [0m
[0.695s] -- Configuring incomplete, errors occurred!
[0.695s] See also "/home/jasper/RoboWorks_Comp_Team/taskOptimzer/build/atwork_interfaces/CMakeFiles/CMakeOutput.log".
[0.701s] Invoked command in '/home/jasper/RoboWorks_Comp_Team/taskOptimzer/build/atwork_interfaces' returned '1': CMAKE_PREFIX_PATH=${CMAKE_PREFIX_PATH}:/home/jasper/ws_moveit2/install/moveit_configs_utils:/home/jasper/ws_moveit2/install/launch_param_builder:/opt/ros/humble /usr/bin/cmake /home/jasper/RoboWorks_Comp_Team/taskOptimzer/src/atwork_interfaces -DCMAKE_INSTALL_PREFIX=/home/jasper/RoboWorks_Comp_Team/taskOptimzer/install/atwork_interfaces
