[0.858s] Invoking command in '/home/jasper/Roboworks/Robocup2024/image_point_cloud_package': PYTHONPATH=/home/jasper/Roboworks/Robocup2024/image_point_cloud_package/build/image_point_cloud_package/prefix_override:/home/jasper/Roboworks/Robocup2024/image_point_cloud_package/install/image_point_cloud_package/lib/python3.10/site-packages:${PYTHONPATH} /usr/bin/python3 setup.py egg_info --egg-base build/image_point_cloud_package build --build-base /home/jasper/Roboworks/Robocup2024/image_point_cloud_package/build/image_point_cloud_package/build install --record /home/jasper/Roboworks/Robocup2024/image_point_cloud_package/build/image_point_cloud_package/install.log --single-version-externally-managed
[1.135s] running egg_info
[1.135s] writing build/image_point_cloud_package/image_point_cloud_package.egg-info/PKG-INFO
[1.136s] writing dependency_links to build/image_point_cloud_package/image_point_cloud_package.egg-info/dependency_links.txt
[1.136s] writing entry points to build/image_point_cloud_package/image_point_cloud_package.egg-info/entry_points.txt
[1.136s] writing requirements to build/image_point_cloud_package/image_point_cloud_package.egg-info/requires.txt
[1.136s] writing top-level names to build/image_point_cloud_package/image_point_cloud_package.egg-info/top_level.txt
[1.138s] reading manifest file 'build/image_point_cloud_package/image_point_cloud_package.egg-info/SOURCES.txt'
[1.139s] writing manifest file 'build/image_point_cloud_package/image_point_cloud_package.egg-info/SOURCES.txt'
[1.139s] running build
[1.139s] running build_py
[1.140s] running install
[1.140s] /usr/lib/python3/dist-packages/setuptools/command/install.py:34: SetuptoolsDeprecationWarning: setup.py install is deprecated. Use build and pip and other standards-based tools.
[1.140s]   warnings.warn(
[1.141s] running install_lib
[1.142s] running install_data
[1.143s] running install_egg_info
[1.144s] removing '/home/jasper/Roboworks/Robocup2024/image_point_cloud_package/install/image_point_cloud_package/lib/python3.10/site-packages/image_point_cloud_package-0.0.0-py3.10.egg-info' (and everything under it)
[1.144s] Copying build/image_point_cloud_package/image_point_cloud_package.egg-info to /home/jasper/Roboworks/Robocup2024/image_point_cloud_package/install/image_point_cloud_package/lib/python3.10/site-packages/image_point_cloud_package-0.0.0-py3.10.egg-info
[1.145s] running install_scripts
[1.165s] Installing ROSimage_point_cloud script to /home/jasper/Roboworks/Robocup2024/image_point_cloud_package/install/image_point_cloud_package/lib/image_point_cloud_package
[1.165s] Installing image_point_cloud_node script to /home/jasper/Roboworks/Robocup2024/image_point_cloud_package/install/image_point_cloud_package/lib/image_point_cloud_package
[1.166s] writing list of installed files to '/home/jasper/Roboworks/Robocup2024/image_point_cloud_package/build/image_point_cloud_package/install.log'
[1.187s] Invoked command in '/home/jasper/Roboworks/Robocup2024/image_point_cloud_package' returned '0': PYTHONPATH=/home/jasper/Roboworks/Robocup2024/image_point_cloud_package/build/image_point_cloud_package/prefix_override:/home/jasper/Roboworks/Robocup2024/image_point_cloud_package/install/image_point_cloud_package/lib/python3.10/site-packages:${PYTHONPATH} /usr/bin/python3 setup.py egg_info --egg-base build/image_point_cloud_package build --build-base /home/jasper/Roboworks/Robocup2024/image_point_cloud_package/build/image_point_cloud_package/build install --record /home/jasper/Roboworks/Robocup2024/image_point_cloud_package/build/image_point_cloud_package/install.log --single-version-externally-managed
