[0.185s] Invoking command in '/home/jasper/rtab_robocup/src/build/pointcloud_to_laserscan': CMAKE_PREFIX_PATH=${CMAKE_PREFIX_PATH}:/home/jasper/ws_moveit2/install/moveit_configs_utils:/home/jasper/ws_moveit2/install/launch_param_builder:/opt/ros/humble /usr/bin/cmake /home/jasper/rtab_robocup/src/pointcloud_to_laserscan -DCMAKE_INSTALL_PREFIX=/home/jasper/rtab_robocup/src/install/pointcloud_to_laserscan
[0.404s] -- The C compiler identification is GNU 11.4.0
[0.629s] -- The CXX compiler identification is GNU 11.4.0
[0.647s] -- Detecting C compiler ABI info
[0.759s] -- Detecting C compiler ABI info - done
[0.767s] -- Check for working C compiler: /usr/bin/cc - skipped
[0.768s] -- Detecting C compile features
[0.769s] -- Detecting C compile features - done
[0.773s] -- Detecting CXX compiler ABI info
[0.894s] -- Detecting CXX compiler ABI info - done
[0.903s] -- Check for working CXX compiler: /usr/bin/c++ - skipped
[0.903s] -- Detecting CXX compile features
[0.904s] -- Detecting CXX compile features - done
[0.916s] -- Found ament_cmake_auto: 1.3.5 (/opt/ros/humble/share/ament_cmake_auto/cmake)
[1.169s] -- Found Python3: /usr/bin/python3.10 (found version "3.10.12") found components: Interpreter 
[1.637s] -- Found rosidl_generator_c: 3.1.5 (/opt/ros/humble/share/rosidl_generator_c/cmake)
[1.657s] -- Found rosidl_adapter: 3.1.5 (/opt/ros/humble/share/rosidl_adapter/cmake)
[1.681s] -- Found rosidl_generator_cpp: 3.1.5 (/opt/ros/humble/share/rosidl_generator_cpp/cmake)
[1.711s] -- Using all available rosidl_typesupport_c: rosidl_typesupport_fastrtps_c;rosidl_typesupport_introspection_c
[1.760s] -- Using all available rosidl_typesupport_cpp: rosidl_typesupport_fastrtps_cpp;rosidl_typesupport_introspection_cpp
[1.914s] -- Found rmw_implementation_cmake: 6.1.1 (/opt/ros/humble/share/rmw_implementation_cmake/cmake)
[1.926s] -- Found rmw_fastrtps_cpp: 6.2.4 (/opt/ros/humble/share/rmw_fastrtps_cpp/cmake)
[2.119s] -- Found OpenSSL: /usr/lib/x86_64-linux-gnu/libcrypto.so (found version "3.0.2")  
[2.164s] -- Found FastRTPS: /opt/ros/humble/include  
[2.240s] -- Using RMW implementation 'rmw_fastrtps_cpp' as default
[2.272s] -- Looking for pthread.h
[2.379s] -- Looking for pthread.h - found
[2.379s] -- Performing Test CMAKE_HAVE_LIBC_PTHREAD
[2.491s] -- Performing Test CMAKE_HAVE_LIBC_PTHREAD - Success
[2.493s] -- Found Threads: TRUE  
[3.666s] -- Found ament_lint_auto: 0.12.8 (/opt/ros/humble/share/ament_lint_auto/cmake)
[3.739s] -- Added test 'cppcheck' to perform static code analysis on C / C++ code
[3.739s] -- Configured cppcheck include dirs: /home/jasper/rtab_robocup/src/pointcloud_to_laserscan/include
[3.739s] -- Configured cppcheck exclude dirs and/or files: 
[3.745s] -- Added test 'cpplint' to check C / C++ code against the Google style
[3.745s] -- Configured cpplint exclude dirs and/or files: 
[3.748s] -- Added test 'flake8' to check Python code syntax and style conventions
[3.752s] -- Added test 'lint_cmake' to check CMake code style
[3.755s] -- Added test 'pep257' to check Python code against some of the docstring style conventions in PEP 257
[3.761s] -- Added test 'uncrustify' to check C / C++ code style
[3.761s] -- Configured uncrustify additional arguments: 
[3.763s] -- Added test 'xmllint' to check XML markup files
[3.771s] -- Configuring done
[3.814s] -- Generating done
[3.816s] -- Build files have been written to: /home/jasper/rtab_robocup/src/build/pointcloud_to_laserscan
[3.830s] Invoked command in '/home/jasper/rtab_robocup/src/build/pointcloud_to_laserscan' returned '0': CMAKE_PREFIX_PATH=${CMAKE_PREFIX_PATH}:/home/jasper/ws_moveit2/install/moveit_configs_utils:/home/jasper/ws_moveit2/install/launch_param_builder:/opt/ros/humble /usr/bin/cmake /home/jasper/rtab_robocup/src/pointcloud_to_laserscan -DCMAKE_INSTALL_PREFIX=/home/jasper/rtab_robocup/src/install/pointcloud_to_laserscan
[3.832s] Invoking command in '/home/jasper/rtab_robocup/src/build/pointcloud_to_laserscan': CMAKE_PREFIX_PATH=${CMAKE_PREFIX_PATH}:/home/jasper/ws_moveit2/install/moveit_configs_utils:/home/jasper/ws_moveit2/install/launch_param_builder:/opt/ros/humble /usr/bin/cmake --build /home/jasper/rtab_robocup/src/build/pointcloud_to_laserscan -- -j8 -l8
[3.925s] [ 10%] [32mBuilding CXX object CMakeFiles/laserscan_to_pointcloud.dir/src/laserscan_to_pointcloud_node.cpp.o[0m
[3.925s] [ 20%] [32mBuilding CXX object CMakeFiles/laserscan_to_pointcloud_node.dir/rclcpp_components/node_main_laserscan_to_pointcloud_node.cpp.o[0m
[3.929s] [ 30%] [32mBuilding CXX object CMakeFiles/pointcloud_to_laserscan_node.dir/rclcpp_components/node_main_pointcloud_to_laserscan_node.cpp.o[0m
[7.550s] [ 40%] [32m[1mLinking CXX executable laserscan_to_pointcloud_node[0m
[7.740s] [ 40%] Built target laserscan_to_pointcloud_node
[8.822s] [ 50%] [32m[1mLinking CXX executable pointcloud_to_laserscan_node[0m
[9.005s] [ 50%] Built target pointcloud_to_laserscan_node
[16.366s] [ 60%] [32m[1mLinking CXX shared library liblaserscan_to_pointcloud.so[0m
[16.978s] [ 60%] Built target laserscan_to_pointcloud
[17.012s] [ 70%] [32mBuilding CXX object CMakeFiles/pointcloud_to_laserscan.dir/src/pointcloud_to_laserscan_node.cpp.o[0m
[27.896s] [ 80%] [32m[1mLinking CXX shared library libpointcloud_to_laserscan.so[0m
[28.525s] [ 80%] Built target pointcloud_to_laserscan
[28.559s] [ 90%] [32mBuilding CXX object CMakeFiles/dummy_pointcloud_publisher.dir/src/dummy_pointcloud_publisher.cpp.o[0m
[32.761s] [100%] [32m[1mLinking CXX executable dummy_pointcloud_publisher[0m
[33.020s] [100%] Built target dummy_pointcloud_publisher
[33.035s] Invoked command in '/home/jasper/rtab_robocup/src/build/pointcloud_to_laserscan' returned '0': CMAKE_PREFIX_PATH=${CMAKE_PREFIX_PATH}:/home/jasper/ws_moveit2/install/moveit_configs_utils:/home/jasper/ws_moveit2/install/launch_param_builder:/opt/ros/humble /usr/bin/cmake --build /home/jasper/rtab_robocup/src/build/pointcloud_to_laserscan -- -j8 -l8
[33.120s] Invoking command in '/home/jasper/rtab_robocup/src/build/pointcloud_to_laserscan': CMAKE_PREFIX_PATH=${CMAKE_PREFIX_PATH}:/home/jasper/ws_moveit2/install/moveit_configs_utils:/home/jasper/ws_moveit2/install/launch_param_builder:/opt/ros/humble /usr/bin/cmake --install /home/jasper/rtab_robocup/src/build/pointcloud_to_laserscan
[33.132s] -- Install configuration: ""
[33.132s] -- Installing: /home/jasper/rtab_robocup/src/install/pointcloud_to_laserscan/lib/pointcloud_to_laserscan/laserscan_to_pointcloud_node
[33.133s] -- Set runtime path of "/home/jasper/rtab_robocup/src/install/pointcloud_to_laserscan/lib/pointcloud_to_laserscan/laserscan_to_pointcloud_node" to ""
[33.133s] -- Installing: /home/jasper/rtab_robocup/src/install/pointcloud_to_laserscan/lib/pointcloud_to_laserscan/pointcloud_to_laserscan_node
[33.134s] -- Set runtime path of "/home/jasper/rtab_robocup/src/install/pointcloud_to_laserscan/lib/pointcloud_to_laserscan/pointcloud_to_laserscan_node" to ""
[33.134s] -- Installing: /home/jasper/rtab_robocup/src/install/pointcloud_to_laserscan/include
[33.134s] -- Installing: /home/jasper/rtab_robocup/src/install/pointcloud_to_laserscan/include/pointcloud_to_laserscan
[33.134s] -- Installing: /home/jasper/rtab_robocup/src/install/pointcloud_to_laserscan/include/pointcloud_to_laserscan/laserscan_to_pointcloud_node.hpp
[33.134s] -- Installing: /home/jasper/rtab_robocup/src/install/pointcloud_to_laserscan/include/pointcloud_to_laserscan/pointcloud_to_laserscan_node.hpp
[33.134s] -- Installing: /home/jasper/rtab_robocup/src/install/pointcloud_to_laserscan/include/pointcloud_to_laserscan/visibility_control.h
[33.135s] -- Installing: /home/jasper/rtab_robocup/src/install/pointcloud_to_laserscan/share/pointcloud_to_laserscan/environment/library_path.sh
[33.135s] -- Installing: /home/jasper/rtab_robocup/src/install/pointcloud_to_laserscan/share/pointcloud_to_laserscan/environment/library_path.dsv
[33.135s] -- Installing: /home/jasper/rtab_robocup/src/install/pointcloud_to_laserscan/lib/liblaserscan_to_pointcloud.so
[33.145s] -- Set runtime path of "/home/jasper/rtab_robocup/src/install/pointcloud_to_laserscan/lib/liblaserscan_to_pointcloud.so" to ""
[33.145s] -- Installing: /home/jasper/rtab_robocup/src/install/pointcloud_to_laserscan/lib/libpointcloud_to_laserscan.so
[33.153s] -- Set runtime path of "/home/jasper/rtab_robocup/src/install/pointcloud_to_laserscan/lib/libpointcloud_to_laserscan.so" to ""
[33.154s] -- Installing: /home/jasper/rtab_robocup/src/install/pointcloud_to_laserscan/lib/pointcloud_to_laserscan/dummy_pointcloud_publisher
[33.156s] -- Set runtime path of "/home/jasper/rtab_robocup/src/install/pointcloud_to_laserscan/lib/pointcloud_to_laserscan/dummy_pointcloud_publisher" to ""
[33.156s] -- Installing: /home/jasper/rtab_robocup/src/install/pointcloud_to_laserscan/share/pointcloud_to_laserscan/launch
[33.156s] -- Installing: /home/jasper/rtab_robocup/src/install/pointcloud_to_laserscan/share/pointcloud_to_laserscan/launch/L1_point_to_scan.py
[33.156s] -- Installing: /home/jasper/rtab_robocup/src/install/pointcloud_to_laserscan/share/pointcloud_to_laserscan/launch/sample_laserscan_to_pointcloud_launch.py
[33.156s] -- Installing: /home/jasper/rtab_robocup/src/install/pointcloud_to_laserscan/share/pointcloud_to_laserscan/launch/sample_pointcloud_to_laserscan_launch.py
[33.156s] -- Installing: /home/jasper/rtab_robocup/src/install/pointcloud_to_laserscan/share/ament_index/resource_index/package_run_dependencies/pointcloud_to_laserscan
[33.157s] -- Installing: /home/jasper/rtab_robocup/src/install/pointcloud_to_laserscan/share/ament_index/resource_index/parent_prefix_path/pointcloud_to_laserscan
[33.157s] -- Installing: /home/jasper/rtab_robocup/src/install/pointcloud_to_laserscan/share/pointcloud_to_laserscan/environment/ament_prefix_path.sh
[33.157s] -- Installing: /home/jasper/rtab_robocup/src/install/pointcloud_to_laserscan/share/pointcloud_to_laserscan/environment/ament_prefix_path.dsv
[33.157s] -- Installing: /home/jasper/rtab_robocup/src/install/pointcloud_to_laserscan/share/pointcloud_to_laserscan/environment/path.sh
[33.157s] -- Installing: /home/jasper/rtab_robocup/src/install/pointcloud_to_laserscan/share/pointcloud_to_laserscan/environment/path.dsv
[33.158s] -- Installing: /home/jasper/rtab_robocup/src/install/pointcloud_to_laserscan/share/pointcloud_to_laserscan/local_setup.bash
[33.158s] -- Installing: /home/jasper/rtab_robocup/src/install/pointcloud_to_laserscan/share/pointcloud_to_laserscan/local_setup.sh
[33.158s] -- Installing: /home/jasper/rtab_robocup/src/install/pointcloud_to_laserscan/share/pointcloud_to_laserscan/local_setup.zsh
[33.158s] -- Installing: /home/jasper/rtab_robocup/src/install/pointcloud_to_laserscan/share/pointcloud_to_laserscan/local_setup.dsv
[33.158s] -- Installing: /home/jasper/rtab_robocup/src/install/pointcloud_to_laserscan/share/pointcloud_to_laserscan/package.dsv
[33.159s] -- Installing: /home/jasper/rtab_robocup/src/install/pointcloud_to_laserscan/share/ament_index/resource_index/packages/pointcloud_to_laserscan
[33.159s] -- Installing: /home/jasper/rtab_robocup/src/install/pointcloud_to_laserscan/share/ament_index/resource_index/rclcpp_components/pointcloud_to_laserscan
[33.159s] -- Installing: /home/jasper/rtab_robocup/src/install/pointcloud_to_laserscan/share/pointcloud_to_laserscan/cmake/ament_cmake_export_dependencies-extras.cmake
[33.159s] -- Installing: /home/jasper/rtab_robocup/src/install/pointcloud_to_laserscan/share/pointcloud_to_laserscan/cmake/ament_cmake_export_include_directories-extras.cmake
[33.160s] -- Installing: /home/jasper/rtab_robocup/src/install/pointcloud_to_laserscan/share/pointcloud_to_laserscan/cmake/ament_cmake_export_libraries-extras.cmake
[33.160s] -- Installing: /home/jasper/rtab_robocup/src/install/pointcloud_to_laserscan/share/pointcloud_to_laserscan/cmake/pointcloud_to_laserscanConfig.cmake
[33.160s] -- Installing: /home/jasper/rtab_robocup/src/install/pointcloud_to_laserscan/share/pointcloud_to_laserscan/cmake/pointcloud_to_laserscanConfig-version.cmake
[33.160s] -- Installing: /home/jasper/rtab_robocup/src/install/pointcloud_to_laserscan/share/pointcloud_to_laserscan/package.xml
[33.162s] Invoked command in '/home/jasper/rtab_robocup/src/build/pointcloud_to_laserscan' returned '0': CMAKE_PREFIX_PATH=${CMAKE_PREFIX_PATH}:/home/jasper/ws_moveit2/install/moveit_configs_utils:/home/jasper/ws_moveit2/install/launch_param_builder:/opt/ros/humble /usr/bin/cmake --install /home/jasper/rtab_robocup/src/build/pointcloud_to_laserscan
