[0.905s] Invoking command in '/home/jasper/Roboworks/Robocup2024/image_point_cloud_package': PYTHONPATH=/home/jasper/Roboworks/Robocup2024/image_point_cloud_package/build/image_point_cloud_package/prefix_override:/home/jasper/Roboworks/Robocup2024/image_point_cloud_package/install/image_point_cloud_package/lib/python3.10/site-packages:${PYTHONPATH} /usr/bin/python3 setup.py egg_info --egg-base build/image_point_cloud_package build --build-base /home/jasper/Roboworks/Robocup2024/image_point_cloud_package/build/image_point_cloud_package/build install --record /home/jasper/Roboworks/Robocup2024/image_point_cloud_package/build/image_point_cloud_package/install.log --single-version-externally-managed
[1.171s] running egg_info
[1.171s] writing build/image_point_cloud_package/image_point_cloud_package.egg-info/PKG-INFO
[1.172s] writing dependency_links to build/image_point_cloud_package/image_point_cloud_package.egg-info/dependency_links.txt
[1.172s] writing entry points to build/image_point_cloud_package/image_point_cloud_package.egg-info/entry_points.txt
[1.172s] writing requirements to build/image_point_cloud_package/image_point_cloud_package.egg-info/requires.txt
[1.172s] writing top-level names to build/image_point_cloud_package/image_point_cloud_package.egg-info/top_level.txt
[1.174s] reading manifest file 'build/image_point_cloud_package/image_point_cloud_package.egg-info/SOURCES.txt'
[1.175s] writing manifest file 'build/image_point_cloud_package/image_point_cloud_package.egg-info/SOURCES.txt'
[1.175s] running build
[1.175s] running build_py
[1.175s] copying image_point_cloud_package/ROSimage_point_cloud.py -> /home/jasper/Roboworks/Robocup2024/image_point_cloud_package/build/image_point_cloud_package/build/lib/image_point_cloud_package
[1.176s] running install
[1.176s] /usr/lib/python3/dist-packages/setuptools/command/install.py:34: SetuptoolsDeprecationWarning: setup.py install is deprecated. Use build and pip and other standards-based tools.
[1.176s]   warnings.warn(
[1.177s] running install_lib
[1.178s] copying /home/jasper/Roboworks/Robocup2024/image_point_cloud_package/build/image_point_cloud_package/build/lib/image_point_cloud_package/ROSimage_point_cloud.py -> /home/jasper/Roboworks/Robocup2024/image_point_cloud_package/install/image_point_cloud_package/lib/python3.10/site-packages/image_point_cloud_package
[1.178s] byte-compiling /home/jasper/Roboworks/Robocup2024/image_point_cloud_package/install/image_point_cloud_package/lib/python3.10/site-packages/image_point_cloud_package/ROSimage_point_cloud.py to ROSimage_point_cloud.cpython-310.pyc
[1.180s] running install_data
[1.181s] error: can't copy 'resource/image_point_cloud_package': doesn't exist or not a regular file
[1.198s] Invoked command in '/home/jasper/Roboworks/Robocup2024/image_point_cloud_package' returned '1': PYTHONPATH=/home/jasper/Roboworks/Robocup2024/image_point_cloud_package/build/image_point_cloud_package/prefix_override:/home/jasper/Roboworks/Robocup2024/image_point_cloud_package/install/image_point_cloud_package/lib/python3.10/site-packages:${PYTHONPATH} /usr/bin/python3 setup.py egg_info --egg-base build/image_point_cloud_package build --build-base /home/jasper/Roboworks/Robocup2024/image_point_cloud_package/build/image_point_cloud_package/build install --record /home/jasper/Roboworks/Robocup2024/image_point_cloud_package/build/image_point_cloud_package/install.log --single-version-externally-managed
