[0.096s] Invoking command in '/home/jasper/RoboWorks_Comp_Team/brain/build/roboworks_brain_interfaces': CMAKE_PREFIX_PATH=${CMAKE_PREFIX_PATH}:/home/jasper/ws_moveit2/install/moveit_configs_utils:/home/jasper/ws_moveit2/install/launch_param_builder:/opt/ros/humble /usr/bin/cmake --build /home/jasper/RoboWorks_Comp_Team/brain/build/roboworks_brain_interfaces -- -j8 -l8
[0.130s] -- Found ament_cmake: 1.3.6 (/opt/ros/humble/share/ament_cmake/cmake)
[0.287s] -- Found rosidl_default_generators: 1.2.0 (/opt/ros/humble/share/rosidl_default_generators/cmake)
[0.297s] -- Using all available rosidl_typesupport_c: rosidl_typesupport_fastrtps_c;rosidl_typesupport_introspection_c
[0.300s] -- Found rosidl_adapter: 3.1.5 (/opt/ros/humble/share/rosidl_adapter/cmake)
[0.336s] -- Using all available rosidl_typesupport_cpp: rosidl_typesupport_fastrtps_cpp;rosidl_typesupport_introspection_cpp
[0.365s] -- Found geometry_msgs: 4.2.3 (/opt/ros/humble/share/geometry_msgs/cmake)
[0.501s] -- Found rclcpp: 16.0.7 (/opt/ros/humble/share/rclcpp/cmake)
[0.554s] -- Found rmw_implementation_cmake: 6.1.1 (/opt/ros/humble/share/rmw_implementation_cmake/cmake)
[0.557s] -- Found rmw_fastrtps_cpp: 6.2.5 (/opt/ros/humble/share/rmw_fastrtps_cpp/cmake)
[0.726s] -- Using RMW implementation 'rmw_fastrtps_cpp' as default
[0.891s] [31mCMake Error at CMakeLists.txt:13 (find_package):
[0.891s]   By not providing "Findlist.cmake" in CMAKE_MODULE_PATH this project has
[0.891s]   asked CMake to find a package configuration file provided by "list", but
[0.891s]   CMake did not find one.
[0.891s] 
[0.891s]   Could not find a package configuration file provided by "list" with any of
[0.891s]   the following names:
[0.892s] 
[0.892s]     listConfig.cmake
[0.892s]     list-config.cmake
[0.892s] 
[0.892s]   Add the installation prefix of "list" to CMAKE_PREFIX_PATH or set
[0.892s]   "list_DIR" to a directory containing one of the above files.  If "list"
[0.892s]   provides a separate development package or SDK, be sure it has been
[0.892s]   installed.
[0.892s] 
[0.892s] [0m
[0.892s] -- Configuring incomplete, errors occurred!
[0.893s] See also "/home/jasper/RoboWorks_Comp_Team/brain/build/roboworks_brain_interfaces/CMakeFiles/CMakeOutput.log".
[0.899s] gmake: *** [Makefile:963: cmake_check_build_system] Error 1
[0.901s] Invoked command in '/home/jasper/RoboWorks_Comp_Team/brain/build/roboworks_brain_interfaces' returned '2': CMAKE_PREFIX_PATH=${CMAKE_PREFIX_PATH}:/home/jasper/ws_moveit2/install/moveit_configs_utils:/home/jasper/ws_moveit2/install/launch_param_builder:/opt/ros/humble /usr/bin/cmake --build /home/jasper/RoboWorks_Comp_Team/brain/build/roboworks_brain_interfaces -- -j8 -l8
