[1.553s] DEBUG:colcon:Command line arguments: ['/usr/bin/colcon', 'build', '--packages-select', 'atworkCommand_interfaces']
[1.553s] DEBUG:colcon:Parsed command line arguments: Namespace(log_base=None, log_level=None, verb_name='build', build_base='build', install_base='install', merge_install=False, symlink_install=False, test_result_base=None, continue_on_error=False, executor='parallel', parallel_workers=8, event_handlers=None, ignore_user_meta=False, metas=['./colcon.meta'], base_paths=['.'], packages_ignore=None, packages_ignore_regex=None, paths=None, packages_up_to=None, packages_up_to_regex=None, packages_above=None, packages_above_and_dependencies=None, packages_above_depth=None, packages_select_by_dep=None, packages_skip_by_dep=None, packages_skip_up_to=None, packages_select_build_failed=False, packages_skip_build_finished=False, packages_select_test_failures=False, packages_skip_test_passed=False, packages_select=['atworkCommand_interfaces'], packages_skip=None, packages_select_regex=None, packages_skip_regex=None, packages_start=None, packages_end=None, allow_overriding=[], cmake_args=None, cmake_target=None, cmake_target_skip_unavailable=False, cmake_clean_cache=False, cmake_clean_first=False, cmake_force_configure=False, ament_cmake_args=None, catkin_cmake_args=None, catkin_skip_building_tests=False, mixin_files=None, mixin=None, verb_parser=<colcon_mixin.mixin.mixin_argument.MixinArgumentDecorator object at 0x7efe1bafa620>, verb_extension=<colcon_core.verb.build.BuildVerb object at 0x7efe1bafb280>, main=<bound method BuildVerb.main of <colcon_core.verb.build.BuildVerb object at 0x7efe1bafb280>>, mixin_verb=('build',))
[1.613s] Level 1:colcon.colcon_core.package_discovery:discover_packages(colcon_meta) check parameters
[1.613s] Level 1:colcon.colcon_core.package_discovery:discover_packages(recursive) check parameters
[1.613s] Level 1:colcon.colcon_core.package_discovery:discover_packages(ignore) check parameters
[1.613s] Level 1:colcon.colcon_core.package_discovery:discover_packages(path) check parameters
[1.613s] Level 1:colcon.colcon_core.package_discovery:discover_packages(colcon_meta) discover
[1.613s] Level 1:colcon.colcon_core.package_discovery:discover_packages(recursive) discover
[1.613s] INFO:colcon.colcon_core.package_discovery:Crawling recursively for packages in '/home/jasper/RoboWorks_Comp_Team/taskOptimzer'
[1.613s] Level 1:colcon.colcon_core.package_identification:_identify(.) by extensions ['ignore', 'ignore_ament_install']
[1.613s] Level 1:colcon.colcon_core.package_identification:_identify(.) by extension 'ignore'
[1.613s] Level 1:colcon.colcon_core.package_identification:_identify(.) by extension 'ignore_ament_install'
[1.613s] Level 1:colcon.colcon_core.package_identification:_identify(.) by extensions ['colcon_pkg']
[1.613s] Level 1:colcon.colcon_core.package_identification:_identify(.) by extension 'colcon_pkg'
[1.613s] Level 1:colcon.colcon_core.package_identification:_identify(.) by extensions ['colcon_meta']
[1.613s] Level 1:colcon.colcon_core.package_identification:_identify(.) by extension 'colcon_meta'
[1.614s] Level 1:colcon.colcon_core.package_identification:_identify(.) by extensions ['ros']
[1.614s] Level 1:colcon.colcon_core.package_identification:_identify(.) by extension 'ros'
[1.624s] Level 1:colcon.colcon_core.package_identification:_identify(.) by extensions ['cmake', 'python']
[1.624s] Level 1:colcon.colcon_core.package_identification:_identify(.) by extension 'cmake'
[1.624s] Level 1:colcon.colcon_core.package_identification:_identify(.) by extension 'python'
[1.624s] Level 1:colcon.colcon_core.package_identification:_identify(.) by extensions ['python_setup_py']
[1.624s] Level 1:colcon.colcon_core.package_identification:_identify(.) by extension 'python_setup_py'
[1.624s] Level 1:colcon.colcon_core.package_identification:_identify(build) by extensions ['ignore', 'ignore_ament_install']
[1.624s] Level 1:colcon.colcon_core.package_identification:_identify(build) by extension 'ignore'
[1.624s] Level 1:colcon.colcon_core.package_identification:_identify(build) ignored
[1.624s] Level 1:colcon.colcon_core.package_identification:_identify(install) by extensions ['ignore', 'ignore_ament_install']
[1.624s] Level 1:colcon.colcon_core.package_identification:_identify(install) by extension 'ignore'
[1.625s] Level 1:colcon.colcon_core.package_identification:_identify(install) ignored
[1.625s] Level 1:colcon.colcon_core.package_identification:_identify(log) by extensions ['ignore', 'ignore_ament_install']
[1.625s] Level 1:colcon.colcon_core.package_identification:_identify(log) by extension 'ignore'
[1.625s] Level 1:colcon.colcon_core.package_identification:_identify(log) ignored
[1.625s] Level 1:colcon.colcon_core.package_identification:_identify(src) by extensions ['ignore', 'ignore_ament_install']
[1.625s] Level 1:colcon.colcon_core.package_identification:_identify(src) by extension 'ignore'
[1.625s] Level 1:colcon.colcon_core.package_identification:_identify(src) by extension 'ignore_ament_install'
[1.625s] Level 1:colcon.colcon_core.package_identification:_identify(src) by extensions ['colcon_pkg']
[1.625s] Level 1:colcon.colcon_core.package_identification:_identify(src) by extension 'colcon_pkg'
[1.625s] Level 1:colcon.colcon_core.package_identification:_identify(src) by extensions ['colcon_meta']
[1.625s] Level 1:colcon.colcon_core.package_identification:_identify(src) by extension 'colcon_meta'
[1.625s] Level 1:colcon.colcon_core.package_identification:_identify(src) by extensions ['ros']
[1.625s] Level 1:colcon.colcon_core.package_identification:_identify(src) by extension 'ros'
[1.625s] Level 1:colcon.colcon_core.package_identification:_identify(src) by extensions ['cmake', 'python']
[1.625s] Level 1:colcon.colcon_core.package_identification:_identify(src) by extension 'cmake'
[1.625s] Level 1:colcon.colcon_core.package_identification:_identify(src) by extension 'python'
[1.625s] Level 1:colcon.colcon_core.package_identification:_identify(src) by extensions ['python_setup_py']
[1.625s] Level 1:colcon.colcon_core.package_identification:_identify(src) by extension 'python_setup_py'
[1.626s] Level 1:colcon.colcon_core.package_identification:_identify(src/atworkCommand_interfaces) by extensions ['ignore', 'ignore_ament_install']
[1.626s] Level 1:colcon.colcon_core.package_identification:_identify(src/atworkCommand_interfaces) by extension 'ignore'
[1.626s] Level 1:colcon.colcon_core.package_identification:_identify(src/atworkCommand_interfaces) by extension 'ignore_ament_install'
[1.626s] Level 1:colcon.colcon_core.package_identification:_identify(src/atworkCommand_interfaces) by extensions ['colcon_pkg']
[1.626s] Level 1:colcon.colcon_core.package_identification:_identify(src/atworkCommand_interfaces) by extension 'colcon_pkg'
[1.626s] Level 1:colcon.colcon_core.package_identification:_identify(src/atworkCommand_interfaces) by extensions ['colcon_meta']
[1.626s] Level 1:colcon.colcon_core.package_identification:_identify(src/atworkCommand_interfaces) by extension 'colcon_meta'
[1.626s] Level 1:colcon.colcon_core.package_identification:_identify(src/atworkCommand_interfaces) by extensions ['ros']
[1.626s] Level 1:colcon.colcon_core.package_identification:_identify(src/atworkCommand_interfaces) by extension 'ros'
[1.629s] DEBUG:colcon.colcon_core.package_identification:Package 'src/atworkCommand_interfaces' with type 'ros.ament_cmake' and name 'atworkCommand_interfaces'
[1.629s] Level 1:colcon.colcon_core.package_identification:_identify(src/roboworks_taskOpt) by extensions ['ignore', 'ignore_ament_install']
[1.629s] Level 1:colcon.colcon_core.package_identification:_identify(src/roboworks_taskOpt) by extension 'ignore'
[1.629s] Level 1:colcon.colcon_core.package_identification:_identify(src/roboworks_taskOpt) by extension 'ignore_ament_install'
[1.629s] Level 1:colcon.colcon_core.package_identification:_identify(src/roboworks_taskOpt) by extensions ['colcon_pkg']
[1.629s] Level 1:colcon.colcon_core.package_identification:_identify(src/roboworks_taskOpt) by extension 'colcon_pkg'
[1.629s] Level 1:colcon.colcon_core.package_identification:_identify(src/roboworks_taskOpt) by extensions ['colcon_meta']
[1.629s] Level 1:colcon.colcon_core.package_identification:_identify(src/roboworks_taskOpt) by extension 'colcon_meta'
[1.629s] Level 1:colcon.colcon_core.package_identification:_identify(src/roboworks_taskOpt) by extensions ['ros']
[1.629s] Level 1:colcon.colcon_core.package_identification:_identify(src/roboworks_taskOpt) by extension 'ros'
[1.630s] DEBUG:colcon.colcon_core.package_identification:Package 'src/roboworks_taskOpt' with type 'ros.ament_cmake' and name 'roboworks_taskOpt'
[1.630s] Level 1:colcon.colcon_core.package_discovery:discover_packages(recursive) using defaults
[1.630s] Level 1:colcon.colcon_core.package_discovery:discover_packages(ignore) discover
[1.630s] Level 1:colcon.colcon_core.package_discovery:discover_packages(ignore) using defaults
[1.630s] Level 1:colcon.colcon_core.package_discovery:discover_packages(path) discover
[1.630s] Level 1:colcon.colcon_core.package_discovery:discover_packages(path) using defaults
[1.707s] INFO:colcon.colcon_core.package_selection:Skipping not selected package 'roboworks_taskOpt' in 'src/roboworks_taskOpt'
[1.744s] Level 1:colcon.colcon_core.package_discovery:discover_packages(prefix_path) check parameters
[1.744s] Level 1:colcon.colcon_core.package_discovery:discover_packages(prefix_path) discover
[1.785s] DEBUG:colcon.colcon_installed_package_information.package_discovery:Found 55 installed packages in /home/jasper/ws_moveit2/install
[1.805s] DEBUG:colcon.colcon_installed_package_information.package_discovery:Found 436 installed packages in /opt/ros/humble
[1.807s] Level 1:colcon.colcon_core.package_discovery:discover_packages(prefix_path) using defaults
[1.934s] Level 5:colcon.colcon_core.verb:set package 'atworkCommand_interfaces' build argument 'cmake_args' from command line to 'None'
[1.934s] Level 5:colcon.colcon_core.verb:set package 'atworkCommand_interfaces' build argument 'cmake_target' from command line to 'None'
[1.934s] Level 5:colcon.colcon_core.verb:set package 'atworkCommand_interfaces' build argument 'cmake_target_skip_unavailable' from command line to 'False'
[1.934s] Level 5:colcon.colcon_core.verb:set package 'atworkCommand_interfaces' build argument 'cmake_clean_cache' from command line to 'False'
[1.934s] Level 5:colcon.colcon_core.verb:set package 'atworkCommand_interfaces' build argument 'cmake_clean_first' from command line to 'False'
[1.934s] Level 5:colcon.colcon_core.verb:set package 'atworkCommand_interfaces' build argument 'cmake_force_configure' from command line to 'False'
[1.934s] Level 5:colcon.colcon_core.verb:set package 'atworkCommand_interfaces' build argument 'ament_cmake_args' from command line to 'None'
[1.934s] Level 5:colcon.colcon_core.verb:set package 'atworkCommand_interfaces' build argument 'catkin_cmake_args' from command line to 'None'
[1.934s] Level 5:colcon.colcon_core.verb:set package 'atworkCommand_interfaces' build argument 'catkin_skip_building_tests' from command line to 'False'
[1.934s] DEBUG:colcon.colcon_core.verb:Building package 'atworkCommand_interfaces' with the following arguments: {'ament_cmake_args': None, 'build_base': '/home/jasper/RoboWorks_Comp_Team/taskOptimzer/build/atworkCommand_interfaces', 'catkin_cmake_args': None, 'catkin_skip_building_tests': False, 'cmake_args': None, 'cmake_clean_cache': False, 'cmake_clean_first': False, 'cmake_force_configure': False, 'cmake_target': None, 'cmake_target_skip_unavailable': False, 'install_base': '/home/jasper/RoboWorks_Comp_Team/taskOptimzer/install/atworkCommand_interfaces', 'merge_install': False, 'path': '/home/jasper/RoboWorks_Comp_Team/taskOptimzer/src/atworkCommand_interfaces', 'symlink_install': False, 'test_result_base': None}
[1.952s] INFO:colcon.colcon_core.executor:Executing jobs using 'parallel' executor
[1.971s] DEBUG:colcon.colcon_parallel_executor.executor.parallel:run_until_complete
[1.972s] INFO:colcon.colcon_ros.task.ament_cmake.build:Building ROS package in '/home/jasper/RoboWorks_Comp_Team/taskOptimzer/src/atworkCommand_interfaces' with build type 'ament_cmake'
[1.972s] INFO:colcon.colcon_cmake.task.cmake.build:Building CMake package in '/home/jasper/RoboWorks_Comp_Team/taskOptimzer/src/atworkCommand_interfaces'
[1.992s] INFO:colcon.colcon_core.plugin_system:Skipping extension 'colcon_core.shell.bat': Not used on non-Windows systems
[1.992s] INFO:colcon.colcon_core.shell:Skip shell extension 'powershell' for command environment: Not usable outside of PowerShell
[1.992s] DEBUG:colcon.colcon_core.shell:Skip shell extension 'dsv' for command environment
[2.063s] DEBUG:colcon.colcon_core.event_handler.log_command:Invoking command in '/home/jasper/RoboWorks_Comp_Team/taskOptimzer/build/atworkCommand_interfaces': CMAKE_PREFIX_PATH=${CMAKE_PREFIX_PATH}:/home/jasper/ws_moveit2/install/moveit_configs_utils:/home/jasper/ws_moveit2/install/launch_param_builder:/opt/ros/humble /usr/bin/cmake /home/jasper/RoboWorks_Comp_Team/taskOptimzer/src/atworkCommand_interfaces -DCMAKE_INSTALL_PREFIX=/home/jasper/RoboWorks_Comp_Team/taskOptimzer/install/atworkCommand_interfaces
[2.601s] DEBUG:colcon.colcon_core.event_handler.log_command:Invoked command in '/home/jasper/RoboWorks_Comp_Team/taskOptimzer/build/atworkCommand_interfaces' returned '1': CMAKE_PREFIX_PATH=${CMAKE_PREFIX_PATH}:/home/jasper/ws_moveit2/install/moveit_configs_utils:/home/jasper/ws_moveit2/install/launch_param_builder:/opt/ros/humble /usr/bin/cmake /home/jasper/RoboWorks_Comp_Team/taskOptimzer/src/atworkCommand_interfaces -DCMAKE_INSTALL_PREFIX=/home/jasper/RoboWorks_Comp_Team/taskOptimzer/install/atworkCommand_interfaces
[2.619s] Level 1:colcon.colcon_core.environment:create_environment_scripts_only(atworkCommand_interfaces)
[2.639s] Level 1:colcon.colcon_core.environment:checking '/home/jasper/RoboWorks_Comp_Team/taskOptimzer/install/atworkCommand_interfaces' for CMake module files
[2.640s] Level 1:colcon.colcon_core.environment:checking '/home/jasper/RoboWorks_Comp_Team/taskOptimzer/install/atworkCommand_interfaces' for CMake config files
[2.640s] Level 1:colcon.colcon_core.environment:checking '/home/jasper/RoboWorks_Comp_Team/taskOptimzer/install/atworkCommand_interfaces/bin'
[2.640s] Level 1:colcon.colcon_core.environment:checking '/home/jasper/RoboWorks_Comp_Team/taskOptimzer/install/atworkCommand_interfaces/lib/pkgconfig/atworkCommand_interfaces.pc'
[2.640s] Level 1:colcon.colcon_core.environment:checking '/home/jasper/RoboWorks_Comp_Team/taskOptimzer/install/atworkCommand_interfaces/lib/python3.10/site-packages'
[2.641s] Level 1:colcon.colcon_core.environment:checking '/home/jasper/RoboWorks_Comp_Team/taskOptimzer/install/atworkCommand_interfaces/bin'
[2.659s] INFO:colcon.colcon_core.shell:Creating package script '/home/jasper/RoboWorks_Comp_Team/taskOptimzer/install/atworkCommand_interfaces/share/atworkCommand_interfaces/package.ps1'
[2.659s] INFO:colcon.colcon_core.shell:Creating package descriptor '/home/jasper/RoboWorks_Comp_Team/taskOptimzer/install/atworkCommand_interfaces/share/atworkCommand_interfaces/package.dsv'
[2.660s] INFO:colcon.colcon_core.shell:Creating package script '/home/jasper/RoboWorks_Comp_Team/taskOptimzer/install/atworkCommand_interfaces/share/atworkCommand_interfaces/package.sh'
[2.660s] INFO:colcon.colcon_core.shell:Creating package script '/home/jasper/RoboWorks_Comp_Team/taskOptimzer/install/atworkCommand_interfaces/share/atworkCommand_interfaces/package.bash'
[2.661s] INFO:colcon.colcon_core.shell:Creating package script '/home/jasper/RoboWorks_Comp_Team/taskOptimzer/install/atworkCommand_interfaces/share/atworkCommand_interfaces/package.zsh'
[2.661s] Level 1:colcon.colcon_core.environment:create_file_with_runtime_dependencies(/home/jasper/RoboWorks_Comp_Team/taskOptimzer/install/atworkCommand_interfaces/share/colcon-core/packages/atworkCommand_interfaces)
[2.672s] DEBUG:colcon.colcon_parallel_executor.executor.parallel:closing loop
[2.672s] DEBUG:colcon.colcon_parallel_executor.executor.parallel:loop closed
[2.672s] DEBUG:colcon.colcon_parallel_executor.executor.parallel:run_until_complete finished with '1'
[2.672s] DEBUG:colcon.colcon_core.event_reactor:joining thread
[2.698s] INFO:colcon.colcon_core.plugin_system:Skipping extension 'colcon_notification.desktop_notification.terminal_notifier': Not used on non-Darwin systems
[2.698s] INFO:colcon.colcon_core.plugin_system:Skipping extension 'colcon_notification.desktop_notification.win32': Not used on non-Windows systems
[2.698s] INFO:colcon.colcon_notification.desktop_notification:Sending desktop notification using 'notify2'
[2.709s] DEBUG:colcon.colcon_core.event_reactor:joined thread
[2.729s] INFO:colcon.colcon_core.shell:Creating prefix script '/home/jasper/RoboWorks_Comp_Team/taskOptimzer/install/local_setup.ps1'
[2.730s] INFO:colcon.colcon_core.shell:Creating prefix util module '/home/jasper/RoboWorks_Comp_Team/taskOptimzer/install/_local_setup_util_ps1.py'
[2.731s] INFO:colcon.colcon_core.shell:Creating prefix chain script '/home/jasper/RoboWorks_Comp_Team/taskOptimzer/install/setup.ps1'
[2.753s] INFO:colcon.colcon_core.shell:Creating prefix script '/home/jasper/RoboWorks_Comp_Team/taskOptimzer/install/local_setup.sh'
[2.753s] INFO:colcon.colcon_core.shell:Creating prefix util module '/home/jasper/RoboWorks_Comp_Team/taskOptimzer/install/_local_setup_util_sh.py'
[2.754s] INFO:colcon.colcon_core.shell:Creating prefix chain script '/home/jasper/RoboWorks_Comp_Team/taskOptimzer/install/setup.sh'
[2.776s] INFO:colcon.colcon_core.shell:Creating prefix script '/home/jasper/RoboWorks_Comp_Team/taskOptimzer/install/local_setup.bash'
[2.776s] INFO:colcon.colcon_core.shell:Creating prefix chain script '/home/jasper/RoboWorks_Comp_Team/taskOptimzer/install/setup.bash'
[2.798s] INFO:colcon.colcon_core.shell:Creating prefix script '/home/jasper/RoboWorks_Comp_Team/taskOptimzer/install/local_setup.zsh'
[2.798s] INFO:colcon.colcon_core.shell:Creating prefix chain script '/home/jasper/RoboWorks_Comp_Team/taskOptimzer/install/setup.zsh'
