[0.113s] Invoking command in '/home/jasper/RoboWorks_Comp_Team/taskOptimzer/build/atwork_interfaces': CMAKE_PREFIX_PATH=${CMAKE_PREFIX_PATH}:/home/jasper/ws_moveit2/install/moveit_configs_utils:/home/jasper/ws_moveit2/install/launch_param_builder:/opt/ros/humble /usr/bin/cmake --build /home/jasper/RoboWorks_Comp_Team/taskOptimzer/build/atwork_interfaces -- -j8 -l8
[0.147s] -- Found ament_cmake: 1.3.6 (/opt/ros/humble/share/ament_cmake/cmake)
[0.295s] -- Found geometry_msgs: 4.2.3 (/opt/ros/humble/share/geometry_msgs/cmake)
[0.323s] -- Found rosidl_generator_c: 3.1.5 (/opt/ros/humble/share/rosidl_generator_c/cmake)
[0.326s] -- Found rosidl_adapter: 3.1.5 (/opt/ros/humble/share/rosidl_adapter/cmake)
[0.333s] -- Found rosidl_generator_cpp: 3.1.5 (/opt/ros/humble/share/rosidl_generator_cpp/cmake)
[0.347s] -- Using all available rosidl_typesupport_c: rosidl_typesupport_fastrtps_c;rosidl_typesupport_introspection_c
[0.364s] -- Using all available rosidl_typesupport_cpp: rosidl_typesupport_fastrtps_cpp;rosidl_typesupport_introspection_cpp
[0.486s] -- Found rosidl_default_generators: 1.2.0 (/opt/ros/humble/share/rosidl_default_generators/cmake)
[0.826s] -- Found ament_cmake_ros: 0.10.0 (/opt/ros/humble/share/ament_cmake_ros/cmake)
[1.256s] -- Using all available rosidl_typesupport_c: rosidl_typesupport_fastrtps_c;rosidl_typesupport_introspection_c
[1.428s] -- Using all available rosidl_typesupport_cpp: rosidl_typesupport_fastrtps_cpp;rosidl_typesupport_introspection_cpp
[1.453s] -- Found python_cmake_module: 0.10.0 (/opt/ros/humble/share/python_cmake_module/cmake)
[1.477s] -- Using PYTHON_EXECUTABLE: /usr/bin/python3
[1.477s] -- Using PYTHON_INCLUDE_DIRS: /usr/include/python3.10
[1.477s] -- Using PYTHON_LIBRARIES: /usr/lib/x86_64-linux-gnu/libpython3.10.so
[1.557s] -- Found ament_lint_auto: 0.12.9 (/opt/ros/humble/share/ament_lint_auto/cmake)
[1.567s] -- Added test 'lint_cmake' to check CMake code style
[1.568s] -- Added test 'xmllint' to check XML markup files
[1.570s] -- Configuring done
[1.616s] -- Generating done
[1.619s] -- Build files have been written to: /home/jasper/RoboWorks_Comp_Team/taskOptimzer/build/atwork_interfaces
[1.657s] [  1%] [34m[1mGenerating C code for ROS interfaces[0m
[1.675s] [  2%] [34m[1mGenerating C++ code for ROS interfaces[0m
[1.691s] [  2%] Built target ament_cmake_python_copy_atwork_interfaces
[2.000s] running egg_info
[2.001s] writing atwork_interfaces.egg-info/PKG-INFO
[2.002s] writing dependency_links to atwork_interfaces.egg-info/dependency_links.txt
[2.002s] writing top-level names to atwork_interfaces.egg-info/top_level.txt
[2.004s] reading manifest file 'atwork_interfaces.egg-info/SOURCES.txt'
[2.006s] writing manifest file 'atwork_interfaces.egg-info/SOURCES.txt'
[2.039s] [  2%] Built target ament_cmake_python_build_atwork_interfaces_egg
[2.705s] [  2%] Built target atwork_interfaces__cpp
[2.729s] [  4%] [34m[1mGenerating C++ type support dispatch for ROS interfaces[0m
[2.730s] [  5%] [34m[1mGenerating C++ type support for eProsima Fast-RTPS[0m
[2.731s] [  7%] [34m[1mGenerating C++ introspection for ROS interfaces[0m
[2.740s] [35m[1mConsolidate compiler generated dependencies of target atwork_interfaces__rosidl_generator_c[0m
[2.769s] [ 11%] [32mBuilding C object CMakeFiles/atwork_interfaces__rosidl_generator_c.dir/rosidl_generator_c/atwork_interfaces/msg/detail/robot_header__functions.c.o[0m
[2.770s] [ 11%] [32mBuilding C object CMakeFiles/atwork_interfaces__rosidl_generator_c.dir/rosidl_generator_c/atwork_interfaces/msg/detail/object__functions.c.o[0m
[2.770s] [ 12%] [32mBuilding C object CMakeFiles/atwork_interfaces__rosidl_generator_c.dir/rosidl_generator_c/atwork_interfaces/msg/detail/workstation__functions.c.o[0m
[2.771s] [ 11%] [32mBuilding C object CMakeFiles/atwork_interfaces__rosidl_generator_c.dir/rosidl_generator_c/atwork_interfaces/msg/detail/task__functions.c.o[0m
[2.772s] [ 14%] [32mBuilding C object CMakeFiles/atwork_interfaces__rosidl_generator_c.dir/rosidl_generator_c/atwork_interfaces/srv/detail/generate_task__functions.c.o[0m
[2.867s] [ 15%] [32mBuilding C object CMakeFiles/atwork_interfaces__rosidl_generator_c.dir/rosidl_generator_c/atwork_interfaces/srv/detail/task_opt__functions.c.o[0m
[2.956s] [ 16%] [32m[1mLinking C shared library libatwork_interfaces__rosidl_generator_c.so[0m
[3.016s] [ 16%] Built target atwork_interfaces__rosidl_generator_c
[3.040s] [ 18%] [34m[1mGenerating C type support for eProsima Fast-RTPS[0m
[3.042s] [ 21%] [34m[1mGenerating C introspection for ROS interfaces[0m
[3.043s] [ 21%] [34m[1mGenerating C type support dispatch for ROS interfaces[0m
[3.653s] [35m[1mConsolidate compiler generated dependencies of target atwork_interfaces__rosidl_typesupport_cpp[0m
[3.686s] [ 23%] [32mBuilding CXX object CMakeFiles/atwork_interfaces__rosidl_typesupport_cpp.dir/rosidl_typesupport_cpp/atwork_interfaces/msg/robot_header__type_support.cpp.o[0m
[3.687s] [ 23%] [32mBuilding CXX object CMakeFiles/atwork_interfaces__rosidl_typesupport_cpp.dir/rosidl_typesupport_cpp/atwork_interfaces/msg/object__type_support.cpp.o[0m
[3.687s] [ 25%] [32mBuilding CXX object CMakeFiles/atwork_interfaces__rosidl_typesupport_cpp.dir/rosidl_typesupport_cpp/atwork_interfaces/msg/task__type_support.cpp.o[0m
[4.175s] [35m[1mConsolidate compiler generated dependencies of target atwork_interfaces__rosidl_typesupport_fastrtps_cpp[0m
[4.213s] [ 26%] [32mBuilding CXX object CMakeFiles/atwork_interfaces__rosidl_typesupport_cpp.dir/rosidl_typesupport_cpp/atwork_interfaces/msg/workstation__type_support.cpp.o[0m
[4.213s] [ 29%] [32mBuilding CXX object CMakeFiles/atwork_interfaces__rosidl_typesupport_cpp.dir/rosidl_typesupport_cpp/atwork_interfaces/srv/generate_task__type_support.cpp.o[0m
[4.214s] [ 28%] [32mBuilding CXX object CMakeFiles/atwork_interfaces__rosidl_typesupport_cpp.dir/rosidl_typesupport_cpp/atwork_interfaces/srv/task_opt__type_support.cpp.o[0m
[4.218s] [ 30%] [32mBuilding CXX object CMakeFiles/atwork_interfaces__rosidl_typesupport_fastrtps_cpp.dir/rosidl_typesupport_fastrtps_cpp/atwork_interfaces/msg/detail/dds_fastrtps/object__type_support.cpp.o[0m
[4.405s] [35m[1mConsolidate compiler generated dependencies of target atwork_interfaces__rosidl_typesupport_introspection_cpp[0m
[4.444s] [ 32%] [32mBuilding CXX object CMakeFiles/atwork_interfaces__rosidl_typesupport_introspection_cpp.dir/rosidl_typesupport_introspection_cpp/atwork_interfaces/msg/detail/object__type_support.cpp.o[0m
[4.629s] [35m[1mConsolidate compiler generated dependencies of target atwork_interfaces__rosidl_typesupport_c[0m
[4.660s] [ 33%] [32mBuilding CXX object CMakeFiles/atwork_interfaces__rosidl_typesupport_c.dir/rosidl_typesupport_c/atwork_interfaces/msg/object__type_support.cpp.o[0m
[4.721s] [ 35%] [32mBuilding CXX object CMakeFiles/atwork_interfaces__rosidl_typesupport_c.dir/rosidl_typesupport_c/atwork_interfaces/msg/robot_header__type_support.cpp.o[0m
[4.729s] [ 36%] [32mBuilding CXX object CMakeFiles/atwork_interfaces__rosidl_typesupport_c.dir/rosidl_typesupport_c/atwork_interfaces/msg/workstation__type_support.cpp.o[0m
[4.729s] [ 38%] [32mBuilding CXX object CMakeFiles/atwork_interfaces__rosidl_typesupport_c.dir/rosidl_typesupport_c/atwork_interfaces/msg/task__type_support.cpp.o[0m
[4.751s] [ 39%] [32m[1mLinking CXX shared library libatwork_interfaces__rosidl_typesupport_cpp.so[0m
[4.800s] [ 40%] [32mBuilding CXX object CMakeFiles/atwork_interfaces__rosidl_typesupport_introspection_cpp.dir/rosidl_typesupport_introspection_cpp/atwork_interfaces/msg/detail/robot_header__type_support.cpp.o[0m
[4.807s] [ 42%] [32mBuilding CXX object CMakeFiles/atwork_interfaces__rosidl_typesupport_introspection_cpp.dir/rosidl_typesupport_introspection_cpp/atwork_interfaces/msg/detail/task__type_support.cpp.o[0m
[4.821s] [ 43%] [32mBuilding CXX object CMakeFiles/atwork_interfaces__rosidl_typesupport_c.dir/rosidl_typesupport_c/atwork_interfaces/srv/generate_task__type_support.cpp.o[0m
[4.853s] [ 43%] Built target atwork_interfaces__rosidl_typesupport_cpp
[4.909s] [ 45%] [32mBuilding CXX object CMakeFiles/atwork_interfaces__rosidl_typesupport_c.dir/rosidl_typesupport_c/atwork_interfaces/srv/task_opt__type_support.cpp.o[0m
[4.959s] [ 46%] [32mBuilding CXX object CMakeFiles/atwork_interfaces__rosidl_typesupport_fastrtps_cpp.dir/rosidl_typesupport_fastrtps_cpp/atwork_interfaces/msg/detail/dds_fastrtps/robot_header__type_support.cpp.o[0m
[4.985s] [35m[1mConsolidate compiler generated dependencies of target atwork_interfaces__rosidl_typesupport_fastrtps_c[0m
[4.988s] [ 47%] [32m[1mLinking CXX shared library libatwork_interfaces__rosidl_typesupport_c.so[0m
[5.001s] [ 49%] [32mBuilding CXX object CMakeFiles/atwork_interfaces__rosidl_typesupport_introspection_cpp.dir/rosidl_typesupport_introspection_cpp/atwork_interfaces/msg/detail/workstation__type_support.cpp.o[0m
[5.025s] [35m[1mConsolidate compiler generated dependencies of target atwork_interfaces__rosidl_typesupport_introspection_c[0m
[5.030s] [ 50%] [32mBuilding CXX object CMakeFiles/atwork_interfaces__rosidl_typesupport_fastrtps_c.dir/rosidl_typesupport_fastrtps_c/atwork_interfaces/msg/detail/object__type_support_c.cpp.o[0m
[5.065s] [ 52%] [32mBuilding C object CMakeFiles/atwork_interfaces__rosidl_typesupport_introspection_c.dir/rosidl_typesupport_introspection_c/atwork_interfaces/msg/detail/object__type_support.c.o[0m
[5.089s] [ 52%] Built target atwork_interfaces__rosidl_typesupport_c
[5.133s] [ 53%] [32mBuilding CXX object CMakeFiles/atwork_interfaces__rosidl_typesupport_fastrtps_c.dir/rosidl_typesupport_fastrtps_c/atwork_interfaces/msg/detail/robot_header__type_support_c.cpp.o[0m
[5.152s] [ 54%] [32mBuilding C object CMakeFiles/atwork_interfaces__rosidl_typesupport_introspection_c.dir/rosidl_typesupport_introspection_c/atwork_interfaces/msg/detail/robot_header__type_support.c.o[0m
[5.177s] [ 56%] [32mBuilding CXX object CMakeFiles/atwork_interfaces__rosidl_typesupport_introspection_cpp.dir/rosidl_typesupport_introspection_cpp/atwork_interfaces/srv/detail/generate_task__type_support.cpp.o[0m
[5.316s] [ 57%] [32mBuilding C object CMakeFiles/atwork_interfaces__rosidl_typesupport_introspection_c.dir/rosidl_typesupport_introspection_c/atwork_interfaces/msg/detail/task__type_support.c.o[0m
[5.564s] [ 59%] [32mBuilding C object CMakeFiles/atwork_interfaces__rosidl_typesupport_introspection_c.dir/rosidl_typesupport_introspection_c/atwork_interfaces/msg/detail/workstation__type_support.c.o[0m
[5.705s] [ 60%] [32mBuilding CXX object CMakeFiles/atwork_interfaces__rosidl_typesupport_fastrtps_cpp.dir/rosidl_typesupport_fastrtps_cpp/atwork_interfaces/msg/detail/dds_fastrtps/task__type_support.cpp.o[0m
[5.713s] [ 61%] [32mBuilding C object CMakeFiles/atwork_interfaces__rosidl_typesupport_introspection_c.dir/rosidl_typesupport_introspection_c/atwork_interfaces/srv/detail/generate_task__type_support.c.o[0m
[5.788s] [ 63%] [32mBuilding C object CMakeFiles/atwork_interfaces__rosidl_typesupport_introspection_c.dir/rosidl_typesupport_introspection_c/atwork_interfaces/srv/detail/task_opt__type_support.c.o[0m
[5.813s] [ 64%] [32mBuilding CXX object CMakeFiles/atwork_interfaces__rosidl_typesupport_fastrtps_c.dir/rosidl_typesupport_fastrtps_c/atwork_interfaces/msg/detail/task__type_support_c.cpp.o[0m
[5.842s] [ 66%] [32mBuilding CXX object CMakeFiles/atwork_interfaces__rosidl_typesupport_fastrtps_c.dir/rosidl_typesupport_fastrtps_c/atwork_interfaces/msg/detail/workstation__type_support_c.cpp.o[0m
[5.881s] [ 67%] [32mBuilding CXX object CMakeFiles/atwork_interfaces__rosidl_typesupport_introspection_cpp.dir/rosidl_typesupport_introspection_cpp/atwork_interfaces/srv/detail/task_opt__type_support.cpp.o[0m
[5.911s] [ 69%] [32m[1mLinking C shared library libatwork_interfaces__rosidl_typesupport_introspection_c.so[0m
[5.982s] [ 70%] [32mBuilding CXX object CMakeFiles/atwork_interfaces__rosidl_typesupport_fastrtps_c.dir/rosidl_typesupport_fastrtps_c/atwork_interfaces/srv/detail/generate_task__type_support_c.cpp.o[0m
[6.024s] [ 70%] Built target atwork_interfaces__rosidl_typesupport_introspection_c
[6.047s] [ 71%] [32mBuilding CXX object CMakeFiles/atwork_interfaces__rosidl_typesupport_fastrtps_cpp.dir/rosidl_typesupport_fastrtps_cpp/atwork_interfaces/msg/detail/dds_fastrtps/workstation__type_support.cpp.o[0m
[6.057s] [ 73%] [32mBuilding CXX object CMakeFiles/atwork_interfaces__rosidl_typesupport_fastrtps_c.dir/rosidl_typesupport_fastrtps_c/atwork_interfaces/srv/detail/task_opt__type_support_c.cpp.o[0m
[6.158s] [ 74%] [32mBuilding CXX object CMakeFiles/atwork_interfaces__rosidl_typesupport_fastrtps_cpp.dir/rosidl_typesupport_fastrtps_cpp/atwork_interfaces/srv/detail/dds_fastrtps/generate_task__type_support.cpp.o[0m
[6.584s] [ 76%] [32mBuilding CXX object CMakeFiles/atwork_interfaces__rosidl_typesupport_fastrtps_cpp.dir/rosidl_typesupport_fastrtps_cpp/atwork_interfaces/srv/detail/dds_fastrtps/task_opt__type_support.cpp.o[0m
[6.717s] [ 77%] [32m[1mLinking CXX shared library libatwork_interfaces__rosidl_typesupport_fastrtps_c.so[0m
[6.871s] [ 78%] [32m[1mLinking CXX shared library libatwork_interfaces__rosidl_typesupport_introspection_cpp.so[0m
[6.885s] [ 78%] Built target atwork_interfaces__rosidl_typesupport_fastrtps_c
[6.996s] [ 78%] Built target atwork_interfaces__rosidl_typesupport_introspection_cpp
[7.190s] [ 80%] [32m[1mLinking CXX shared library libatwork_interfaces__rosidl_typesupport_fastrtps_cpp.so[0m
[7.300s] [ 80%] Built target atwork_interfaces__rosidl_typesupport_fastrtps_cpp
[7.336s] [ 80%] Built target atwork_interfaces
[7.372s] [ 81%] [34m[1mGenerating Python code for ROS interfaces[0m
[9.048s] [ 81%] Built target atwork_interfaces__py
[9.066s] [35m[1mConsolidate compiler generated dependencies of target atwork_interfaces__rosidl_generator_py[0m
[9.092s] [ 84%] [32mBuilding C object CMakeFiles/atwork_interfaces__rosidl_generator_py.dir/rosidl_generator_py/atwork_interfaces/msg/_workstation_s.c.o[0m
[9.092s] [ 84%] [32mBuilding C object CMakeFiles/atwork_interfaces__rosidl_generator_py.dir/rosidl_generator_py/atwork_interfaces/msg/_task_s.c.o[0m
[9.096s] [ 85%] [32mBuilding C object CMakeFiles/atwork_interfaces__rosidl_generator_py.dir/rosidl_generator_py/atwork_interfaces/msg/_object_s.c.o[0m
[9.097s] [ 87%] [32mBuilding C object CMakeFiles/atwork_interfaces__rosidl_generator_py.dir/rosidl_generator_py/atwork_interfaces/msg/_robot_header_s.c.o[0m
[9.099s] [ 88%] [32mBuilding C object CMakeFiles/atwork_interfaces__rosidl_generator_py.dir/rosidl_generator_py/atwork_interfaces/srv/_generate_task_s.c.o[0m
[9.099s] [ 90%] [32mBuilding C object CMakeFiles/atwork_interfaces__rosidl_generator_py.dir/rosidl_generator_py/atwork_interfaces/srv/_task_opt_s.c.o[0m
[9.290s] [ 91%] [32m[1mLinking C shared library rosidl_generator_py/atwork_interfaces/libatwork_interfaces__rosidl_generator_py.so[0m
[9.349s] [ 91%] Built target atwork_interfaces__rosidl_generator_py
[9.367s] [35m[1mConsolidate compiler generated dependencies of target atwork_interfaces__rosidl_typesupport_fastrtps_c__pyext[0m
[9.367s] [35m[1mConsolidate compiler generated dependencies of target atwork_interfaces__rosidl_typesupport_c__pyext[0m
[9.367s] [35m[1mConsolidate compiler generated dependencies of target atwork_interfaces__rosidl_typesupport_introspection_c__pyext[0m
[9.389s] [ 94%] [32mBuilding C object CMakeFiles/atwork_interfaces__rosidl_typesupport_fastrtps_c__pyext.dir/rosidl_generator_py/atwork_interfaces/_atwork_interfaces_s.ep.rosidl_typesupport_fastrtps_c.c.o[0m
[9.389s] [ 94%] [32mBuilding C object CMakeFiles/atwork_interfaces__rosidl_typesupport_introspection_c__pyext.dir/rosidl_generator_py/atwork_interfaces/_atwork_interfaces_s.ep.rosidl_typesupport_introspection_c.c.o[0m
[9.389s] [ 95%] [32mBuilding C object CMakeFiles/atwork_interfaces__rosidl_typesupport_c__pyext.dir/rosidl_generator_py/atwork_interfaces/_atwork_interfaces_s.ep.rosidl_typesupport_c.c.o[0m
[9.535s] [ 98%] [32m[1mLinking C shared library rosidl_generator_py/atwork_interfaces/atwork_interfaces_s__rosidl_typesupport_introspection_c.cpython-310-x86_64-linux-gnu.so[0m
[9.535s] [ 98%] [32m[1mLinking C shared library rosidl_generator_py/atwork_interfaces/atwork_interfaces_s__rosidl_typesupport_fastrtps_c.cpython-310-x86_64-linux-gnu.so[0m
[9.535s] [100%] [32m[1mLinking C shared library rosidl_generator_py/atwork_interfaces/atwork_interfaces_s__rosidl_typesupport_c.cpython-310-x86_64-linux-gnu.so[0m
[9.595s] [100%] Built target atwork_interfaces__rosidl_typesupport_fastrtps_c__pyext
[9.595s] [100%] Built target atwork_interfaces__rosidl_typesupport_introspection_c__pyext
[9.596s] [100%] Built target atwork_interfaces__rosidl_typesupport_c__pyext
[9.613s] Invoked command in '/home/jasper/RoboWorks_Comp_Team/taskOptimzer/build/atwork_interfaces' returned '0': CMAKE_PREFIX_PATH=${CMAKE_PREFIX_PATH}:/home/jasper/ws_moveit2/install/moveit_configs_utils:/home/jasper/ws_moveit2/install/launch_param_builder:/opt/ros/humble /usr/bin/cmake --build /home/jasper/RoboWorks_Comp_Team/taskOptimzer/build/atwork_interfaces -- -j8 -l8
[10.019s] Invoking command in '/home/jasper/RoboWorks_Comp_Team/taskOptimzer/build/atwork_interfaces': CMAKE_PREFIX_PATH=${CMAKE_PREFIX_PATH}:/home/jasper/ws_moveit2/install/moveit_configs_utils:/home/jasper/ws_moveit2/install/launch_param_builder:/opt/ros/humble /usr/bin/cmake --install /home/jasper/RoboWorks_Comp_Team/taskOptimzer/build/atwork_interfaces
[10.031s] -- Install configuration: ""
[10.031s] -- Installing: /home/jasper/RoboWorks_Comp_Team/taskOptimzer/install/atwork_interfaces/share/ament_index/resource_index/rosidl_interfaces/atwork_interfaces
[10.032s] -- Up-to-date: /home/jasper/RoboWorks_Comp_Team/taskOptimzer/install/atwork_interfaces/include/atwork_interfaces/atwork_interfaces
[10.032s] -- Up-to-date: /home/jasper/RoboWorks_Comp_Team/taskOptimzer/install/atwork_interfaces/include/atwork_interfaces/atwork_interfaces/msg
[10.032s] -- Up-to-date: /home/jasper/RoboWorks_Comp_Team/taskOptimzer/install/atwork_interfaces/include/atwork_interfaces/atwork_interfaces/msg/sphere.h
[10.032s] -- Up-to-date: /home/jasper/RoboWorks_Comp_Team/taskOptimzer/install/atwork_interfaces/include/atwork_interfaces/atwork_interfaces/msg/detail
[10.032s] -- Installing: /home/jasper/RoboWorks_Comp_Team/taskOptimzer/install/atwork_interfaces/include/atwork_interfaces/atwork_interfaces/msg/detail/robot_header__functions.h
[10.032s] -- Installing: /home/jasper/RoboWorks_Comp_Team/taskOptimzer/install/atwork_interfaces/include/atwork_interfaces/atwork_interfaces/msg/detail/task__functions.h
[10.032s] -- Installing: /home/jasper/RoboWorks_Comp_Team/taskOptimzer/install/atwork_interfaces/include/atwork_interfaces/atwork_interfaces/msg/detail/robot_header__functions.c
[10.032s] -- Up-to-date: /home/jasper/RoboWorks_Comp_Team/taskOptimzer/install/atwork_interfaces/include/atwork_interfaces/atwork_interfaces/msg/detail/sphere__functions.c
[10.033s] -- Up-to-date: /home/jasper/RoboWorks_Comp_Team/taskOptimzer/install/atwork_interfaces/include/atwork_interfaces/atwork_interfaces/msg/detail/sphere__type_support.h
[10.033s] -- Installing: /home/jasper/RoboWorks_Comp_Team/taskOptimzer/install/atwork_interfaces/include/atwork_interfaces/atwork_interfaces/msg/detail/object__functions.c
[10.033s] -- Installing: /home/jasper/RoboWorks_Comp_Team/taskOptimzer/install/atwork_interfaces/include/atwork_interfaces/atwork_interfaces/msg/detail/robot_header__struct.h
[10.033s] -- Up-to-date: /home/jasper/RoboWorks_Comp_Team/taskOptimzer/install/atwork_interfaces/include/atwork_interfaces/atwork_interfaces/msg/detail/sphere__struct.h
[10.033s] -- Installing: /home/jasper/RoboWorks_Comp_Team/taskOptimzer/install/atwork_interfaces/include/atwork_interfaces/atwork_interfaces/msg/detail/task__functions.c
[10.033s] -- Installing: /home/jasper/RoboWorks_Comp_Team/taskOptimzer/install/atwork_interfaces/include/atwork_interfaces/atwork_interfaces/msg/detail/workstation__struct.h
[10.033s] -- Installing: /home/jasper/RoboWorks_Comp_Team/taskOptimzer/install/atwork_interfaces/include/atwork_interfaces/atwork_interfaces/msg/detail/robot_header__type_support.h
[10.033s] -- Installing: /home/jasper/RoboWorks_Comp_Team/taskOptimzer/install/atwork_interfaces/include/atwork_interfaces/atwork_interfaces/msg/detail/workstation__functions.h
[10.033s] -- Installing: /home/jasper/RoboWorks_Comp_Team/taskOptimzer/install/atwork_interfaces/include/atwork_interfaces/atwork_interfaces/msg/detail/object__type_support.h
[10.033s] -- Up-to-date: /home/jasper/RoboWorks_Comp_Team/taskOptimzer/install/atwork_interfaces/include/atwork_interfaces/atwork_interfaces/msg/detail/sphere__functions.h
[10.033s] -- Installing: /home/jasper/RoboWorks_Comp_Team/taskOptimzer/install/atwork_interfaces/include/atwork_interfaces/atwork_interfaces/msg/detail/task__type_support.h
[10.033s] -- Installing: /home/jasper/RoboWorks_Comp_Team/taskOptimzer/install/atwork_interfaces/include/atwork_interfaces/atwork_interfaces/msg/detail/task__struct.h
[10.034s] -- Installing: /home/jasper/RoboWorks_Comp_Team/taskOptimzer/install/atwork_interfaces/include/atwork_interfaces/atwork_interfaces/msg/detail/workstation__type_support.h
[10.034s] -- Installing: /home/jasper/RoboWorks_Comp_Team/taskOptimzer/install/atwork_interfaces/include/atwork_interfaces/atwork_interfaces/msg/detail/object__struct.h
[10.034s] -- Installing: /home/jasper/RoboWorks_Comp_Team/taskOptimzer/install/atwork_interfaces/include/atwork_interfaces/atwork_interfaces/msg/detail/workstation__functions.c
[10.034s] -- Installing: /home/jasper/RoboWorks_Comp_Team/taskOptimzer/install/atwork_interfaces/include/atwork_interfaces/atwork_interfaces/msg/detail/object__functions.h
[10.034s] -- Installing: /home/jasper/RoboWorks_Comp_Team/taskOptimzer/install/atwork_interfaces/include/atwork_interfaces/atwork_interfaces/msg/task.h
[10.034s] -- Installing: /home/jasper/RoboWorks_Comp_Team/taskOptimzer/install/atwork_interfaces/include/atwork_interfaces/atwork_interfaces/msg/robot_header.h
[10.034s] -- Installing: /home/jasper/RoboWorks_Comp_Team/taskOptimzer/install/atwork_interfaces/include/atwork_interfaces/atwork_interfaces/msg/object.h
[10.035s] -- Installing: /home/jasper/RoboWorks_Comp_Team/taskOptimzer/install/atwork_interfaces/include/atwork_interfaces/atwork_interfaces/msg/workstation.h
[10.035s] -- Up-to-date: /home/jasper/RoboWorks_Comp_Team/taskOptimzer/install/atwork_interfaces/include/atwork_interfaces/atwork_interfaces/msg/rosidl_generator_c__visibility_control.h
[10.035s] -- Up-to-date: /home/jasper/RoboWorks_Comp_Team/taskOptimzer/install/atwork_interfaces/include/atwork_interfaces/atwork_interfaces/srv
[10.035s] -- Installing: /home/jasper/RoboWorks_Comp_Team/taskOptimzer/install/atwork_interfaces/include/atwork_interfaces/atwork_interfaces/srv/generate_task.h
[10.035s] -- Up-to-date: /home/jasper/RoboWorks_Comp_Team/taskOptimzer/install/atwork_interfaces/include/atwork_interfaces/atwork_interfaces/srv/detail
[10.035s] -- Installing: /home/jasper/RoboWorks_Comp_Team/taskOptimzer/install/atwork_interfaces/include/atwork_interfaces/atwork_interfaces/srv/detail/task_opt__functions.h
[10.035s] -- Installing: /home/jasper/RoboWorks_Comp_Team/taskOptimzer/install/atwork_interfaces/include/atwork_interfaces/atwork_interfaces/srv/detail/generate_task__functions.h
[10.035s] -- Installing: /home/jasper/RoboWorks_Comp_Team/taskOptimzer/install/atwork_interfaces/include/atwork_interfaces/atwork_interfaces/srv/detail/generate_task__struct.h
[10.035s] -- Installing: /home/jasper/RoboWorks_Comp_Team/taskOptimzer/install/atwork_interfaces/include/atwork_interfaces/atwork_interfaces/srv/detail/task_opt__functions.c
[10.036s] -- Installing: /home/jasper/RoboWorks_Comp_Team/taskOptimzer/install/atwork_interfaces/include/atwork_interfaces/atwork_interfaces/srv/detail/generate_task__functions.c
[10.036s] -- Installing: /home/jasper/RoboWorks_Comp_Team/taskOptimzer/install/atwork_interfaces/include/atwork_interfaces/atwork_interfaces/srv/detail/task_opt__struct.h
[10.036s] -- Installing: /home/jasper/RoboWorks_Comp_Team/taskOptimzer/install/atwork_interfaces/include/atwork_interfaces/atwork_interfaces/srv/detail/task_opt__type_support.h
[10.036s] -- Installing: /home/jasper/RoboWorks_Comp_Team/taskOptimzer/install/atwork_interfaces/include/atwork_interfaces/atwork_interfaces/srv/detail/generate_task__type_support.h
[10.036s] -- Installing: /home/jasper/RoboWorks_Comp_Team/taskOptimzer/install/atwork_interfaces/include/atwork_interfaces/atwork_interfaces/srv/task_opt.h
[10.036s] -- Up-to-date: /home/jasper/RoboWorks_Comp_Team/taskOptimzer/install/atwork_interfaces/share/atwork_interfaces/environment/library_path.sh
[10.036s] -- Installing: /home/jasper/RoboWorks_Comp_Team/taskOptimzer/install/atwork_interfaces/share/atwork_interfaces/environment/library_path.dsv
[10.037s] -- Installing: /home/jasper/RoboWorks_Comp_Team/taskOptimzer/install/atwork_interfaces/lib/libatwork_interfaces__rosidl_generator_c.so
[10.037s] -- Set runtime path of "/home/jasper/RoboWorks_Comp_Team/taskOptimzer/install/atwork_interfaces/lib/libatwork_interfaces__rosidl_generator_c.so" to ""
[10.037s] -- Up-to-date: /home/jasper/RoboWorks_Comp_Team/taskOptimzer/install/atwork_interfaces/include/atwork_interfaces/atwork_interfaces
[10.038s] -- Up-to-date: /home/jasper/RoboWorks_Comp_Team/taskOptimzer/install/atwork_interfaces/include/atwork_interfaces/atwork_interfaces/msg
[10.038s] -- Up-to-date: /home/jasper/RoboWorks_Comp_Team/taskOptimzer/install/atwork_interfaces/include/atwork_interfaces/atwork_interfaces/msg/detail
[10.038s] -- Installing: /home/jasper/RoboWorks_Comp_Team/taskOptimzer/install/atwork_interfaces/include/atwork_interfaces/atwork_interfaces/msg/detail/object__rosidl_typesupport_fastrtps_c.h
[10.038s] -- Installing: /home/jasper/RoboWorks_Comp_Team/taskOptimzer/install/atwork_interfaces/include/atwork_interfaces/atwork_interfaces/msg/detail/task__rosidl_typesupport_fastrtps_c.h
[10.038s] -- Installing: /home/jasper/RoboWorks_Comp_Team/taskOptimzer/install/atwork_interfaces/include/atwork_interfaces/atwork_interfaces/msg/detail/workstation__rosidl_typesupport_fastrtps_c.h
[10.038s] -- Installing: /home/jasper/RoboWorks_Comp_Team/taskOptimzer/install/atwork_interfaces/include/atwork_interfaces/atwork_interfaces/msg/detail/robot_header__rosidl_typesupport_fastrtps_c.h
[10.038s] -- Up-to-date: /home/jasper/RoboWorks_Comp_Team/taskOptimzer/install/atwork_interfaces/include/atwork_interfaces/atwork_interfaces/msg/detail/sphere__rosidl_typesupport_fastrtps_c.h
[10.038s] -- Up-to-date: /home/jasper/RoboWorks_Comp_Team/taskOptimzer/install/atwork_interfaces/include/atwork_interfaces/atwork_interfaces/msg/rosidl_typesupport_fastrtps_c__visibility_control.h
[10.038s] -- Up-to-date: /home/jasper/RoboWorks_Comp_Team/taskOptimzer/install/atwork_interfaces/include/atwork_interfaces/atwork_interfaces/srv
[10.038s] -- Up-to-date: /home/jasper/RoboWorks_Comp_Team/taskOptimzer/install/atwork_interfaces/include/atwork_interfaces/atwork_interfaces/srv/detail
[10.039s] -- Installing: /home/jasper/RoboWorks_Comp_Team/taskOptimzer/install/atwork_interfaces/include/atwork_interfaces/atwork_interfaces/srv/detail/task_opt__rosidl_typesupport_fastrtps_c.h
[10.039s] -- Installing: /home/jasper/RoboWorks_Comp_Team/taskOptimzer/install/atwork_interfaces/include/atwork_interfaces/atwork_interfaces/srv/detail/generate_task__rosidl_typesupport_fastrtps_c.h
[10.039s] -- Installing: /home/jasper/RoboWorks_Comp_Team/taskOptimzer/install/atwork_interfaces/lib/libatwork_interfaces__rosidl_typesupport_fastrtps_c.so
[10.039s] -- Set runtime path of "/home/jasper/RoboWorks_Comp_Team/taskOptimzer/install/atwork_interfaces/lib/libatwork_interfaces__rosidl_typesupport_fastrtps_c.so" to ""
[10.039s] -- Up-to-date: /home/jasper/RoboWorks_Comp_Team/taskOptimzer/install/atwork_interfaces/include/atwork_interfaces/atwork_interfaces
[10.040s] -- Up-to-date: /home/jasper/RoboWorks_Comp_Team/taskOptimzer/install/atwork_interfaces/include/atwork_interfaces/atwork_interfaces/msg
[10.040s] -- Installing: /home/jasper/RoboWorks_Comp_Team/taskOptimzer/install/atwork_interfaces/include/atwork_interfaces/atwork_interfaces/msg/task.hpp
[10.040s] -- Up-to-date: /home/jasper/RoboWorks_Comp_Team/taskOptimzer/install/atwork_interfaces/include/atwork_interfaces/atwork_interfaces/msg/sphere.hpp
[10.040s] -- Installing: /home/jasper/RoboWorks_Comp_Team/taskOptimzer/install/atwork_interfaces/include/atwork_interfaces/atwork_interfaces/msg/object.hpp
[10.040s] -- Installing: /home/jasper/RoboWorks_Comp_Team/taskOptimzer/install/atwork_interfaces/include/atwork_interfaces/atwork_interfaces/msg/workstation.hpp
[10.040s] -- Up-to-date: /home/jasper/RoboWorks_Comp_Team/taskOptimzer/install/atwork_interfaces/include/atwork_interfaces/atwork_interfaces/msg/detail
[10.040s] -- Installing: /home/jasper/RoboWorks_Comp_Team/taskOptimzer/install/atwork_interfaces/include/atwork_interfaces/atwork_interfaces/msg/detail/task__traits.hpp
[10.040s] -- Installing: /home/jasper/RoboWorks_Comp_Team/taskOptimzer/install/atwork_interfaces/include/atwork_interfaces/atwork_interfaces/msg/detail/object__struct.hpp
[10.040s] -- Installing: /home/jasper/RoboWorks_Comp_Team/taskOptimzer/install/atwork_interfaces/include/atwork_interfaces/atwork_interfaces/msg/detail/workstation__traits.hpp
[10.041s] -- Installing: /home/jasper/RoboWorks_Comp_Team/taskOptimzer/install/atwork_interfaces/include/atwork_interfaces/atwork_interfaces/msg/detail/object__traits.hpp
[10.041s] -- Installing: /home/jasper/RoboWorks_Comp_Team/taskOptimzer/install/atwork_interfaces/include/atwork_interfaces/atwork_interfaces/msg/detail/robot_header__struct.hpp
[10.041s] -- Installing: /home/jasper/RoboWorks_Comp_Team/taskOptimzer/install/atwork_interfaces/include/atwork_interfaces/atwork_interfaces/msg/detail/task__builder.hpp
[10.041s] -- Installing: /home/jasper/RoboWorks_Comp_Team/taskOptimzer/install/atwork_interfaces/include/atwork_interfaces/atwork_interfaces/msg/detail/task__struct.hpp
[10.041s] -- Installing: /home/jasper/RoboWorks_Comp_Team/taskOptimzer/install/atwork_interfaces/include/atwork_interfaces/atwork_interfaces/msg/detail/robot_header__builder.hpp
[10.041s] -- Installing: /home/jasper/RoboWorks_Comp_Team/taskOptimzer/install/atwork_interfaces/include/atwork_interfaces/atwork_interfaces/msg/detail/object__builder.hpp
[10.041s] -- Up-to-date: /home/jasper/RoboWorks_Comp_Team/taskOptimzer/install/atwork_interfaces/include/atwork_interfaces/atwork_interfaces/msg/detail/sphere__struct.hpp
[10.041s] -- Installing: /home/jasper/RoboWorks_Comp_Team/taskOptimzer/install/atwork_interfaces/include/atwork_interfaces/atwork_interfaces/msg/detail/robot_header__traits.hpp
[10.042s] -- Up-to-date: /home/jasper/RoboWorks_Comp_Team/taskOptimzer/install/atwork_interfaces/include/atwork_interfaces/atwork_interfaces/msg/detail/sphere__builder.hpp
[10.042s] -- Installing: /home/jasper/RoboWorks_Comp_Team/taskOptimzer/install/atwork_interfaces/include/atwork_interfaces/atwork_interfaces/msg/detail/workstation__builder.hpp
[10.042s] -- Up-to-date: /home/jasper/RoboWorks_Comp_Team/taskOptimzer/install/atwork_interfaces/include/atwork_interfaces/atwork_interfaces/msg/detail/sphere__traits.hpp
[10.042s] -- Installing: /home/jasper/RoboWorks_Comp_Team/taskOptimzer/install/atwork_interfaces/include/atwork_interfaces/atwork_interfaces/msg/detail/workstation__struct.hpp
[10.042s] -- Installing: /home/jasper/RoboWorks_Comp_Team/taskOptimzer/install/atwork_interfaces/include/atwork_interfaces/atwork_interfaces/msg/robot_header.hpp
[10.042s] -- Up-to-date: /home/jasper/RoboWorks_Comp_Team/taskOptimzer/install/atwork_interfaces/include/atwork_interfaces/atwork_interfaces/srv
[10.042s] -- Installing: /home/jasper/RoboWorks_Comp_Team/taskOptimzer/install/atwork_interfaces/include/atwork_interfaces/atwork_interfaces/srv/generate_task.hpp
[10.042s] -- Installing: /home/jasper/RoboWorks_Comp_Team/taskOptimzer/install/atwork_interfaces/include/atwork_interfaces/atwork_interfaces/srv/task_opt.hpp
[10.042s] -- Up-to-date: /home/jasper/RoboWorks_Comp_Team/taskOptimzer/install/atwork_interfaces/include/atwork_interfaces/atwork_interfaces/srv/detail
[10.042s] -- Installing: /home/jasper/RoboWorks_Comp_Team/taskOptimzer/install/atwork_interfaces/include/atwork_interfaces/atwork_interfaces/srv/detail/generate_task__struct.hpp
[10.042s] -- Installing: /home/jasper/RoboWorks_Comp_Team/taskOptimzer/install/atwork_interfaces/include/atwork_interfaces/atwork_interfaces/srv/detail/generate_task__traits.hpp
[10.043s] -- Installing: /home/jasper/RoboWorks_Comp_Team/taskOptimzer/install/atwork_interfaces/include/atwork_interfaces/atwork_interfaces/srv/detail/task_opt__struct.hpp
[10.043s] -- Installing: /home/jasper/RoboWorks_Comp_Team/taskOptimzer/install/atwork_interfaces/include/atwork_interfaces/atwork_interfaces/srv/detail/task_opt__traits.hpp
[10.043s] -- Installing: /home/jasper/RoboWorks_Comp_Team/taskOptimzer/install/atwork_interfaces/include/atwork_interfaces/atwork_interfaces/srv/detail/task_opt__builder.hpp
[10.043s] -- Installing: /home/jasper/RoboWorks_Comp_Team/taskOptimzer/install/atwork_interfaces/include/atwork_interfaces/atwork_interfaces/srv/detail/generate_task__builder.hpp
[10.043s] -- Up-to-date: /home/jasper/RoboWorks_Comp_Team/taskOptimzer/install/atwork_interfaces/include/atwork_interfaces/atwork_interfaces
[10.043s] -- Up-to-date: /home/jasper/RoboWorks_Comp_Team/taskOptimzer/install/atwork_interfaces/include/atwork_interfaces/atwork_interfaces/msg
[10.043s] -- Up-to-date: /home/jasper/RoboWorks_Comp_Team/taskOptimzer/install/atwork_interfaces/include/atwork_interfaces/atwork_interfaces/msg/detail
[10.043s] -- Up-to-date: /home/jasper/RoboWorks_Comp_Team/taskOptimzer/install/atwork_interfaces/include/atwork_interfaces/atwork_interfaces/msg/detail/sphere__rosidl_typesupport_fastrtps_cpp.hpp
[10.043s] -- Up-to-date: /home/jasper/RoboWorks_Comp_Team/taskOptimzer/install/atwork_interfaces/include/atwork_interfaces/atwork_interfaces/msg/detail/dds_fastrtps
[10.044s] -- Installing: /home/jasper/RoboWorks_Comp_Team/taskOptimzer/install/atwork_interfaces/include/atwork_interfaces/atwork_interfaces/msg/detail/robot_header__rosidl_typesupport_fastrtps_cpp.hpp
[10.044s] -- Installing: /home/jasper/RoboWorks_Comp_Team/taskOptimzer/install/atwork_interfaces/include/atwork_interfaces/atwork_interfaces/msg/detail/object__rosidl_typesupport_fastrtps_cpp.hpp
[10.044s] -- Installing: /home/jasper/RoboWorks_Comp_Team/taskOptimzer/install/atwork_interfaces/include/atwork_interfaces/atwork_interfaces/msg/detail/workstation__rosidl_typesupport_fastrtps_cpp.hpp
[10.044s] -- Installing: /home/jasper/RoboWorks_Comp_Team/taskOptimzer/install/atwork_interfaces/include/atwork_interfaces/atwork_interfaces/msg/detail/task__rosidl_typesupport_fastrtps_cpp.hpp
[10.044s] -- Up-to-date: /home/jasper/RoboWorks_Comp_Team/taskOptimzer/install/atwork_interfaces/include/atwork_interfaces/atwork_interfaces/msg/rosidl_typesupport_fastrtps_cpp__visibility_control.h
[10.045s] -- Up-to-date: /home/jasper/RoboWorks_Comp_Team/taskOptimzer/install/atwork_interfaces/include/atwork_interfaces/atwork_interfaces/srv
[10.045s] -- Up-to-date: /home/jasper/RoboWorks_Comp_Team/taskOptimzer/install/atwork_interfaces/include/atwork_interfaces/atwork_interfaces/srv/detail
[10.045s] -- Up-to-date: /home/jasper/RoboWorks_Comp_Team/taskOptimzer/install/atwork_interfaces/include/atwork_interfaces/atwork_interfaces/srv/detail/dds_fastrtps
[10.045s] -- Installing: /home/jasper/RoboWorks_Comp_Team/taskOptimzer/install/atwork_interfaces/include/atwork_interfaces/atwork_interfaces/srv/detail/generate_task__rosidl_typesupport_fastrtps_cpp.hpp
[10.045s] -- Installing: /home/jasper/RoboWorks_Comp_Team/taskOptimzer/install/atwork_interfaces/include/atwork_interfaces/atwork_interfaces/srv/detail/task_opt__rosidl_typesupport_fastrtps_cpp.hpp
[10.045s] -- Installing: /home/jasper/RoboWorks_Comp_Team/taskOptimzer/install/atwork_interfaces/lib/libatwork_interfaces__rosidl_typesupport_fastrtps_cpp.so
[10.046s] -- Set runtime path of "/home/jasper/RoboWorks_Comp_Team/taskOptimzer/install/atwork_interfaces/lib/libatwork_interfaces__rosidl_typesupport_fastrtps_cpp.so" to ""
[10.046s] -- Up-to-date: /home/jasper/RoboWorks_Comp_Team/taskOptimzer/install/atwork_interfaces/include/atwork_interfaces/atwork_interfaces
[10.046s] -- Up-to-date: /home/jasper/RoboWorks_Comp_Team/taskOptimzer/install/atwork_interfaces/include/atwork_interfaces/atwork_interfaces/msg
[10.046s] -- Up-to-date: /home/jasper/RoboWorks_Comp_Team/taskOptimzer/install/atwork_interfaces/include/atwork_interfaces/atwork_interfaces/msg/detail
[10.046s] -- Installing: /home/jasper/RoboWorks_Comp_Team/taskOptimzer/install/atwork_interfaces/include/atwork_interfaces/atwork_interfaces/msg/detail/workstation__type_support.c
[10.046s] -- Installing: /home/jasper/RoboWorks_Comp_Team/taskOptimzer/install/atwork_interfaces/include/atwork_interfaces/atwork_interfaces/msg/detail/workstation__rosidl_typesupport_introspection_c.h
[10.047s] -- Up-to-date: /home/jasper/RoboWorks_Comp_Team/taskOptimzer/install/atwork_interfaces/include/atwork_interfaces/atwork_interfaces/msg/detail/sphere__type_support.c
[10.047s] -- Installing: /home/jasper/RoboWorks_Comp_Team/taskOptimzer/install/atwork_interfaces/include/atwork_interfaces/atwork_interfaces/msg/detail/task__rosidl_typesupport_introspection_c.h
[10.047s] -- Installing: /home/jasper/RoboWorks_Comp_Team/taskOptimzer/install/atwork_interfaces/include/atwork_interfaces/atwork_interfaces/msg/detail/object__type_support.c
[10.047s] -- Up-to-date: /home/jasper/RoboWorks_Comp_Team/taskOptimzer/install/atwork_interfaces/include/atwork_interfaces/atwork_interfaces/msg/detail/sphere__rosidl_typesupport_introspection_c.h
[10.047s] -- Installing: /home/jasper/RoboWorks_Comp_Team/taskOptimzer/install/atwork_interfaces/include/atwork_interfaces/atwork_interfaces/msg/detail/task__type_support.c
[10.047s] -- Installing: /home/jasper/RoboWorks_Comp_Team/taskOptimzer/install/atwork_interfaces/include/atwork_interfaces/atwork_interfaces/msg/detail/robot_header__rosidl_typesupport_introspection_c.h
[10.047s] -- Installing: /home/jasper/RoboWorks_Comp_Team/taskOptimzer/install/atwork_interfaces/include/atwork_interfaces/atwork_interfaces/msg/detail/object__rosidl_typesupport_introspection_c.h
[10.047s] -- Installing: /home/jasper/RoboWorks_Comp_Team/taskOptimzer/install/atwork_interfaces/include/atwork_interfaces/atwork_interfaces/msg/detail/robot_header__type_support.c
[10.047s] -- Up-to-date: /home/jasper/RoboWorks_Comp_Team/taskOptimzer/install/atwork_interfaces/include/atwork_interfaces/atwork_interfaces/msg/rosidl_typesupport_introspection_c__visibility_control.h
[10.047s] -- Up-to-date: /home/jasper/RoboWorks_Comp_Team/taskOptimzer/install/atwork_interfaces/include/atwork_interfaces/atwork_interfaces/srv
[10.047s] -- Up-to-date: /home/jasper/RoboWorks_Comp_Team/taskOptimzer/install/atwork_interfaces/include/atwork_interfaces/atwork_interfaces/srv/detail
[10.047s] -- Installing: /home/jasper/RoboWorks_Comp_Team/taskOptimzer/install/atwork_interfaces/include/atwork_interfaces/atwork_interfaces/srv/detail/generate_task__rosidl_typesupport_introspection_c.h
[10.048s] -- Installing: /home/jasper/RoboWorks_Comp_Team/taskOptimzer/install/atwork_interfaces/include/atwork_interfaces/atwork_interfaces/srv/detail/task_opt__rosidl_typesupport_introspection_c.h
[10.048s] -- Installing: /home/jasper/RoboWorks_Comp_Team/taskOptimzer/install/atwork_interfaces/include/atwork_interfaces/atwork_interfaces/srv/detail/generate_task__type_support.c
[10.048s] -- Installing: /home/jasper/RoboWorks_Comp_Team/taskOptimzer/install/atwork_interfaces/include/atwork_interfaces/atwork_interfaces/srv/detail/task_opt__type_support.c
[10.048s] -- Installing: /home/jasper/RoboWorks_Comp_Team/taskOptimzer/install/atwork_interfaces/lib/libatwork_interfaces__rosidl_typesupport_introspection_c.so
[10.049s] -- Set runtime path of "/home/jasper/RoboWorks_Comp_Team/taskOptimzer/install/atwork_interfaces/lib/libatwork_interfaces__rosidl_typesupport_introspection_c.so" to ""
[10.049s] -- Installing: /home/jasper/RoboWorks_Comp_Team/taskOptimzer/install/atwork_interfaces/lib/libatwork_interfaces__rosidl_typesupport_c.so
[10.050s] -- Set runtime path of "/home/jasper/RoboWorks_Comp_Team/taskOptimzer/install/atwork_interfaces/lib/libatwork_interfaces__rosidl_typesupport_c.so" to ""
[10.050s] -- Up-to-date: /home/jasper/RoboWorks_Comp_Team/taskOptimzer/install/atwork_interfaces/include/atwork_interfaces/atwork_interfaces
[10.050s] -- Up-to-date: /home/jasper/RoboWorks_Comp_Team/taskOptimzer/install/atwork_interfaces/include/atwork_interfaces/atwork_interfaces/msg
[10.050s] -- Up-to-date: /home/jasper/RoboWorks_Comp_Team/taskOptimzer/install/atwork_interfaces/include/atwork_interfaces/atwork_interfaces/msg/detail
[10.050s] -- Up-to-date: /home/jasper/RoboWorks_Comp_Team/taskOptimzer/install/atwork_interfaces/include/atwork_interfaces/atwork_interfaces/msg/detail/sphere__rosidl_typesupport_introspection_cpp.hpp
[10.050s] -- Installing: /home/jasper/RoboWorks_Comp_Team/taskOptimzer/install/atwork_interfaces/include/atwork_interfaces/atwork_interfaces/msg/detail/workstation__type_support.cpp
[10.050s] -- Installing: /home/jasper/RoboWorks_Comp_Team/taskOptimzer/install/atwork_interfaces/include/atwork_interfaces/atwork_interfaces/msg/detail/task__type_support.cpp
[10.050s] -- Installing: /home/jasper/RoboWorks_Comp_Team/taskOptimzer/install/atwork_interfaces/include/atwork_interfaces/atwork_interfaces/msg/detail/object__rosidl_typesupport_introspection_cpp.hpp
[10.050s] -- Installing: /home/jasper/RoboWorks_Comp_Team/taskOptimzer/install/atwork_interfaces/include/atwork_interfaces/atwork_interfaces/msg/detail/workstation__rosidl_typesupport_introspection_cpp.hpp
[10.050s] -- Installing: /home/jasper/RoboWorks_Comp_Team/taskOptimzer/install/atwork_interfaces/include/atwork_interfaces/atwork_interfaces/msg/detail/robot_header__rosidl_typesupport_introspection_cpp.hpp
[10.051s] -- Up-to-date: /home/jasper/RoboWorks_Comp_Team/taskOptimzer/install/atwork_interfaces/include/atwork_interfaces/atwork_interfaces/msg/detail/sphere__type_support.cpp
[10.051s] -- Installing: /home/jasper/RoboWorks_Comp_Team/taskOptimzer/install/atwork_interfaces/include/atwork_interfaces/atwork_interfaces/msg/detail/object__type_support.cpp
[10.051s] -- Installing: /home/jasper/RoboWorks_Comp_Team/taskOptimzer/install/atwork_interfaces/include/atwork_interfaces/atwork_interfaces/msg/detail/task__rosidl_typesupport_introspection_cpp.hpp
[10.051s] -- Installing: /home/jasper/RoboWorks_Comp_Team/taskOptimzer/install/atwork_interfaces/include/atwork_interfaces/atwork_interfaces/msg/detail/robot_header__type_support.cpp
[10.051s] -- Up-to-date: /home/jasper/RoboWorks_Comp_Team/taskOptimzer/install/atwork_interfaces/include/atwork_interfaces/atwork_interfaces/srv
[10.051s] -- Up-to-date: /home/jasper/RoboWorks_Comp_Team/taskOptimzer/install/atwork_interfaces/include/atwork_interfaces/atwork_interfaces/srv/detail
[10.051s] -- Installing: /home/jasper/RoboWorks_Comp_Team/taskOptimzer/install/atwork_interfaces/include/atwork_interfaces/atwork_interfaces/srv/detail/task_opt__type_support.cpp
[10.051s] -- Installing: /home/jasper/RoboWorks_Comp_Team/taskOptimzer/install/atwork_interfaces/include/atwork_interfaces/atwork_interfaces/srv/detail/generate_task__rosidl_typesupport_introspection_cpp.hpp
[10.051s] -- Installing: /home/jasper/RoboWorks_Comp_Team/taskOptimzer/install/atwork_interfaces/include/atwork_interfaces/atwork_interfaces/srv/detail/task_opt__rosidl_typesupport_introspection_cpp.hpp
[10.052s] -- Installing: /home/jasper/RoboWorks_Comp_Team/taskOptimzer/install/atwork_interfaces/include/atwork_interfaces/atwork_interfaces/srv/detail/generate_task__type_support.cpp
[10.052s] -- Installing: /home/jasper/RoboWorks_Comp_Team/taskOptimzer/install/atwork_interfaces/lib/libatwork_interfaces__rosidl_typesupport_introspection_cpp.so
[10.053s] -- Set runtime path of "/home/jasper/RoboWorks_Comp_Team/taskOptimzer/install/atwork_interfaces/lib/libatwork_interfaces__rosidl_typesupport_introspection_cpp.so" to ""
[10.054s] -- Installing: /home/jasper/RoboWorks_Comp_Team/taskOptimzer/install/atwork_interfaces/lib/libatwork_interfaces__rosidl_typesupport_cpp.so
[10.055s] -- Set runtime path of "/home/jasper/RoboWorks_Comp_Team/taskOptimzer/install/atwork_interfaces/lib/libatwork_interfaces__rosidl_typesupport_cpp.so" to ""
[10.055s] -- Up-to-date: /home/jasper/RoboWorks_Comp_Team/taskOptimzer/install/atwork_interfaces/share/atwork_interfaces/environment/pythonpath.sh
[10.055s] -- Installing: /home/jasper/RoboWorks_Comp_Team/taskOptimzer/install/atwork_interfaces/share/atwork_interfaces/environment/pythonpath.dsv
[10.055s] -- Up-to-date: /home/jasper/RoboWorks_Comp_Team/taskOptimzer/install/atwork_interfaces/local/lib/python3.10/dist-packages/atwork_interfaces-0.0.0-py3.10.egg-info
[10.055s] -- Installing: /home/jasper/RoboWorks_Comp_Team/taskOptimzer/install/atwork_interfaces/local/lib/python3.10/dist-packages/atwork_interfaces-0.0.0-py3.10.egg-info/top_level.txt
[10.055s] -- Installing: /home/jasper/RoboWorks_Comp_Team/taskOptimzer/install/atwork_interfaces/local/lib/python3.10/dist-packages/atwork_interfaces-0.0.0-py3.10.egg-info/dependency_links.txt
[10.056s] -- Installing: /home/jasper/RoboWorks_Comp_Team/taskOptimzer/install/atwork_interfaces/local/lib/python3.10/dist-packages/atwork_interfaces-0.0.0-py3.10.egg-info/SOURCES.txt
[10.056s] -- Installing: /home/jasper/RoboWorks_Comp_Team/taskOptimzer/install/atwork_interfaces/local/lib/python3.10/dist-packages/atwork_interfaces-0.0.0-py3.10.egg-info/PKG-INFO
[10.056s] -- Up-to-date: /home/jasper/RoboWorks_Comp_Team/taskOptimzer/install/atwork_interfaces/local/lib/python3.10/dist-packages/atwork_interfaces
[10.056s] -- Installing: /home/jasper/RoboWorks_Comp_Team/taskOptimzer/install/atwork_interfaces/local/lib/python3.10/dist-packages/atwork_interfaces/_atwork_interfaces_s.ep.rosidl_typesupport_introspection_c.c
[10.056s] -- Installing: /home/jasper/RoboWorks_Comp_Team/taskOptimzer/install/atwork_interfaces/local/lib/python3.10/dist-packages/atwork_interfaces/atwork_interfaces_s__rosidl_typesupport_fastrtps_c.cpython-310-x86_64-linux-gnu.so
[10.057s] -- Installing: /home/jasper/RoboWorks_Comp_Team/taskOptimzer/install/atwork_interfaces/local/lib/python3.10/dist-packages/atwork_interfaces/libatwork_interfaces__rosidl_generator_py.so
[10.057s] -- Installing: /home/jasper/RoboWorks_Comp_Team/taskOptimzer/install/atwork_interfaces/local/lib/python3.10/dist-packages/atwork_interfaces/_atwork_interfaces_s.ep.rosidl_typesupport_fastrtps_c.c
[10.057s] -- Installing: /home/jasper/RoboWorks_Comp_Team/taskOptimzer/install/atwork_interfaces/local/lib/python3.10/dist-packages/atwork_interfaces/atwork_interfaces_s__rosidl_typesupport_c.cpython-310-x86_64-linux-gnu.so
[10.057s] -- Installing: /home/jasper/RoboWorks_Comp_Team/taskOptimzer/install/atwork_interfaces/local/lib/python3.10/dist-packages/atwork_interfaces/__init__.py
[10.057s] -- Installing: /home/jasper/RoboWorks_Comp_Team/taskOptimzer/install/atwork_interfaces/local/lib/python3.10/dist-packages/atwork_interfaces/_atwork_interfaces_s.ep.rosidl_typesupport_c.c
[10.058s] -- Installing: /home/jasper/RoboWorks_Comp_Team/taskOptimzer/install/atwork_interfaces/local/lib/python3.10/dist-packages/atwork_interfaces/atwork_interfaces_s__rosidl_typesupport_introspection_c.cpython-310-x86_64-linux-gnu.so
[10.058s] -- Up-to-date: /home/jasper/RoboWorks_Comp_Team/taskOptimzer/install/atwork_interfaces/local/lib/python3.10/dist-packages/atwork_interfaces/msg
[10.058s] -- Up-to-date: /home/jasper/RoboWorks_Comp_Team/taskOptimzer/install/atwork_interfaces/local/lib/python3.10/dist-packages/atwork_interfaces/msg/_sphere.py
[10.058s] -- Installing: /home/jasper/RoboWorks_Comp_Team/taskOptimzer/install/atwork_interfaces/local/lib/python3.10/dist-packages/atwork_interfaces/msg/_object_s.c
[10.058s] -- Installing: /home/jasper/RoboWorks_Comp_Team/taskOptimzer/install/atwork_interfaces/local/lib/python3.10/dist-packages/atwork_interfaces/msg/_object.py
[10.058s] -- Installing: /home/jasper/RoboWorks_Comp_Team/taskOptimzer/install/atwork_interfaces/local/lib/python3.10/dist-packages/atwork_interfaces/msg/_robot_header_s.c
[10.058s] -- Installing: /home/jasper/RoboWorks_Comp_Team/taskOptimzer/install/atwork_interfaces/local/lib/python3.10/dist-packages/atwork_interfaces/msg/_workstation_s.c
[10.059s] -- Installing: /home/jasper/RoboWorks_Comp_Team/taskOptimzer/install/atwork_interfaces/local/lib/python3.10/dist-packages/atwork_interfaces/msg/__init__.py
[10.059s] -- Installing: /home/jasper/RoboWorks_Comp_Team/taskOptimzer/install/atwork_interfaces/local/lib/python3.10/dist-packages/atwork_interfaces/msg/_workstation.py
[10.059s] -- Installing: /home/jasper/RoboWorks_Comp_Team/taskOptimzer/install/atwork_interfaces/local/lib/python3.10/dist-packages/atwork_interfaces/msg/_robot_header.py
[10.059s] -- Installing: /home/jasper/RoboWorks_Comp_Team/taskOptimzer/install/atwork_interfaces/local/lib/python3.10/dist-packages/atwork_interfaces/msg/_task_s.c
[10.059s] -- Installing: /home/jasper/RoboWorks_Comp_Team/taskOptimzer/install/atwork_interfaces/local/lib/python3.10/dist-packages/atwork_interfaces/msg/_task.py
[10.059s] -- Up-to-date: /home/jasper/RoboWorks_Comp_Team/taskOptimzer/install/atwork_interfaces/local/lib/python3.10/dist-packages/atwork_interfaces/msg/_sphere_s.c
[10.060s] -- Up-to-date: /home/jasper/RoboWorks_Comp_Team/taskOptimzer/install/atwork_interfaces/local/lib/python3.10/dist-packages/atwork_interfaces/srv
[10.060s] -- Installing: /home/jasper/RoboWorks_Comp_Team/taskOptimzer/install/atwork_interfaces/local/lib/python3.10/dist-packages/atwork_interfaces/srv/_generate_task_s.c
[10.060s] -- Installing: /home/jasper/RoboWorks_Comp_Team/taskOptimzer/install/atwork_interfaces/local/lib/python3.10/dist-packages/atwork_interfaces/srv/__init__.py
[10.060s] -- Installing: /home/jasper/RoboWorks_Comp_Team/taskOptimzer/install/atwork_interfaces/local/lib/python3.10/dist-packages/atwork_interfaces/srv/_task_opt.py
[10.060s] -- Installing: /home/jasper/RoboWorks_Comp_Team/taskOptimzer/install/atwork_interfaces/local/lib/python3.10/dist-packages/atwork_interfaces/srv/_generate_task.py
[10.061s] -- Installing: /home/jasper/RoboWorks_Comp_Team/taskOptimzer/install/atwork_interfaces/local/lib/python3.10/dist-packages/atwork_interfaces/srv/_task_opt_s.c
[10.106s] Listing '/home/jasper/RoboWorks_Comp_Team/taskOptimzer/install/atwork_interfaces/local/lib/python3.10/dist-packages/atwork_interfaces'...
[10.106s] Compiling '/home/jasper/RoboWorks_Comp_Team/taskOptimzer/install/atwork_interfaces/local/lib/python3.10/dist-packages/atwork_interfaces/__init__.py'...
[10.106s] Listing '/home/jasper/RoboWorks_Comp_Team/taskOptimzer/install/atwork_interfaces/local/lib/python3.10/dist-packages/atwork_interfaces/msg'...
[10.106s] Compiling '/home/jasper/RoboWorks_Comp_Team/taskOptimzer/install/atwork_interfaces/local/lib/python3.10/dist-packages/atwork_interfaces/msg/__init__.py'...
[10.106s] Compiling '/home/jasper/RoboWorks_Comp_Team/taskOptimzer/install/atwork_interfaces/local/lib/python3.10/dist-packages/atwork_interfaces/msg/_object.py'...
[10.106s] Compiling '/home/jasper/RoboWorks_Comp_Team/taskOptimzer/install/atwork_interfaces/local/lib/python3.10/dist-packages/atwork_interfaces/msg/_robot_header.py'...
[10.107s] Compiling '/home/jasper/RoboWorks_Comp_Team/taskOptimzer/install/atwork_interfaces/local/lib/python3.10/dist-packages/atwork_interfaces/msg/_task.py'...
[10.107s] Compiling '/home/jasper/RoboWorks_Comp_Team/taskOptimzer/install/atwork_interfaces/local/lib/python3.10/dist-packages/atwork_interfaces/msg/_workstation.py'...
[10.107s] Listing '/home/jasper/RoboWorks_Comp_Team/taskOptimzer/install/atwork_interfaces/local/lib/python3.10/dist-packages/atwork_interfaces/srv'...
[10.107s] Compiling '/home/jasper/RoboWorks_Comp_Team/taskOptimzer/install/atwork_interfaces/local/lib/python3.10/dist-packages/atwork_interfaces/srv/__init__.py'...
[10.107s] Compiling '/home/jasper/RoboWorks_Comp_Team/taskOptimzer/install/atwork_interfaces/local/lib/python3.10/dist-packages/atwork_interfaces/srv/_generate_task.py'...
[10.107s] Compiling '/home/jasper/RoboWorks_Comp_Team/taskOptimzer/install/atwork_interfaces/local/lib/python3.10/dist-packages/atwork_interfaces/srv/_task_opt.py'...
[10.111s] -- Installing: /home/jasper/RoboWorks_Comp_Team/taskOptimzer/install/atwork_interfaces/local/lib/python3.10/dist-packages/atwork_interfaces/atwork_interfaces_s__rosidl_typesupport_fastrtps_c.cpython-310-x86_64-linux-gnu.so
[10.111s] -- Set runtime path of "/home/jasper/RoboWorks_Comp_Team/taskOptimzer/install/atwork_interfaces/local/lib/python3.10/dist-packages/atwork_interfaces/atwork_interfaces_s__rosidl_typesupport_fastrtps_c.cpython-310-x86_64-linux-gnu.so" to ""
[10.111s] -- Installing: /home/jasper/RoboWorks_Comp_Team/taskOptimzer/install/atwork_interfaces/local/lib/python3.10/dist-packages/atwork_interfaces/atwork_interfaces_s__rosidl_typesupport_introspection_c.cpython-310-x86_64-linux-gnu.so
[10.112s] -- Set runtime path of "/home/jasper/RoboWorks_Comp_Team/taskOptimzer/install/atwork_interfaces/local/lib/python3.10/dist-packages/atwork_interfaces/atwork_interfaces_s__rosidl_typesupport_introspection_c.cpython-310-x86_64-linux-gnu.so" to ""
[10.112s] -- Installing: /home/jasper/RoboWorks_Comp_Team/taskOptimzer/install/atwork_interfaces/local/lib/python3.10/dist-packages/atwork_interfaces/atwork_interfaces_s__rosidl_typesupport_c.cpython-310-x86_64-linux-gnu.so
[10.113s] -- Set runtime path of "/home/jasper/RoboWorks_Comp_Team/taskOptimzer/install/atwork_interfaces/local/lib/python3.10/dist-packages/atwork_interfaces/atwork_interfaces_s__rosidl_typesupport_c.cpython-310-x86_64-linux-gnu.so" to ""
[10.113s] -- Installing: /home/jasper/RoboWorks_Comp_Team/taskOptimzer/install/atwork_interfaces/lib/libatwork_interfaces__rosidl_generator_py.so
[10.113s] -- Set runtime path of "/home/jasper/RoboWorks_Comp_Team/taskOptimzer/install/atwork_interfaces/lib/libatwork_interfaces__rosidl_generator_py.so" to ""
[10.114s] -- Up-to-date: /home/jasper/RoboWorks_Comp_Team/taskOptimzer/install/atwork_interfaces/share/atwork_interfaces/msg/Object.idl
[10.114s] -- Up-to-date: /home/jasper/RoboWorks_Comp_Team/taskOptimzer/install/atwork_interfaces/share/atwork_interfaces/msg/RobotHeader.idl
[10.114s] -- Up-to-date: /home/jasper/RoboWorks_Comp_Team/taskOptimzer/install/atwork_interfaces/share/atwork_interfaces/msg/Task.idl
[10.114s] -- Up-to-date: /home/jasper/RoboWorks_Comp_Team/taskOptimzer/install/atwork_interfaces/share/atwork_interfaces/msg/Workstation.idl
[10.114s] -- Up-to-date: /home/jasper/RoboWorks_Comp_Team/taskOptimzer/install/atwork_interfaces/share/atwork_interfaces/srv/GenerateTask.idl
[10.114s] -- Installing: /home/jasper/RoboWorks_Comp_Team/taskOptimzer/install/atwork_interfaces/share/atwork_interfaces/srv/TaskOpt.idl
[10.114s] -- Up-to-date: /home/jasper/RoboWorks_Comp_Team/taskOptimzer/install/atwork_interfaces/share/atwork_interfaces/msg/Object.msg
[10.115s] -- Up-to-date: /home/jasper/RoboWorks_Comp_Team/taskOptimzer/install/atwork_interfaces/share/atwork_interfaces/msg/RobotHeader.msg
[10.115s] -- Up-to-date: /home/jasper/RoboWorks_Comp_Team/taskOptimzer/install/atwork_interfaces/share/atwork_interfaces/msg/Task.msg
[10.115s] -- Up-to-date: /home/jasper/RoboWorks_Comp_Team/taskOptimzer/install/atwork_interfaces/share/atwork_interfaces/msg/Workstation.msg
[10.115s] -- Up-to-date: /home/jasper/RoboWorks_Comp_Team/taskOptimzer/install/atwork_interfaces/share/atwork_interfaces/srv/GenerateTask.srv
[10.115s] -- Up-to-date: /home/jasper/RoboWorks_Comp_Team/taskOptimzer/install/atwork_interfaces/share/atwork_interfaces/srv/GenerateTask_Request.msg
[10.115s] -- Up-to-date: /home/jasper/RoboWorks_Comp_Team/taskOptimzer/install/atwork_interfaces/share/atwork_interfaces/srv/GenerateTask_Response.msg
[10.115s] -- Installing: /home/jasper/RoboWorks_Comp_Team/taskOptimzer/install/atwork_interfaces/share/atwork_interfaces/srv/TaskOpt.srv
[10.115s] -- Installing: /home/jasper/RoboWorks_Comp_Team/taskOptimzer/install/atwork_interfaces/share/atwork_interfaces/srv/TaskOpt_Request.msg
[10.116s] -- Installing: /home/jasper/RoboWorks_Comp_Team/taskOptimzer/install/atwork_interfaces/share/atwork_interfaces/srv/TaskOpt_Response.msg
[10.116s] -- Up-to-date: /home/jasper/RoboWorks_Comp_Team/taskOptimzer/install/atwork_interfaces/share/ament_index/resource_index/package_run_dependencies/atwork_interfaces
[10.116s] -- Up-to-date: /home/jasper/RoboWorks_Comp_Team/taskOptimzer/install/atwork_interfaces/share/ament_index/resource_index/parent_prefix_path/atwork_interfaces
[10.116s] -- Up-to-date: /home/jasper/RoboWorks_Comp_Team/taskOptimzer/install/atwork_interfaces/share/atwork_interfaces/environment/ament_prefix_path.sh
[10.116s] -- Installing: /home/jasper/RoboWorks_Comp_Team/taskOptimzer/install/atwork_interfaces/share/atwork_interfaces/environment/ament_prefix_path.dsv
[10.116s] -- Up-to-date: /home/jasper/RoboWorks_Comp_Team/taskOptimzer/install/atwork_interfaces/share/atwork_interfaces/environment/path.sh
[10.116s] -- Installing: /home/jasper/RoboWorks_Comp_Team/taskOptimzer/install/atwork_interfaces/share/atwork_interfaces/environment/path.dsv
[10.117s] -- Up-to-date: /home/jasper/RoboWorks_Comp_Team/taskOptimzer/install/atwork_interfaces/share/atwork_interfaces/local_setup.bash
[10.117s] -- Up-to-date: /home/jasper/RoboWorks_Comp_Team/taskOptimzer/install/atwork_interfaces/share/atwork_interfaces/local_setup.sh
[10.117s] -- Up-to-date: /home/jasper/RoboWorks_Comp_Team/taskOptimzer/install/atwork_interfaces/share/atwork_interfaces/local_setup.zsh
[10.117s] -- Installing: /home/jasper/RoboWorks_Comp_Team/taskOptimzer/install/atwork_interfaces/share/atwork_interfaces/local_setup.dsv
[10.117s] -- Installing: /home/jasper/RoboWorks_Comp_Team/taskOptimzer/install/atwork_interfaces/share/atwork_interfaces/package.dsv
[10.117s] -- Up-to-date: /home/jasper/RoboWorks_Comp_Team/taskOptimzer/install/atwork_interfaces/share/ament_index/resource_index/packages/atwork_interfaces
[10.117s] -- Up-to-date: /home/jasper/RoboWorks_Comp_Team/taskOptimzer/install/atwork_interfaces/share/atwork_interfaces/cmake/export_atwork_interfaces__rosidl_generator_cExport.cmake
[10.117s] -- Up-to-date: /home/jasper/RoboWorks_Comp_Team/taskOptimzer/install/atwork_interfaces/share/atwork_interfaces/cmake/export_atwork_interfaces__rosidl_generator_cExport-noconfig.cmake
[10.118s] -- Up-to-date: /home/jasper/RoboWorks_Comp_Team/taskOptimzer/install/atwork_interfaces/share/atwork_interfaces/cmake/export_atwork_interfaces__rosidl_typesupport_fastrtps_cExport.cmake
[10.118s] -- Up-to-date: /home/jasper/RoboWorks_Comp_Team/taskOptimzer/install/atwork_interfaces/share/atwork_interfaces/cmake/export_atwork_interfaces__rosidl_typesupport_fastrtps_cExport-noconfig.cmake
[10.118s] -- Up-to-date: /home/jasper/RoboWorks_Comp_Team/taskOptimzer/install/atwork_interfaces/share/atwork_interfaces/cmake/export_atwork_interfaces__rosidl_generator_cppExport.cmake
[10.118s] -- Up-to-date: /home/jasper/RoboWorks_Comp_Team/taskOptimzer/install/atwork_interfaces/share/atwork_interfaces/cmake/export_atwork_interfaces__rosidl_typesupport_fastrtps_cppExport.cmake
[10.118s] -- Up-to-date: /home/jasper/RoboWorks_Comp_Team/taskOptimzer/install/atwork_interfaces/share/atwork_interfaces/cmake/export_atwork_interfaces__rosidl_typesupport_fastrtps_cppExport-noconfig.cmake
[10.118s] -- Up-to-date: /home/jasper/RoboWorks_Comp_Team/taskOptimzer/install/atwork_interfaces/share/atwork_interfaces/cmake/atwork_interfaces__rosidl_typesupport_introspection_cExport.cmake
[10.119s] -- Up-to-date: /home/jasper/RoboWorks_Comp_Team/taskOptimzer/install/atwork_interfaces/share/atwork_interfaces/cmake/atwork_interfaces__rosidl_typesupport_introspection_cExport-noconfig.cmake
[10.119s] -- Up-to-date: /home/jasper/RoboWorks_Comp_Team/taskOptimzer/install/atwork_interfaces/share/atwork_interfaces/cmake/atwork_interfaces__rosidl_typesupport_cExport.cmake
[10.119s] -- Up-to-date: /home/jasper/RoboWorks_Comp_Team/taskOptimzer/install/atwork_interfaces/share/atwork_interfaces/cmake/atwork_interfaces__rosidl_typesupport_cExport-noconfig.cmake
[10.119s] -- Up-to-date: /home/jasper/RoboWorks_Comp_Team/taskOptimzer/install/atwork_interfaces/share/atwork_interfaces/cmake/atwork_interfaces__rosidl_typesupport_introspection_cppExport.cmake
[10.119s] -- Up-to-date: /home/jasper/RoboWorks_Comp_Team/taskOptimzer/install/atwork_interfaces/share/atwork_interfaces/cmake/atwork_interfaces__rosidl_typesupport_introspection_cppExport-noconfig.cmake
[10.119s] -- Up-to-date: /home/jasper/RoboWorks_Comp_Team/taskOptimzer/install/atwork_interfaces/share/atwork_interfaces/cmake/atwork_interfaces__rosidl_typesupport_cppExport.cmake
[10.119s] -- Up-to-date: /home/jasper/RoboWorks_Comp_Team/taskOptimzer/install/atwork_interfaces/share/atwork_interfaces/cmake/atwork_interfaces__rosidl_typesupport_cppExport-noconfig.cmake
[10.119s] -- Up-to-date: /home/jasper/RoboWorks_Comp_Team/taskOptimzer/install/atwork_interfaces/share/atwork_interfaces/cmake/export_atwork_interfaces__rosidl_generator_pyExport.cmake
[10.119s] -- Up-to-date: /home/jasper/RoboWorks_Comp_Team/taskOptimzer/install/atwork_interfaces/share/atwork_interfaces/cmake/export_atwork_interfaces__rosidl_generator_pyExport-noconfig.cmake
[10.119s] -- Installing: /home/jasper/RoboWorks_Comp_Team/taskOptimzer/install/atwork_interfaces/share/atwork_interfaces/cmake/rosidl_cmake-extras.cmake
[10.120s] -- Up-to-date: /home/jasper/RoboWorks_Comp_Team/taskOptimzer/install/atwork_interfaces/share/atwork_interfaces/cmake/ament_cmake_export_dependencies-extras.cmake
[10.120s] -- Up-to-date: /home/jasper/RoboWorks_Comp_Team/taskOptimzer/install/atwork_interfaces/share/atwork_interfaces/cmake/ament_cmake_export_include_directories-extras.cmake
[10.120s] -- Up-to-date: /home/jasper/RoboWorks_Comp_Team/taskOptimzer/install/atwork_interfaces/share/atwork_interfaces/cmake/ament_cmake_export_libraries-extras.cmake
[10.120s] -- Up-to-date: /home/jasper/RoboWorks_Comp_Team/taskOptimzer/install/atwork_interfaces/share/atwork_interfaces/cmake/ament_cmake_export_targets-extras.cmake
[10.120s] -- Up-to-date: /home/jasper/RoboWorks_Comp_Team/taskOptimzer/install/atwork_interfaces/share/atwork_interfaces/cmake/rosidl_cmake_export_typesupport_targets-extras.cmake
[10.120s] -- Up-to-date: /home/jasper/RoboWorks_Comp_Team/taskOptimzer/install/atwork_interfaces/share/atwork_interfaces/cmake/rosidl_cmake_export_typesupport_libraries-extras.cmake
[10.120s] -- Up-to-date: /home/jasper/RoboWorks_Comp_Team/taskOptimzer/install/atwork_interfaces/share/atwork_interfaces/cmake/atwork_interfacesConfig.cmake
[10.120s] -- Up-to-date: /home/jasper/RoboWorks_Comp_Team/taskOptimzer/install/atwork_interfaces/share/atwork_interfaces/cmake/atwork_interfacesConfig-version.cmake
[10.121s] -- Up-to-date: /home/jasper/RoboWorks_Comp_Team/taskOptimzer/install/atwork_interfaces/share/atwork_interfaces/package.xml
[10.122s] Invoked command in '/home/jasper/RoboWorks_Comp_Team/taskOptimzer/build/atwork_interfaces' returned '0': CMAKE_PREFIX_PATH=${CMAKE_PREFIX_PATH}:/home/jasper/ws_moveit2/install/moveit_configs_utils:/home/jasper/ws_moveit2/install/launch_param_builder:/opt/ros/humble /usr/bin/cmake --install /home/jasper/RoboWorks_Comp_Team/taskOptimzer/build/atwork_interfaces
