-- Found ament_cmake: 1.3.6 (/opt/ros/humble/share/ament_cmake/cmake)
-- Found atwork_interfaces: 0.0.0 (/home/jasper/RoboWorks_Comp_Team/taskOptimzer/install/atwork_interfaces/share/atwork_interfaces/cmake)
-- Found rosidl_generator_c: 3.1.5 (/opt/ros/humble/share/rosidl_generator_c/cmake)
-- Found rosidl_adapter: 3.1.5 (/opt/ros/humble/share/rosidl_adapter/cmake)
-- Found rosidl_generator_cpp: 3.1.5 (/opt/ros/humble/share/rosidl_generator_cpp/cmake)
-- Using all available rosidl_typesupport_c: rosidl_typesupport_fastrtps_c;rosidl_typesupport_introspection_c
-- Using all available rosidl_typesupport_cpp: rosidl_typesupport_fastrtps_cpp;rosidl_typesupport_introspection_cpp
-- Found rclcpp: 16.0.7 (/opt/ros/humble/share/rclcpp/cmake)
-- Found rmw_implementation_cmake: 6.1.1 (/opt/ros/humble/share/rmw_implementation_cmake/cmake)
-- Found rmw_fastrtps_cpp: 6.2.5 (/opt/ros/humble/share/rmw_fastrtps_cpp/cmake)
-- Using RMW implementation 'rmw_fastrtps_cpp' as default
-- Found ament_lint_auto: 0.12.9 (/opt/ros/humble/share/ament_lint_auto/cmake)
-- Added test 'cppcheck' to perform static code analysis on C / C++ code
-- Configured cppcheck include dirs: $<BUILD_INTERFACE:/home/jasper/RoboWorks_Comp_Team/taskOptimzer/src/roboworks_taskOpt/include>
-- Configured cppcheck exclude dirs and/or files: 
-- Added test 'lint_cmake' to check CMake code style
-- Added test 'uncrustify' to check C / C++ code style
-- Configured uncrustify additional arguments: 
-- Added test 'xmllint' to check XML markup files
-- Configuring done
-- Generating done
-- Build files have been written to: /home/jasper/RoboWorks_Comp_Team/taskOptimzer/build/roboworks_taskOpt
[35m[1mConsolidate compiler generated dependencies of target taskOpt[0m
[ 50%] [32mBuilding CXX object CMakeFiles/taskOpt.dir/src/taskOpt.cpp.o[0m
[100%] [32m[1mLinking CXX executable taskOpt[0m
[100%] Built target taskOpt
-- Install configuration: ""
-- Installing: /home/jasper/RoboWorks_Comp_Team/taskOptimzer/install/roboworks_taskOpt/lib/roboworks_taskOpt/taskOpt
-- Set runtime path of "/home/jasper/RoboWorks_Comp_Team/taskOptimzer/install/roboworks_taskOpt/lib/roboworks_taskOpt/taskOpt" to ""
-- Installing: /home/jasper/RoboWorks_Comp_Team/taskOptimzer/install/roboworks_taskOpt/share/ament_index/resource_index/package_run_dependencies/roboworks_taskOpt
-- Up-to-date: /home/jasper/RoboWorks_Comp_Team/taskOptimzer/install/roboworks_taskOpt/share/ament_index/resource_index/parent_prefix_path/roboworks_taskOpt
-- Up-to-date: /home/jasper/RoboWorks_Comp_Team/taskOptimzer/install/roboworks_taskOpt/share/roboworks_taskOpt/environment/ament_prefix_path.sh
-- Installing: /home/jasper/RoboWorks_Comp_Team/taskOptimzer/install/roboworks_taskOpt/share/roboworks_taskOpt/environment/ament_prefix_path.dsv
-- Up-to-date: /home/jasper/RoboWorks_Comp_Team/taskOptimzer/install/roboworks_taskOpt/share/roboworks_taskOpt/environment/path.sh
-- Installing: /home/jasper/RoboWorks_Comp_Team/taskOptimzer/install/roboworks_taskOpt/share/roboworks_taskOpt/environment/path.dsv
-- Up-to-date: /home/jasper/RoboWorks_Comp_Team/taskOptimzer/install/roboworks_taskOpt/share/roboworks_taskOpt/local_setup.bash
-- Up-to-date: /home/jasper/RoboWorks_Comp_Team/taskOptimzer/install/roboworks_taskOpt/share/roboworks_taskOpt/local_setup.sh
-- Up-to-date: /home/jasper/RoboWorks_Comp_Team/taskOptimzer/install/roboworks_taskOpt/share/roboworks_taskOpt/local_setup.zsh
-- Installing: /home/jasper/RoboWorks_Comp_Team/taskOptimzer/install/roboworks_taskOpt/share/roboworks_taskOpt/local_setup.dsv
-- Installing: /home/jasper/RoboWorks_Comp_Team/taskOptimzer/install/roboworks_taskOpt/share/roboworks_taskOpt/package.dsv
-- Up-to-date: /home/jasper/RoboWorks_Comp_Team/taskOptimzer/install/roboworks_taskOpt/share/ament_index/resource_index/packages/roboworks_taskOpt
-- Up-to-date: /home/jasper/RoboWorks_Comp_Team/taskOptimzer/install/roboworks_taskOpt/share/roboworks_taskOpt/cmake/roboworks_taskOptConfig.cmake
-- Up-to-date: /home/jasper/RoboWorks_Comp_Team/taskOptimzer/install/roboworks_taskOpt/share/roboworks_taskOpt/cmake/roboworks_taskOptConfig-version.cmake
-- Installing: /home/jasper/RoboWorks_Comp_Team/taskOptimzer/install/roboworks_taskOpt/share/roboworks_taskOpt/package.xml
